rhel8/default-icl(17):ERROR:105: Unable to locate a modulefile for 'intel-oneapi-compilers/2022.1.0/gcc'
rhel8/default-icl(18):ERROR:105: Unable to locate a modulefile for 'intel-oneapi-mpi/2021.6.0/intel'
==================== Activating conda environment ====================
> Python version : /home/zl525/.conda/envs/DeepPersonality/bin/python
==================== Run program ====================
wandb: Currently logged in as: 1009694687 (hyllbd-1009694687). Use `wandb login --relogin` to force relogin
wandb: Tracking run with wandb version 0.13.9
wandb: Run data is saved locally in /home/zl525/code/DeepPersonality/wandb/run-20230131_002933-n9wot3lb
wandb: Run `wandb offline` to turn off syncing.
wandb: Syncing run thriving-wish-73
wandb: ⭐️ View project at https://wandb.ai/hyllbd-1009694687/DeepPersonality
wandb: 🚀 View run at https://wandb.ai/hyllbd-1009694687/DeepPersonality/runs/n9wot3lb
{
    "DATA":{
        "ANIMALS_TEST_AUD_DATA":"udiva_full/test/recordings/animals_recordings_test_wav",
        "ANIMALS_TEST_IMG_DATA":"udiva_full/test/recordings/animals_recordings_test_img",
        "ANIMALS_TRAIN_AUD_DATA":"udiva_full/train/recordings/animals_recordings_train_wav",
        "ANIMALS_TRAIN_IMG_DATA":"udiva_full/train/recordings/animals_recordings_train_img",
        "ANIMALS_VAL_AUD_DATA":"udiva_full/val/recordings/animals_recordings_val_wav",
        "ANIMALS_VAL_IMG_DATA":"udiva_full/val/recordings/animals_recordings_val_img",
        "GHOST_TEST_AUD_DATA":"udiva_full/test/recordings/ghost_recordings_test_wav",
        "GHOST_TEST_IMG_DATA":"udiva_full/test/recordings/ghost_recordings_test_img",
        "GHOST_TRAIN_AUD_DATA":"udiva_full/train/recordings/ghost_recordings_train_wav",
        "GHOST_TRAIN_IMG_DATA":"udiva_full/train/recordings/ghost_recordings_train_img",
        "GHOST_VAL_AUD_DATA":"udiva_full/val/recordings/ghost_recordings_val_wav",
        "GHOST_VAL_IMG_DATA":"udiva_full/val/recordings/ghost_recordings_val_img",
        "LEGO_TEST_AUD_DATA":"udiva_full/test/recordings/lego_recordings_test_wav",
        "LEGO_TEST_IMG_DATA":"udiva_full/test/recordings/lego_recordings_test_img",
        "LEGO_TRAIN_AUD_DATA":"udiva_full/train/recordings/lego_recordings_train_wav",
        "LEGO_TRAIN_IMG_DATA":"udiva_full/train/recordings/lego_recordings_train_img",
        "LEGO_VAL_AUD_DATA":"udiva_full/val/recordings/lego_recordings_val_wav",
        "LEGO_VAL_IMG_DATA":"udiva_full/val/recordings/lego_recordings_val_img",
        "ROOT":"datasets",
        "SESSION":"talk",
        "TALK_TEST_AUD_DATA":"udiva_full/test/recordings/talk_recordings_test_wav",
        "TALK_TEST_IMG_DATA":"udiva_full/test/recordings/talk_recordings_test_img",
        "TALK_TRAIN_AUD_DATA":"udiva_full/train/recordings/talk_recordings_train_wav",
        "TALK_TRAIN_IMG_DATA":"udiva_full/train/recordings/talk_recordings_train_img",
        "TALK_VAL_AUD_DATA":"udiva_full/val/recordings/talk_recordings_val_wav",
        "TALK_VAL_IMG_DATA":"udiva_full/val/recordings/talk_recordings_val_img",
        "TEST_AUD_DATA":"raw_voice/testData",
        "TEST_IMG_DATA":"image_data/test_data",
        "TEST_IMG_FACE_DATA":"image_data/test_data_face",
        "TEST_LABEL_DATA":"udiva_full/test/label/sessions_test.pkl",
        "TRAIN_AUD_DATA":"raw_voice/trainingData",
        "TRAIN_IMG_DATA":"image_data/train_data",
        "TRAIN_IMG_FACE_DATA":"image_data/train_data_face",
        "TRAIN_LABEL_DATA":"udiva_full/train/label/sessions_train.pkl",
        "TYPE":"frame",
        "VALID_AUD_DATA":"raw_voice/validationData",
        "VALID_IMG_DATA":"image_data/valid_data",
        "VALID_IMG_FACE_DATA":"image_data/valid_data_face",
        "VALID_LABEL_DATA":"udiva_full/val/label/sessions_val.pkl",
        "VA_DATA":"va_data/cropped_aligned",
        "VA_ROOT":"datasets",
        "VA_TRAIN_LABEL":"va_data/va_label/VA_Set/Train_Set",
        "VA_VALID_LABEL":"va_data/va_label/VA_Set/Validation_Set"
    },
    "DATA_LOADER":{
        "DATASET":"",
        "DATASET_NAME":"UDIVA",
        "DROP_LAST":true,
        "NAME":"bimodal_resnet_lstm_data_loader_udiva",
        "NUM_WORKERS":0,
        "SECOND_STAGE":{
            "METHOD":"",
            "TYPE":""
        },
        "SHUFFLE":true,
        "TRAIN_BATCH_SIZE":32,
        "TRANSFORM":"standard_frame_transform",
        "VALID_BATCH_SIZE":16
    },
    "LOSS":{
        "NAME":"mean_square_error"
    },
    "MODEL":{
        "NAME":"audiovisual_resnet_lstm_udiva",
        "NUM_CLASS":5,
        "PRETRAIN":false,
        "RETURN_FEATURE":false,
        "SPECTRUM_CHANNEL":50
    },
    "SOLVER":{
        "BETA_1":0.5,
        "BETA_2":0.999,
        "FACTOR":0.1,
        "LR_INIT":0.001,
        "MILESTONE":[
            100,
            200
        ],
        "MOMENTUM":0.9,
        "NAME":"sgd",
        "RESET_LR":false,
        "SCHEDULER":"multi_step_scale",
        "WEIGHT_DECAY":0.0005
    },
    "TEST":{
        "COMPUTE_CCC":true,
        "COMPUTE_PCC":true,
        "FULL_TEST":false,
        "SAVE_DATASET_OUTPUT":"",
        "TEST_ONLY":false,
        "WEIGHT":""
    },
    "TRAIN":{
        "LOG_INTERVAL":10,
        "MAX_EPOCH":100,
        "OUTPUT_DIR":"results/demo/unified_frame_images/bimodal_resnet_udiva",
        "PRE_TRAINED_MODEL":null,
        "RESUME":"",
        "START_EPOCH":0,
        "TRAINER":"BiModalTrainerUdiva",
        "VALID_INTERVAL":1
    }
}
Training: learning rate:0.001
Train: Epo[001/100] Iter[010/014] IterTime:[14.95s] LOSS: 0.2501 ACC:0.5004 ETA:5h:50m:4s 
Valid: Epoch[001/100] Train Mean_Acc: 49.99% Valid Mean_Acc:49.93% OCEAN_ACC:[0.49878097 0.49974924]

Training: learning rate:0.001
Train: Epo[002/100] Iter[010/014] IterTime:[14.15s] LOSS: 0.2604 ACC:0.4938 ETA:5h:27m:59s 
Valid: Epoch[002/100] Train Mean_Acc: 50.89% Valid Mean_Acc:49.39% OCEAN_ACC:[0.4936635  0.49412292]

Training: learning rate:0.001
Train: Epo[003/100] Iter[010/014] IterTime:[14.05s] LOSS: 0.2362 ACC:0.5236 ETA:5h:22m:20s 
Valid: Epoch[003/100] Train Mean_Acc: 51.60% Valid Mean_Acc:48.79% OCEAN_ACC:[0.4881373  0.48774555]

Training: learning rate:0.001
Train: Epo[004/100] Iter[010/014] IterTime:[14.55s] LOSS: 0.2517 ACC:0.5073 ETA:5h:30m:36s 
Valid: Epoch[004/100] Train Mean_Acc: 51.93% Valid Mean_Acc:48.42% OCEAN_ACC:[0.48437268 0.484029  ]

Training: learning rate:0.001
Train: Epo[005/100] Iter[010/014] IterTime:[14.14s] LOSS: 0.2313 ACC:0.5266 ETA:5h:17m:54s 
Valid: Epoch[005/100] Train Mean_Acc: 51.84% Valid Mean_Acc:48.36% OCEAN_ACC:[0.48371863 0.48356012]

Training: learning rate:0.001
Train: Epo[006/100] Iter[010/014] IterTime:[14.67s] LOSS: 0.2340 ACC:0.5239 ETA:5h:26m:19s 
Valid: Epoch[006/100] Train Mean_Acc: 51.77% Valid Mean_Acc:48.66% OCEAN_ACC:[0.4860685  0.48715758]

Training: learning rate:0.001
Train: Epo[007/100] Iter[010/014] IterTime:[14.41s] LOSS: 0.2223 ACC:0.5345 ETA:5h:17m:17s 
Valid: Epoch[007/100] Train Mean_Acc: 52.21% Valid Mean_Acc:47.93% OCEAN_ACC:[0.47910368 0.47946697]

Training: learning rate:0.001
Train: Epo[008/100] Iter[010/014] IterTime:[13.93s] LOSS: 0.2403 ACC:0.5204 ETA:5h:3m:32s 
Valid: Epoch[008/100] Train Mean_Acc: 52.35% Valid Mean_Acc:47.34% OCEAN_ACC:[0.47282523 0.47396755]

Training: learning rate:0.001
Train: Epo[009/100] Iter[010/014] IterTime:[13.64s] LOSS: 0.1881 ACC:0.5731 ETA:4h:54m:2s 
Valid: Epoch[009/100] Train Mean_Acc: 52.49% Valid Mean_Acc:47.22% OCEAN_ACC:[0.4724021 0.4720949]

Training: learning rate:0.001
Train: Epo[010/100] Iter[010/014] IterTime:[14.30s] LOSS: 0.2204 ACC:0.5411 ETA:5h:4m:48s 
Valid: Epoch[010/100] Train Mean_Acc: 52.18% Valid Mean_Acc:48.06% OCEAN_ACC:[0.4811012  0.48018986]

Training: learning rate:0.001
Train: Epo[011/100] Iter[010/014] IterTime:[14.67s] LOSS: 0.2314 ACC:0.5269 ETA:5h:9m:14s 
Valid: Epoch[011/100] Train Mean_Acc: 52.18% Valid Mean_Acc:48.06% OCEAN_ACC:[0.48049194 0.48063213]

Training: learning rate:0.001
Train: Epo[012/100] Iter[010/014] IterTime:[14.27s] LOSS: 0.2412 ACC:0.5174 ETA:4h:57m:35s 
Valid: Epoch[012/100] Train Mean_Acc: 52.17% Valid Mean_Acc:47.83% OCEAN_ACC:[0.4780841  0.47842538]

Training: learning rate:0.001
Train: Epo[013/100] Iter[010/014] IterTime:[14.05s] LOSS: 0.2405 ACC:0.5190 ETA:4h:49m:39s 
Valid: Epoch[013/100] Train Mean_Acc: 52.41% Valid Mean_Acc:47.67% OCEAN_ACC:[0.47648147 0.4769603 ]

Training: learning rate:0.001
Train: Epo[014/100] Iter[010/014] IterTime:[14.91s] LOSS: 0.2418 ACC:0.5202 ETA:5h:3m:49s 
Valid: Epoch[014/100] Train Mean_Acc: 52.53% Valid Mean_Acc:48.21% OCEAN_ACC:[0.48175144 0.48235133]

Training: learning rate:0.001
Train: Epo[015/100] Iter[010/014] IterTime:[14.02s] LOSS: 0.2203 ACC:0.5427 ETA:4h:42m:29s 
Valid: Epoch[015/100] Train Mean_Acc: 52.53% Valid Mean_Acc:47.68% OCEAN_ACC:[0.4762336 0.4774082]

Training: learning rate:0.001
Train: Epo[016/100] Iter[010/014] IterTime:[14.77s] LOSS: 0.2417 ACC:0.5189 ETA:4h:54m:13s 
Valid: Epoch[016/100] Train Mean_Acc: 52.55% Valid Mean_Acc:47.15% OCEAN_ACC:[0.47126234 0.4717778 ]

Training: learning rate:0.001
Train: Epo[017/100] Iter[010/014] IterTime:[14.50s] LOSS: 0.2423 ACC:0.5218 ETA:4h:45m:28s 
Valid: Epoch[017/100] Train Mean_Acc: 52.66% Valid Mean_Acc:47.54% OCEAN_ACC:[0.4753627 0.4753721]

Training: learning rate:0.001
Train: Epo[018/100] Iter[010/014] IterTime:[15.33s] LOSS: 0.2396 ACC:0.5233 ETA:4h:58m:12s 
Valid: Epoch[018/100] Train Mean_Acc: 52.82% Valid Mean_Acc:47.29% OCEAN_ACC:[0.47242942 0.4733315 ]

Training: learning rate:0.001
Train: Epo[019/100] Iter[010/014] IterTime:[14.91s] LOSS: 0.2401 ACC:0.5199 ETA:4h:46m:30s 
Valid: Epoch[019/100] Train Mean_Acc: 52.54% Valid Mean_Acc:48.04% OCEAN_ACC:[0.48079884 0.4800648 ]

Training: learning rate:0.001
Train: Epo[020/100] Iter[010/014] IterTime:[14.77s] LOSS: 0.2049 ACC:0.5588 ETA:4h:40m:27s 
Valid: Epoch[020/100] Train Mean_Acc: 52.68% Valid Mean_Acc:47.87% OCEAN_ACC:[0.47912446 0.47833014]

Training: learning rate:0.001
Train: Epo[021/100] Iter[010/014] IterTime:[14.49s] LOSS: 0.2576 ACC:0.5064 ETA:4h:31m:37s 
Valid: Epoch[021/100] Train Mean_Acc: 52.91% Valid Mean_Acc:46.56% OCEAN_ACC:[0.46556097 0.4656824 ]

Training: learning rate:0.001
Train: Epo[022/100] Iter[010/014] IterTime:[14.37s] LOSS: 0.2426 ACC:0.5193 ETA:4h:26m:4s 
Valid: Epoch[022/100] Train Mean_Acc: 52.64% Valid Mean_Acc:47.94% OCEAN_ACC:[0.47887146 0.47998708]

Training: learning rate:0.001
Train: Epo[023/100] Iter[010/014] IterTime:[14.04s] LOSS: 0.2406 ACC:0.5205 ETA:4h:16m:40s 
Valid: Epoch[023/100] Train Mean_Acc: 52.81% Valid Mean_Acc:48.47% OCEAN_ACC:[0.48532724 0.48414627]

Training: learning rate:0.001
Train: Epo[024/100] Iter[010/014] IterTime:[14.60s] LOSS: 0.2288 ACC:0.5320 ETA:4h:23m:31s 
Valid: Epoch[024/100] Train Mean_Acc: 52.68% Valid Mean_Acc:47.63% OCEAN_ACC:[0.47669291 0.47597384]

Training: learning rate:0.001
Train: Epo[025/100] Iter[010/014] IterTime:[14.24s] LOSS: 0.2414 ACC:0.5217 ETA:4h:13m:39s 
Valid: Epoch[025/100] Train Mean_Acc: 52.74% Valid Mean_Acc:48.82% OCEAN_ACC:[0.48785353 0.488563  ]

Training: learning rate:0.001
Train: Epo[026/100] Iter[010/014] IterTime:[13.64s] LOSS: 0.2945 ACC:0.4707 ETA:3h:59m:52s 
Valid: Epoch[026/100] Train Mean_Acc: 52.80% Valid Mean_Acc:47.88% OCEAN_ACC:[0.47887832 0.47877973]

Training: learning rate:0.001
Train: Epo[027/100] Iter[010/014] IterTime:[15.18s] LOSS: 0.2296 ACC:0.5322 ETA:4h:23m:20s 
Valid: Epoch[027/100] Train Mean_Acc: 52.54% Valid Mean_Acc:48.31% OCEAN_ACC:[0.48339713 0.48277053]

Training: learning rate:0.001
Train: Epo[028/100] Iter[010/014] IterTime:[15.04s] LOSS: 0.2228 ACC:0.5407 ETA:4h:17m:29s 
Valid: Epoch[028/100] Train Mean_Acc: 52.68% Valid Mean_Acc:46.82% OCEAN_ACC:[0.46842995 0.46796086]

Training: learning rate:0.001
Train: Epo[029/100] Iter[010/014] IterTime:[15.67s] LOSS: 0.2366 ACC:0.5259 ETA:4h:24m:34s 
Valid: Epoch[029/100] Train Mean_Acc: 52.62% Valid Mean_Acc:47.92% OCEAN_ACC:[0.47926837 0.47909698]

Training: learning rate:0.001
Train: Epo[030/100] Iter[010/014] IterTime:[14.75s] LOSS: 0.2365 ACC:0.5293 ETA:4h:5m:37s 
Valid: Epoch[030/100] Train Mean_Acc: 52.79% Valid Mean_Acc:48.00% OCEAN_ACC:[0.47968143 0.48036048]

Training: learning rate:0.001
Train: Epo[031/100] Iter[010/014] IterTime:[14.42s] LOSS: 0.2150 ACC:0.5503 ETA:3h:56m:43s 
Valid: Epoch[031/100] Train Mean_Acc: 52.83% Valid Mean_Acc:47.69% OCEAN_ACC:[0.4768047 0.4769016]

Training: learning rate:0.001
Train: Epo[032/100] Iter[010/014] IterTime:[14.56s] LOSS: 0.2370 ACC:0.5253 ETA:3h:55m:41s 
Valid: Epoch[032/100] Train Mean_Acc: 52.78% Valid Mean_Acc:47.14% OCEAN_ACC:[0.47105488 0.47164664]

Training: learning rate:0.001
Train: Epo[033/100] Iter[010/014] IterTime:[14.93s] LOSS: 0.2372 ACC:0.5257 ETA:3h:58m:7s 
Valid: Epoch[033/100] Train Mean_Acc: 52.69% Valid Mean_Acc:48.13% OCEAN_ACC:[0.4815864 0.4809884]

Training: learning rate:0.001
Train: Epo[034/100] Iter[010/014] IterTime:[14.48s] LOSS: 0.2301 ACC:0.5337 ETA:3h:47m:34s 
Valid: Epoch[034/100] Train Mean_Acc: 53.00% Valid Mean_Acc:47.87% OCEAN_ACC:[0.47837576 0.47901332]

Training: learning rate:0.001
Train: Epo[035/100] Iter[010/014] IterTime:[14.58s] LOSS: 0.2336 ACC:0.5301 ETA:3h:45m:41s 
Valid: Epoch[035/100] Train Mean_Acc: 52.49% Valid Mean_Acc:47.59% OCEAN_ACC:[0.4759359  0.47579044]

Training: learning rate:0.001
Train: Epo[036/100] Iter[010/014] IterTime:[14.38s] LOSS: 0.2398 ACC:0.5230 ETA:3h:39m:22s 
Valid: Epoch[036/100] Train Mean_Acc: 52.96% Valid Mean_Acc:48.21% OCEAN_ACC:[0.48160675 0.48261917]

Training: learning rate:0.001
Train: Epo[037/100] Iter[010/014] IterTime:[13.79s] LOSS: 0.2542 ACC:0.5096 ETA:3h:27m:2s 
Valid: Epoch[037/100] Train Mean_Acc: 52.99% Valid Mean_Acc:47.62% OCEAN_ACC:[0.47613525 0.47620547]

Training: learning rate:0.001
Train: Epo[038/100] Iter[010/014] IterTime:[14.36s] LOSS: 0.2227 ACC:0.5426 ETA:3h:32m:13s 
Valid: Epoch[038/100] Train Mean_Acc: 53.10% Valid Mean_Acc:47.15% OCEAN_ACC:[0.47165897 0.47125044]

Training: learning rate:0.001
Train: Epo[039/100] Iter[010/014] IterTime:[14.54s] LOSS: 0.2107 ACC:0.5567 ETA:3h:31m:35s 
Valid: Epoch[039/100] Train Mean_Acc: 53.13% Valid Mean_Acc:46.66% OCEAN_ACC:[0.4663254  0.46695182]

Training: learning rate:0.001
Train: Epo[040/100] Iter[010/014] IterTime:[14.44s] LOSS: 0.2380 ACC:0.5257 ETA:3h:26m:43s 
Valid: Epoch[040/100] Train Mean_Acc: 52.96% Valid Mean_Acc:47.46% OCEAN_ACC:[0.47437775 0.47476327]

Training: learning rate:0.001
Train: Epo[041/100] Iter[010/014] IterTime:[14.39s] LOSS: 0.2340 ACC:0.5313 ETA:3h:22m:36s 
Valid: Epoch[041/100] Train Mean_Acc: 52.80% Valid Mean_Acc:46.83% OCEAN_ACC:[0.46840954 0.46828488]

Training: learning rate:0.001
Train: Epo[042/100] Iter[010/014] IterTime:[14.14s] LOSS: 0.2051 ACC:0.5574 ETA:3h:15m:54s 
Valid: Epoch[042/100] Train Mean_Acc: 52.85% Valid Mean_Acc:46.98% OCEAN_ACC:[0.46988893 0.46972448]

Training: learning rate:0.001
slurmstepd: error: *** JOB 13703745 ON cpu-e-777 CANCELLED AT 2023-01-31T06:29:36 DUE TO TIME LIMIT ***
