rhel8/default-icl(17):ERROR:105: Unable to locate a modulefile for 'intel-oneapi-compilers/2022.1.0/gcc'
rhel8/default-icl(18):ERROR:105: Unable to locate a modulefile for 'intel-oneapi-mpi/2021.6.0/intel'
==================== Activating conda environment ====================
> Python version : /home/zl525/.conda/envs/DeepPersonality/bin/python
==================== Run program ====================
wandb: Currently logged in as: 1009694687 (hyllbd-1009694687). Use `wandb login --relogin` to force relogin
wandb: Tracking run with wandb version 0.13.9
wandb: Run data is saved locally in /home/zl525/code/DeepPersonality/wandb/run-20230206_235224-hq5attpb
wandb: Run `wandb offline` to turn off syncing.
wandb: Syncing run ruby-salad-297
wandb: ⭐️ View project at https://wandb.ai/hyllbd-1009694687/DeepPersonality
wandb: 🚀 View run at https://wandb.ai/hyllbd-1009694687/DeepPersonality/runs/hq5attpb
{
    "DATA":{
        "ANIMALS_TEST_AUD_DATA":"udiva_full/test/recordings/animals_recordings_test_wav",
        "ANIMALS_TEST_IMG_DATA":"udiva_full/test/recordings/animals_recordings_test_img",
        "ANIMALS_TRAIN_AUD_DATA":"udiva_full/train/recordings/animals_recordings_train_wav",
        "ANIMALS_TRAIN_IMG_DATA":"udiva_full/train/recordings/animals_recordings_train_img",
        "ANIMALS_VAL_AUD_DATA":"udiva_full/val/recordings/animals_recordings_val_wav",
        "ANIMALS_VAL_IMG_DATA":"udiva_full/val/recordings/animals_recordings_val_img",
        "GHOST_TEST_AUD_DATA":"udiva_full/test/recordings/ghost_recordings_test_wav",
        "GHOST_TEST_IMG_DATA":"udiva_full/test/recordings/ghost_recordings_test_img",
        "GHOST_TRAIN_AUD_DATA":"udiva_full/train/recordings/ghost_recordings_train_wav",
        "GHOST_TRAIN_IMG_DATA":"udiva_full/train/recordings/ghost_recordings_train_img",
        "GHOST_VAL_AUD_DATA":"udiva_full/val/recordings/ghost_recordings_val_wav",
        "GHOST_VAL_IMG_DATA":"udiva_full/val/recordings/ghost_recordings_val_img",
        "LEGO_TEST_AUD_DATA":"udiva_full/test/recordings/lego_recordings_test_wav",
        "LEGO_TEST_IMG_DATA":"udiva_full/test/recordings/lego_recordings_test_img",
        "LEGO_TRAIN_AUD_DATA":"udiva_full/train/recordings/lego_recordings_train_wav",
        "LEGO_TRAIN_IMG_DATA":"udiva_full/train/recordings/lego_recordings_train_img",
        "LEGO_VAL_AUD_DATA":"udiva_full/val/recordings/lego_recordings_val_wav",
        "LEGO_VAL_IMG_DATA":"udiva_full/val/recordings/lego_recordings_val_img",
        "ROOT":"datasets",
        "SAMPLE_SIZE":200,
        "SESSION":"TALK",
        "TALK_TEST_AUD_DATA":"udiva_full/test/recordings/talk_recordings_test_wav",
        "TALK_TEST_IMG_DATA":"udiva_full/test/recordings/talk_recordings_test_img",
        "TALK_TRAIN_AUD_DATA":"udiva_full/train/recordings/talk_recordings_train_wav",
        "TALK_TRAIN_IMG_DATA":"udiva_full/train/recordings/talk_recordings_train_img",
        "TALK_VAL_AUD_DATA":"udiva_full/val/recordings/talk_recordings_val_wav",
        "TALK_VAL_IMG_DATA":"udiva_full/val/recordings/talk_recordings_val_img",
        "TEST_AUD_DATA":"raw_voice/testData",
        "TEST_IMG_DATA":"image_data/test_data",
        "TEST_IMG_FACE_DATA":"image_data/test_data_face",
        "TEST_LABEL_DATA":"udiva_full/test/label/sessions_test.pkl",
        "TRAIN_AUD_DATA":"raw_voice/trainingData",
        "TRAIN_IMG_DATA":"image_data/train_data",
        "TRAIN_IMG_FACE_DATA":"image_data/train_data_face",
        "TRAIN_LABEL_DATA":"udiva_full/train/label/sessions_train.pkl",
        "TYPE":"frame",
        "VALID_AUD_DATA":"raw_voice/validationData",
        "VALID_IMG_DATA":"image_data/valid_data",
        "VALID_IMG_FACE_DATA":"image_data/valid_data_face",
        "VALID_LABEL_DATA":"udiva_full/val/label/sessions_val.pkl",
        "VA_DATA":"va_data/cropped_aligned",
        "VA_ROOT":"datasets",
        "VA_TRAIN_LABEL":"va_data/va_label/VA_Set/Train_Set",
        "VA_VALID_LABEL":"va_data/va_label/VA_Set/Validation_Set"
    },
    "DATA_LOADER":{
        "DATASET":"",
        "DATASET_NAME":"UDIVA",
        "DROP_LAST":true,
        "NAME":"bimodal_resnet_lstm_data_loader_udiva",
        "NUM_WORKERS":1,
        "SECOND_STAGE":{
            "METHOD":"",
            "TYPE":""
        },
        "SHUFFLE":true,
        "TRAIN_BATCH_SIZE":72,
        "TRANSFORM":"standard_frame_transform",
        "VALID_BATCH_SIZE":3
    },
    "LOSS":{
        "NAME":"binary_cross_entropy"
    },
    "MODEL":{
        "NAME":"get_img_modal_lstm_model_udiva",
        "NUM_CLASS":5,
        "PRETRAIN":false,
        "RETURN_FEATURE":false,
        "SPECTRUM_CHANNEL":50
    },
    "SOLVER":{
        "BETA_1":0.5,
        "BETA_2":0.999,
        "FACTOR":0.1,
        "LR_INIT":0.01,
        "MILESTONE":[
            5,
            7,
            9,
            11,
            13,
            16,
            18,
            20,
            23,
            25,
            28,
            30,
            35,
            38,
            40,
            42,
            44,
            46,
            48,
            50,
            52,
            54,
            56,
            70,
            100
        ],
        "MOMENTUM":0.9,
        "NAME":"adam",
        "RESET_LR":true,
        "SCHEDULER":"multi_step_scale",
        "WEIGHT_DECAY":0.0005
    },
    "TEST":{
        "COMPUTE_CCC":false,
        "COMPUTE_PCC":false,
        "FULL_TEST":false,
        "SAVE_DATASET_OUTPUT":"",
        "TEST_ONLY":false,
        "WEIGHT":""
    },
    "TRAIN":{
        "BIMODAL_OPTION":1,
        "LOG_INTERVAL":1,
        "MAX_EPOCH":500,
        "OUTPUT_DIR":"results/demo/unified_frame_images/bimodal_resnet_udiva",
        "PRE_TRAINED_MODEL":null,
        "RESUME":"",
        "START_EPOCH":0,
        "TRAINER":"BiModalTrainerUdiva",
        "VALID_INTERVAL":1
    }
}
change learning rate form [0.01] to [0.01]
Training: learning rate:0.01
Using BCELoss
================================== start training... ==================================
Train: Epo[001/500] Iter[001/001] IterTime:[467.65s] LOSS: 0.6973 ACC:0.4980 ETA:65h:4m:53s 
Valid: Epoch[001/500] Train Mean_Acc: 49.80% Valid Mean_Acc:41.89% OCEAN_ACC:[0.41886258 0.41886258]

Training: learning rate:0.01
Train: Epo[002/500] Iter[001/001] IterTime:[1123.05s] LOSS: 0.8086 ACC:0.6138 ETA:155h:58m:43s 
Valid: Epoch[002/500] Train Mean_Acc: 61.38% Valid Mean_Acc:53.87% OCEAN_ACC:[0.5386835 0.5386834]

Training: learning rate:0.01
Train: Epo[003/500] Iter[001/001] IterTime:[516.85s] LOSS: 0.9074 ACC:0.4563 ETA:71h:38m:27s 
Valid: Epoch[003/500] Train Mean_Acc: 45.63% Valid Mean_Acc:53.69% OCEAN_ACC:[0.53686744 0.53686744]

Training: learning rate:0.01
Train: Epo[004/500] Iter[001/001] IterTime:[445.15s] LOSS: 0.7624 ACC:0.4881 ETA:61h:34m:46s 
Valid: Epoch[004/500] Train Mean_Acc: 48.81% Valid Mean_Acc:50.49% OCEAN_ACC:[0.50488997 0.50489   ]

Training: learning rate:0.01
Train: Epo[005/500] Iter[001/001] IterTime:[474.56s] LOSS: 0.6941 ACC:0.4997 ETA:65h:30m:54s 
Valid: Epoch[005/500] Train Mean_Acc: 49.97% Valid Mean_Acc:47.88% OCEAN_ACC:[0.47881213 0.4788121 ]

Training: learning rate:0.001
Train: Epo[006/500] Iter[001/001] IterTime:[480.77s] LOSS: 0.6888 ACC:0.5233 ETA:66h:14m:23s 
Valid: Epoch[006/500] Train Mean_Acc: 52.33% Valid Mean_Acc:47.72% OCEAN_ACC:[0.47724476 0.47724473]

Training: learning rate:0.001
Train: Epo[007/500] Iter[001/001] IterTime:[523.44s] LOSS: 0.6471 ACC:0.5466 ETA:71h:58m:22s 
Valid: Epoch[007/500] Train Mean_Acc: 54.66% Valid Mean_Acc:47.55% OCEAN_ACC:[0.47551087 0.47551087]

Training: learning rate:0.0001
Train: Epo[008/500] Iter[001/001] IterTime:[481.74s] LOSS: 0.6920 ACC:0.5272 ETA:66h:6m:21s 
Valid: Epoch[008/500] Train Mean_Acc: 52.72% Valid Mean_Acc:47.56% OCEAN_ACC:[0.4756383 0.4756383]

Training: learning rate:0.0001
Train: Epo[009/500] Iter[001/001] IterTime:[499.51s] LOSS: 0.6437 ACC:0.5510 ETA:68h:24m:16s 
Valid: Epoch[009/500] Train Mean_Acc: 55.10% Valid Mean_Acc:47.52% OCEAN_ACC:[0.4751918 0.4751918]

Training: learning rate:1e-05
Train: Epo[010/500] Iter[001/001] IterTime:[490.15s] LOSS: 0.6743 ACC:0.5363 ETA:66h:59m:15s 
Valid: Epoch[010/500] Train Mean_Acc: 53.63% Valid Mean_Acc:47.56% OCEAN_ACC:[0.4755615 0.4755615]

Training: learning rate:1e-05
Train: Epo[011/500] Iter[001/001] IterTime:[444.44s] LOSS: 0.6569 ACC:0.5445 ETA:60h:37m:1s 
Valid: Epoch[011/500] Train Mean_Acc: 54.45% Valid Mean_Acc:47.53% OCEAN_ACC:[0.47525287 0.47525287]

Training: learning rate:1.0000000000000002e-06
Train: Epo[012/500] Iter[001/001] IterTime:[543.74s] LOSS: 0.6935 ACC:0.5266 ETA:74h:0m:30s 
Valid: Epoch[012/500] Train Mean_Acc: 52.66% Valid Mean_Acc:47.48% OCEAN_ACC:[0.47480738 0.47480738]

Training: learning rate:1.0000000000000002e-06
Train: Epo[013/500] Iter[001/001] IterTime:[521.25s] LOSS: 0.6926 ACC:0.5267 ETA:70h:48m:12s 
Valid: Epoch[013/500] Train Mean_Acc: 52.67% Valid Mean_Acc:47.54% OCEAN_ACC:[0.4754298  0.47542986]

Training: learning rate:1.0000000000000002e-07
Train: Epo[014/500] Iter[001/001] IterTime:[563.46s] LOSS: 0.6360 ACC:0.5546 ETA:76h:22m:46s 
Valid: Epoch[014/500] Train Mean_Acc: 55.46% Valid Mean_Acc:47.52% OCEAN_ACC:[0.4751717 0.4751717]

Training: learning rate:1.0000000000000002e-07
Train: Epo[015/500] Iter[001/001] IterTime:[548.92s] LOSS: 0.6850 ACC:0.5309 ETA:74h:15m:26s 
Valid: Epoch[015/500] Train Mean_Acc: 53.09% Valid Mean_Acc:47.51% OCEAN_ACC:[0.47513136 0.47513136]

Training: learning rate:1.0000000000000002e-07
Train: Epo[016/500] Iter[001/001] IterTime:[506.19s] LOSS: 0.6358 ACC:0.5540 ETA:68h:20m:8s 
Valid: Epoch[016/500] Train Mean_Acc: 55.40% Valid Mean_Acc:47.53% OCEAN_ACC:[0.47530043 0.4753004 ]

Training: learning rate:1.0000000000000004e-08
Train: Epo[017/500] Iter[001/001] IterTime:[511.47s] LOSS: 0.6817 ACC:0.5323 ETA:68h:54m:24s 
Valid: Epoch[017/500] Train Mean_Acc: 53.23% Valid Mean_Acc:47.52% OCEAN_ACC:[0.47515658 0.47515658]

Training: learning rate:1.0000000000000004e-08
Train: Epo[018/500] Iter[001/001] IterTime:[548.80s] LOSS: 0.6650 ACC:0.5405 ETA:73h:47m:1s 
Valid: Epoch[018/500] Train Mean_Acc: 54.05% Valid Mean_Acc:47.53% OCEAN_ACC:[0.47533855 0.47533855]

Training: learning rate:1.0000000000000005e-09
Train: Epo[019/500] Iter[001/001] IterTime:[549.54s] LOSS: 0.6474 ACC:0.5482 ETA:73h:43m:47s 
Valid: Epoch[019/500] Train Mean_Acc: 54.82% Valid Mean_Acc:47.52% OCEAN_ACC:[0.47517636 0.47517636]

Training: learning rate:1.0000000000000005e-09
Train: Epo[020/500] Iter[001/001] IterTime:[549.39s] LOSS: 0.6479 ACC:0.5486 ETA:73h:33m:25s 
Valid: Epoch[020/500] Train Mean_Acc: 54.86% Valid Mean_Acc:47.51% OCEAN_ACC:[0.475129 0.475129]

Training: learning rate:1.0000000000000006e-10
Train: Epo[021/500] Iter[001/001] IterTime:[545.16s] LOSS: 0.6535 ACC:0.5457 ETA:72h:50m:19s 
Valid: Epoch[021/500] Train Mean_Acc: 54.57% Valid Mean_Acc:47.51% OCEAN_ACC:[0.4750893  0.47508934]

Training: learning rate:1.0000000000000006e-10
Train: Epo[022/500] Iter[001/001] IterTime:[547.99s] LOSS: 0.6533 ACC:0.5461 ETA:73h:3m:55s 
Valid: Epoch[022/500] Train Mean_Acc: 54.61% Valid Mean_Acc:47.51% OCEAN_ACC:[0.47509396 0.47509396]

Training: learning rate:1.0000000000000006e-10
Train: Epo[023/500] Iter[001/001] IterTime:[547.00s] LOSS: 0.6085 ACC:0.5674 ETA:72h:46m:54s 
Valid: Epoch[023/500] Train Mean_Acc: 56.74% Valid Mean_Acc:47.50% OCEAN_ACC:[0.47501352 0.47501358]

Training: learning rate:1.0000000000000006e-11
Train: Epo[024/500] Iter[001/001] IterTime:[502.28s] LOSS: 0.6559 ACC:0.5449 ETA:66h:41m:29s 
Valid: Epoch[024/500] Train Mean_Acc: 54.49% Valid Mean_Acc:47.48% OCEAN_ACC:[0.47477975 0.47477975]

Training: learning rate:1.0000000000000006e-11
Train: Epo[025/500] Iter[001/001] IterTime:[435.75s] LOSS: 0.6563 ACC:0.5441 ETA:57h:44m:13s 
Valid: Epoch[025/500] Train Mean_Acc: 54.41% Valid Mean_Acc:47.51% OCEAN_ACC:[0.47509083 0.47509077]

Training: learning rate:1.0000000000000006e-12
Train: Epo[026/500] Iter[001/001] IterTime:[503.54s] LOSS: 0.6561 ACC:0.5449 ETA:66h:34m:44s 
Valid: Epoch[026/500] Train Mean_Acc: 54.49% Valid Mean_Acc:47.54% OCEAN_ACC:[0.47544345 0.47544345]

Training: learning rate:1.0000000000000006e-12
Train: Epo[027/500] Iter[001/001] IterTime:[494.06s] LOSS: 0.6679 ACC:0.5392 ETA:65h:11m:19s 
Valid: Epoch[027/500] Train Mean_Acc: 53.92% Valid Mean_Acc:47.53% OCEAN_ACC:[0.4753076 0.4753076]

Training: learning rate:1.0000000000000006e-12
Train: Epo[028/500] Iter[001/001] IterTime:[439.69s] LOSS: 0.6560 ACC:0.5448 ETA:57h:53m:33s 
Valid: Epoch[028/500] Train Mean_Acc: 54.48% Valid Mean_Acc:47.55% OCEAN_ACC:[0.47549093 0.47549105]

Training: learning rate:1.0000000000000007e-13
Train: Epo[029/500] Iter[001/001] IterTime:[504.90s] LOSS: 0.6642 ACC:0.5412 ETA:66h:20m:19s 
Valid: Epoch[029/500] Train Mean_Acc: 54.12% Valid Mean_Acc:47.56% OCEAN_ACC:[0.47558478 0.47558478]

Training: learning rate:1.0000000000000007e-13
Train: Epo[030/500] Iter[001/001] IterTime:[484.65s] LOSS: 0.6616 ACC:0.5414 ETA:63h:32m:34s 
Valid: Epoch[030/500] Train Mean_Acc: 54.14% Valid Mean_Acc:47.52% OCEAN_ACC:[0.4751573  0.47515735]

Training: learning rate:1.0000000000000008e-14
Train: Epo[031/500] Iter[001/001] IterTime:[541.52s] LOSS: 0.6545 ACC:0.5455 ETA:70h:50m:57s 
Valid: Epoch[031/500] Train Mean_Acc: 54.55% Valid Mean_Acc:47.51% OCEAN_ACC:[0.47511283 0.47511283]

Training: learning rate:1.0000000000000008e-14
Train: Epo[032/500] Iter[001/001] IterTime:[433.26s] LOSS: 0.6633 ACC:0.5412 ETA:56h:33m:51s 
Valid: Epoch[032/500] Train Mean_Acc: 54.12% Valid Mean_Acc:47.52% OCEAN_ACC:[0.4751687  0.47516873]

Training: learning rate:1.0000000000000008e-14
Train: Epo[033/500] Iter[001/001] IterTime:[539.81s] LOSS: 0.7084 ACC:0.5190 ETA:70h:19m:30s 
Valid: Epoch[033/500] Train Mean_Acc: 51.90% Valid Mean_Acc:47.48% OCEAN_ACC:[0.47484884 0.47484878]

Training: learning rate:1.0000000000000008e-14
Train: Epo[034/500] Iter[001/001] IterTime:[455.98s] LOSS: 0.7021 ACC:0.5219 ETA:59h:16m:37s 
Valid: Epoch[034/500] Train Mean_Acc: 52.19% Valid Mean_Acc:47.56% OCEAN_ACC:[0.47564128 0.47564128]

Training: learning rate:1.0000000000000008e-14
Train: Epo[035/500] Iter[001/001] IterTime:[499.56s] LOSS: 0.6661 ACC:0.5393 ETA:64h:48m:14s 
Valid: Epoch[035/500] Train Mean_Acc: 53.93% Valid Mean_Acc:47.53% OCEAN_ACC:[0.4752842 0.4752842]

Training: learning rate:1.0000000000000009e-15
Train: Epo[036/500] Iter[001/001] IterTime:[538.94s] LOSS: 0.6634 ACC:0.5412 ETA:69h:45m:44s 
Valid: Epoch[036/500] Train Mean_Acc: 54.12% Valid Mean_Acc:47.48% OCEAN_ACC:[0.47480023 0.47480023]

Training: learning rate:1.0000000000000009e-15
Train: Epo[037/500] Iter[001/001] IterTime:[501.13s] LOSS: 0.6924 ACC:0.5271 ETA:64h:43m:45s 
Valid: Epoch[037/500] Train Mean_Acc: 52.71% Valid Mean_Acc:47.53% OCEAN_ACC:[0.47530302 0.47530296]

Training: learning rate:1.0000000000000009e-15
slurmstepd: error: *** JOB 13954809 ON cpu-e-769 CANCELLED AT 2023-02-07T09:52:23 DUE TO TIME LIMIT ***
