==================== Activating conda environment ====================
> Python version : /home/zl525/.conda/envs/DeepPersonality/bin/python
==================== Run program ====================
wandb: Currently logged in as: 1009694687 (hyllbd-1009694687). Use `wandb login --relogin` to force relogin
wandb: Tracking run with wandb version 0.13.9
wandb: Run data is saved locally in /home/zl525/code/DeepPersonality/wandb/run-20230205_212411-ik2kpnuf
wandb: Run `wandb offline` to turn off syncing.
wandb: Syncing run luminous-rooster-274
wandb: ⭐️ View project at https://wandb.ai/hyllbd-1009694687/DeepPersonality
wandb: 🚀 View run at https://wandb.ai/hyllbd-1009694687/DeepPersonality/runs/ik2kpnuf
{
    "DATA":{
        "ANIMALS_TEST_AUD_DATA":"udiva_full/test/recordings/animals_recordings_test_wav",
        "ANIMALS_TEST_IMG_DATA":"udiva_full/test/recordings/animals_recordings_test_img",
        "ANIMALS_TRAIN_AUD_DATA":"udiva_full/train/recordings/animals_recordings_train_wav",
        "ANIMALS_TRAIN_IMG_DATA":"udiva_full/train/recordings/animals_recordings_train_img",
        "ANIMALS_VAL_AUD_DATA":"udiva_full/val/recordings/animals_recordings_val_wav",
        "ANIMALS_VAL_IMG_DATA":"udiva_full/val/recordings/animals_recordings_val_img",
        "GHOST_TEST_AUD_DATA":"udiva_full/test/recordings/ghost_recordings_test_wav",
        "GHOST_TEST_IMG_DATA":"udiva_full/test/recordings/ghost_recordings_test_img",
        "GHOST_TRAIN_AUD_DATA":"udiva_full/train/recordings/ghost_recordings_train_wav",
        "GHOST_TRAIN_IMG_DATA":"udiva_full/train/recordings/ghost_recordings_train_img",
        "GHOST_VAL_AUD_DATA":"udiva_full/val/recordings/ghost_recordings_val_wav",
        "GHOST_VAL_IMG_DATA":"udiva_full/val/recordings/ghost_recordings_val_img",
        "LEGO_TEST_AUD_DATA":"udiva_full/test/recordings/lego_recordings_test_wav",
        "LEGO_TEST_IMG_DATA":"udiva_full/test/recordings/lego_recordings_test_img",
        "LEGO_TRAIN_AUD_DATA":"udiva_full/train/recordings/lego_recordings_train_wav",
        "LEGO_TRAIN_IMG_DATA":"udiva_full/train/recordings/lego_recordings_train_img",
        "LEGO_VAL_AUD_DATA":"udiva_full/val/recordings/lego_recordings_val_wav",
        "LEGO_VAL_IMG_DATA":"udiva_full/val/recordings/lego_recordings_val_img",
        "ROOT":"datasets",
        "SAMPLE_SIZE":60,
        "SESSION":"TALK",
        "TALK_TEST_AUD_DATA":"udiva_full/test/recordings/talk_recordings_test_wav",
        "TALK_TEST_IMG_DATA":"udiva_full/test/recordings/talk_recordings_test_img",
        "TALK_TRAIN_AUD_DATA":"udiva_full/train/recordings/talk_recordings_train_wav",
        "TALK_TRAIN_IMG_DATA":"udiva_full/train/recordings/talk_recordings_train_img",
        "TALK_VAL_AUD_DATA":"udiva_full/val/recordings/talk_recordings_val_wav",
        "TALK_VAL_IMG_DATA":"udiva_full/val/recordings/talk_recordings_val_img",
        "TEST_AUD_DATA":"raw_voice/testData",
        "TEST_IMG_DATA":"image_data/test_data",
        "TEST_IMG_FACE_DATA":"image_data/test_data_face",
        "TEST_LABEL_DATA":"udiva_full/test/label/sessions_test.pkl",
        "TRAIN_AUD_DATA":"raw_voice/trainingData",
        "TRAIN_IMG_DATA":"image_data/train_data",
        "TRAIN_IMG_FACE_DATA":"image_data/train_data_face",
        "TRAIN_LABEL_DATA":"udiva_full/train/label/sessions_train.pkl",
        "TYPE":"frame",
        "VALID_AUD_DATA":"raw_voice/validationData",
        "VALID_IMG_DATA":"image_data/valid_data",
        "VALID_IMG_FACE_DATA":"image_data/valid_data_face",
        "VALID_LABEL_DATA":"udiva_full/val/label/sessions_val.pkl",
        "VA_DATA":"va_data/cropped_aligned",
        "VA_ROOT":"datasets",
        "VA_TRAIN_LABEL":"va_data/va_label/VA_Set/Train_Set",
        "VA_VALID_LABEL":"va_data/va_label/VA_Set/Validation_Set"
    },
    "DATA_LOADER":{
        "DATASET":"",
        "DATASET_NAME":"UDIVA",
        "DROP_LAST":true,
        "NAME":"bimodal_resnet_lstm_data_loader_udiva",
        "NUM_WORKERS":1,
        "SECOND_STAGE":{
            "METHOD":"",
            "TYPE":""
        },
        "SHUFFLE":true,
        "TRAIN_BATCH_SIZE":72,
        "TRANSFORM":"standard_frame_transform",
        "VALID_BATCH_SIZE":3
    },
    "LOSS":{
        "NAME":"binary_cross_entropy"
    },
    "MODEL":{
        "NAME":"get_img_modal_lstm_model_udiva",
        "NUM_CLASS":5,
        "PRETRAIN":false,
        "RETURN_FEATURE":false,
        "SPECTRUM_CHANNEL":50
    },
    "SOLVER":{
        "BETA_1":0.5,
        "BETA_2":0.999,
        "FACTOR":0.1,
        "LR_INIT":0.001,
        "MILESTONE":[
            8,
            12,
            16,
            20,
            30,
            70,
            100
        ],
        "MOMENTUM":0.9,
        "NAME":"adam",
        "RESET_LR":true,
        "SCHEDULER":"multi_step_scale",
        "WEIGHT_DECAY":0.0005
    },
    "TEST":{
        "COMPUTE_CCC":false,
        "COMPUTE_PCC":false,
        "FULL_TEST":false,
        "SAVE_DATASET_OUTPUT":"",
        "TEST_ONLY":false,
        "WEIGHT":""
    },
    "TRAIN":{
        "BIMODAL_OPTION":1,
        "LOG_INTERVAL":1,
        "MAX_EPOCH":500,
        "OUTPUT_DIR":"results/demo/unified_frame_images/bimodal_resnet_udiva",
        "PRE_TRAINED_MODEL":null,
        "RESUME":"",
        "START_EPOCH":0,
        "TRAINER":"BiModalTrainerUdiva",
        "VALID_INTERVAL":1
    }
}
change learning rate form [0.001] to [0.001]
Training: learning rate:0.001
Using BCELoss
================================== start training... ==================================
Train: Epo[001/500] Iter[001/001] IterTime:[124.88s] LOSS: 0.6933 ACC:0.5002 ETA:17h:22m:46s 
Valid: Epoch[001/500] Train Mean_Acc: 50.02% Valid Mean_Acc:44.91% OCEAN_ACC:[0.46689394 0.43130586]

Training: learning rate:0.001
Train: Epo[002/500] Iter[001/001] IterTime:[127.29s] LOSS: 0.7086 ACC:0.5471 ETA:17h:40m:45s 
Valid: Epoch[002/500] Train Mean_Acc: 54.71% Valid Mean_Acc:48.13% OCEAN_ACC:[0.47782806 0.484772  ]

Training: learning rate:0.001
Train: Epo[003/500] Iter[001/001] IterTime:[125.56s] LOSS: 0.6660 ACC:0.5200 ETA:17h:24m:12s 
Valid: Epoch[003/500] Train Mean_Acc: 52.00% Valid Mean_Acc:47.68% OCEAN_ACC:[0.47686005 0.4768084 ]

Training: learning rate:0.001
Train: Epo[004/500] Iter[001/001] IterTime:[124.06s] LOSS: 0.6622 ACC:0.5263 ETA:17h:9m:39s 
Valid: Epoch[004/500] Train Mean_Acc: 52.63% Valid Mean_Acc:46.30% OCEAN_ACC:[0.4643111  0.46159247]

Training: learning rate:0.001
Train: Epo[005/500] Iter[001/001] IterTime:[122.60s] LOSS: 0.6732 ACC:0.5357 ETA:16h:55m:32s 
Valid: Epoch[005/500] Train Mean_Acc: 53.57% Valid Mean_Acc:46.82% OCEAN_ACC:[0.46931088 0.46708512]

Training: learning rate:0.001
Train: Epo[006/500] Iter[001/001] IterTime:[121.86s] LOSS: 0.6853 ACC:0.5229 ETA:16h:47m:24s 
Valid: Epoch[006/500] Train Mean_Acc: 52.29% Valid Mean_Acc:48.26% OCEAN_ACC:[0.48252392 0.48272014]

Training: learning rate:0.001
Train: Epo[007/500] Iter[001/001] IterTime:[126.54s] LOSS: 0.6704 ACC:0.5173 ETA:17h:23m:55s 
Valid: Epoch[007/500] Train Mean_Acc: 51.73% Valid Mean_Acc:48.35% OCEAN_ACC:[0.48380938 0.48314357]

Training: learning rate:0.001
Train: Epo[008/500] Iter[001/001] IterTime:[125.94s] LOSS: 0.6589 ACC:0.5225 ETA:17h:16m:53s 
Valid: Epoch[008/500] Train Mean_Acc: 52.25% Valid Mean_Acc:47.61% OCEAN_ACC:[0.47747883 0.47464487]

Training: learning rate:0.0001
Train: Epo[009/500] Iter[001/001] IterTime:[122.98s] LOSS: 0.6740 ACC:0.5204 ETA:16h:50m:28s 
Valid: Epoch[009/500] Train Mean_Acc: 52.04% Valid Mean_Acc:47.39% OCEAN_ACC:[0.4764739  0.47138467]

Training: learning rate:0.0001
Train: Epo[010/500] Iter[001/001] IterTime:[123.20s] LOSS: 0.6506 ACC:0.5321 ETA:16h:50m:13s 
Valid: Epoch[010/500] Train Mean_Acc: 53.21% Valid Mean_Acc:47.45% OCEAN_ACC:[0.476074   0.47300074]

Training: learning rate:0.0001
Train: Epo[011/500] Iter[001/001] IterTime:[124.22s] LOSS: 0.6622 ACC:0.5270 ETA:16h:56m:31s 
Valid: Epoch[011/500] Train Mean_Acc: 52.70% Valid Mean_Acc:47.32% OCEAN_ACC:[0.47504458 0.47144392]

Training: learning rate:0.0001
Train: Epo[012/500] Iter[001/001] IterTime:[125.50s] LOSS: 0.6560 ACC:0.5307 ETA:17h:4m:54s 
Valid: Epoch[012/500] Train Mean_Acc: 53.07% Valid Mean_Acc:47.25% OCEAN_ACC:[0.47410384 0.4709579 ]

Training: learning rate:1e-05
Train: Epo[013/500] Iter[001/001] IterTime:[123.11s] LOSS: 0.6816 ACC:0.5192 ETA:16h:43m:21s 
Valid: Epoch[013/500] Train Mean_Acc: 51.92% Valid Mean_Acc:47.19% OCEAN_ACC:[0.47382858 0.4699948 ]

Training: learning rate:1e-05
Train: Epo[014/500] Iter[001/001] IterTime:[122.97s] LOSS: 0.6618 ACC:0.5289 ETA:16h:40m:8s 
Valid: Epoch[014/500] Train Mean_Acc: 52.89% Valid Mean_Acc:47.27% OCEAN_ACC:[0.47400257 0.47140694]

Training: learning rate:1e-05
Train: Epo[015/500] Iter[001/001] IterTime:[121.52s] LOSS: 0.6815 ACC:0.5192 ETA:16h:26m:20s 
Valid: Epoch[015/500] Train Mean_Acc: 51.92% Valid Mean_Acc:47.22% OCEAN_ACC:[0.47384715 0.4706134 ]

Training: learning rate:1e-05
Train: Epo[016/500] Iter[001/001] IterTime:[124.24s] LOSS: 0.6487 ACC:0.5353 ETA:16h:46m:19s 
Valid: Epoch[016/500] Train Mean_Acc: 53.53% Valid Mean_Acc:47.24% OCEAN_ACC:[0.47384417 0.47105202]

Training: learning rate:1.0000000000000002e-06
Train: Epo[017/500] Iter[001/001] IterTime:[126.20s] LOSS: 0.6814 ACC:0.5193 ETA:17h:0m:5s 
Valid: Epoch[017/500] Train Mean_Acc: 51.93% Valid Mean_Acc:47.28% OCEAN_ACC:[0.47392467 0.47169638]

Training: learning rate:1.0000000000000002e-06
Train: Epo[018/500] Iter[001/001] IterTime:[125.89s] LOSS: 0.6552 ACC:0.5323 ETA:16h:55m:28s 
Valid: Epoch[018/500] Train Mean_Acc: 53.23% Valid Mean_Acc:47.14% OCEAN_ACC:[0.473498   0.46934006]

Training: learning rate:1.0000000000000002e-06
Train: Epo[019/500] Iter[001/001] IterTime:[124.36s] LOSS: 0.6750 ACC:0.5225 ETA:16h:41m:5s 
Valid: Epoch[019/500] Train Mean_Acc: 52.25% Valid Mean_Acc:47.22% OCEAN_ACC:[0.47358808 0.47075668]

Training: learning rate:1.0000000000000002e-06
Train: Epo[020/500] Iter[001/001] IterTime:[126.72s] LOSS: 0.6811 ACC:0.5196 ETA:16h:57m:58s 
Valid: Epoch[020/500] Train Mean_Acc: 51.96% Valid Mean_Acc:47.27% OCEAN_ACC:[0.4738065  0.47150585]

Training: learning rate:1.0000000000000002e-07
Train: Epo[021/500] Iter[001/001] IterTime:[122.62s] LOSS: 0.6821 ACC:0.5191 ETA:16h:23m:1s 
Valid: Epoch[021/500] Train Mean_Acc: 51.91% Valid Mean_Acc:47.25% OCEAN_ACC:[0.47377577 0.4712648 ]

Training: learning rate:1.0000000000000002e-07
Train: Epo[022/500] Iter[001/001] IterTime:[123.86s] LOSS: 0.6749 ACC:0.5225 ETA:16h:30m:51s 
Valid: Epoch[022/500] Train Mean_Acc: 52.25% Valid Mean_Acc:47.26% OCEAN_ACC:[0.47384632 0.47138318]

Training: learning rate:1.0000000000000002e-07
Train: Epo[023/500] Iter[001/001] IterTime:[122.22s] LOSS: 0.6424 ACC:0.5385 ETA:16h:15m:44s 
Valid: Epoch[023/500] Train Mean_Acc: 53.85% Valid Mean_Acc:47.18% OCEAN_ACC:[0.47362623 0.47005486]

Training: learning rate:1.0000000000000002e-07
Train: Epo[024/500] Iter[001/001] IterTime:[124.63s] LOSS: 0.6485 ACC:0.5355 ETA:16h:32m:52s 
Valid: Epoch[024/500] Train Mean_Acc: 53.55% Valid Mean_Acc:47.19% OCEAN_ACC:[0.4735259 0.4703457]

Training: learning rate:1.0000000000000002e-07
Train: Epo[025/500] Iter[001/001] IterTime:[126.43s] LOSS: 0.6480 ACC:0.5356 ETA:16h:45m:8s 
Valid: Epoch[025/500] Train Mean_Acc: 53.56% Valid Mean_Acc:47.22% OCEAN_ACC:[0.47375664 0.4706074 ]

Training: learning rate:1.0000000000000002e-07
Train: Epo[026/500] Iter[001/001] IterTime:[122.69s] LOSS: 0.6552 ACC:0.5322 ETA:16h:13m:19s 
Valid: Epoch[026/500] Train Mean_Acc: 53.22% Valid Mean_Acc:47.17% OCEAN_ACC:[0.47356132 0.46987262]

Training: learning rate:1.0000000000000002e-07
Train: Epo[027/500] Iter[001/001] IterTime:[121.58s] LOSS: 0.6549 ACC:0.5324 ETA:16h:2m:30s 
Valid: Epoch[027/500] Train Mean_Acc: 53.24% Valid Mean_Acc:47.30% OCEAN_ACC:[0.47389498 0.4720658 ]

Training: learning rate:1.0000000000000002e-07
Train: Epo[028/500] Iter[001/001] IterTime:[122.23s] LOSS: 0.6685 ACC:0.5257 ETA:16h:5m:36s 
Valid: Epoch[028/500] Train Mean_Acc: 52.57% Valid Mean_Acc:47.23% OCEAN_ACC:[0.4737314  0.47077322]

Training: learning rate:1.0000000000000002e-07
Train: Epo[029/500] Iter[001/001] IterTime:[122.63s] LOSS: 0.6882 ACC:0.5161 ETA:16h:6m:44s 
Valid: Epoch[029/500] Train Mean_Acc: 51.61% Valid Mean_Acc:47.23% OCEAN_ACC:[0.47368094 0.47100404]

Training: learning rate:1.0000000000000002e-07
Train: Epo[030/500] Iter[001/001] IterTime:[123.49s] LOSS: 0.6817 ACC:0.5192 ETA:16h:11m:28s 
Valid: Epoch[030/500] Train Mean_Acc: 51.92% Valid Mean_Acc:47.21% OCEAN_ACC:[0.47366777 0.47051123]

Training: learning rate:1.0000000000000004e-08
Train: Epo[031/500] Iter[001/001] IterTime:[122.40s] LOSS: 0.6748 ACC:0.5225 ETA:16h:0m:50s 
Valid: Epoch[031/500] Train Mean_Acc: 52.25% Valid Mean_Acc:47.26% OCEAN_ACC:[0.47385764 0.47136453]

Training: learning rate:1.0000000000000004e-08
Train: Epo[032/500] Iter[001/001] IterTime:[122.72s] LOSS: 0.6683 ACC:0.5257 ETA:16h:1m:17s 
Valid: Epoch[032/500] Train Mean_Acc: 52.57% Valid Mean_Acc:47.18% OCEAN_ACC:[0.4735396  0.47004557]

Training: learning rate:1.0000000000000004e-08
Train: Epo[033/500] Iter[001/001] IterTime:[122.91s] LOSS: 0.6750 ACC:0.5225 ETA:16h:0m:43s 
Valid: Epoch[033/500] Train Mean_Acc: 52.25% Valid Mean_Acc:47.16% OCEAN_ACC:[0.47355345 0.46969077]

Training: learning rate:1.0000000000000004e-08
Train: Epo[034/500] Iter[001/001] IterTime:[122.40s] LOSS: 0.6621 ACC:0.5288 ETA:15h:54m:43s 
Valid: Epoch[034/500] Train Mean_Acc: 52.88% Valid Mean_Acc:47.21% OCEAN_ACC:[0.47364703 0.4706466 ]

Training: learning rate:1.0000000000000004e-08
Train: Epo[035/500] Iter[001/001] IterTime:[128.62s] LOSS: 0.6555 ACC:0.5320 ETA:16h:41m:6s 
Valid: Epoch[035/500] Train Mean_Acc: 53.20% Valid Mean_Acc:47.25% OCEAN_ACC:[0.47368738 0.47141203]

Training: learning rate:1.0000000000000004e-08
Train: Epo[036/500] Iter[001/001] IterTime:[125.01s] LOSS: 0.7014 ACC:0.5096 ETA:16h:10m:53s 
Valid: Epoch[036/500] Train Mean_Acc: 50.96% Valid Mean_Acc:47.23% OCEAN_ACC:[0.4737045 0.470832 ]

Training: learning rate:1.0000000000000004e-08
Train: Epo[037/500] Iter[001/001] IterTime:[122.98s] LOSS: 0.6616 ACC:0.5290 ETA:15h:53m:5s 
Valid: Epoch[037/500] Train Mean_Acc: 52.90% Valid Mean_Acc:47.19% OCEAN_ACC:[0.47349024 0.4703757 ]

Training: learning rate:1.0000000000000004e-08
Train: Epo[038/500] Iter[001/001] IterTime:[124.50s] LOSS: 0.7009 ACC:0.5098 ETA:16h:2m:50s 
Valid: Epoch[038/500] Train Mean_Acc: 50.98% Valid Mean_Acc:47.23% OCEAN_ACC:[0.47376767 0.4708445 ]

Training: learning rate:1.0000000000000004e-08
Train: Epo[039/500] Iter[001/001] IterTime:[124.35s] LOSS: 0.6750 ACC:0.5224 ETA:15h:59m:34s 
Valid: Epoch[039/500] Train Mean_Acc: 52.24% Valid Mean_Acc:47.15% OCEAN_ACC:[0.47344962 0.4694517 ]

Training: learning rate:1.0000000000000004e-08
Train: Epo[040/500] Iter[001/001] IterTime:[124.65s] LOSS: 0.6948 ACC:0.5128 ETA:15h:59m:50s 
Valid: Epoch[040/500] Train Mean_Acc: 51.28% Valid Mean_Acc:47.29% OCEAN_ACC:[0.47384536 0.47197187]

Training: learning rate:1.0000000000000004e-08
Train: Epo[041/500] Iter[001/001] IterTime:[124.00s] LOSS: 0.6681 ACC:0.5258 ETA:15h:52m:43s 
Valid: Epoch[041/500] Train Mean_Acc: 52.58% Valid Mean_Acc:47.27% OCEAN_ACC:[0.47373745 0.47167477]

Training: learning rate:1.0000000000000004e-08
Train: Epo[042/500] Iter[001/001] IterTime:[123.14s] LOSS: 0.6881 ACC:0.5162 ETA:15h:44m:5s 
Valid: Epoch[042/500] Train Mean_Acc: 51.62% Valid Mean_Acc:47.22% OCEAN_ACC:[0.4737558 0.4706227]

Training: learning rate:1.0000000000000004e-08
Train: Epo[043/500] Iter[001/001] IterTime:[124.55s] LOSS: 0.6487 ACC:0.5353 ETA:15h:52m:46s 
Valid: Epoch[043/500] Train Mean_Acc: 53.53% Valid Mean_Acc:47.25% OCEAN_ACC:[0.47387013 0.47117937]

Training: learning rate:1.0000000000000004e-08
Train: Epo[044/500] Iter[001/001] IterTime:[122.35s] LOSS: 0.6551 ACC:0.5323 ETA:15h:33m:55s 
Valid: Epoch[044/500] Train Mean_Acc: 53.23% Valid Mean_Acc:47.23% OCEAN_ACC:[0.47375128 0.47093973]

Training: learning rate:1.0000000000000004e-08
Train: Epo[045/500] Iter[001/001] IterTime:[124.00s] LOSS: 0.6420 ACC:0.5386 ETA:15h:44m:28s 
Valid: Epoch[045/500] Train Mean_Acc: 53.86% Valid Mean_Acc:47.21% OCEAN_ACC:[0.47368643 0.47041786]

Training: learning rate:1.0000000000000004e-08
Train: Epo[046/500] Iter[001/001] IterTime:[124.00s] LOSS: 0.6620 ACC:0.5287 ETA:15h:42m:25s 
Valid: Epoch[046/500] Train Mean_Acc: 52.87% Valid Mean_Acc:47.19% OCEAN_ACC:[0.4737036  0.47005713]

Training: learning rate:1.0000000000000004e-08
Train: Epo[047/500] Iter[001/001] IterTime:[123.60s] LOSS: 0.6615 ACC:0.5289 ETA:15h:37m:16s 
Valid: Epoch[047/500] Train Mean_Acc: 52.89% Valid Mean_Acc:47.15% OCEAN_ACC:[0.47349074 0.46952045]

Training: learning rate:1.0000000000000004e-08
Train: Epo[048/500] Iter[001/001] IterTime:[125.03s] LOSS: 0.6556 ACC:0.5321 ETA:15h:46m:3s 
Valid: Epoch[048/500] Train Mean_Acc: 53.21% Valid Mean_Acc:47.25% OCEAN_ACC:[0.47378156 0.4712596 ]

Training: learning rate:1.0000000000000004e-08
Train: Epo[049/500] Iter[001/001] IterTime:[123.64s] LOSS: 0.6295 ACC:0.5447 ETA:15h:33m:27s 
Valid: Epoch[049/500] Train Mean_Acc: 54.47% Valid Mean_Acc:47.12% OCEAN_ACC:[0.47339162 0.46891353]

Training: learning rate:1.0000000000000004e-08
Train: Epo[050/500] Iter[001/001] IterTime:[125.79s] LOSS: 0.6816 ACC:0.5192 ETA:15h:47m:37s 
Valid: Epoch[050/500] Train Mean_Acc: 51.92% Valid Mean_Acc:47.25% OCEAN_ACC:[0.47386834 0.4712105 ]

Training: learning rate:1.0000000000000004e-08
Train: Epo[051/500] Iter[001/001] IterTime:[124.51s] LOSS: 0.6292 ACC:0.5449 ETA:15h:35m:52s 
Valid: Epoch[051/500] Train Mean_Acc: 54.49% Valid Mean_Acc:47.18% OCEAN_ACC:[0.47357714 0.47006643]

Training: learning rate:1.0000000000000004e-08
Train: Epo[052/500] Iter[001/001] IterTime:[124.15s] LOSS: 0.6557 ACC:0.5319 ETA:15h:31m:6s 
Valid: Epoch[052/500] Train Mean_Acc: 53.19% Valid Mean_Acc:47.20% OCEAN_ACC:[0.47359422 0.47044003]

Training: learning rate:1.0000000000000004e-08
Train: Epo[053/500] Iter[001/001] IterTime:[124.46s] LOSS: 0.6555 ACC:0.5320 ETA:15h:31m:23s 
Valid: Epoch[053/500] Train Mean_Acc: 53.20% Valid Mean_Acc:47.24% OCEAN_ACC:[0.4737358  0.47099245]

Training: learning rate:1.0000000000000004e-08
Train: Epo[054/500] Iter[001/001] IterTime:[122.79s] LOSS: 0.6550 ACC:0.5323 ETA:15h:16m:48s 
Valid: Epoch[054/500] Train Mean_Acc: 53.23% Valid Mean_Acc:47.30% OCEAN_ACC:[0.4739431  0.47198153]

Training: learning rate:1.0000000000000004e-08
Train: Epo[055/500] Iter[001/001] IterTime:[123.87s] LOSS: 0.6549 ACC:0.5322 ETA:15h:22m:47s 
Valid: Epoch[055/500] Train Mean_Acc: 53.22% Valid Mean_Acc:47.28% OCEAN_ACC:[0.4738473 0.4716958]

Training: learning rate:1.0000000000000004e-08
Train: Epo[056/500] Iter[001/001] IterTime:[123.79s] LOSS: 0.6879 ACC:0.5161 ETA:15h:20m:10s 
Valid: Epoch[056/500] Train Mean_Acc: 51.61% Valid Mean_Acc:47.24% OCEAN_ACC:[0.47377095 0.471128  ]

Training: learning rate:1.0000000000000004e-08
Train: Epo[057/500] Iter[001/001] IterTime:[123.91s] LOSS: 0.6878 ACC:0.5161 ETA:15h:19m:1s 
Valid: Epoch[057/500] Train Mean_Acc: 51.61% Valid Mean_Acc:47.19% OCEAN_ACC:[0.4736123 0.4701132]

Training: learning rate:1.0000000000000004e-08
Train: Epo[058/500] Iter[001/001] IterTime:[123.38s] LOSS: 0.6551 ACC:0.5323 ETA:15h:13m:2s 
Valid: Epoch[058/500] Train Mean_Acc: 53.23% Valid Mean_Acc:47.24% OCEAN_ACC:[0.47378436 0.47101632]

Training: learning rate:1.0000000000000004e-08
Train: Epo[059/500] Iter[001/001] IterTime:[126.01s] LOSS: 0.6679 ACC:0.5260 ETA:15h:30m:21s 
Valid: Epoch[059/500] Train Mean_Acc: 52.60% Valid Mean_Acc:47.19% OCEAN_ACC:[0.47359827 0.4701973 ]

Training: learning rate:1.0000000000000004e-08
Train: Epo[060/500] Iter[001/001] IterTime:[125.92s] LOSS: 0.6747 ACC:0.5226 ETA:15h:27m:37s 
Valid: Epoch[060/500] Train Mean_Acc: 52.26% Valid Mean_Acc:47.19% OCEAN_ACC:[0.47353247 0.4703617 ]

Training: learning rate:1.0000000000000004e-08
Train: Epo[061/500] Iter[001/001] IterTime:[124.36s] LOSS: 0.6423 ACC:0.5386 ETA:15h:14m:1s 
Valid: Epoch[061/500] Train Mean_Acc: 53.86% Valid Mean_Acc:47.27% OCEAN_ACC:[0.473851   0.47152045]

Training: learning rate:1.0000000000000004e-08
Train: Epo[062/500] Iter[001/001] IterTime:[122.44s] LOSS: 0.6359 ACC:0.5418 ETA:14h:57m:54s 
Valid: Epoch[062/500] Train Mean_Acc: 54.18% Valid Mean_Acc:47.22% OCEAN_ACC:[0.47379103 0.47066736]

Training: learning rate:1.0000000000000004e-08
Train: Epo[063/500] Iter[001/001] IterTime:[124.31s] LOSS: 0.6615 ACC:0.5293 ETA:15h:9m:29s 
Valid: Epoch[063/500] Train Mean_Acc: 52.93% Valid Mean_Acc:47.20% OCEAN_ACC:[0.47358608 0.47037554]

Training: learning rate:1.0000000000000004e-08
Train: Epo[064/500] Iter[001/001] IterTime:[123.69s] LOSS: 0.6489 ACC:0.5354 ETA:15h:2m:57s 
Valid: Epoch[064/500] Train Mean_Acc: 53.54% Valid Mean_Acc:47.23% OCEAN_ACC:[0.47371042 0.47091308]

Training: learning rate:1.0000000000000004e-08
Train: Epo[065/500] Iter[001/001] IterTime:[125.17s] LOSS: 0.6680 ACC:0.5259 ETA:15h:11m:41s 
Valid: Epoch[065/500] Train Mean_Acc: 52.59% Valid Mean_Acc:47.25% OCEAN_ACC:[0.47385773 0.47111288]

Training: learning rate:1.0000000000000004e-08
Train: Epo[066/500] Iter[001/001] IterTime:[125.51s] LOSS: 0.6616 ACC:0.5290 ETA:15h:12m:2s 
Valid: Epoch[066/500] Train Mean_Acc: 52.90% Valid Mean_Acc:47.22% OCEAN_ACC:[0.473753  0.4707187]

Training: learning rate:1.0000000000000004e-08
Train: Epo[067/500] Iter[001/001] IterTime:[123.17s] LOSS: 0.6678 ACC:0.5263 ETA:14h:52m:57s 
Valid: Epoch[067/500] Train Mean_Acc: 52.63% Valid Mean_Acc:47.27% OCEAN_ACC:[0.47378397 0.47160414]

Training: learning rate:1.0000000000000004e-08
Train: Epo[068/500] Iter[001/001] IterTime:[122.96s] LOSS: 0.6816 ACC:0.5192 ETA:14h:49m:23s 
Valid: Epoch[068/500] Train Mean_Acc: 51.92% Valid Mean_Acc:47.26% OCEAN_ACC:[0.4738632  0.47143388]

Training: learning rate:1.0000000000000004e-08
Train: Epo[069/500] Iter[001/001] IterTime:[124.65s] LOSS: 0.6556 ACC:0.5320 ETA:14h:59m:32s 
Valid: Epoch[069/500] Train Mean_Acc: 53.20% Valid Mean_Acc:47.12% OCEAN_ACC:[0.47340026 0.4689107 ]

Training: learning rate:1.0000000000000004e-08
Train: Epo[070/500] Iter[001/001] IterTime:[125.68s] LOSS: 0.6683 ACC:0.5257 ETA:15h:4m:52s 
Valid: Epoch[070/500] Train Mean_Acc: 52.57% Valid Mean_Acc:47.27% OCEAN_ACC:[0.47367892 0.4716854 ]

Training: learning rate:1.0000000000000005e-09
Train: Epo[071/500] Iter[001/001] IterTime:[123.83s] LOSS: 0.6412 ACC:0.5391 ETA:14h:49m:30s 
Valid: Epoch[071/500] Train Mean_Acc: 53.91% Valid Mean_Acc:47.28% OCEAN_ACC:[0.47384825 0.4716591 ]

Training: learning rate:1.0000000000000005e-09
Train: Epo[072/500] Iter[001/001] IterTime:[125.20s] LOSS: 0.6691 ACC:0.5254 ETA:14h:57m:14s 
Valid: Epoch[072/500] Train Mean_Acc: 52.54% Valid Mean_Acc:47.28% OCEAN_ACC:[0.4738574 0.4716557]

Training: learning rate:1.0000000000000005e-09
Train: Epo[073/500] Iter[001/001] IterTime:[124.01s] LOSS: 0.6682 ACC:0.5257 ETA:14h:46m:41s 
Valid: Epoch[073/500] Train Mean_Acc: 52.57% Valid Mean_Acc:47.24% OCEAN_ACC:[0.47377515 0.47092995]

Training: learning rate:1.0000000000000005e-09
Train: Epo[074/500] Iter[001/001] IterTime:[123.38s] LOSS: 0.6686 ACC:0.5257 ETA:14h:40m:4s 
Valid: Epoch[074/500] Train Mean_Acc: 52.57% Valid Mean_Acc:47.30% OCEAN_ACC:[0.47391543 0.47200704]

Training: learning rate:1.0000000000000005e-09
Train: Epo[075/500] Iter[001/001] IterTime:[124.30s] LOSS: 0.6745 ACC:0.5228 ETA:14h:44m:38s 
Valid: Epoch[075/500] Train Mean_Acc: 52.28% Valid Mean_Acc:47.26% OCEAN_ACC:[0.4738343  0.47145867]

Training: learning rate:1.0000000000000005e-09
Train: Epo[076/500] Iter[001/001] IterTime:[122.89s] LOSS: 0.6682 ACC:0.5259 ETA:14h:32m:32s 
Valid: Epoch[076/500] Train Mean_Acc: 52.59% Valid Mean_Acc:47.25% OCEAN_ACC:[0.47385404 0.47111216]

Training: learning rate:1.0000000000000005e-09
Train: Epo[077/500] Iter[001/001] IterTime:[127.77s] LOSS: 0.6747 ACC:0.5225 ETA:15h:5m:0s 
Valid: Epoch[077/500] Train Mean_Acc: 52.25% Valid Mean_Acc:47.24% OCEAN_ACC:[0.47375497 0.47105277]

Training: learning rate:1.0000000000000005e-09
Train: Epo[078/500] Iter[001/001] IterTime:[125.98s] LOSS: 0.6624 ACC:0.5288 ETA:14h:50m:16s 
Valid: Epoch[078/500] Train Mean_Acc: 52.88% Valid Mean_Acc:47.20% OCEAN_ACC:[0.47361803 0.47038987]

Training: learning rate:1.0000000000000005e-09
Train: Epo[079/500] Iter[001/001] IterTime:[125.25s] LOSS: 0.6683 ACC:0.5257 ETA:14h:43m:0s 
Valid: Epoch[079/500] Train Mean_Acc: 52.57% Valid Mean_Acc:47.24% OCEAN_ACC:[0.47373685 0.4710749 ]

Training: learning rate:1.0000000000000005e-09
Train: Epo[080/500] Iter[001/001] IterTime:[125.03s] LOSS: 0.6684 ACC:0.5257 ETA:14h:39m:21s 
Valid: Epoch[080/500] Train Mean_Acc: 52.57% Valid Mean_Acc:47.16% OCEAN_ACC:[0.47358644 0.46957543]

Training: learning rate:1.0000000000000005e-09
Train: Epo[081/500] Iter[001/001] IterTime:[122.85s] LOSS: 0.6752 ACC:0.5223 ETA:14h:21m:57s 
Valid: Epoch[081/500] Train Mean_Acc: 52.23% Valid Mean_Acc:47.23% OCEAN_ACC:[0.47377023 0.47080973]

Training: learning rate:1.0000000000000005e-09
Train: Epo[082/500] Iter[001/001] IterTime:[124.35s] LOSS: 0.6619 ACC:0.5290 ETA:14h:30m:28s 
Valid: Epoch[082/500] Train Mean_Acc: 52.90% Valid Mean_Acc:47.18% OCEAN_ACC:[0.47360197 0.47001874]

Training: learning rate:1.0000000000000005e-09
Train: Epo[083/500] Iter[001/001] IterTime:[126.06s] LOSS: 0.6546 ACC:0.5323 ETA:14h:40m:18s 
Valid: Epoch[083/500] Train Mean_Acc: 53.23% Valid Mean_Acc:47.29% OCEAN_ACC:[0.47392455 0.47185197]

Training: learning rate:1.0000000000000005e-09
Train: Epo[084/500] Iter[001/001] IterTime:[125.93s] LOSS: 0.6877 ACC:0.5162 ETA:14h:37m:16s 
Valid: Epoch[084/500] Train Mean_Acc: 51.62% Valid Mean_Acc:47.23% OCEAN_ACC:[0.4736818 0.4709803]

Training: learning rate:1.0000000000000005e-09
Train: Epo[085/500] Iter[001/001] IterTime:[124.76s] LOSS: 0.6614 ACC:0.5291 ETA:14h:27m:3s 
Valid: Epoch[085/500] Train Mean_Acc: 52.91% Valid Mean_Acc:47.21% OCEAN_ACC:[0.47368017 0.47046378]

Training: learning rate:1.0000000000000005e-09
Train: Epo[086/500] Iter[001/001] IterTime:[124.51s] LOSS: 0.6619 ACC:0.5288 ETA:14h:23m:18s 
Valid: Epoch[086/500] Train Mean_Acc: 52.88% Valid Mean_Acc:47.22% OCEAN_ACC:[0.47378305 0.47066507]

Training: learning rate:1.0000000000000005e-09
Train: Epo[087/500] Iter[001/001] IterTime:[125.43s] LOSS: 0.6420 ACC:0.5386 ETA:14h:27m:32s 
Valid: Epoch[087/500] Train Mean_Acc: 53.86% Valid Mean_Acc:47.16% OCEAN_ACC:[0.47353172 0.46976173]

Training: learning rate:1.0000000000000005e-09
Train: Epo[088/500] Iter[001/001] IterTime:[123.84s] LOSS: 0.6748 ACC:0.5226 ETA:14h:14m:29s 
Valid: Epoch[088/500] Train Mean_Acc: 52.26% Valid Mean_Acc:47.16% OCEAN_ACC:[0.47348237 0.46972895]

Training: learning rate:1.0000000000000005e-09
Train: Epo[089/500] Iter[001/001] IterTime:[126.08s] LOSS: 0.6877 ACC:0.5163 ETA:14h:27m:52s 
Valid: Epoch[089/500] Train Mean_Acc: 51.63% Valid Mean_Acc:47.24% OCEAN_ACC:[0.47379753 0.47104314]

Training: learning rate:1.0000000000000005e-09
Train: Epo[090/500] Iter[001/001] IterTime:[124.50s] LOSS: 0.6223 ACC:0.5483 ETA:14h:14m:52s 
Valid: Epoch[090/500] Train Mean_Acc: 54.83% Valid Mean_Acc:47.21% OCEAN_ACC:[0.47363535 0.4705081 ]

Training: learning rate:1.0000000000000005e-09
Train: Epo[091/500] Iter[001/001] IterTime:[124.17s] LOSS: 0.6748 ACC:0.5226 ETA:14h:10m:34s 
Valid: Epoch[091/500] Train Mean_Acc: 52.26% Valid Mean_Acc:47.26% OCEAN_ACC:[0.47375146 0.47153333]

Training: learning rate:1.0000000000000005e-09
Train: Epo[092/500] Iter[001/001] IterTime:[123.45s] LOSS: 0.6686 ACC:0.5257 ETA:14h:3m:32s 
Valid: Epoch[092/500] Train Mean_Acc: 52.57% Valid Mean_Acc:47.26% OCEAN_ACC:[0.47384962 0.47140157]

Training: learning rate:1.0000000000000005e-09
Train: Epo[093/500] Iter[001/001] IterTime:[125.19s] LOSS: 0.6745 ACC:0.5228 ETA:14h:13m:21s 
Valid: Epoch[093/500] Train Mean_Acc: 52.28% Valid Mean_Acc:47.22% OCEAN_ACC:[0.47371268 0.47067967]

Training: learning rate:1.0000000000000005e-09
Train: Epo[094/500] Iter[001/001] IterTime:[123.69s] LOSS: 0.6416 ACC:0.5388 ETA:14h:1m:7s 
Valid: Epoch[094/500] Train Mean_Acc: 53.88% Valid Mean_Acc:47.21% OCEAN_ACC:[0.4736739 0.4704579]

Training: learning rate:1.0000000000000005e-09
Train: Epo[095/500] Iter[001/001] IterTime:[124.08s] LOSS: 0.6950 ACC:0.5126 ETA:14h:1m:40s 
Valid: Epoch[095/500] Train Mean_Acc: 51.26% Valid Mean_Acc:47.23% OCEAN_ACC:[0.4737418  0.47080645]

Training: learning rate:1.0000000000000005e-09
Train: Epo[096/500] Iter[001/001] IterTime:[124.22s] LOSS: 0.6679 ACC:0.5258 ETA:14h:0m:33s 
Valid: Epoch[096/500] Train Mean_Acc: 52.58% Valid Mean_Acc:47.25% OCEAN_ACC:[0.4736817  0.47131583]

Training: learning rate:1.0000000000000005e-09
Train: Epo[097/500] Iter[001/001] IterTime:[123.36s] LOSS: 0.6810 ACC:0.5196 ETA:13h:52m:42s 
Valid: Epoch[097/500] Train Mean_Acc: 51.96% Valid Mean_Acc:47.25% OCEAN_ACC:[0.47366396 0.47124043]

Training: learning rate:1.0000000000000005e-09
Train: Epo[098/500] Iter[001/001] IterTime:[124.46s] LOSS: 0.6684 ACC:0.5256 ETA:13h:58m:2s 
Valid: Epoch[098/500] Train Mean_Acc: 52.56% Valid Mean_Acc:47.29% OCEAN_ACC:[0.4738971  0.47192907]

Training: learning rate:1.0000000000000005e-09
Train: Epo[099/500] Iter[001/001] IterTime:[124.06s] LOSS: 0.6816 ACC:0.5192 ETA:13h:53m:18s 
Valid: Epoch[099/500] Train Mean_Acc: 51.92% Valid Mean_Acc:47.24% OCEAN_ACC:[0.47378972 0.47092867]

Training: learning rate:1.0000000000000005e-09
Train: Epo[100/500] Iter[001/001] IterTime:[126.88s] LOSS: 0.6620 ACC:0.5288 ETA:14h:10m:5s 
Valid: Epoch[100/500] Train Mean_Acc: 52.88% Valid Mean_Acc:47.27% OCEAN_ACC:[0.4736726  0.47164008]

Training: learning rate:1.0000000000000006e-10
Train: Epo[101/500] Iter[001/001] IterTime:[125.33s] LOSS: 0.6554 ACC:0.5320 ETA:13h:57m:39s 
Valid: Epoch[101/500] Train Mean_Acc: 53.20% Valid Mean_Acc:47.28% OCEAN_ACC:[0.47379434 0.4717685 ]

Training: learning rate:1.0000000000000006e-10
Train: Epo[102/500] Iter[001/001] IterTime:[125.55s] LOSS: 0.6816 ACC:0.5193 ETA:13h:56m:58s 
Valid: Epoch[102/500] Train Mean_Acc: 51.93% Valid Mean_Acc:47.23% OCEAN_ACC:[0.47374496 0.47076318]

Training: learning rate:1.0000000000000006e-10
Train: Epo[103/500] Iter[001/001] IterTime:[125.50s] LOSS: 0.6753 ACC:0.5225 ETA:13h:54m:35s 
Valid: Epoch[103/500] Train Mean_Acc: 52.25% Valid Mean_Acc:47.18% OCEAN_ACC:[0.4736061  0.47004744]

Training: learning rate:1.0000000000000006e-10
Train: Epo[104/500] Iter[001/001] IterTime:[125.02s] LOSS: 0.6489 ACC:0.5352 ETA:13h:49m:18s 
Valid: Epoch[104/500] Train Mean_Acc: 53.52% Valid Mean_Acc:47.10% OCEAN_ACC:[0.47338143 0.4686105 ]

Training: learning rate:1.0000000000000006e-10
Train: Epo[105/500] Iter[001/001] IterTime:[124.61s] LOSS: 0.6488 ACC:0.5353 ETA:13h:44m:29s 
Valid: Epoch[105/500] Train Mean_Acc: 53.53% Valid Mean_Acc:47.22% OCEAN_ACC:[0.4737235  0.47073674]

Training: learning rate:1.0000000000000006e-10
Train: Epo[106/500] Iter[001/001] IterTime:[121.89s] LOSS: 0.6616 ACC:0.5291 ETA:13h:24m:28s 
Valid: Epoch[106/500] Train Mean_Acc: 52.91% Valid Mean_Acc:47.24% OCEAN_ACC:[0.47383547 0.47092602]

Training: learning rate:1.0000000000000006e-10
Train: Epo[107/500] Iter[001/001] IterTime:[122.33s] LOSS: 0.6622 ACC:0.5290 ETA:13h:25m:18s 
Valid: Epoch[107/500] Train Mean_Acc: 52.90% Valid Mean_Acc:47.26% OCEAN_ACC:[0.47379354 0.47135952]

Training: learning rate:1.0000000000000006e-10
Train: Epo[108/500] Iter[001/001] IterTime:[125.03s] LOSS: 0.6946 ACC:0.5128 ETA:13h:41m:2s 
Valid: Epoch[108/500] Train Mean_Acc: 51.28% Valid Mean_Acc:47.25% OCEAN_ACC:[0.47380114 0.47124627]

Training: learning rate:1.0000000000000006e-10
Train: Epo[109/500] Iter[001/001] IterTime:[125.05s] LOSS: 0.7013 ACC:0.5095 ETA:13h:39m:5s 
Valid: Epoch[109/500] Train Mean_Acc: 50.95% Valid Mean_Acc:47.23% OCEAN_ACC:[0.47363642 0.47100732]

Training: learning rate:1.0000000000000006e-10
Train: Epo[110/500] Iter[001/001] IterTime:[124.96s] LOSS: 0.6744 ACC:0.5227 ETA:13h:36m:24s 
Valid: Epoch[110/500] Train Mean_Acc: 52.27% Valid Mean_Acc:47.24% OCEAN_ACC:[0.4737873 0.470922 ]

Training: learning rate:1.0000000000000006e-10
Train: Epo[111/500] Iter[001/001] IterTime:[124.08s] LOSS: 0.6491 ACC:0.5354 ETA:13h:28m:33s 
Valid: Epoch[111/500] Train Mean_Acc: 53.54% Valid Mean_Acc:47.30% OCEAN_ACC:[0.47377858 0.4721782 ]

Training: learning rate:1.0000000000000006e-10
Train: Epo[112/500] Iter[001/001] IterTime:[123.68s] LOSS: 0.6551 ACC:0.5322 ETA:13h:23m:55s 
Valid: Epoch[112/500] Train Mean_Acc: 53.22% Valid Mean_Acc:47.21% OCEAN_ACC:[0.4737341  0.47052994]

Training: learning rate:1.0000000000000006e-10
Train: Epo[113/500] Iter[001/001] IterTime:[123.69s] LOSS: 0.6679 ACC:0.5258 ETA:13h:21m:53s 
Valid: Epoch[113/500] Train Mean_Acc: 52.58% Valid Mean_Acc:47.20% OCEAN_ACC:[0.4735984  0.47044277]

Training: learning rate:1.0000000000000006e-10
Train: Epo[114/500] Iter[001/001] IterTime:[126.21s] LOSS: 0.6876 ACC:0.5163 ETA:13h:36m:9s 
Valid: Epoch[114/500] Train Mean_Acc: 51.63% Valid Mean_Acc:47.27% OCEAN_ACC:[0.4738251  0.47162762]

Training: learning rate:1.0000000000000006e-10
Train: Epo[115/500] Iter[001/001] IterTime:[124.49s] LOSS: 0.6614 ACC:0.5292 ETA:13h:22m:59s 
Valid: Epoch[115/500] Train Mean_Acc: 52.92% Valid Mean_Acc:47.19% OCEAN_ACC:[0.4737022  0.47004578]

Training: learning rate:1.0000000000000006e-10
Train: Epo[116/500] Iter[001/001] IterTime:[124.77s] LOSS: 0.6621 ACC:0.5289 ETA:13h:22m:41s 
Valid: Epoch[116/500] Train Mean_Acc: 52.89% Valid Mean_Acc:47.25% OCEAN_ACC:[0.4738644  0.47104335]

Training: learning rate:1.0000000000000006e-10
Train: Epo[117/500] Iter[001/001] IterTime:[124.60s] LOSS: 0.6810 ACC:0.5195 ETA:13h:19m:29s 
Valid: Epoch[117/500] Train Mean_Acc: 51.95% Valid Mean_Acc:47.22% OCEAN_ACC:[0.47382173 0.47053072]

Training: learning rate:1.0000000000000006e-10
Train: Epo[118/500] Iter[001/001] IterTime:[124.19s] LOSS: 0.6880 ACC:0.5162 ETA:13h:14m:47s 
Valid: Epoch[118/500] Train Mean_Acc: 51.62% Valid Mean_Acc:47.17% OCEAN_ACC:[0.47351894 0.46989286]

Training: learning rate:1.0000000000000006e-10
Train: Epo[119/500] Iter[001/001] IterTime:[124.27s] LOSS: 0.6752 ACC:0.5226 ETA:13h:13m:15s 
Valid: Epoch[119/500] Train Mean_Acc: 52.26% Valid Mean_Acc:47.24% OCEAN_ACC:[0.47378623 0.47107482]

Training: learning rate:1.0000000000000006e-10
Train: Epo[120/500] Iter[001/001] IterTime:[123.81s] LOSS: 0.6225 ACC:0.5483 ETA:13h:8m:13s 
Valid: Epoch[120/500] Train Mean_Acc: 54.83% Valid Mean_Acc:47.24% OCEAN_ACC:[0.4738694 0.4708941]

Training: learning rate:1.0000000000000006e-10
Train: Epo[121/500] Iter[001/001] IterTime:[124.45s] LOSS: 0.6752 ACC:0.5224 ETA:13h:10m:13s 
Valid: Epoch[121/500] Train Mean_Acc: 52.24% Valid Mean_Acc:47.24% OCEAN_ACC:[0.47382137 0.47088635]

Training: learning rate:1.0000000000000006e-10
Train: Epo[122/500] Iter[001/001] IterTime:[123.68s] LOSS: 0.6816 ACC:0.5194 ETA:13h:3m:17s 
Valid: Epoch[122/500] Train Mean_Acc: 51.94% Valid Mean_Acc:47.23% OCEAN_ACC:[0.47367027 0.4710091 ]

Training: learning rate:1.0000000000000006e-10
Train: Epo[123/500] Iter[001/001] IterTime:[124.92s] LOSS: 0.6486 ACC:0.5354 ETA:13h:9m:6s 
Valid: Epoch[123/500] Train Mean_Acc: 53.54% Valid Mean_Acc:47.22% OCEAN_ACC:[0.47366962 0.4707929 ]

Training: learning rate:1.0000000000000006e-10
Train: Epo[124/500] Iter[001/001] IterTime:[125.20s] LOSS: 0.6812 ACC:0.5194 ETA:13h:8m:47s 
Valid: Epoch[124/500] Train Mean_Acc: 51.94% Valid Mean_Acc:47.20% OCEAN_ACC:[0.4735671  0.47050333]

Training: learning rate:1.0000000000000006e-10
Train: Epo[125/500] Iter[001/001] IterTime:[123.42s] LOSS: 0.6549 ACC:0.5324 ETA:12h:55m:29s 
Valid: Epoch[125/500] Train Mean_Acc: 53.24% Valid Mean_Acc:47.24% OCEAN_ACC:[0.473837  0.4709774]

Training: learning rate:1.0000000000000006e-10
Train: Epo[126/500] Iter[001/001] IterTime:[125.04s] LOSS: 0.6552 ACC:0.5322 ETA:13h:3m:35s 
Valid: Epoch[126/500] Train Mean_Acc: 53.22% Valid Mean_Acc:47.22% OCEAN_ACC:[0.47375345 0.47063962]

Training: learning rate:1.0000000000000006e-10
Train: Epo[127/500] Iter[001/001] IterTime:[123.36s] LOSS: 0.6360 ACC:0.5415 ETA:12h:51m:0s 
Valid: Epoch[127/500] Train Mean_Acc: 54.15% Valid Mean_Acc:47.21% OCEAN_ACC:[0.4736714 0.4705023]

Training: learning rate:1.0000000000000006e-10
Train: Epo[128/500] Iter[001/001] IterTime:[124.57s] LOSS: 0.6811 ACC:0.5194 ETA:12h:56m:29s 
Valid: Epoch[128/500] Train Mean_Acc: 51.94% Valid Mean_Acc:47.25% OCEAN_ACC:[0.47365713 0.47132692]

Training: learning rate:1.0000000000000006e-10
Train: Epo[129/500] Iter[001/001] IterTime:[124.21s] LOSS: 0.6547 ACC:0.5324 ETA:12h:52m:10s 
Valid: Epoch[129/500] Train Mean_Acc: 53.24% Valid Mean_Acc:47.22% OCEAN_ACC:[0.47377932 0.47067848]

Training: learning rate:1.0000000000000006e-10
Train: Epo[130/500] Iter[001/001] IterTime:[124.43s] LOSS: 0.6616 ACC:0.5291 ETA:12h:51m:26s 
Valid: Epoch[130/500] Train Mean_Acc: 52.91% Valid Mean_Acc:47.22% OCEAN_ACC:[0.47371182 0.47060835]

Training: learning rate:1.0000000000000006e-10
Train: Epo[131/500] Iter[001/001] IterTime:[123.85s] LOSS: 0.6355 ACC:0.5419 ETA:12h:45m:47s 
Valid: Epoch[131/500] Train Mean_Acc: 54.19% Valid Mean_Acc:47.21% OCEAN_ACC:[0.4737028  0.47053587]

Training: learning rate:1.0000000000000006e-10
Train: Epo[132/500] Iter[001/001] IterTime:[124.26s] LOSS: 0.6684 ACC:0.5256 ETA:12h:46m:16s 
Valid: Epoch[132/500] Train Mean_Acc: 52.56% Valid Mean_Acc:47.17% OCEAN_ACC:[0.4736229  0.46978673]

Training: learning rate:1.0000000000000006e-10
Train: Epo[133/500] Iter[001/001] IterTime:[123.80s] LOSS: 0.6619 ACC:0.5289 ETA:12h:41m:22s 
Valid: Epoch[133/500] Train Mean_Acc: 52.89% Valid Mean_Acc:47.17% OCEAN_ACC:[0.4736105 0.4697324]

Training: learning rate:1.0000000000000006e-10
Train: Epo[134/500] Iter[001/001] IterTime:[125.41s] LOSS: 0.6880 ACC:0.5161 ETA:12h:49m:11s 
Valid: Epoch[134/500] Train Mean_Acc: 51.61% Valid Mean_Acc:47.23% OCEAN_ACC:[0.4737701 0.4708099]

Training: learning rate:1.0000000000000006e-10
Train: Epo[135/500] Iter[001/001] IterTime:[122.38s] LOSS: 0.6614 ACC:0.5291 ETA:12h:28m:34s 
Valid: Epoch[135/500] Train Mean_Acc: 52.91% Valid Mean_Acc:47.22% OCEAN_ACC:[0.47362733 0.47081104]

Training: learning rate:1.0000000000000006e-10
Train: Epo[136/500] Iter[001/001] IterTime:[126.26s] LOSS: 0.6685 ACC:0.5257 ETA:12h:50m:12s 
Valid: Epoch[136/500] Train Mean_Acc: 52.57% Valid Mean_Acc:47.22% OCEAN_ACC:[0.47371444 0.4705946 ]

Training: learning rate:1.0000000000000006e-10
Train: Epo[137/500] Iter[001/001] IterTime:[122.36s] LOSS: 0.6880 ACC:0.5160 ETA:12h:24m:20s 
Valid: Epoch[137/500] Train Mean_Acc: 51.60% Valid Mean_Acc:47.18% OCEAN_ACC:[0.4735597  0.47005093]

Training: learning rate:1.0000000000000006e-10
Train: Epo[138/500] Iter[001/001] IterTime:[126.51s] LOSS: 0.6615 ACC:0.5291 ETA:12h:47m:31s 
Valid: Epoch[138/500] Train Mean_Acc: 52.91% Valid Mean_Acc:47.23% OCEAN_ACC:[0.47372997 0.4709141 ]

Training: learning rate:1.0000000000000006e-10
Train: Epo[139/500] Iter[001/001] IterTime:[124.14s] LOSS: 0.6941 ACC:0.5131 ETA:12h:31m:1s 
Valid: Epoch[139/500] Train Mean_Acc: 51.31% Valid Mean_Acc:47.23% OCEAN_ACC:[0.47367766 0.47085205]

Training: learning rate:1.0000000000000006e-10
Train: Epo[140/500] Iter[001/001] IterTime:[123.63s] LOSS: 0.6882 ACC:0.5160 ETA:12h:25m:55s 
Valid: Epoch[140/500] Train Mean_Acc: 51.60% Valid Mean_Acc:47.23% OCEAN_ACC:[0.47380486 0.47079834]

Training: learning rate:1.0000000000000006e-10
Train: Epo[141/500] Iter[001/001] IterTime:[126.10s] LOSS: 0.6683 ACC:0.5258 ETA:12h:38m:42s 
Valid: Epoch[141/500] Train Mean_Acc: 52.58% Valid Mean_Acc:47.23% OCEAN_ACC:[0.47370222 0.47093722]

Training: learning rate:1.0000000000000006e-10
Train: Epo[142/500] Iter[001/001] IterTime:[124.01s] LOSS: 0.6554 ACC:0.5320 ETA:12h:24m:4s 
Valid: Epoch[142/500] Train Mean_Acc: 53.20% Valid Mean_Acc:47.21% OCEAN_ACC:[0.47373942 0.47054788]

Training: learning rate:1.0000000000000006e-10
Train: Epo[143/500] Iter[001/001] IterTime:[123.13s] LOSS: 0.6491 ACC:0.5353 ETA:12h:16m:45s 
Valid: Epoch[143/500] Train Mean_Acc: 53.53% Valid Mean_Acc:47.24% OCEAN_ACC:[0.4736782  0.47115573]

Training: learning rate:1.0000000000000006e-10
Train: Epo[144/500] Iter[001/001] IterTime:[122.68s] LOSS: 0.6684 ACC:0.5256 ETA:12h:11m:58s 
Valid: Epoch[144/500] Train Mean_Acc: 52.56% Valid Mean_Acc:47.31% OCEAN_ACC:[0.4739362  0.47231328]

Training: learning rate:1.0000000000000006e-10
Train: Epo[145/500] Iter[001/001] IterTime:[123.54s] LOSS: 0.6556 ACC:0.5321 ETA:12h:15m:4s 
Valid: Epoch[145/500] Train Mean_Acc: 53.21% Valid Mean_Acc:47.17% OCEAN_ACC:[0.47366068 0.469813  ]

Training: learning rate:1.0000000000000006e-10
Train: Epo[146/500] Iter[001/001] IterTime:[124.11s] LOSS: 0.6489 ACC:0.5352 ETA:12h:16m:22s 
Valid: Epoch[146/500] Train Mean_Acc: 53.52% Valid Mean_Acc:47.20% OCEAN_ACC:[0.4736866  0.47030076]

Training: learning rate:1.0000000000000006e-10
Train: Epo[147/500] Iter[001/001] IterTime:[125.76s] LOSS: 0.6620 ACC:0.5288 ETA:12h:24m:4s 
Valid: Epoch[147/500] Train Mean_Acc: 52.88% Valid Mean_Acc:47.17% OCEAN_ACC:[0.47364697 0.4697272 ]

Training: learning rate:1.0000000000000006e-10
Train: Epo[148/500] Iter[001/001] IterTime:[124.03s] LOSS: 0.6621 ACC:0.5287 ETA:12h:11m:45s 
Valid: Epoch[148/500] Train Mean_Acc: 52.87% Valid Mean_Acc:47.14% OCEAN_ACC:[0.47357547 0.46916112]

Training: learning rate:1.0000000000000006e-10
Train: Epo[149/500] Iter[001/001] IterTime:[126.34s] LOSS: 0.6557 ACC:0.5319 ETA:12h:23m:18s 
Valid: Epoch[149/500] Train Mean_Acc: 53.19% Valid Mean_Acc:47.22% OCEAN_ACC:[0.47376344 0.47059295]

Training: learning rate:1.0000000000000006e-10
Train: Epo[150/500] Iter[001/001] IterTime:[124.19s] LOSS: 0.6679 ACC:0.5260 ETA:12h:8m:34s 
Valid: Epoch[150/500] Train Mean_Acc: 52.60% Valid Mean_Acc:47.24% OCEAN_ACC:[0.47365054 0.47120604]

Training: learning rate:1.0000000000000006e-10
Train: Epo[151/500] Iter[001/001] IterTime:[125.40s] LOSS: 0.6487 ACC:0.5353 ETA:12h:13m:36s 
Valid: Epoch[151/500] Train Mean_Acc: 53.53% Valid Mean_Acc:47.25% OCEAN_ACC:[0.4738673 0.4711353]

Training: learning rate:1.0000000000000006e-10
Train: Epo[152/500] Iter[001/001] IterTime:[126.06s] LOSS: 0.6555 ACC:0.5320 ETA:12h:15m:20s 
Valid: Epoch[152/500] Train Mean_Acc: 53.20% Valid Mean_Acc:47.19% OCEAN_ACC:[0.47350416 0.47033724]

Training: learning rate:1.0000000000000006e-10
slurmstepd: error: *** JOB 13903667 ON cpu-e-1136 CANCELLED AT 2023-02-06T07:24:10 DUE TO TIME LIMIT ***
