rhel8/default-icl(17):ERROR:105: Unable to locate a modulefile for 'intel-oneapi-compilers/2022.1.0/gcc'
rhel8/default-icl(18):ERROR:105: Unable to locate a modulefile for 'intel-oneapi-mpi/2021.6.0/intel'
==================== Activating conda environment ====================
> Python version : /home/zl525/.conda/envs/DeepPersonality/bin/python
==================== Run program ====================
wandb: Currently logged in as: 1009694687 (hyllbd-1009694687). Use `wandb login --relogin` to force relogin
wandb: Tracking run with wandb version 0.13.9
wandb: Run data is saved locally in /home/zl525/code/DeepPersonality/wandb/run-20230206_121213-hpaeej4l
wandb: Run `wandb offline` to turn off syncing.
wandb: Syncing run splendid-galaxy-293
wandb: ⭐️ View project at https://wandb.ai/hyllbd-1009694687/DeepPersonality
wandb: 🚀 View run at https://wandb.ai/hyllbd-1009694687/DeepPersonality/runs/hpaeej4l
{
    "DATA":{
        "ANIMALS_TEST_AUD_DATA":"udiva_full/test/recordings/animals_recordings_test_wav",
        "ANIMALS_TEST_IMG_DATA":"udiva_full/test/recordings/animals_recordings_test_img",
        "ANIMALS_TRAIN_AUD_DATA":"udiva_full/train/recordings/animals_recordings_train_wav",
        "ANIMALS_TRAIN_IMG_DATA":"udiva_full/train/recordings/animals_recordings_train_img",
        "ANIMALS_VAL_AUD_DATA":"udiva_full/val/recordings/animals_recordings_val_wav",
        "ANIMALS_VAL_IMG_DATA":"udiva_full/val/recordings/animals_recordings_val_img",
        "GHOST_TEST_AUD_DATA":"udiva_full/test/recordings/ghost_recordings_test_wav",
        "GHOST_TEST_IMG_DATA":"udiva_full/test/recordings/ghost_recordings_test_img",
        "GHOST_TRAIN_AUD_DATA":"udiva_full/train/recordings/ghost_recordings_train_wav",
        "GHOST_TRAIN_IMG_DATA":"udiva_full/train/recordings/ghost_recordings_train_img",
        "GHOST_VAL_AUD_DATA":"udiva_full/val/recordings/ghost_recordings_val_wav",
        "GHOST_VAL_IMG_DATA":"udiva_full/val/recordings/ghost_recordings_val_img",
        "LEGO_TEST_AUD_DATA":"udiva_full/test/recordings/lego_recordings_test_wav",
        "LEGO_TEST_IMG_DATA":"udiva_full/test/recordings/lego_recordings_test_img",
        "LEGO_TRAIN_AUD_DATA":"udiva_full/train/recordings/lego_recordings_train_wav",
        "LEGO_TRAIN_IMG_DATA":"udiva_full/train/recordings/lego_recordings_train_img",
        "LEGO_VAL_AUD_DATA":"udiva_full/val/recordings/lego_recordings_val_wav",
        "LEGO_VAL_IMG_DATA":"udiva_full/val/recordings/lego_recordings_val_img",
        "ROOT":"datasets",
        "SAMPLE_SIZE":60,
        "SESSION":"TALK",
        "TALK_TEST_AUD_DATA":"udiva_full/test/recordings/talk_recordings_test_wav",
        "TALK_TEST_IMG_DATA":"udiva_full/test/recordings/talk_recordings_test_img",
        "TALK_TRAIN_AUD_DATA":"udiva_full/train/recordings/talk_recordings_train_wav",
        "TALK_TRAIN_IMG_DATA":"udiva_full/train/recordings/talk_recordings_train_img",
        "TALK_VAL_AUD_DATA":"udiva_full/val/recordings/talk_recordings_val_wav",
        "TALK_VAL_IMG_DATA":"udiva_full/val/recordings/talk_recordings_val_img",
        "TEST_AUD_DATA":"raw_voice/testData",
        "TEST_IMG_DATA":"image_data/test_data",
        "TEST_IMG_FACE_DATA":"image_data/test_data_face",
        "TEST_LABEL_DATA":"udiva_full/test/label/sessions_test.pkl",
        "TRAIN_AUD_DATA":"raw_voice/trainingData",
        "TRAIN_IMG_DATA":"image_data/train_data",
        "TRAIN_IMG_FACE_DATA":"image_data/train_data_face",
        "TRAIN_LABEL_DATA":"udiva_full/train/label/sessions_train.pkl",
        "TYPE":"frame",
        "VALID_AUD_DATA":"raw_voice/validationData",
        "VALID_IMG_DATA":"image_data/valid_data",
        "VALID_IMG_FACE_DATA":"image_data/valid_data_face",
        "VALID_LABEL_DATA":"udiva_full/val/label/sessions_val.pkl",
        "VA_DATA":"va_data/cropped_aligned",
        "VA_ROOT":"datasets",
        "VA_TRAIN_LABEL":"va_data/va_label/VA_Set/Train_Set",
        "VA_VALID_LABEL":"va_data/va_label/VA_Set/Validation_Set"
    },
    "DATA_LOADER":{
        "DATASET":"",
        "DATASET_NAME":"UDIVA",
        "DROP_LAST":true,
        "NAME":"bimodal_resnet_lstm_data_loader_udiva",
        "NUM_WORKERS":1,
        "SECOND_STAGE":{
            "METHOD":"",
            "TYPE":""
        },
        "SHUFFLE":true,
        "TRAIN_BATCH_SIZE":72,
        "TRANSFORM":"standard_frame_transform",
        "VALID_BATCH_SIZE":3
    },
    "LOSS":{
        "NAME":"binary_cross_entropy"
    },
    "MODEL":{
        "NAME":"get_img_modal_lstm_model_udiva",
        "NUM_CLASS":5,
        "PRETRAIN":false,
        "RETURN_FEATURE":false,
        "SPECTRUM_CHANNEL":50
    },
    "SOLVER":{
        "BETA_1":0.5,
        "BETA_2":0.999,
        "FACTOR":0.1,
        "LR_INIT":0.01,
        "MILESTONE":[
            5,
            7,
            9,
            11,
            13,
            16,
            18,
            20,
            23,
            25,
            28,
            30,
            35,
            38,
            40,
            42,
            44,
            46,
            48,
            50,
            52,
            54,
            56,
            70,
            100
        ],
        "MOMENTUM":0.9,
        "NAME":"adam",
        "RESET_LR":true,
        "SCHEDULER":"multi_step_scale",
        "WEIGHT_DECAY":0.0005
    },
    "TEST":{
        "COMPUTE_CCC":false,
        "COMPUTE_PCC":false,
        "FULL_TEST":false,
        "SAVE_DATASET_OUTPUT":"",
        "TEST_ONLY":false,
        "WEIGHT":""
    },
    "TRAIN":{
        "BIMODAL_OPTION":1,
        "LOG_INTERVAL":1,
        "MAX_EPOCH":500,
        "OUTPUT_DIR":"results/demo/unified_frame_images/bimodal_resnet_udiva",
        "PRE_TRAINED_MODEL":null,
        "RESUME":"",
        "START_EPOCH":0,
        "TRAINER":"BiModalTrainerUdiva",
        "VALID_INTERVAL":1
    }
}
change learning rate form [0.01] to [0.01]
Training: learning rate:0.01
Using BCELoss
================================== start training... ==================================
Train: Epo[001/500] Iter[001/001] IterTime:[132.29s] LOSS: 0.6998 ACC:0.4968 ETA:18h:24m:35s 
Valid: Epoch[001/500] Train Mean_Acc: 49.68% Valid Mean_Acc:41.96% OCEAN_ACC:[0.41963363 0.41963366]

Training: learning rate:0.01
Train: Epo[002/500] Iter[001/001] IterTime:[197.46s] LOSS: 0.8003 ACC:0.5736 ETA:27h:25m:30s 
Valid: Epoch[002/500] Train Mean_Acc: 57.36% Valid Mean_Acc:55.35% OCEAN_ACC:[0.55354035 0.5535403 ]

Training: learning rate:0.01
Train: Epo[003/500] Iter[001/001] IterTime:[140.10s] LOSS: 0.9697 ACC:0.4339 ETA:19h:25m:12s 
Valid: Epoch[003/500] Train Mean_Acc: 43.39% Valid Mean_Acc:49.22% OCEAN_ACC:[0.49215832 0.49215832]

Training: learning rate:0.01
Train: Epo[004/500] Iter[001/001] IterTime:[129.63s] LOSS: 0.6931 ACC:0.5004 ETA:17h:55m:57s 
Valid: Epoch[004/500] Train Mean_Acc: 50.04% Valid Mean_Acc:46.55% OCEAN_ACC:[0.46548462 0.46548462]

Training: learning rate:0.01
Train: Epo[005/500] Iter[001/001] IterTime:[124.71s] LOSS: 0.6499 ACC:0.5436 ETA:17h:12m:58s 
Valid: Epoch[005/500] Train Mean_Acc: 54.36% Valid Mean_Acc:45.56% OCEAN_ACC:[0.45556113 0.45556116]

Training: learning rate:0.001
Train: Epo[006/500] Iter[001/001] IterTime:[128.78s] LOSS: 0.6950 ACC:0.5397 ETA:17h:44m:32s 
Valid: Epoch[006/500] Train Mean_Acc: 53.97% Valid Mean_Acc:45.61% OCEAN_ACC:[0.45607087 0.4560709 ]

Training: learning rate:0.001
Train: Epo[007/500] Iter[001/001] IterTime:[123.29s] LOSS: 0.6461 ACC:0.5623 ETA:16h:57m:10s 
Valid: Epoch[007/500] Train Mean_Acc: 56.23% Valid Mean_Acc:45.23% OCEAN_ACC:[0.45228514 0.45228508]

Training: learning rate:0.0001
Train: Epo[008/500] Iter[001/001] IterTime:[124.13s] LOSS: 0.6730 ACC:0.5503 ETA:17h:1m:58s 
Valid: Epoch[008/500] Train Mean_Acc: 55.03% Valid Mean_Acc:45.06% OCEAN_ACC:[0.4505879 0.4505879]

Training: learning rate:0.0001
Train: Epo[009/500] Iter[001/001] IterTime:[125.55s] LOSS: 0.6703 ACC:0.5524 ETA:17h:11m:37s 
Valid: Epoch[009/500] Train Mean_Acc: 55.24% Valid Mean_Acc:45.16% OCEAN_ACC:[0.45155856 0.4515585 ]

Training: learning rate:1e-05
Train: Epo[010/500] Iter[001/001] IterTime:[124.46s] LOSS: 0.6711 ACC:0.5524 ETA:17h:0m:33s 
Valid: Epoch[010/500] Train Mean_Acc: 55.24% Valid Mean_Acc:45.14% OCEAN_ACC:[0.45137957 0.45137957]

Training: learning rate:1e-05
Train: Epo[011/500] Iter[001/001] IterTime:[124.48s] LOSS: 0.7048 ACC:0.5360 ETA:16h:58m:38s 
Valid: Epoch[011/500] Train Mean_Acc: 53.60% Valid Mean_Acc:45.26% OCEAN_ACC:[0.4525889  0.45258895]

Training: learning rate:1.0000000000000002e-06
Train: Epo[012/500] Iter[001/001] IterTime:[124.25s] LOSS: 0.6507 ACC:0.5611 ETA:16h:54m:42s 
Valid: Epoch[012/500] Train Mean_Acc: 56.11% Valid Mean_Acc:45.21% OCEAN_ACC:[0.45206466 0.45206472]

Training: learning rate:1.0000000000000002e-06
Train: Epo[013/500] Iter[001/001] IterTime:[126.60s] LOSS: 0.7216 ACC:0.5278 ETA:17h:11m:47s 
Valid: Epoch[013/500] Train Mean_Acc: 52.78% Valid Mean_Acc:45.15% OCEAN_ACC:[0.45152625 0.45152625]

Training: learning rate:1.0000000000000002e-07
Train: Epo[014/500] Iter[001/001] IterTime:[124.02s] LOSS: 0.6490 ACC:0.5627 ETA:16h:48m:41s 
Valid: Epoch[014/500] Train Mean_Acc: 56.27% Valid Mean_Acc:45.22% OCEAN_ACC:[0.45221463 0.4522147 ]

Training: learning rate:1.0000000000000002e-07
Train: Epo[015/500] Iter[001/001] IterTime:[123.50s] LOSS: 0.6958 ACC:0.5403 ETA:16h:42m:23s 
Valid: Epoch[015/500] Train Mean_Acc: 54.03% Valid Mean_Acc:45.16% OCEAN_ACC:[0.4515564 0.4515564]

Training: learning rate:1.0000000000000002e-07
Train: Epo[016/500] Iter[001/001] IterTime:[124.47s] LOSS: 0.6991 ACC:0.5390 ETA:16h:48m:11s 
Valid: Epoch[016/500] Train Mean_Acc: 53.90% Valid Mean_Acc:45.18% OCEAN_ACC:[0.45180035 0.45180035]

Training: learning rate:1.0000000000000004e-08
Train: Epo[017/500] Iter[001/001] IterTime:[124.15s] LOSS: 0.6499 ACC:0.5619 ETA:16h:43m:33s 
Valid: Epoch[017/500] Train Mean_Acc: 56.19% Valid Mean_Acc:45.21% OCEAN_ACC:[0.45207334 0.45207334]

Training: learning rate:1.0000000000000004e-08
Train: Epo[018/500] Iter[001/001] IterTime:[122.86s] LOSS: 0.6881 ACC:0.5436 ETA:16h:31m:2s 
Valid: Epoch[018/500] Train Mean_Acc: 54.36% Valid Mean_Acc:45.23% OCEAN_ACC:[0.4523048 0.4523048]

Training: learning rate:1.0000000000000005e-09
Train: Epo[019/500] Iter[001/001] IterTime:[124.44s] LOSS: 0.6765 ACC:0.5492 ETA:16h:41m:43s 
Valid: Epoch[019/500] Train Mean_Acc: 54.92% Valid Mean_Acc:45.06% OCEAN_ACC:[0.4506011 0.4506011]

Training: learning rate:1.0000000000000005e-09
Train: Epo[020/500] Iter[001/001] IterTime:[122.83s] LOSS: 0.7012 ACC:0.5382 ETA:16h:26m:45s 
Valid: Epoch[020/500] Train Mean_Acc: 53.82% Valid Mean_Acc:45.21% OCEAN_ACC:[0.45213184 0.45213184]

Training: learning rate:1.0000000000000006e-10
Train: Epo[021/500] Iter[001/001] IterTime:[122.22s] LOSS: 0.6289 ACC:0.5718 ETA:16h:19m:46s 
Valid: Epoch[021/500] Train Mean_Acc: 57.18% Valid Mean_Acc:45.09% OCEAN_ACC:[0.45088696 0.450887  ]

Training: learning rate:1.0000000000000006e-10
Train: Epo[022/500] Iter[001/001] IterTime:[122.01s] LOSS: 0.6616 ACC:0.5566 ETA:16h:16m:5s 
Valid: Epoch[022/500] Train Mean_Acc: 55.66% Valid Mean_Acc:45.17% OCEAN_ACC:[0.4516609 0.4516609]

Training: learning rate:1.0000000000000006e-10
Train: Epo[023/500] Iter[001/001] IterTime:[123.43s] LOSS: 0.6993 ACC:0.5385 ETA:16h:25m:24s 
Valid: Epoch[023/500] Train Mean_Acc: 53.85% Valid Mean_Acc:45.16% OCEAN_ACC:[0.45156226 0.45156226]

Training: learning rate:1.0000000000000006e-11
Train: Epo[024/500] Iter[001/001] IterTime:[124.99s] LOSS: 0.7158 ACC:0.5307 ETA:16h:35m:45s 
Valid: Epoch[024/500] Train Mean_Acc: 53.07% Valid Mean_Acc:45.19% OCEAN_ACC:[0.45193195 0.45193198]

Training: learning rate:1.0000000000000006e-11
Train: Epo[025/500] Iter[001/001] IterTime:[124.47s] LOSS: 0.7359 ACC:0.5218 ETA:16h:29m:34s 
Valid: Epoch[025/500] Train Mean_Acc: 52.18% Valid Mean_Acc:45.06% OCEAN_ACC:[0.45059428 0.4505943 ]

Training: learning rate:1.0000000000000006e-12
Train: Epo[026/500] Iter[001/001] IterTime:[123.76s] LOSS: 0.6598 ACC:0.5569 ETA:16h:21m:48s 
Valid: Epoch[026/500] Train Mean_Acc: 55.69% Valid Mean_Acc:45.18% OCEAN_ACC:[0.45176545 0.45176545]

Training: learning rate:1.0000000000000006e-12
Train: Epo[027/500] Iter[001/001] IterTime:[122.56s] LOSS: 0.7115 ACC:0.5334 ETA:16h:10m:14s 
Valid: Epoch[027/500] Train Mean_Acc: 53.34% Valid Mean_Acc:45.14% OCEAN_ACC:[0.4513762  0.45137623]

Training: learning rate:1.0000000000000006e-12
Train: Epo[028/500] Iter[001/001] IterTime:[124.21s] LOSS: 0.6735 ACC:0.5518 ETA:16h:21m:14s 
Valid: Epoch[028/500] Train Mean_Acc: 55.18% Valid Mean_Acc:45.19% OCEAN_ACC:[0.451869 0.451869]

Training: learning rate:1.0000000000000007e-13
Train: Epo[029/500] Iter[001/001] IterTime:[123.07s] LOSS: 0.7093 ACC:0.5333 ETA:16h:10m:11s 
Valid: Epoch[029/500] Train Mean_Acc: 53.33% Valid Mean_Acc:45.26% OCEAN_ACC:[0.45262325 0.45262325]

Training: learning rate:1.0000000000000007e-13
Train: Epo[030/500] Iter[001/001] IterTime:[124.68s] LOSS: 0.6942 ACC:0.5412 ETA:16h:20m:51s 
Valid: Epoch[030/500] Train Mean_Acc: 54.12% Valid Mean_Acc:45.12% OCEAN_ACC:[0.45121917 0.45121917]

Training: learning rate:1.0000000000000008e-14
Train: Epo[031/500] Iter[001/001] IterTime:[122.15s] LOSS: 0.7146 ACC:0.5322 ETA:15h:58m:52s 
Valid: Epoch[031/500] Train Mean_Acc: 53.22% Valid Mean_Acc:45.25% OCEAN_ACC:[0.45248768 0.45248762]

Training: learning rate:1.0000000000000008e-14
Train: Epo[032/500] Iter[001/001] IterTime:[123.85s] LOSS: 0.6599 ACC:0.5573 ETA:16h:10m:7s 
Valid: Epoch[032/500] Train Mean_Acc: 55.73% Valid Mean_Acc:45.20% OCEAN_ACC:[0.45198154 0.45198154]

Training: learning rate:1.0000000000000008e-14
Train: Epo[033/500] Iter[001/001] IterTime:[126.43s] LOSS: 0.6612 ACC:0.5568 ETA:16h:28m:14s 
Valid: Epoch[033/500] Train Mean_Acc: 55.68% Valid Mean_Acc:45.25% OCEAN_ACC:[0.45246947 0.45246944]

Training: learning rate:1.0000000000000008e-14
Train: Epo[034/500] Iter[001/001] IterTime:[123.27s] LOSS: 0.6747 ACC:0.5503 ETA:16h:1m:29s 
Valid: Epoch[034/500] Train Mean_Acc: 55.03% Valid Mean_Acc:45.12% OCEAN_ACC:[0.45124972 0.45124972]

Training: learning rate:1.0000000000000008e-14
Train: Epo[035/500] Iter[001/001] IterTime:[124.42s] LOSS: 0.7164 ACC:0.5300 ETA:16h:8m:25s 
Valid: Epoch[035/500] Train Mean_Acc: 53.00% Valid Mean_Acc:45.08% OCEAN_ACC:[0.4508256 0.4508257]

Training: learning rate:1.0000000000000009e-15
Train: Epo[036/500] Iter[001/001] IterTime:[123.64s] LOSS: 0.6876 ACC:0.5438 ETA:16h:0m:16s 
Valid: Epoch[036/500] Train Mean_Acc: 54.38% Valid Mean_Acc:45.19% OCEAN_ACC:[0.45192412 0.4519241 ]

Training: learning rate:1.0000000000000009e-15
Train: Epo[037/500] Iter[001/001] IterTime:[124.20s] LOSS: 0.6558 ACC:0.5582 ETA:16h:2m:32s 
Valid: Epoch[037/500] Train Mean_Acc: 55.82% Valid Mean_Acc:45.17% OCEAN_ACC:[0.4517112 0.4517112]

Training: learning rate:1.0000000000000009e-15
Train: Epo[038/500] Iter[001/001] IterTime:[123.62s] LOSS: 0.7218 ACC:0.5280 ETA:15h:55m:59s 
Valid: Epoch[038/500] Train Mean_Acc: 52.80% Valid Mean_Acc:45.18% OCEAN_ACC:[0.45179987 0.45179987]

Training: learning rate:1.000000000000001e-16
Train: Epo[039/500] Iter[001/001] IterTime:[124.38s] LOSS: 0.6308 ACC:0.5718 ETA:15h:59m:47s 
Valid: Epoch[039/500] Train Mean_Acc: 57.18% Valid Mean_Acc:45.09% OCEAN_ACC:[0.45089474 0.45089474]

Training: learning rate:1.000000000000001e-16
Train: Epo[040/500] Iter[001/001] IterTime:[122.11s] LOSS: 0.6707 ACC:0.5540 ETA:15h:40m:16s 
Valid: Epoch[040/500] Train Mean_Acc: 55.40% Valid Mean_Acc:45.16% OCEAN_ACC:[0.45157424 0.45157424]

Training: learning rate:1.000000000000001e-17
Train: Epo[041/500] Iter[001/001] IterTime:[123.92s] LOSS: 0.7117 ACC:0.5330 ETA:15h:52m:7s 
Valid: Epoch[041/500] Train Mean_Acc: 53.30% Valid Mean_Acc:45.19% OCEAN_ACC:[0.4519386  0.45193863]

Training: learning rate:1.000000000000001e-17
Train: Epo[042/500] Iter[001/001] IterTime:[123.61s] LOSS: 0.6812 ACC:0.5472 ETA:15h:47m:38s 
Valid: Epoch[042/500] Train Mean_Acc: 54.72% Valid Mean_Acc:45.05% OCEAN_ACC:[0.45051083 0.45051083]

Training: learning rate:1.000000000000001e-18
Train: Epo[043/500] Iter[001/001] IterTime:[124.88s] LOSS: 0.6228 ACC:0.5739 ETA:15h:55m:18s 
Valid: Epoch[043/500] Train Mean_Acc: 57.39% Valid Mean_Acc:45.22% OCEAN_ACC:[0.45217684 0.45217693]

Training: learning rate:1.000000000000001e-18
Train: Epo[044/500] Iter[001/001] IterTime:[123.35s] LOSS: 0.6866 ACC:0.5457 ETA:15h:41m:33s 
Valid: Epoch[044/500] Train Mean_Acc: 54.57% Valid Mean_Acc:45.05% OCEAN_ACC:[0.4505235 0.4505235]

Training: learning rate:1.000000000000001e-19
Train: Epo[045/500] Iter[001/001] IterTime:[122.39s] LOSS: 0.6763 ACC:0.5503 ETA:15h:32m:12s 
Valid: Epoch[045/500] Train Mean_Acc: 55.03% Valid Mean_Acc:45.14% OCEAN_ACC:[0.4513544  0.45135438]

Training: learning rate:1.000000000000001e-19
Train: Epo[046/500] Iter[001/001] IterTime:[123.87s] LOSS: 0.6530 ACC:0.5601 ETA:15h:41m:22s 
Valid: Epoch[046/500] Train Mean_Acc: 56.01% Valid Mean_Acc:45.27% OCEAN_ACC:[0.45274124 0.45274127]

Training: learning rate:1.0000000000000011e-20
Train: Epo[047/500] Iter[001/001] IterTime:[123.43s] LOSS: 0.6399 ACC:0.5666 ETA:15h:36m:0s 
Valid: Epoch[047/500] Train Mean_Acc: 56.66% Valid Mean_Acc:45.13% OCEAN_ACC:[0.4512826 0.4512826]

Training: learning rate:1.0000000000000011e-20
Train: Epo[048/500] Iter[001/001] IterTime:[124.80s] LOSS: 0.6864 ACC:0.5455 ETA:15h:44m:21s 
Valid: Epoch[048/500] Train Mean_Acc: 54.55% Valid Mean_Acc:45.11% OCEAN_ACC:[0.4510649  0.45106494]

Training: learning rate:1.0000000000000012e-21
Train: Epo[049/500] Iter[001/001] IterTime:[124.59s] LOSS: 0.6869 ACC:0.5451 ETA:15h:40m:38s 
Valid: Epoch[049/500] Train Mean_Acc: 54.51% Valid Mean_Acc:45.08% OCEAN_ACC:[0.45075345 0.45075348]

Training: learning rate:1.0000000000000012e-21
Train: Epo[050/500] Iter[001/001] IterTime:[122.13s] LOSS: 0.7490 ACC:0.5155 ETA:15h:20m:4s 
Valid: Epoch[050/500] Train Mean_Acc: 51.55% Valid Mean_Acc:45.11% OCEAN_ACC:[0.45111778 0.45111784]

Training: learning rate:1.0000000000000012e-22
Train: Epo[051/500] Iter[001/001] IterTime:[125.28s] LOSS: 0.6533 ACC:0.5597 ETA:15h:41m:41s 
Valid: Epoch[051/500] Train Mean_Acc: 55.97% Valid Mean_Acc:45.25% OCEAN_ACC:[0.452544   0.45254397]

Training: learning rate:1.0000000000000012e-22
Train: Epo[052/500] Iter[001/001] IterTime:[121.45s] LOSS: 0.6506 ACC:0.5615 ETA:15h:10m:52s 
Valid: Epoch[052/500] Train Mean_Acc: 56.15% Valid Mean_Acc:45.20% OCEAN_ACC:[0.4520268 0.4520268]

Training: learning rate:1.0000000000000013e-23
Train: Epo[053/500] Iter[001/001] IterTime:[123.26s] LOSS: 0.6600 ACC:0.5577 ETA:15h:22m:25s 
Valid: Epoch[053/500] Train Mean_Acc: 55.77% Valid Mean_Acc:45.13% OCEAN_ACC:[0.45129335 0.45129338]

Training: learning rate:1.0000000000000013e-23
Train: Epo[054/500] Iter[001/001] IterTime:[124.11s] LOSS: 0.6443 ACC:0.5650 ETA:15h:26m:39s 
Valid: Epoch[054/500] Train Mean_Acc: 56.50% Valid Mean_Acc:45.19% OCEAN_ACC:[0.4519162 0.4519162]

Training: learning rate:1.0000000000000014e-24
Train: Epo[055/500] Iter[001/001] IterTime:[128.30s] LOSS: 0.7218 ACC:0.5285 ETA:15h:55m:49s 
Valid: Epoch[055/500] Train Mean_Acc: 52.85% Valid Mean_Acc:45.19% OCEAN_ACC:[0.45194516 0.45194516]

Training: learning rate:1.0000000000000014e-24
Train: Epo[056/500] Iter[001/001] IterTime:[125.94s] LOSS: 0.6989 ACC:0.5385 ETA:15h:36m:10s 
Valid: Epoch[056/500] Train Mean_Acc: 53.85% Valid Mean_Acc:45.19% OCEAN_ACC:[0.4519496  0.45194963]

Training: learning rate:1.0000000000000014e-25
Train: Epo[057/500] Iter[001/001] IterTime:[124.42s] LOSS: 0.6505 ACC:0.5622 ETA:15h:22m:45s 
Valid: Epoch[057/500] Train Mean_Acc: 56.22% Valid Mean_Acc:45.24% OCEAN_ACC:[0.45242357 0.45242348]

Training: learning rate:1.0000000000000014e-25
Train: Epo[058/500] Iter[001/001] IterTime:[125.16s] LOSS: 0.6420 ACC:0.5655 ETA:15h:26m:9s 
Valid: Epoch[058/500] Train Mean_Acc: 56.55% Valid Mean_Acc:45.20% OCEAN_ACC:[0.4519932 0.4519932]

Training: learning rate:1.0000000000000014e-25
Train: Epo[059/500] Iter[001/001] IterTime:[124.53s] LOSS: 0.6756 ACC:0.5502 ETA:15h:19m:28s 
Valid: Epoch[059/500] Train Mean_Acc: 55.02% Valid Mean_Acc:45.13% OCEAN_ACC:[0.4513385 0.4513385]

Training: learning rate:1.0000000000000014e-25
Train: Epo[060/500] Iter[001/001] IterTime:[123.31s] LOSS: 0.7298 ACC:0.5234 ETA:15h:8m:21s 
Valid: Epoch[060/500] Train Mean_Acc: 52.34% Valid Mean_Acc:45.21% OCEAN_ACC:[0.45206758 0.45206758]

Training: learning rate:1.0000000000000014e-25
Train: Epo[061/500] Iter[001/001] IterTime:[126.43s] LOSS: 0.6976 ACC:0.5404 ETA:15h:29m:16s 
Valid: Epoch[061/500] Train Mean_Acc: 54.04% Valid Mean_Acc:45.13% OCEAN_ACC:[0.4513212 0.4513212]

Training: learning rate:1.0000000000000014e-25
Train: Epo[062/500] Iter[001/001] IterTime:[124.70s] LOSS: 0.6148 ACC:0.5795 ETA:15h:14m:28s 
Valid: Epoch[062/500] Train Mean_Acc: 57.95% Valid Mean_Acc:45.31% OCEAN_ACC:[0.45305324 0.45305324]

Training: learning rate:1.0000000000000014e-25
Train: Epo[063/500] Iter[001/001] IterTime:[123.31s] LOSS: 0.6863 ACC:0.5437 ETA:15h:2m:13s 
Valid: Epoch[063/500] Train Mean_Acc: 54.37% Valid Mean_Acc:45.19% OCEAN_ACC:[0.45190766 0.45190772]

Training: learning rate:1.0000000000000014e-25
Train: Epo[064/500] Iter[001/001] IterTime:[123.61s] LOSS: 0.6707 ACC:0.5510 ETA:15h:2m:22s 
Valid: Epoch[064/500] Train Mean_Acc: 55.10% Valid Mean_Acc:45.17% OCEAN_ACC:[0.45174086 0.45174086]

Training: learning rate:1.0000000000000014e-25
Train: Epo[065/500] Iter[001/001] IterTime:[127.78s] LOSS: 0.6246 ACC:0.5740 ETA:15h:30m:40s 
Valid: Epoch[065/500] Train Mean_Acc: 57.40% Valid Mean_Acc:45.37% OCEAN_ACC:[0.45374182 0.45374182]

Training: learning rate:1.0000000000000014e-25
Train: Epo[066/500] Iter[001/001] IterTime:[122.13s] LOSS: 0.6645 ACC:0.5562 ETA:14h:47m:29s 
Valid: Epoch[066/500] Train Mean_Acc: 55.62% Valid Mean_Acc:45.10% OCEAN_ACC:[0.45095053 0.4509506 ]

Training: learning rate:1.0000000000000014e-25
Train: Epo[067/500] Iter[001/001] IterTime:[126.01s] LOSS: 0.6441 ACC:0.5648 ETA:15h:13m:34s 
Valid: Epoch[067/500] Train Mean_Acc: 56.48% Valid Mean_Acc:45.24% OCEAN_ACC:[0.45237604 0.45237604]

Training: learning rate:1.0000000000000014e-25
Train: Epo[068/500] Iter[001/001] IterTime:[124.62s] LOSS: 0.6307 ACC:0.5707 ETA:15h:1m:25s 
Valid: Epoch[068/500] Train Mean_Acc: 57.07% Valid Mean_Acc:45.25% OCEAN_ACC:[0.45252672 0.45252678]

Training: learning rate:1.0000000000000014e-25
Train: Epo[069/500] Iter[001/001] IterTime:[124.90s] LOSS: 0.6780 ACC:0.5492 ETA:15h:1m:23s 
Valid: Epoch[069/500] Train Mean_Acc: 54.92% Valid Mean_Acc:45.05% OCEAN_ACC:[0.45045307 0.45045313]

Training: learning rate:1.0000000000000014e-25
Train: Epo[070/500] Iter[001/001] IterTime:[124.35s] LOSS: 0.7330 ACC:0.5238 ETA:14h:55m:18s 
Valid: Epoch[070/500] Train Mean_Acc: 52.38% Valid Mean_Acc:45.09% OCEAN_ACC:[0.45093027 0.4509302 ]

Training: learning rate:1.0000000000000015e-26
Train: Epo[071/500] Iter[001/001] IterTime:[123.84s] LOSS: 0.6764 ACC:0.5504 ETA:14h:49m:36s 
Valid: Epoch[071/500] Train Mean_Acc: 55.04% Valid Mean_Acc:45.33% OCEAN_ACC:[0.45329788 0.45329797]

Training: learning rate:1.0000000000000015e-26
Train: Epo[072/500] Iter[001/001] IterTime:[124.22s] LOSS: 0.6755 ACC:0.5501 ETA:14h:50m:12s 
Valid: Epoch[072/500] Train Mean_Acc: 55.01% Valid Mean_Acc:45.16% OCEAN_ACC:[0.4515873  0.45158723]

Training: learning rate:1.0000000000000015e-26
Train: Epo[073/500] Iter[001/001] IterTime:[123.55s] LOSS: 0.6607 ACC:0.5556 ETA:14h:43m:23s 
Valid: Epoch[073/500] Train Mean_Acc: 55.56% Valid Mean_Acc:45.14% OCEAN_ACC:[0.45144668 0.45144668]

Training: learning rate:1.0000000000000015e-26
Train: Epo[074/500] Iter[001/001] IterTime:[126.04s] LOSS: 0.6536 ACC:0.5601 ETA:14h:59m:5s 
Valid: Epoch[074/500] Train Mean_Acc: 56.01% Valid Mean_Acc:45.25% OCEAN_ACC:[0.4525411 0.4525411]

Training: learning rate:1.0000000000000015e-26
Train: Epo[075/500] Iter[001/001] IterTime:[127.20s] LOSS: 0.6279 ACC:0.5712 ETA:15h:5m:13s 
Valid: Epoch[075/500] Train Mean_Acc: 57.12% Valid Mean_Acc:45.17% OCEAN_ACC:[0.45170954 0.45170954]

Training: learning rate:1.0000000000000015e-26
Train: Epo[076/500] Iter[001/001] IterTime:[126.14s] LOSS: 0.6384 ACC:0.5677 ETA:14h:55m:35s 
Valid: Epoch[076/500] Train Mean_Acc: 56.77% Valid Mean_Acc:45.12% OCEAN_ACC:[0.45121968 0.4512197 ]

Training: learning rate:1.0000000000000015e-26
Train: Epo[077/500] Iter[001/001] IterTime:[123.79s] LOSS: 0.6773 ACC:0.5492 ETA:14h:36m:51s 
Valid: Epoch[077/500] Train Mean_Acc: 54.92% Valid Mean_Acc:45.20% OCEAN_ACC:[0.45195413 0.45195413]

Training: learning rate:1.0000000000000015e-26
Train: Epo[078/500] Iter[001/001] IterTime:[126.12s] LOSS: 0.7093 ACC:0.5344 ETA:14h:51m:13s 
Valid: Epoch[078/500] Train Mean_Acc: 53.44% Valid Mean_Acc:45.20% OCEAN_ACC:[0.4519509  0.45195088]

Training: learning rate:1.0000000000000015e-26
Train: Epo[079/500] Iter[001/001] IterTime:[123.25s] LOSS: 0.6969 ACC:0.5398 ETA:14h:28m:54s 
Valid: Epoch[079/500] Train Mean_Acc: 53.98% Valid Mean_Acc:45.15% OCEAN_ACC:[0.45145276 0.45145276]

Training: learning rate:1.0000000000000015e-26
Train: Epo[080/500] Iter[001/001] IterTime:[124.49s] LOSS: 0.7050 ACC:0.5351 ETA:14h:35m:33s 
Valid: Epoch[080/500] Train Mean_Acc: 53.51% Valid Mean_Acc:45.16% OCEAN_ACC:[0.451618 0.451618]

Training: learning rate:1.0000000000000015e-26
Train: Epo[081/500] Iter[001/001] IterTime:[127.76s] LOSS: 0.7413 ACC:0.5200 ETA:14h:56m:25s 
Valid: Epoch[081/500] Train Mean_Acc: 52.00% Valid Mean_Acc:45.08% OCEAN_ACC:[0.45076725 0.45076728]

Training: learning rate:1.0000000000000015e-26
Train: Epo[082/500] Iter[001/001] IterTime:[123.40s] LOSS: 0.7216 ACC:0.5284 ETA:14h:23m:48s 
Valid: Epoch[082/500] Train Mean_Acc: 52.84% Valid Mean_Acc:45.15% OCEAN_ACC:[0.45151725 0.4515173 ]

Training: learning rate:1.0000000000000015e-26
Train: Epo[083/500] Iter[001/001] IterTime:[125.40s] LOSS: 0.7025 ACC:0.5380 ETA:14h:35m:43s 
Valid: Epoch[083/500] Train Mean_Acc: 53.80% Valid Mean_Acc:45.11% OCEAN_ACC:[0.45111224 0.45111224]

Training: learning rate:1.0000000000000015e-26
Train: Epo[084/500] Iter[001/001] IterTime:[127.95s] LOSS: 0.6684 ACC:0.5539 ETA:14h:51m:22s 
Valid: Epoch[084/500] Train Mean_Acc: 55.39% Valid Mean_Acc:45.14% OCEAN_ACC:[0.45135376 0.45135376]

Training: learning rate:1.0000000000000015e-26
Train: Epo[085/500] Iter[001/001] IterTime:[131.29s] LOSS: 0.6652 ACC:0.5548 ETA:15h:12m:26s 
Valid: Epoch[085/500] Train Mean_Acc: 55.48% Valid Mean_Acc:45.19% OCEAN_ACC:[0.45190194 0.45190194]

Training: learning rate:1.0000000000000015e-26
Train: Epo[086/500] Iter[001/001] IterTime:[123.31s] LOSS: 0.7075 ACC:0.5341 ETA:14h:14m:59s 
Valid: Epoch[086/500] Train Mean_Acc: 53.41% Valid Mean_Acc:45.22% OCEAN_ACC:[0.45224276 0.45224282]

Training: learning rate:1.0000000000000015e-26
Train: Epo[087/500] Iter[001/001] IterTime:[124.56s] LOSS: 0.7391 ACC:0.5203 ETA:14h:21m:33s 
Valid: Epoch[087/500] Train Mean_Acc: 52.03% Valid Mean_Acc:45.05% OCEAN_ACC:[0.4505466  0.45054662]

Training: learning rate:1.0000000000000015e-26
Train: Epo[088/500] Iter[001/001] IterTime:[124.78s] LOSS: 0.7036 ACC:0.5370 ETA:14h:20m:57s 
Valid: Epoch[088/500] Train Mean_Acc: 53.70% Valid Mean_Acc:45.15% OCEAN_ACC:[0.45148572 0.45148566]

Training: learning rate:1.0000000000000015e-26
Train: Epo[089/500] Iter[001/001] IterTime:[125.51s] LOSS: 0.6825 ACC:0.5468 ETA:14h:23m:54s 
Valid: Epoch[089/500] Train Mean_Acc: 54.68% Valid Mean_Acc:45.32% OCEAN_ACC:[0.45318127 0.45318127]

Training: learning rate:1.0000000000000015e-26
Train: Epo[090/500] Iter[001/001] IterTime:[125.70s] LOSS: 0.7303 ACC:0.5240 ETA:14h:23m:8s 
Valid: Epoch[090/500] Train Mean_Acc: 52.40% Valid Mean_Acc:45.25% OCEAN_ACC:[0.45250642 0.45250642]

Training: learning rate:1.0000000000000015e-26
Train: Epo[091/500] Iter[001/001] IterTime:[124.84s] LOSS: 0.7230 ACC:0.5278 ETA:14h:15m:7s 
Valid: Epoch[091/500] Train Mean_Acc: 52.78% Valid Mean_Acc:45.19% OCEAN_ACC:[0.45190385 0.45190385]

Training: learning rate:1.0000000000000015e-26
Train: Epo[092/500] Iter[001/001] IterTime:[126.94s] LOSS: 0.7300 ACC:0.5237 ETA:14h:27m:25s 
Valid: Epoch[092/500] Train Mean_Acc: 52.37% Valid Mean_Acc:45.25% OCEAN_ACC:[0.45253968 0.45253968]

Training: learning rate:1.0000000000000015e-26
Train: Epo[093/500] Iter[001/001] IterTime:[124.62s] LOSS: 0.6742 ACC:0.5503 ETA:14h:9m:31s 
Valid: Epoch[093/500] Train Mean_Acc: 55.03% Valid Mean_Acc:45.25% OCEAN_ACC:[0.45252526 0.45252526]

Training: learning rate:1.0000000000000015e-26
Train: Epo[094/500] Iter[001/001] IterTime:[124.98s] LOSS: 0.6837 ACC:0.5485 ETA:14h:9m:53s 
Valid: Epoch[094/500] Train Mean_Acc: 54.85% Valid Mean_Acc:45.15% OCEAN_ACC:[0.45147178 0.45147172]

Training: learning rate:1.0000000000000015e-26
Train: Epo[095/500] Iter[001/001] IterTime:[125.81s] LOSS: 0.6606 ACC:0.5572 ETA:14h:13m:23s 
Valid: Epoch[095/500] Train Mean_Acc: 55.72% Valid Mean_Acc:45.14% OCEAN_ACC:[0.4514238 0.4514238]

Training: learning rate:1.0000000000000015e-26
Train: Epo[096/500] Iter[001/001] IterTime:[123.62s] LOSS: 0.7022 ACC:0.5370 ETA:13h:56m:27s 
Valid: Epoch[096/500] Train Mean_Acc: 53.70% Valid Mean_Acc:45.12% OCEAN_ACC:[0.4512203 0.4512203]

Training: learning rate:1.0000000000000015e-26
Train: Epo[097/500] Iter[001/001] IterTime:[124.80s] LOSS: 0.6240 ACC:0.5747 ETA:14h:2m:22s 
Valid: Epoch[097/500] Train Mean_Acc: 57.47% Valid Mean_Acc:45.20% OCEAN_ACC:[0.45201007 0.45201004]

Training: learning rate:1.0000000000000015e-26
Train: Epo[098/500] Iter[001/001] IterTime:[125.36s] LOSS: 0.6803 ACC:0.5471 ETA:14h:4m:5s 
Valid: Epoch[098/500] Train Mean_Acc: 54.71% Valid Mean_Acc:45.25% OCEAN_ACC:[0.4524791 0.4524791]

Training: learning rate:1.0000000000000015e-26
Train: Epo[099/500] Iter[001/001] IterTime:[123.49s] LOSS: 0.6782 ACC:0.5477 ETA:13h:49m:27s 
Valid: Epoch[099/500] Train Mean_Acc: 54.77% Valid Mean_Acc:45.11% OCEAN_ACC:[0.4511424 0.4511424]

Training: learning rate:1.0000000000000015e-26
Train: Epo[100/500] Iter[001/001] IterTime:[125.34s] LOSS: 0.7397 ACC:0.5183 ETA:13h:59m:45s 
Valid: Epoch[100/500] Train Mean_Acc: 51.83% Valid Mean_Acc:45.15% OCEAN_ACC:[0.45151398 0.45151398]

Training: learning rate:1.0000000000000015e-27
Train: Epo[101/500] Iter[001/001] IterTime:[125.50s] LOSS: 0.6921 ACC:0.5425 ETA:13h:58m:47s 
Valid: Epoch[101/500] Train Mean_Acc: 54.25% Valid Mean_Acc:45.17% OCEAN_ACC:[0.45165446 0.45165455]

Training: learning rate:1.0000000000000015e-27
Train: Epo[102/500] Iter[001/001] IterTime:[123.67s] LOSS: 0.7105 ACC:0.5332 ETA:13h:44m:26s 
Valid: Epoch[102/500] Train Mean_Acc: 53.32% Valid Mean_Acc:45.05% OCEAN_ACC:[0.45053568 0.45053568]

Training: learning rate:1.0000000000000015e-27
Train: Epo[103/500] Iter[001/001] IterTime:[123.73s] LOSS: 0.7014 ACC:0.5380 ETA:13h:42m:49s 
Valid: Epoch[103/500] Train Mean_Acc: 53.80% Valid Mean_Acc:45.19% OCEAN_ACC:[0.45190465 0.45190465]

Training: learning rate:1.0000000000000015e-27
Train: Epo[104/500] Iter[001/001] IterTime:[122.65s] LOSS: 0.6898 ACC:0.5444 ETA:13h:33m:35s 
Valid: Epoch[104/500] Train Mean_Acc: 54.44% Valid Mean_Acc:45.17% OCEAN_ACC:[0.4516507  0.45165074]

Training: learning rate:1.0000000000000015e-27
Train: Epo[105/500] Iter[001/001] IterTime:[124.60s] LOSS: 0.7245 ACC:0.5275 ETA:13h:44m:27s 
Valid: Epoch[105/500] Train Mean_Acc: 52.75% Valid Mean_Acc:45.16% OCEAN_ACC:[0.45161855 0.45161855]

Training: learning rate:1.0000000000000015e-27
Train: Epo[106/500] Iter[001/001] IterTime:[124.84s] LOSS: 0.7347 ACC:0.5225 ETA:13h:43m:56s 
Valid: Epoch[106/500] Train Mean_Acc: 52.25% Valid Mean_Acc:45.15% OCEAN_ACC:[0.45151246 0.4515125 ]

Training: learning rate:1.0000000000000015e-27
Train: Epo[107/500] Iter[001/001] IterTime:[127.07s] LOSS: 0.6885 ACC:0.5435 ETA:13h:56m:32s 
Valid: Epoch[107/500] Train Mean_Acc: 54.35% Valid Mean_Acc:45.20% OCEAN_ACC:[0.45201334 0.45201337]

Training: learning rate:1.0000000000000015e-27
Train: Epo[108/500] Iter[001/001] IterTime:[127.87s] LOSS: 0.6806 ACC:0.5469 ETA:13h:59m:39s 
Valid: Epoch[108/500] Train Mean_Acc: 54.69% Valid Mean_Acc:45.17% OCEAN_ACC:[0.45171547 0.4517155 ]

Training: learning rate:1.0000000000000015e-27
Train: Epo[109/500] Iter[001/001] IterTime:[123.26s] LOSS: 0.6851 ACC:0.5458 ETA:13h:27m:20s 
Valid: Epoch[109/500] Train Mean_Acc: 54.58% Valid Mean_Acc:45.11% OCEAN_ACC:[0.4510837  0.45108366]

Training: learning rate:1.0000000000000015e-27
Train: Epo[110/500] Iter[001/001] IterTime:[124.97s] LOSS: 0.6772 ACC:0.5494 ETA:13h:36m:28s 
Valid: Epoch[110/500] Train Mean_Acc: 54.94% Valid Mean_Acc:45.23% OCEAN_ACC:[0.45233646 0.45233646]

Training: learning rate:1.0000000000000015e-27
Train: Epo[111/500] Iter[001/001] IterTime:[123.98s] LOSS: 0.7057 ACC:0.5356 ETA:13h:27m:55s 
Valid: Epoch[111/500] Train Mean_Acc: 53.56% Valid Mean_Acc:45.23% OCEAN_ACC:[0.45225033 0.45225033]

Training: learning rate:1.0000000000000015e-27
Train: Epo[112/500] Iter[001/001] IterTime:[123.52s] LOSS: 0.6302 ACC:0.5705 ETA:13h:22m:54s 
Valid: Epoch[112/500] Train Mean_Acc: 57.05% Valid Mean_Acc:45.23% OCEAN_ACC:[0.45229265 0.45229265]

Training: learning rate:1.0000000000000015e-27
Train: Epo[113/500] Iter[001/001] IterTime:[126.70s] LOSS: 0.7193 ACC:0.5286 ETA:13h:41m:26s 
Valid: Epoch[113/500] Train Mean_Acc: 52.86% Valid Mean_Acc:45.03% OCEAN_ACC:[0.4503119  0.45031187]

Training: learning rate:1.0000000000000015e-27
Train: Epo[114/500] Iter[001/001] IterTime:[125.67s] LOSS: 0.7040 ACC:0.5377 ETA:13h:32m:40s 
Valid: Epoch[114/500] Train Mean_Acc: 53.77% Valid Mean_Acc:45.06% OCEAN_ACC:[0.45064637 0.4506464 ]

Training: learning rate:1.0000000000000015e-27
Train: Epo[115/500] Iter[001/001] IterTime:[124.80s] LOSS: 0.7009 ACC:0.5388 ETA:13h:24m:59s 
Valid: Epoch[115/500] Train Mean_Acc: 53.88% Valid Mean_Acc:45.13% OCEAN_ACC:[0.4512693  0.45126927]

Training: learning rate:1.0000000000000015e-27
Train: Epo[116/500] Iter[001/001] IterTime:[124.09s] LOSS: 0.6923 ACC:0.5418 ETA:13h:18m:20s 
Valid: Epoch[116/500] Train Mean_Acc: 54.18% Valid Mean_Acc:45.14% OCEAN_ACC:[0.4513668 0.4513668]

Training: learning rate:1.0000000000000015e-27
Train: Epo[117/500] Iter[001/001] IterTime:[123.03s] LOSS: 0.6514 ACC:0.5610 ETA:13h:9m:27s 
Valid: Epoch[117/500] Train Mean_Acc: 56.10% Valid Mean_Acc:45.11% OCEAN_ACC:[0.45110616 0.4511062 ]

Training: learning rate:1.0000000000000015e-27
Train: Epo[118/500] Iter[001/001] IterTime:[122.85s] LOSS: 0.6250 ACC:0.5744 ETA:13h:6m:15s 
Valid: Epoch[118/500] Train Mean_Acc: 57.44% Valid Mean_Acc:45.26% OCEAN_ACC:[0.4525987 0.4525987]

Training: learning rate:1.0000000000000015e-27
Train: Epo[119/500] Iter[001/001] IterTime:[125.84s] LOSS: 0.6783 ACC:0.5492 ETA:13h:23m:15s 
Valid: Epoch[119/500] Train Mean_Acc: 54.92% Valid Mean_Acc:45.26% OCEAN_ACC:[0.4525808  0.45258078]

Training: learning rate:1.0000000000000015e-27
Train: Epo[120/500] Iter[001/001] IterTime:[124.15s] LOSS: 0.7505 ACC:0.5144 ETA:13h:10m:23s 
Valid: Epoch[120/500] Train Mean_Acc: 51.44% Valid Mean_Acc:45.16% OCEAN_ACC:[0.45155323 0.45155323]

Training: learning rate:1.0000000000000015e-27
Train: Epo[121/500] Iter[001/001] IterTime:[123.80s] LOSS: 0.7241 ACC:0.5265 ETA:13h:6m:5s 
Valid: Epoch[121/500] Train Mean_Acc: 52.65% Valid Mean_Acc:45.14% OCEAN_ACC:[0.45143917 0.45143914]

Training: learning rate:1.0000000000000015e-27
Train: Epo[122/500] Iter[001/001] IterTime:[124.82s] LOSS: 0.7115 ACC:0.5333 ETA:13h:10m:31s 
Valid: Epoch[122/500] Train Mean_Acc: 53.33% Valid Mean_Acc:45.14% OCEAN_ACC:[0.45135534 0.45135537]

Training: learning rate:1.0000000000000015e-27
Train: Epo[123/500] Iter[001/001] IterTime:[125.98s] LOSS: 0.6857 ACC:0.5450 ETA:13h:15m:45s 
Valid: Epoch[123/500] Train Mean_Acc: 54.50% Valid Mean_Acc:45.06% OCEAN_ACC:[0.4506384  0.45063838]

Training: learning rate:1.0000000000000015e-27
Train: Epo[124/500] Iter[001/001] IterTime:[125.51s] LOSS: 0.6858 ACC:0.5464 ETA:13h:10m:41s 
Valid: Epoch[124/500] Train Mean_Acc: 54.64% Valid Mean_Acc:45.22% OCEAN_ACC:[0.45215294 0.45215297]

Training: learning rate:1.0000000000000015e-27
Train: Epo[125/500] Iter[001/001] IterTime:[124.44s] LOSS: 0.6555 ACC:0.5596 ETA:13h:1m:55s 
Valid: Epoch[125/500] Train Mean_Acc: 55.96% Valid Mean_Acc:45.29% OCEAN_ACC:[0.4528866 0.4528866]

Training: learning rate:1.0000000000000015e-27
Train: Epo[126/500] Iter[001/001] IterTime:[124.13s] LOSS: 0.6806 ACC:0.5463 ETA:12h:57m:51s 
Valid: Epoch[126/500] Train Mean_Acc: 54.63% Valid Mean_Acc:45.20% OCEAN_ACC:[0.45197716 0.45197713]

Training: learning rate:1.0000000000000015e-27
Train: Epo[127/500] Iter[001/001] IterTime:[124.34s] LOSS: 0.6645 ACC:0.5553 ETA:12h:57m:8s 
Valid: Epoch[127/500] Train Mean_Acc: 55.53% Valid Mean_Acc:45.01% OCEAN_ACC:[0.45008186 0.45008186]

Training: learning rate:1.0000000000000015e-27
Train: Epo[128/500] Iter[001/001] IterTime:[124.59s] LOSS: 0.6855 ACC:0.5440 ETA:12h:56m:34s 
Valid: Epoch[128/500] Train Mean_Acc: 54.40% Valid Mean_Acc:45.24% OCEAN_ACC:[0.4524374 0.4524374]

Training: learning rate:1.0000000000000015e-27
Train: Epo[129/500] Iter[001/001] IterTime:[125.45s] LOSS: 0.6200 ACC:0.5753 ETA:12h:59m:52s 
Valid: Epoch[129/500] Train Mean_Acc: 57.53% Valid Mean_Acc:45.29% OCEAN_ACC:[0.45288146 0.4528815 ]

Training: learning rate:1.0000000000000015e-27
Train: Epo[130/500] Iter[001/001] IterTime:[124.09s] LOSS: 0.7008 ACC:0.5379 ETA:12h:49m:20s 
Valid: Epoch[130/500] Train Mean_Acc: 53.79% Valid Mean_Acc:45.13% OCEAN_ACC:[0.45130408 0.4513041 ]

Training: learning rate:1.0000000000000015e-27
Train: Epo[131/500] Iter[001/001] IterTime:[124.07s] LOSS: 0.6959 ACC:0.5399 ETA:12h:47m:9s 
Valid: Epoch[131/500] Train Mean_Acc: 53.99% Valid Mean_Acc:45.16% OCEAN_ACC:[0.45164847 0.4516485 ]

Training: learning rate:1.0000000000000015e-27
Train: Epo[132/500] Iter[001/001] IterTime:[122.24s] LOSS: 0.6626 ACC:0.5564 ETA:12h:33m:48s 
Valid: Epoch[132/500] Train Mean_Acc: 55.64% Valid Mean_Acc:45.16% OCEAN_ACC:[0.45158586 0.45158586]

Training: learning rate:1.0000000000000015e-27
Train: Epo[133/500] Iter[001/001] IterTime:[124.81s] LOSS: 0.6953 ACC:0.5391 ETA:12h:47m:33s 
Valid: Epoch[133/500] Train Mean_Acc: 53.91% Valid Mean_Acc:45.22% OCEAN_ACC:[0.4522307 0.4522307]

Training: learning rate:1.0000000000000015e-27
Train: Epo[134/500] Iter[001/001] IterTime:[125.73s] LOSS: 0.6563 ACC:0.5584 ETA:12h:51m:7s 
Valid: Epoch[134/500] Train Mean_Acc: 55.84% Valid Mean_Acc:45.12% OCEAN_ACC:[0.45116687 0.45116687]

Training: learning rate:1.0000000000000015e-27
Train: Epo[135/500] Iter[001/001] IterTime:[124.59s] LOSS: 0.6399 ACC:0.5671 ETA:12h:42m:4s 
Valid: Epoch[135/500] Train Mean_Acc: 56.71% Valid Mean_Acc:45.22% OCEAN_ACC:[0.45220706 0.45220706]

Training: learning rate:1.0000000000000015e-27
Train: Epo[136/500] Iter[001/001] IterTime:[123.37s] LOSS: 0.6710 ACC:0.5525 ETA:12h:32m:33s 
Valid: Epoch[136/500] Train Mean_Acc: 55.25% Valid Mean_Acc:45.12% OCEAN_ACC:[0.45123634 0.45123634]

Training: learning rate:1.0000000000000015e-27
slurmstepd: error: *** JOB 13925328 ON cpu-e-937 CANCELLED AT 2023-02-06T22:12:28 DUE TO TIME LIMIT ***
