rhel8/default-icl(17):ERROR:105: Unable to locate a modulefile for 'intel-oneapi-compilers/2022.1.0/gcc'
rhel8/default-icl(18):ERROR:105: Unable to locate a modulefile for 'intel-oneapi-mpi/2021.6.0/intel'
==================== Activating conda environment ====================
> Python version : /home/zl525/.conda/envs/DeepPersonality/bin/python
==================== Run program ====================
wandb: Currently logged in as: 1009694687 (hyllbd-1009694687). Use `wandb login --relogin` to force relogin
wandb: - Waiting for wandb.init()...wandb: \ Waiting for wandb.init()...wandb: | Waiting for wandb.init()...wandb: Tracking run with wandb version 0.13.9
wandb: Run data is saved locally in /home/zl525/code/DeepPersonality/wandb/run-20230206_072459-xbkvm5y8
wandb: Run `wandb offline` to turn off syncing.
wandb: Syncing run ethereal-oath-284
wandb: ⭐️ View project at https://wandb.ai/hyllbd-1009694687/DeepPersonality
wandb: 🚀 View run at https://wandb.ai/hyllbd-1009694687/DeepPersonality/runs/xbkvm5y8
{
    "DATA":{
        "ANIMALS_TEST_AUD_DATA":"udiva_full/test/recordings/animals_recordings_test_wav",
        "ANIMALS_TEST_IMG_DATA":"udiva_full/test/recordings/animals_recordings_test_img",
        "ANIMALS_TRAIN_AUD_DATA":"udiva_full/train/recordings/animals_recordings_train_wav",
        "ANIMALS_TRAIN_IMG_DATA":"udiva_full/train/recordings/animals_recordings_train_img",
        "ANIMALS_VAL_AUD_DATA":"udiva_full/val/recordings/animals_recordings_val_wav",
        "ANIMALS_VAL_IMG_DATA":"udiva_full/val/recordings/animals_recordings_val_img",
        "GHOST_TEST_AUD_DATA":"udiva_full/test/recordings/ghost_recordings_test_wav",
        "GHOST_TEST_IMG_DATA":"udiva_full/test/recordings/ghost_recordings_test_img",
        "GHOST_TRAIN_AUD_DATA":"udiva_full/train/recordings/ghost_recordings_train_wav",
        "GHOST_TRAIN_IMG_DATA":"udiva_full/train/recordings/ghost_recordings_train_img",
        "GHOST_VAL_AUD_DATA":"udiva_full/val/recordings/ghost_recordings_val_wav",
        "GHOST_VAL_IMG_DATA":"udiva_full/val/recordings/ghost_recordings_val_img",
        "LEGO_TEST_AUD_DATA":"udiva_full/test/recordings/lego_recordings_test_wav",
        "LEGO_TEST_IMG_DATA":"udiva_full/test/recordings/lego_recordings_test_img",
        "LEGO_TRAIN_AUD_DATA":"udiva_full/train/recordings/lego_recordings_train_wav",
        "LEGO_TRAIN_IMG_DATA":"udiva_full/train/recordings/lego_recordings_train_img",
        "LEGO_VAL_AUD_DATA":"udiva_full/val/recordings/lego_recordings_val_wav",
        "LEGO_VAL_IMG_DATA":"udiva_full/val/recordings/lego_recordings_val_img",
        "ROOT":"datasets",
        "SAMPLE_SIZE":60,
        "SESSION":"TALK",
        "TALK_TEST_AUD_DATA":"udiva_full/test/recordings/talk_recordings_test_wav",
        "TALK_TEST_IMG_DATA":"udiva_full/test/recordings/talk_recordings_test_img",
        "TALK_TRAIN_AUD_DATA":"udiva_full/train/recordings/talk_recordings_train_wav",
        "TALK_TRAIN_IMG_DATA":"udiva_full/train/recordings/talk_recordings_train_img",
        "TALK_VAL_AUD_DATA":"udiva_full/val/recordings/talk_recordings_val_wav",
        "TALK_VAL_IMG_DATA":"udiva_full/val/recordings/talk_recordings_val_img",
        "TEST_AUD_DATA":"raw_voice/testData",
        "TEST_IMG_DATA":"image_data/test_data",
        "TEST_IMG_FACE_DATA":"image_data/test_data_face",
        "TEST_LABEL_DATA":"udiva_full/test/label/sessions_test.pkl",
        "TRAIN_AUD_DATA":"raw_voice/trainingData",
        "TRAIN_IMG_DATA":"image_data/train_data",
        "TRAIN_IMG_FACE_DATA":"image_data/train_data_face",
        "TRAIN_LABEL_DATA":"udiva_full/train/label/sessions_train.pkl",
        "TYPE":"frame",
        "VALID_AUD_DATA":"raw_voice/validationData",
        "VALID_IMG_DATA":"image_data/valid_data",
        "VALID_IMG_FACE_DATA":"image_data/valid_data_face",
        "VALID_LABEL_DATA":"udiva_full/val/label/sessions_val.pkl",
        "VA_DATA":"va_data/cropped_aligned",
        "VA_ROOT":"datasets",
        "VA_TRAIN_LABEL":"va_data/va_label/VA_Set/Train_Set",
        "VA_VALID_LABEL":"va_data/va_label/VA_Set/Validation_Set"
    },
    "DATA_LOADER":{
        "DATASET":"",
        "DATASET_NAME":"UDIVA",
        "DROP_LAST":true,
        "NAME":"bimodal_resnet_lstm_data_loader_udiva",
        "NUM_WORKERS":1,
        "SECOND_STAGE":{
            "METHOD":"",
            "TYPE":""
        },
        "SHUFFLE":true,
        "TRAIN_BATCH_SIZE":72,
        "TRANSFORM":"standard_frame_transform",
        "VALID_BATCH_SIZE":3
    },
    "LOSS":{
        "NAME":"binary_cross_entropy"
    },
    "MODEL":{
        "NAME":"get_img_modal_lstm_model_udiva",
        "NUM_CLASS":5,
        "PRETRAIN":false,
        "RETURN_FEATURE":false,
        "SPECTRUM_CHANNEL":50
    },
    "SOLVER":{
        "BETA_1":0.5,
        "BETA_2":0.999,
        "FACTOR":0.1,
        "LR_INIT":0.1,
        "MILESTONE":[
            5,
            7,
            9,
            11,
            13,
            16,
            18,
            20,
            23,
            25,
            28,
            30,
            35,
            38,
            40,
            42,
            44,
            46,
            48,
            50,
            52,
            54,
            56,
            70,
            100
        ],
        "MOMENTUM":0.9,
        "NAME":"adam",
        "RESET_LR":true,
        "SCHEDULER":"multi_step_scale",
        "WEIGHT_DECAY":0.0005
    },
    "TEST":{
        "COMPUTE_CCC":false,
        "COMPUTE_PCC":false,
        "FULL_TEST":false,
        "SAVE_DATASET_OUTPUT":"",
        "TEST_ONLY":false,
        "WEIGHT":""
    },
    "TRAIN":{
        "BIMODAL_OPTION":1,
        "LOG_INTERVAL":1,
        "MAX_EPOCH":500,
        "OUTPUT_DIR":"results/demo/unified_frame_images/bimodal_resnet_udiva",
        "PRE_TRAINED_MODEL":null,
        "RESUME":"",
        "START_EPOCH":0,
        "TRAINER":"BiModalTrainerUdiva",
        "VALID_INTERVAL":1
    }
}
change learning rate form [0.1] to [0.1]
Training: learning rate:0.1
Using BCELoss
================================== start training... ==================================
Train: Epo[001/500] Iter[001/001] IterTime:[127.23s] LOSS: 0.6973 ACC:0.4982 ETA:17h:42m:24s 
Valid: Epoch[001/500] Train Mean_Acc: 49.82% Valid Mean_Acc:46.50% OCEAN_ACC:[0.46746537 0.46258911]

Training: learning rate:0.1
Train: Epo[002/500] Iter[001/001] IterTime:[125.51s] LOSS: 0.7262 ACC:0.5846 ETA:17h:25m:55s 
Valid: Epoch[002/500] Train Mean_Acc: 58.46% Valid Mean_Acc:38.90% OCEAN_ACC:[0.38895783 0.3889676 ]

Training: learning rate:0.1
Train: Epo[003/500] Iter[001/001] IterTime:[122.09s] LOSS: 3.4497 ACC:0.5694 ETA:16h:55m:23s 
Valid: Epoch[003/500] Train Mean_Acc: 56.94% Valid Mean_Acc:39.22% OCEAN_ACC:[0.39194974 0.39238676]

Training: learning rate:0.1
Train: Epo[004/500] Iter[001/001] IterTime:[124.13s] LOSS: 1.2976 ACC:0.6887 ETA:17h:10m:17s 
Valid: Epoch[004/500] Train Mean_Acc: 68.87% Valid Mean_Acc:52.24% OCEAN_ACC:[0.5153616 0.5295065]

Training: learning rate:0.1
Train: Epo[005/500] Iter[001/001] IterTime:[121.89s] LOSS: 0.7387 ACC:0.4888 ETA:16h:49m:37s 
Valid: Epoch[005/500] Train Mean_Acc: 48.88% Valid Mean_Acc:60.15% OCEAN_ACC:[0.6024596  0.60059875]

Training: learning rate:0.010000000000000002
Train: Epo[006/500] Iter[001/001] IterTime:[120.90s] LOSS: 2.0275 ACC:0.3731 ETA:16h:39m:24s 
Valid: Epoch[006/500] Train Mean_Acc: 37.31% Valid Mean_Acc:60.08% OCEAN_ACC:[0.6019233 0.5997564]

Training: learning rate:0.010000000000000002
Train: Epo[007/500] Iter[001/001] IterTime:[123.19s] LOSS: 1.8585 ACC:0.4118 ETA:16h:56m:17s 
Valid: Epoch[007/500] Train Mean_Acc: 41.18% Valid Mean_Acc:59.85% OCEAN_ACC:[0.5998411  0.59707195]

Training: learning rate:0.0010000000000000002
Train: Epo[008/500] Iter[001/001] IterTime:[122.52s] LOSS: 1.6214 ACC:0.4508 ETA:16h:48m:44s 
Valid: Epoch[008/500] Train Mean_Acc: 45.08% Valid Mean_Acc:59.81% OCEAN_ACC:[0.5995145  0.59666103]

Training: learning rate:0.0010000000000000002
Train: Epo[009/500] Iter[001/001] IterTime:[120.81s] LOSS: 1.7609 ACC:0.4019 ETA:16h:32m:41s 
Valid: Epoch[009/500] Train Mean_Acc: 40.19% Valid Mean_Acc:59.76% OCEAN_ACC:[0.59910303 0.59614897]

Training: learning rate:0.00010000000000000003
Train: Epo[010/500] Iter[001/001] IterTime:[123.58s] LOSS: 1.8167 ACC:0.3780 ETA:16h:53m:20s 
Valid: Epoch[010/500] Train Mean_Acc: 37.80% Valid Mean_Acc:59.76% OCEAN_ACC:[0.5990554 0.59609  ]

Training: learning rate:0.00010000000000000003
Train: Epo[011/500] Iter[001/001] IterTime:[123.62s] LOSS: 1.7381 ACC:0.4024 ETA:16h:51m:37s 
Valid: Epoch[011/500] Train Mean_Acc: 40.24% Valid Mean_Acc:59.75% OCEAN_ACC:[0.5990035  0.59602594]

Training: learning rate:1.0000000000000004e-05
Train: Epo[012/500] Iter[001/001] IterTime:[123.87s] LOSS: 1.6976 ACC:0.4147 ETA:16h:51m:38s 
Valid: Epoch[012/500] Train Mean_Acc: 41.47% Valid Mean_Acc:59.75% OCEAN_ACC:[0.598998  0.5960192]

Training: learning rate:1.0000000000000004e-05
Train: Epo[013/500] Iter[001/001] IterTime:[123.18s] LOSS: 1.6973 ACC:0.4147 ETA:16h:43m:52s 
Valid: Epoch[013/500] Train Mean_Acc: 41.47% Valid Mean_Acc:59.75% OCEAN_ACC:[0.59899217 0.5960121 ]

Training: learning rate:1.0000000000000004e-06
Train: Epo[014/500] Iter[001/001] IterTime:[121.60s] LOSS: 1.6211 ACC:0.4391 ETA:16h:29m:1s 
Valid: Epoch[014/500] Train Mean_Acc: 43.91% Valid Mean_Acc:59.75% OCEAN_ACC:[0.5989917  0.59601146]

Training: learning rate:1.0000000000000004e-06
Train: Epo[015/500] Iter[001/001] IterTime:[121.70s] LOSS: 1.7730 ACC:0.3903 ETA:16h:27m:47s 
Valid: Epoch[015/500] Train Mean_Acc: 39.03% Valid Mean_Acc:59.75% OCEAN_ACC:[0.598991  0.5960106]

Training: learning rate:1.0000000000000004e-06
Train: Epo[016/500] Iter[001/001] IterTime:[123.07s] LOSS: 1.7350 ACC:0.4025 ETA:16h:36m:51s 
Valid: Epoch[016/500] Train Mean_Acc: 40.25% Valid Mean_Acc:59.75% OCEAN_ACC:[0.5989905 0.5960099]

Training: learning rate:1.0000000000000005e-07
Train: Epo[017/500] Iter[001/001] IterTime:[122.32s] LOSS: 1.7350 ACC:0.4025 ETA:16h:28m:43s 
Valid: Epoch[017/500] Train Mean_Acc: 40.25% Valid Mean_Acc:59.75% OCEAN_ACC:[0.5989904 0.5960098]

Training: learning rate:1.0000000000000005e-07
Train: Epo[018/500] Iter[001/001] IterTime:[123.13s] LOSS: 1.8490 ACC:0.3659 ETA:16h:33m:17s 
Valid: Epoch[018/500] Train Mean_Acc: 36.59% Valid Mean_Acc:59.75% OCEAN_ACC:[0.5989903  0.59600973]

Training: learning rate:1.0000000000000005e-08
Train: Epo[019/500] Iter[001/001] IterTime:[122.21s] LOSS: 1.6590 ACC:0.4269 ETA:16h:23m:46s 
Valid: Epoch[019/500] Train Mean_Acc: 42.69% Valid Mean_Acc:59.75% OCEAN_ACC:[0.5989903 0.5960097]

Training: learning rate:1.0000000000000005e-08
Train: Epo[020/500] Iter[001/001] IterTime:[121.70s] LOSS: 1.6590 ACC:0.4269 ETA:16h:17m:39s 
Valid: Epoch[020/500] Train Mean_Acc: 42.69% Valid Mean_Acc:59.75% OCEAN_ACC:[0.5989903 0.5960097]

Training: learning rate:1.0000000000000005e-09
Train: Epo[021/500] Iter[001/001] IterTime:[122.14s] LOSS: 1.6970 ACC:0.4147 ETA:16h:19m:8s 
Valid: Epoch[021/500] Train Mean_Acc: 41.47% Valid Mean_Acc:59.75% OCEAN_ACC:[0.59899026 0.59600973]

Training: learning rate:1.0000000000000005e-09
Train: Epo[022/500] Iter[001/001] IterTime:[122.51s] LOSS: 1.8110 ACC:0.3781 ETA:16h:20m:2s 
Valid: Epoch[022/500] Train Mean_Acc: 37.81% Valid Mean_Acc:59.75% OCEAN_ACC:[0.59899026 0.59600973]

Training: learning rate:1.0000000000000005e-09
Train: Epo[023/500] Iter[001/001] IterTime:[122.51s] LOSS: 1.6590 ACC:0.4269 ETA:16h:18m:1s 
Valid: Epoch[023/500] Train Mean_Acc: 42.69% Valid Mean_Acc:59.75% OCEAN_ACC:[0.59899026 0.59600973]

Training: learning rate:1.0000000000000006e-10
Train: Epo[024/500] Iter[001/001] IterTime:[123.40s] LOSS: 1.6210 ACC:0.4391 ETA:16h:23m:3s 
Valid: Epoch[024/500] Train Mean_Acc: 43.91% Valid Mean_Acc:59.75% OCEAN_ACC:[0.5989903 0.5960097]

Training: learning rate:1.0000000000000006e-10
Train: Epo[025/500] Iter[001/001] IterTime:[124.24s] LOSS: 1.8870 ACC:0.3537 ETA:16h:27m:41s 
Valid: Epoch[025/500] Train Mean_Acc: 35.37% Valid Mean_Acc:59.75% OCEAN_ACC:[0.59899026 0.59600973]

Training: learning rate:1.0000000000000006e-11
Train: Epo[026/500] Iter[001/001] IterTime:[123.75s] LOSS: 1.8110 ACC:0.3781 ETA:16h:21m:47s 
Valid: Epoch[026/500] Train Mean_Acc: 37.81% Valid Mean_Acc:59.75% OCEAN_ACC:[0.59899026 0.59600973]

Training: learning rate:1.0000000000000006e-11
Train: Epo[027/500] Iter[001/001] IterTime:[121.59s] LOSS: 1.6590 ACC:0.4269 ETA:16h:2m:35s 
Valid: Epoch[027/500] Train Mean_Acc: 42.69% Valid Mean_Acc:59.75% OCEAN_ACC:[0.59899026 0.59600973]

Training: learning rate:1.0000000000000006e-11
Train: Epo[028/500] Iter[001/001] IterTime:[122.52s] LOSS: 1.7350 ACC:0.4025 ETA:16h:7m:54s 
Valid: Epoch[028/500] Train Mean_Acc: 40.25% Valid Mean_Acc:59.75% OCEAN_ACC:[0.5989903 0.5960097]

Training: learning rate:1.0000000000000006e-12
Train: Epo[029/500] Iter[001/001] IterTime:[121.95s] LOSS: 1.6970 ACC:0.4147 ETA:16h:1m:20s 
Valid: Epoch[029/500] Train Mean_Acc: 41.47% Valid Mean_Acc:59.75% OCEAN_ACC:[0.59899026 0.59600973]

Training: learning rate:1.0000000000000006e-12
Train: Epo[030/500] Iter[001/001] IterTime:[122.81s] LOSS: 1.8110 ACC:0.3781 ETA:16h:6m:4s 
Valid: Epoch[030/500] Train Mean_Acc: 37.81% Valid Mean_Acc:59.75% OCEAN_ACC:[0.59899026 0.59600973]

Training: learning rate:1.0000000000000007e-13
Train: Epo[031/500] Iter[001/001] IterTime:[123.75s] LOSS: 1.8490 ACC:0.3659 ETA:16h:11m:24s 
Valid: Epoch[031/500] Train Mean_Acc: 36.59% Valid Mean_Acc:59.75% OCEAN_ACC:[0.59899026 0.59600973]

Training: learning rate:1.0000000000000007e-13
Train: Epo[032/500] Iter[001/001] IterTime:[123.11s] LOSS: 1.6970 ACC:0.4147 ETA:16h:4m:20s 
Valid: Epoch[032/500] Train Mean_Acc: 41.47% Valid Mean_Acc:59.75% OCEAN_ACC:[0.59899026 0.59600973]

Training: learning rate:1.0000000000000007e-13
Train: Epo[033/500] Iter[001/001] IterTime:[122.01s] LOSS: 1.6210 ACC:0.4391 ETA:15h:53m:44s 
Valid: Epoch[033/500] Train Mean_Acc: 43.91% Valid Mean_Acc:59.75% OCEAN_ACC:[0.5989903 0.5960097]

Training: learning rate:1.0000000000000007e-13
Train: Epo[034/500] Iter[001/001] IterTime:[122.41s] LOSS: 1.6970 ACC:0.4147 ETA:15h:54m:47s 
Valid: Epoch[034/500] Train Mean_Acc: 41.47% Valid Mean_Acc:59.75% OCEAN_ACC:[0.5989903 0.5960097]

Training: learning rate:1.0000000000000007e-13
Train: Epo[035/500] Iter[001/001] IterTime:[122.87s] LOSS: 1.6970 ACC:0.4147 ETA:15h:56m:22s 
Valid: Epoch[035/500] Train Mean_Acc: 41.47% Valid Mean_Acc:59.75% OCEAN_ACC:[0.59899026 0.59600973]

Training: learning rate:1.0000000000000008e-14
Train: Epo[036/500] Iter[001/001] IterTime:[121.94s] LOSS: 1.7730 ACC:0.3903 ETA:15h:47m:4s 
Valid: Epoch[036/500] Train Mean_Acc: 39.03% Valid Mean_Acc:59.75% OCEAN_ACC:[0.59899026 0.59600973]

Training: learning rate:1.0000000000000008e-14
Train: Epo[037/500] Iter[001/001] IterTime:[121.15s] LOSS: 1.8110 ACC:0.3781 ETA:15h:38m:56s 
Valid: Epoch[037/500] Train Mean_Acc: 37.81% Valid Mean_Acc:59.75% OCEAN_ACC:[0.5989903 0.5960097]

Training: learning rate:1.0000000000000008e-14
Train: Epo[038/500] Iter[001/001] IterTime:[120.53s] LOSS: 1.7350 ACC:0.4025 ETA:15h:32m:7s 
Valid: Epoch[038/500] Train Mean_Acc: 40.25% Valid Mean_Acc:59.75% OCEAN_ACC:[0.59899026 0.59600973]

Training: learning rate:1.0000000000000009e-15
Train: Epo[039/500] Iter[001/001] IterTime:[123.51s] LOSS: 1.5830 ACC:0.4512 ETA:15h:53m:3s 
Valid: Epoch[039/500] Train Mean_Acc: 45.12% Valid Mean_Acc:59.75% OCEAN_ACC:[0.59899026 0.59600973]

Training: learning rate:1.0000000000000009e-15
Train: Epo[040/500] Iter[001/001] IterTime:[121.21s] LOSS: 1.6590 ACC:0.4269 ETA:15h:33m:19s 
Valid: Epoch[040/500] Train Mean_Acc: 42.69% Valid Mean_Acc:59.75% OCEAN_ACC:[0.59899026 0.59600973]

Training: learning rate:1.000000000000001e-16
Train: Epo[041/500] Iter[001/001] IterTime:[125.01s] LOSS: 1.8870 ACC:0.3537 ETA:16h:0m:29s 
Valid: Epoch[041/500] Train Mean_Acc: 35.37% Valid Mean_Acc:59.75% OCEAN_ACC:[0.59899026 0.5960097 ]

Training: learning rate:1.000000000000001e-16
Train: Epo[042/500] Iter[001/001] IterTime:[124.01s] LOSS: 1.8870 ACC:0.3537 ETA:15h:50m:42s 
Valid: Epoch[042/500] Train Mean_Acc: 35.37% Valid Mean_Acc:59.75% OCEAN_ACC:[0.5989903 0.5960097]

Training: learning rate:1.000000000000001e-17
Train: Epo[043/500] Iter[001/001] IterTime:[126.72s] LOSS: 1.7350 ACC:0.4025 ETA:16h:9m:26s 
Valid: Epoch[043/500] Train Mean_Acc: 40.25% Valid Mean_Acc:59.75% OCEAN_ACC:[0.59899026 0.59600973]

Training: learning rate:1.000000000000001e-17
Train: Epo[044/500] Iter[001/001] IterTime:[123.51s] LOSS: 1.8490 ACC:0.3659 ETA:15h:42m:49s 
Valid: Epoch[044/500] Train Mean_Acc: 36.59% Valid Mean_Acc:59.75% OCEAN_ACC:[0.59899026 0.59600973]

Training: learning rate:1.000000000000001e-18
Train: Epo[045/500] Iter[001/001] IterTime:[125.49s] LOSS: 1.8490 ACC:0.3659 ETA:15h:55m:47s 
Valid: Epoch[045/500] Train Mean_Acc: 36.59% Valid Mean_Acc:59.75% OCEAN_ACC:[0.5989903 0.5960097]

Training: learning rate:1.000000000000001e-18
Train: Epo[046/500] Iter[001/001] IterTime:[123.58s] LOSS: 1.8870 ACC:0.3537 ETA:15h:39m:12s 
Valid: Epoch[046/500] Train Mean_Acc: 35.37% Valid Mean_Acc:59.75% OCEAN_ACC:[0.59899026 0.59600973]

Training: learning rate:1.000000000000001e-19
Train: Epo[047/500] Iter[001/001] IterTime:[122.94s] LOSS: 1.8110 ACC:0.3781 ETA:15h:32m:16s 
Valid: Epoch[047/500] Train Mean_Acc: 37.81% Valid Mean_Acc:59.75% OCEAN_ACC:[0.59899026 0.59600973]

Training: learning rate:1.000000000000001e-19
Train: Epo[048/500] Iter[001/001] IterTime:[123.27s] LOSS: 1.8110 ACC:0.3781 ETA:15h:32m:44s 
Valid: Epoch[048/500] Train Mean_Acc: 37.81% Valid Mean_Acc:59.75% OCEAN_ACC:[0.59899026 0.59600973]

Training: learning rate:1.0000000000000011e-20
Train: Epo[049/500] Iter[001/001] IterTime:[121.24s] LOSS: 1.6970 ACC:0.4147 ETA:15h:15m:22s 
Valid: Epoch[049/500] Train Mean_Acc: 41.47% Valid Mean_Acc:59.75% OCEAN_ACC:[0.5989903 0.5960097]

Training: learning rate:1.0000000000000011e-20
Train: Epo[050/500] Iter[001/001] IterTime:[123.12s] LOSS: 1.6970 ACC:0.4147 ETA:15h:27m:29s 
Valid: Epoch[050/500] Train Mean_Acc: 41.47% Valid Mean_Acc:59.75% OCEAN_ACC:[0.59899026 0.5960098 ]

Training: learning rate:1.0000000000000012e-21
Train: Epo[051/500] Iter[001/001] IterTime:[122.35s] LOSS: 1.4690 ACC:0.4878 ETA:15h:19m:40s 
Valid: Epoch[051/500] Train Mean_Acc: 48.78% Valid Mean_Acc:59.75% OCEAN_ACC:[0.59899026 0.59600973]

Training: learning rate:1.0000000000000012e-21
Train: Epo[052/500] Iter[001/001] IterTime:[121.70s] LOSS: 1.8110 ACC:0.3781 ETA:15h:12m:44s 
Valid: Epoch[052/500] Train Mean_Acc: 37.81% Valid Mean_Acc:59.75% OCEAN_ACC:[0.59899026 0.59600973]

Training: learning rate:1.0000000000000012e-22
Train: Epo[053/500] Iter[001/001] IterTime:[121.83s] LOSS: 1.7730 ACC:0.3903 ETA:15h:11m:41s 
Valid: Epoch[053/500] Train Mean_Acc: 39.03% Valid Mean_Acc:59.75% OCEAN_ACC:[0.59899026 0.59600973]

Training: learning rate:1.0000000000000012e-22
Train: Epo[054/500] Iter[001/001] IterTime:[120.95s] LOSS: 1.6590 ACC:0.4269 ETA:15h:3m:6s 
Valid: Epoch[054/500] Train Mean_Acc: 42.69% Valid Mean_Acc:59.75% OCEAN_ACC:[0.59899026 0.59600973]

Training: learning rate:1.0000000000000013e-23
Train: Epo[055/500] Iter[001/001] IterTime:[120.06s] LOSS: 1.9250 ACC:0.3416 ETA:14h:54m:27s 
Valid: Epoch[055/500] Train Mean_Acc: 34.16% Valid Mean_Acc:59.75% OCEAN_ACC:[0.59899026 0.59600973]

Training: learning rate:1.0000000000000013e-23
Train: Epo[056/500] Iter[001/001] IterTime:[121.24s] LOSS: 1.6590 ACC:0.4269 ETA:15h:1m:14s 
Valid: Epoch[056/500] Train Mean_Acc: 42.69% Valid Mean_Acc:59.75% OCEAN_ACC:[0.59899026 0.59600973]

Training: learning rate:1.0000000000000014e-24
Train: Epo[057/500] Iter[001/001] IterTime:[122.91s] LOSS: 1.5830 ACC:0.4513 ETA:15h:11m:34s 
Valid: Epoch[057/500] Train Mean_Acc: 45.13% Valid Mean_Acc:59.75% OCEAN_ACC:[0.59899026 0.59600973]

Training: learning rate:1.0000000000000014e-24
Train: Epo[058/500] Iter[001/001] IterTime:[122.78s] LOSS: 1.8110 ACC:0.3781 ETA:15h:8m:33s 
Valid: Epoch[058/500] Train Mean_Acc: 37.81% Valid Mean_Acc:59.75% OCEAN_ACC:[0.59899026 0.59600973]

Training: learning rate:1.0000000000000014e-24
Train: Epo[059/500] Iter[001/001] IterTime:[123.34s] LOSS: 1.7350 ACC:0.4025 ETA:15h:10m:41s 
Valid: Epoch[059/500] Train Mean_Acc: 40.25% Valid Mean_Acc:59.75% OCEAN_ACC:[0.5989903 0.5960097]

Training: learning rate:1.0000000000000014e-24
Train: Epo[060/500] Iter[001/001] IterTime:[122.30s] LOSS: 1.6210 ACC:0.4391 ETA:15h:0m:57s 
Valid: Epoch[060/500] Train Mean_Acc: 43.91% Valid Mean_Acc:59.75% OCEAN_ACC:[0.59899026 0.59600973]

Training: learning rate:1.0000000000000014e-24
Train: Epo[061/500] Iter[001/001] IterTime:[123.95s] LOSS: 1.6210 ACC:0.4391 ETA:15h:11m:1s 
Valid: Epoch[061/500] Train Mean_Acc: 43.91% Valid Mean_Acc:59.75% OCEAN_ACC:[0.5989903 0.5960097]

Training: learning rate:1.0000000000000014e-24
Train: Epo[062/500] Iter[001/001] IterTime:[123.05s] LOSS: 1.8110 ACC:0.3781 ETA:15h:2m:19s 
Valid: Epoch[062/500] Train Mean_Acc: 37.81% Valid Mean_Acc:59.75% OCEAN_ACC:[0.59899026 0.59600973]

Training: learning rate:1.0000000000000014e-24
Train: Epo[063/500] Iter[001/001] IterTime:[124.55s] LOSS: 1.7730 ACC:0.3903 ETA:15h:11m:19s 
Valid: Epoch[063/500] Train Mean_Acc: 39.03% Valid Mean_Acc:59.75% OCEAN_ACC:[0.5989903 0.5960097]

Training: learning rate:1.0000000000000014e-24
Train: Epo[064/500] Iter[001/001] IterTime:[123.15s] LOSS: 1.6970 ACC:0.4147 ETA:14h:58m:59s 
Valid: Epoch[064/500] Train Mean_Acc: 41.47% Valid Mean_Acc:59.75% OCEAN_ACC:[0.59899026 0.59600973]

Training: learning rate:1.0000000000000014e-24
Train: Epo[065/500] Iter[001/001] IterTime:[120.49s] LOSS: 1.8870 ACC:0.3537 ETA:14h:37m:34s 
Valid: Epoch[065/500] Train Mean_Acc: 35.37% Valid Mean_Acc:59.75% OCEAN_ACC:[0.59899026 0.59600973]

Training: learning rate:1.0000000000000014e-24
Train: Epo[066/500] Iter[001/001] IterTime:[122.32s] LOSS: 1.8110 ACC:0.3781 ETA:14h:48m:52s 
Valid: Epoch[066/500] Train Mean_Acc: 37.81% Valid Mean_Acc:59.75% OCEAN_ACC:[0.5989903 0.5960097]

Training: learning rate:1.0000000000000014e-24
Train: Epo[067/500] Iter[001/001] IterTime:[122.67s] LOSS: 1.6970 ACC:0.4147 ETA:14h:49m:21s 
Valid: Epoch[067/500] Train Mean_Acc: 41.47% Valid Mean_Acc:59.75% OCEAN_ACC:[0.5989903 0.5960097]

Training: learning rate:1.0000000000000014e-24
Train: Epo[068/500] Iter[001/001] IterTime:[122.88s] LOSS: 1.7730 ACC:0.3903 ETA:14h:48m:49s 
Valid: Epoch[068/500] Train Mean_Acc: 39.03% Valid Mean_Acc:59.75% OCEAN_ACC:[0.5989903 0.5960097]

Training: learning rate:1.0000000000000014e-24
Train: Epo[069/500] Iter[001/001] IterTime:[122.97s] LOSS: 1.9629 ACC:0.3294 ETA:14h:47m:28s 
Valid: Epoch[069/500] Train Mean_Acc: 32.94% Valid Mean_Acc:59.75% OCEAN_ACC:[0.5989903 0.5960097]

Training: learning rate:1.0000000000000014e-24
Train: Epo[070/500] Iter[001/001] IterTime:[122.36s] LOSS: 1.7350 ACC:0.4025 ETA:14h:40m:59s 
Valid: Epoch[070/500] Train Mean_Acc: 40.25% Valid Mean_Acc:59.75% OCEAN_ACC:[0.5989903 0.5960097]

Training: learning rate:1.0000000000000014e-25
Train: Epo[071/500] Iter[001/001] IterTime:[120.28s] LOSS: 1.8110 ACC:0.3781 ETA:14h:24m:1s 
Valid: Epoch[071/500] Train Mean_Acc: 37.81% Valid Mean_Acc:59.75% OCEAN_ACC:[0.59899026 0.59600973]

Training: learning rate:1.0000000000000014e-25
Train: Epo[072/500] Iter[001/001] IterTime:[123.47s] LOSS: 1.9250 ACC:0.3416 ETA:14h:44m:50s 
Valid: Epoch[072/500] Train Mean_Acc: 34.16% Valid Mean_Acc:59.75% OCEAN_ACC:[0.59899026 0.59600973]

Training: learning rate:1.0000000000000014e-25
Train: Epo[073/500] Iter[001/001] IterTime:[124.17s] LOSS: 1.5450 ACC:0.4634 ETA:14h:47m:49s 
Valid: Epoch[073/500] Train Mean_Acc: 46.34% Valid Mean_Acc:59.75% OCEAN_ACC:[0.59899026 0.59600973]

Training: learning rate:1.0000000000000014e-25
Train: Epo[074/500] Iter[001/001] IterTime:[121.97s] LOSS: 1.9629 ACC:0.3294 ETA:14h:30m:3s 
Valid: Epoch[074/500] Train Mean_Acc: 32.94% Valid Mean_Acc:59.75% OCEAN_ACC:[0.59899026 0.59600973]

Training: learning rate:1.0000000000000014e-25
Train: Epo[075/500] Iter[001/001] IterTime:[122.97s] LOSS: 1.6590 ACC:0.4269 ETA:14h:35m:6s 
Valid: Epoch[075/500] Train Mean_Acc: 42.69% Valid Mean_Acc:59.75% OCEAN_ACC:[0.59899026 0.59600973]

Training: learning rate:1.0000000000000014e-25
Train: Epo[076/500] Iter[001/001] IterTime:[124.22s] LOSS: 1.6970 ACC:0.4147 ETA:14h:41m:57s 
Valid: Epoch[076/500] Train Mean_Acc: 41.47% Valid Mean_Acc:59.75% OCEAN_ACC:[0.5989903 0.5960097]

Training: learning rate:1.0000000000000014e-25
Train: Epo[077/500] Iter[001/001] IterTime:[122.52s] LOSS: 1.8110 ACC:0.3781 ETA:14h:27m:49s 
Valid: Epoch[077/500] Train Mean_Acc: 37.81% Valid Mean_Acc:59.75% OCEAN_ACC:[0.5989903 0.5960097]

Training: learning rate:1.0000000000000014e-25
Train: Epo[078/500] Iter[001/001] IterTime:[122.42s] LOSS: 1.9629 ACC:0.3294 ETA:14h:25m:4s 
Valid: Epoch[078/500] Train Mean_Acc: 32.94% Valid Mean_Acc:59.75% OCEAN_ACC:[0.59899026 0.59600973]

Training: learning rate:1.0000000000000014e-25
Train: Epo[079/500] Iter[001/001] IterTime:[123.75s] LOSS: 1.7730 ACC:0.3903 ETA:14h:32m:26s 
Valid: Epoch[079/500] Train Mean_Acc: 39.03% Valid Mean_Acc:59.75% OCEAN_ACC:[0.5989903 0.5960097]

Training: learning rate:1.0000000000000014e-25
Train: Epo[080/500] Iter[001/001] IterTime:[122.75s] LOSS: 1.7730 ACC:0.3903 ETA:14h:23m:18s 
Valid: Epoch[080/500] Train Mean_Acc: 39.03% Valid Mean_Acc:59.75% OCEAN_ACC:[0.59899026 0.59600973]

Training: learning rate:1.0000000000000014e-25
Train: Epo[081/500] Iter[001/001] IterTime:[123.50s] LOSS: 1.8110 ACC:0.3781 ETA:14h:26m:31s 
Valid: Epoch[081/500] Train Mean_Acc: 37.81% Valid Mean_Acc:59.75% OCEAN_ACC:[0.59899026 0.59600973]

Training: learning rate:1.0000000000000014e-25
Train: Epo[082/500] Iter[001/001] IterTime:[123.99s] LOSS: 1.9250 ACC:0.3416 ETA:14h:27m:55s 
Valid: Epoch[082/500] Train Mean_Acc: 34.16% Valid Mean_Acc:59.75% OCEAN_ACC:[0.59899026 0.59600973]

Training: learning rate:1.0000000000000014e-25
Train: Epo[083/500] Iter[001/001] IterTime:[123.11s] LOSS: 1.8110 ACC:0.3781 ETA:14h:19m:42s 
Valid: Epoch[083/500] Train Mean_Acc: 37.81% Valid Mean_Acc:59.75% OCEAN_ACC:[0.59899026 0.59600973]

Training: learning rate:1.0000000000000014e-25
Train: Epo[084/500] Iter[001/001] IterTime:[122.59s] LOSS: 1.5070 ACC:0.4756 ETA:14h:14m:2s 
Valid: Epoch[084/500] Train Mean_Acc: 47.56% Valid Mean_Acc:59.75% OCEAN_ACC:[0.5989903 0.5960097]

Training: learning rate:1.0000000000000014e-25
Train: Epo[085/500] Iter[001/001] IterTime:[122.39s] LOSS: 1.6210 ACC:0.4391 ETA:14h:10m:37s 
Valid: Epoch[085/500] Train Mean_Acc: 43.91% Valid Mean_Acc:59.75% OCEAN_ACC:[0.59899026 0.59600973]

Training: learning rate:1.0000000000000014e-25
Train: Epo[086/500] Iter[001/001] IterTime:[123.85s] LOSS: 1.7350 ACC:0.4025 ETA:14h:18m:40s 
Valid: Epoch[086/500] Train Mean_Acc: 40.25% Valid Mean_Acc:59.75% OCEAN_ACC:[0.59899026 0.59600973]

Training: learning rate:1.0000000000000014e-25
Train: Epo[087/500] Iter[001/001] IterTime:[121.40s] LOSS: 1.6210 ACC:0.4391 ETA:13h:59m:39s 
Valid: Epoch[087/500] Train Mean_Acc: 43.91% Valid Mean_Acc:59.75% OCEAN_ACC:[0.59899026 0.59600973]

Training: learning rate:1.0000000000000014e-25
Train: Epo[088/500] Iter[001/001] IterTime:[123.44s] LOSS: 1.7730 ACC:0.3903 ETA:14h:11m:46s 
Valid: Epoch[088/500] Train Mean_Acc: 39.03% Valid Mean_Acc:59.75% OCEAN_ACC:[0.59899026 0.59600973]

Training: learning rate:1.0000000000000014e-25
Train: Epo[089/500] Iter[001/001] IterTime:[123.10s] LOSS: 1.8870 ACC:0.3538 ETA:14h:7m:20s 
Valid: Epoch[089/500] Train Mean_Acc: 35.38% Valid Mean_Acc:59.75% OCEAN_ACC:[0.5989903 0.5960097]

Training: learning rate:1.0000000000000014e-25
Train: Epo[090/500] Iter[001/001] IterTime:[123.01s] LOSS: 1.8110 ACC:0.3781 ETA:14h:4m:39s 
Valid: Epoch[090/500] Train Mean_Acc: 37.81% Valid Mean_Acc:59.75% OCEAN_ACC:[0.59899026 0.59600973]

Training: learning rate:1.0000000000000014e-25
Train: Epo[091/500] Iter[001/001] IterTime:[122.16s] LOSS: 1.5830 ACC:0.4512 ETA:13h:56m:49s 
Valid: Epoch[091/500] Train Mean_Acc: 45.12% Valid Mean_Acc:59.75% OCEAN_ACC:[0.59899026 0.59600973]

Training: learning rate:1.0000000000000014e-25
Train: Epo[092/500] Iter[001/001] IterTime:[120.35s] LOSS: 1.7350 ACC:0.4025 ETA:13h:42m:24s 
Valid: Epoch[092/500] Train Mean_Acc: 40.25% Valid Mean_Acc:59.75% OCEAN_ACC:[0.59899026 0.59600973]

Training: learning rate:1.0000000000000014e-25
Train: Epo[093/500] Iter[001/001] IterTime:[122.17s] LOSS: 1.8110 ACC:0.3781 ETA:13h:52m:48s 
Valid: Epoch[093/500] Train Mean_Acc: 37.81% Valid Mean_Acc:59.75% OCEAN_ACC:[0.59899026 0.59600973]

Training: learning rate:1.0000000000000014e-25
Train: Epo[094/500] Iter[001/001] IterTime:[121.84s] LOSS: 1.9250 ACC:0.3416 ETA:13h:48m:31s 
Valid: Epoch[094/500] Train Mean_Acc: 34.16% Valid Mean_Acc:59.75% OCEAN_ACC:[0.59899026 0.59600973]

Training: learning rate:1.0000000000000014e-25
Train: Epo[095/500] Iter[001/001] IterTime:[121.83s] LOSS: 1.7730 ACC:0.3903 ETA:13h:46m:24s 
Valid: Epoch[095/500] Train Mean_Acc: 39.03% Valid Mean_Acc:59.75% OCEAN_ACC:[0.59899026 0.59600973]

Training: learning rate:1.0000000000000014e-25
Train: Epo[096/500] Iter[001/001] IterTime:[123.53s] LOSS: 1.7350 ACC:0.4025 ETA:13h:55m:52s 
Valid: Epoch[096/500] Train Mean_Acc: 40.25% Valid Mean_Acc:59.75% OCEAN_ACC:[0.59899026 0.59600973]

Training: learning rate:1.0000000000000014e-25
Train: Epo[097/500] Iter[001/001] IterTime:[122.12s] LOSS: 1.7350 ACC:0.4025 ETA:13h:44m:17s 
Valid: Epoch[097/500] Train Mean_Acc: 40.25% Valid Mean_Acc:59.75% OCEAN_ACC:[0.5989903 0.5960097]

Training: learning rate:1.0000000000000014e-25
Train: Epo[098/500] Iter[001/001] IterTime:[121.48s] LOSS: 1.7350 ACC:0.4025 ETA:13h:37m:57s 
Valid: Epoch[098/500] Train Mean_Acc: 40.25% Valid Mean_Acc:59.75% OCEAN_ACC:[0.5989903 0.5960097]

Training: learning rate:1.0000000000000014e-25
Train: Epo[099/500] Iter[001/001] IterTime:[122.03s] LOSS: 1.8490 ACC:0.3659 ETA:13h:39m:38s 
Valid: Epoch[099/500] Train Mean_Acc: 36.59% Valid Mean_Acc:59.75% OCEAN_ACC:[0.5989903 0.5960097]

Training: learning rate:1.0000000000000014e-25
Train: Epo[100/500] Iter[001/001] IterTime:[122.85s] LOSS: 1.7730 ACC:0.3903 ETA:13h:43m:6s 
Valid: Epoch[100/500] Train Mean_Acc: 39.03% Valid Mean_Acc:59.75% OCEAN_ACC:[0.5989903 0.5960097]

Training: learning rate:1.0000000000000015e-26
Train: Epo[101/500] Iter[001/001] IterTime:[121.99s] LOSS: 1.7350 ACC:0.4025 ETA:13h:35m:16s 
Valid: Epoch[101/500] Train Mean_Acc: 40.25% Valid Mean_Acc:59.75% OCEAN_ACC:[0.59899026 0.59600973]

Training: learning rate:1.0000000000000015e-26
Train: Epo[102/500] Iter[001/001] IterTime:[125.20s] LOSS: 1.6210 ACC:0.4391 ETA:13h:54m:38s 
Valid: Epoch[102/500] Train Mean_Acc: 43.91% Valid Mean_Acc:59.75% OCEAN_ACC:[0.5989903 0.5960097]

Training: learning rate:1.0000000000000015e-26
Train: Epo[103/500] Iter[001/001] IterTime:[122.29s] LOSS: 1.8870 ACC:0.3538 ETA:13h:33m:11s 
Valid: Epoch[103/500] Train Mean_Acc: 35.38% Valid Mean_Acc:59.75% OCEAN_ACC:[0.59899026 0.59600973]

Training: learning rate:1.0000000000000015e-26
Train: Epo[104/500] Iter[001/001] IterTime:[121.78s] LOSS: 1.6590 ACC:0.4269 ETA:13h:27m:46s 
Valid: Epoch[104/500] Train Mean_Acc: 42.69% Valid Mean_Acc:59.75% OCEAN_ACC:[0.59899026 0.59600973]

Training: learning rate:1.0000000000000015e-26
Train: Epo[105/500] Iter[001/001] IterTime:[122.86s] LOSS: 1.8110 ACC:0.3781 ETA:13h:32m:56s 
Valid: Epoch[105/500] Train Mean_Acc: 37.81% Valid Mean_Acc:59.75% OCEAN_ACC:[0.5989903 0.5960097]

Training: learning rate:1.0000000000000015e-26
Train: Epo[106/500] Iter[001/001] IterTime:[121.31s] LOSS: 1.6210 ACC:0.4391 ETA:13h:20m:36s 
Valid: Epoch[106/500] Train Mean_Acc: 43.91% Valid Mean_Acc:59.75% OCEAN_ACC:[0.5989903 0.5960097]

Training: learning rate:1.0000000000000015e-26
Train: Epo[107/500] Iter[001/001] IterTime:[120.84s] LOSS: 2.0009 ACC:0.3172 ETA:13h:15m:33s 
Valid: Epoch[107/500] Train Mean_Acc: 31.72% Valid Mean_Acc:59.75% OCEAN_ACC:[0.59899026 0.59600973]

Training: learning rate:1.0000000000000015e-26
Train: Epo[108/500] Iter[001/001] IterTime:[123.31s] LOSS: 1.8110 ACC:0.3781 ETA:13h:29m:42s 
Valid: Epoch[108/500] Train Mean_Acc: 37.81% Valid Mean_Acc:59.75% OCEAN_ACC:[0.5989903 0.5960097]

Training: learning rate:1.0000000000000015e-26
Train: Epo[109/500] Iter[001/001] IterTime:[124.08s] LOSS: 1.7350 ACC:0.4025 ETA:13h:32m:44s 
Valid: Epoch[109/500] Train Mean_Acc: 40.25% Valid Mean_Acc:59.75% OCEAN_ACC:[0.59899026 0.59600973]

Training: learning rate:1.0000000000000015e-26
Train: Epo[110/500] Iter[001/001] IterTime:[124.01s] LOSS: 1.6210 ACC:0.4391 ETA:13h:30m:11s 
Valid: Epoch[110/500] Train Mean_Acc: 43.91% Valid Mean_Acc:59.75% OCEAN_ACC:[0.59899026 0.59600973]

Training: learning rate:1.0000000000000015e-26
Train: Epo[111/500] Iter[001/001] IterTime:[122.30s] LOSS: 1.6970 ACC:0.4147 ETA:13h:17m:0s 
Valid: Epoch[111/500] Train Mean_Acc: 41.47% Valid Mean_Acc:59.75% OCEAN_ACC:[0.5989903 0.5960097]

Training: learning rate:1.0000000000000015e-26
Train: Epo[112/500] Iter[001/001] IterTime:[122.77s] LOSS: 1.7730 ACC:0.3903 ETA:13h:18m:1s 
Valid: Epoch[112/500] Train Mean_Acc: 39.03% Valid Mean_Acc:59.75% OCEAN_ACC:[0.59899026 0.59600973]

Training: learning rate:1.0000000000000015e-26
Train: Epo[113/500] Iter[001/001] IterTime:[125.24s] LOSS: 1.6590 ACC:0.4269 ETA:13h:31m:57s 
Valid: Epoch[113/500] Train Mean_Acc: 42.69% Valid Mean_Acc:59.75% OCEAN_ACC:[0.59899026 0.59600973]

Training: learning rate:1.0000000000000015e-26
Train: Epo[114/500] Iter[001/001] IterTime:[124.07s] LOSS: 1.7350 ACC:0.4025 ETA:13h:22m:20s 
Valid: Epoch[114/500] Train Mean_Acc: 40.25% Valid Mean_Acc:59.75% OCEAN_ACC:[0.59899026 0.59600973]

Training: learning rate:1.0000000000000015e-26
Train: Epo[115/500] Iter[001/001] IterTime:[121.18s] LOSS: 1.6590 ACC:0.4269 ETA:13h:1m:35s 
Valid: Epoch[115/500] Train Mean_Acc: 42.69% Valid Mean_Acc:59.75% OCEAN_ACC:[0.5989903 0.5960097]

Training: learning rate:1.0000000000000015e-26
Train: Epo[116/500] Iter[001/001] IterTime:[123.37s] LOSS: 1.7350 ACC:0.4025 ETA:13h:13m:41s 
Valid: Epoch[116/500] Train Mean_Acc: 40.25% Valid Mean_Acc:59.75% OCEAN_ACC:[0.59899026 0.59600973]

Training: learning rate:1.0000000000000015e-26
Train: Epo[117/500] Iter[001/001] IterTime:[122.03s] LOSS: 1.7730 ACC:0.3903 ETA:13h:3m:1s 
Valid: Epoch[117/500] Train Mean_Acc: 39.03% Valid Mean_Acc:59.75% OCEAN_ACC:[0.59899026 0.59600973]

Training: learning rate:1.0000000000000015e-26
Train: Epo[118/500] Iter[001/001] IterTime:[121.60s] LOSS: 1.7730 ACC:0.3903 ETA:12h:58m:15s 
Valid: Epoch[118/500] Train Mean_Acc: 39.03% Valid Mean_Acc:59.75% OCEAN_ACC:[0.59899026 0.5960098 ]

Training: learning rate:1.0000000000000015e-26
Train: Epo[119/500] Iter[001/001] IterTime:[122.44s] LOSS: 1.8110 ACC:0.3781 ETA:13h:1m:35s 
Valid: Epoch[119/500] Train Mean_Acc: 37.81% Valid Mean_Acc:59.75% OCEAN_ACC:[0.59899026 0.59600973]

Training: learning rate:1.0000000000000015e-26
Train: Epo[120/500] Iter[001/001] IterTime:[123.43s] LOSS: 1.7350 ACC:0.4025 ETA:13h:5m:48s 
Valid: Epoch[120/500] Train Mean_Acc: 40.25% Valid Mean_Acc:59.75% OCEAN_ACC:[0.59899026 0.59600973]

Training: learning rate:1.0000000000000015e-26
Train: Epo[121/500] Iter[001/001] IterTime:[124.10s] LOSS: 1.7350 ACC:0.4025 ETA:13h:8m:2s 
Valid: Epoch[121/500] Train Mean_Acc: 40.25% Valid Mean_Acc:59.75% OCEAN_ACC:[0.5989903 0.5960097]

Training: learning rate:1.0000000000000015e-26
Train: Epo[122/500] Iter[001/001] IterTime:[122.84s] LOSS: 1.6590 ACC:0.4269 ETA:12h:58m:0s 
Valid: Epoch[122/500] Train Mean_Acc: 42.69% Valid Mean_Acc:59.75% OCEAN_ACC:[0.59899026 0.59600973]

Training: learning rate:1.0000000000000015e-26
Train: Epo[123/500] Iter[001/001] IterTime:[122.47s] LOSS: 1.7730 ACC:0.3903 ETA:12h:53m:36s 
Valid: Epoch[123/500] Train Mean_Acc: 39.03% Valid Mean_Acc:59.75% OCEAN_ACC:[0.59899026 0.59600973]

Training: learning rate:1.0000000000000015e-26
Train: Epo[124/500] Iter[001/001] IterTime:[121.34s] LOSS: 1.7350 ACC:0.4025 ETA:12h:44m:26s 
Valid: Epoch[124/500] Train Mean_Acc: 40.25% Valid Mean_Acc:59.75% OCEAN_ACC:[0.5989903 0.5960097]

Training: learning rate:1.0000000000000015e-26
Train: Epo[125/500] Iter[001/001] IterTime:[122.34s] LOSS: 1.5830 ACC:0.4512 ETA:12h:48m:42s 
Valid: Epoch[125/500] Train Mean_Acc: 45.12% Valid Mean_Acc:59.75% OCEAN_ACC:[0.59899026 0.59600973]

Training: learning rate:1.0000000000000015e-26
Train: Epo[126/500] Iter[001/001] IterTime:[123.73s] LOSS: 1.7350 ACC:0.4025 ETA:12h:55m:22s 
Valid: Epoch[126/500] Train Mean_Acc: 40.25% Valid Mean_Acc:59.75% OCEAN_ACC:[0.5989903 0.5960097]

Training: learning rate:1.0000000000000015e-26
Train: Epo[127/500] Iter[001/001] IterTime:[127.23s] LOSS: 1.8490 ACC:0.3659 ETA:13h:15m:9s 
Valid: Epoch[127/500] Train Mean_Acc: 36.59% Valid Mean_Acc:59.75% OCEAN_ACC:[0.59899026 0.59600973]

Training: learning rate:1.0000000000000015e-26
Train: Epo[128/500] Iter[001/001] IterTime:[122.29s] LOSS: 1.6210 ACC:0.4391 ETA:12h:42m:16s 
Valid: Epoch[128/500] Train Mean_Acc: 43.91% Valid Mean_Acc:59.75% OCEAN_ACC:[0.5989903 0.5960097]

Training: learning rate:1.0000000000000015e-26
Train: Epo[129/500] Iter[001/001] IterTime:[122.12s] LOSS: 1.8490 ACC:0.3659 ETA:12h:39m:9s 
Valid: Epoch[129/500] Train Mean_Acc: 36.59% Valid Mean_Acc:59.75% OCEAN_ACC:[0.59899026 0.59600973]

Training: learning rate:1.0000000000000015e-26
slurmstepd: error: *** JOB 13915265 ON cpu-e-927 CANCELLED AT 2023-02-06T17:25:00 DUE TO TIME LIMIT ***
