rhel8/default-icl(17):ERROR:105: Unable to locate a modulefile for 'intel-oneapi-compilers/2022.1.0/gcc'
rhel8/default-icl(18):ERROR:105: Unable to locate a modulefile for 'intel-oneapi-mpi/2021.6.0/intel'
==================== Activating conda environment ====================
> Python version : /home/zl525/.conda/envs/DeepPersonality/bin/python
==================== Run program ====================
wandb: Currently logged in as: 1009694687 (hyllbd-1009694687). Use `wandb login --relogin` to force relogin
wandb: Tracking run with wandb version 0.13.9
wandb: Run data is saved locally in /home/zl525/code/DeepPersonality/wandb/run-20230206_235025-sbnbvvat
wandb: Run `wandb offline` to turn off syncing.
wandb: Syncing run sage-valley-296
wandb: ⭐️ View project at https://wandb.ai/hyllbd-1009694687/DeepPersonality
wandb: 🚀 View run at https://wandb.ai/hyllbd-1009694687/DeepPersonality/runs/sbnbvvat
{
    "DATA":{
        "ANIMALS_TEST_AUD_DATA":"udiva_full/test/recordings/animals_recordings_test_wav",
        "ANIMALS_TEST_IMG_DATA":"udiva_full/test/recordings/animals_recordings_test_img",
        "ANIMALS_TRAIN_AUD_DATA":"udiva_full/train/recordings/animals_recordings_train_wav",
        "ANIMALS_TRAIN_IMG_DATA":"udiva_full/train/recordings/animals_recordings_train_img",
        "ANIMALS_VAL_AUD_DATA":"udiva_full/val/recordings/animals_recordings_val_wav",
        "ANIMALS_VAL_IMG_DATA":"udiva_full/val/recordings/animals_recordings_val_img",
        "GHOST_TEST_AUD_DATA":"udiva_full/test/recordings/ghost_recordings_test_wav",
        "GHOST_TEST_IMG_DATA":"udiva_full/test/recordings/ghost_recordings_test_img",
        "GHOST_TRAIN_AUD_DATA":"udiva_full/train/recordings/ghost_recordings_train_wav",
        "GHOST_TRAIN_IMG_DATA":"udiva_full/train/recordings/ghost_recordings_train_img",
        "GHOST_VAL_AUD_DATA":"udiva_full/val/recordings/ghost_recordings_val_wav",
        "GHOST_VAL_IMG_DATA":"udiva_full/val/recordings/ghost_recordings_val_img",
        "LEGO_TEST_AUD_DATA":"udiva_full/test/recordings/lego_recordings_test_wav",
        "LEGO_TEST_IMG_DATA":"udiva_full/test/recordings/lego_recordings_test_img",
        "LEGO_TRAIN_AUD_DATA":"udiva_full/train/recordings/lego_recordings_train_wav",
        "LEGO_TRAIN_IMG_DATA":"udiva_full/train/recordings/lego_recordings_train_img",
        "LEGO_VAL_AUD_DATA":"udiva_full/val/recordings/lego_recordings_val_wav",
        "LEGO_VAL_IMG_DATA":"udiva_full/val/recordings/lego_recordings_val_img",
        "ROOT":"datasets",
        "SAMPLE_SIZE":120,
        "SESSION":"TALK",
        "TALK_TEST_AUD_DATA":"udiva_full/test/recordings/talk_recordings_test_wav",
        "TALK_TEST_IMG_DATA":"udiva_full/test/recordings/talk_recordings_test_img",
        "TALK_TRAIN_AUD_DATA":"udiva_full/train/recordings/talk_recordings_train_wav",
        "TALK_TRAIN_IMG_DATA":"udiva_full/train/recordings/talk_recordings_train_img",
        "TALK_VAL_AUD_DATA":"udiva_full/val/recordings/talk_recordings_val_wav",
        "TALK_VAL_IMG_DATA":"udiva_full/val/recordings/talk_recordings_val_img",
        "TEST_AUD_DATA":"raw_voice/testData",
        "TEST_IMG_DATA":"image_data/test_data",
        "TEST_IMG_FACE_DATA":"image_data/test_data_face",
        "TEST_LABEL_DATA":"udiva_full/test/label/sessions_test.pkl",
        "TRAIN_AUD_DATA":"raw_voice/trainingData",
        "TRAIN_IMG_DATA":"image_data/train_data",
        "TRAIN_IMG_FACE_DATA":"image_data/train_data_face",
        "TRAIN_LABEL_DATA":"udiva_full/train/label/sessions_train.pkl",
        "TYPE":"frame",
        "VALID_AUD_DATA":"raw_voice/validationData",
        "VALID_IMG_DATA":"image_data/valid_data",
        "VALID_IMG_FACE_DATA":"image_data/valid_data_face",
        "VALID_LABEL_DATA":"udiva_full/val/label/sessions_val.pkl",
        "VA_DATA":"va_data/cropped_aligned",
        "VA_ROOT":"datasets",
        "VA_TRAIN_LABEL":"va_data/va_label/VA_Set/Train_Set",
        "VA_VALID_LABEL":"va_data/va_label/VA_Set/Validation_Set"
    },
    "DATA_LOADER":{
        "DATASET":"",
        "DATASET_NAME":"UDIVA",
        "DROP_LAST":true,
        "NAME":"bimodal_resnet_lstm_data_loader_udiva",
        "NUM_WORKERS":1,
        "SECOND_STAGE":{
            "METHOD":"",
            "TYPE":""
        },
        "SHUFFLE":true,
        "TRAIN_BATCH_SIZE":72,
        "TRANSFORM":"standard_frame_transform",
        "VALID_BATCH_SIZE":3
    },
    "LOSS":{
        "NAME":"binary_cross_entropy"
    },
    "MODEL":{
        "NAME":"get_img_modal_lstm_model_udiva",
        "NUM_CLASS":5,
        "PRETRAIN":false,
        "RETURN_FEATURE":false,
        "SPECTRUM_CHANNEL":50
    },
    "SOLVER":{
        "BETA_1":0.5,
        "BETA_2":0.999,
        "FACTOR":0.1,
        "LR_INIT":0.01,
        "MILESTONE":[
            5,
            7,
            9,
            11,
            13,
            16,
            18,
            20,
            23,
            25,
            28,
            30,
            35,
            38,
            40,
            42,
            44,
            46,
            48,
            50,
            52,
            54,
            56,
            70,
            100
        ],
        "MOMENTUM":0.9,
        "NAME":"adam",
        "RESET_LR":true,
        "SCHEDULER":"multi_step_scale",
        "WEIGHT_DECAY":0.0005
    },
    "TEST":{
        "COMPUTE_CCC":false,
        "COMPUTE_PCC":false,
        "FULL_TEST":false,
        "SAVE_DATASET_OUTPUT":"",
        "TEST_ONLY":false,
        "WEIGHT":""
    },
    "TRAIN":{
        "BIMODAL_OPTION":1,
        "LOG_INTERVAL":1,
        "MAX_EPOCH":500,
        "OUTPUT_DIR":"results/demo/unified_frame_images/bimodal_resnet_udiva",
        "PRE_TRAINED_MODEL":null,
        "RESUME":"",
        "START_EPOCH":0,
        "TRAINER":"BiModalTrainerUdiva",
        "VALID_INTERVAL":1
    }
}
change learning rate form [0.01] to [0.01]
Training: learning rate:0.01
Using BCELoss
================================== start training... ==================================
Train: Epo[001/500] Iter[001/001] IterTime:[252.46s] LOSS: 0.6854 ACC:0.5042 ETA:35h:8m:2s 
Valid: Epoch[001/500] Train Mean_Acc: 50.42% Valid Mean_Acc:44.04% OCEAN_ACC:[0.4404367 0.4404367]

Training: learning rate:0.01
Train: Epo[002/500] Iter[001/001] IterTime:[368.80s] LOSS: 0.7288 ACC:0.5994 ETA:51h:13m:18s 
Valid: Epoch[002/500] Train Mean_Acc: 59.94% Valid Mean_Acc:50.01% OCEAN_ACC:[0.5001044 0.5001044]

Training: learning rate:0.01
Train: Epo[003/500] Iter[001/001] IterTime:[298.22s] LOSS: 0.6988 ACC:0.4973 ETA:41h:20m:13s 
Valid: Epoch[003/500] Train Mean_Acc: 49.73% Valid Mean_Acc:49.18% OCEAN_ACC:[0.4918191 0.4918191]

Training: learning rate:0.01
Train: Epo[004/500] Iter[001/001] IterTime:[267.07s] LOSS: 0.6697 ACC:0.5136 ETA:36h:56m:38s 
Valid: Epoch[004/500] Train Mean_Acc: 51.36% Valid Mean_Acc:46.02% OCEAN_ACC:[0.4602121  0.46021208]

Training: learning rate:0.01
Train: Epo[005/500] Iter[001/001] IterTime:[245.87s] LOSS: 0.6744 ACC:0.5358 ETA:33h:56m:37s 
Valid: Epoch[005/500] Train Mean_Acc: 53.58% Valid Mean_Acc:45.15% OCEAN_ACC:[0.4514676 0.4514676]

Training: learning rate:0.001
Train: Epo[006/500] Iter[001/001] IterTime:[243.01s] LOSS: 0.6394 ACC:0.5626 ETA:33h:28m:54s 
Valid: Epoch[006/500] Train Mean_Acc: 56.26% Valid Mean_Acc:45.09% OCEAN_ACC:[0.45094132 0.45094132]

Training: learning rate:0.001
Train: Epo[007/500] Iter[001/001] IterTime:[244.68s] LOSS: 0.6794 ACC:0.5422 ETA:33h:38m:38s 
Valid: Epoch[007/500] Train Mean_Acc: 54.22% Valid Mean_Acc:45.12% OCEAN_ACC:[0.45124054 0.4512405 ]

Training: learning rate:0.0001
Train: Epo[008/500] Iter[001/001] IterTime:[248.05s] LOSS: 0.6895 ACC:0.5369 ETA:34h:2m:16s 
Valid: Epoch[008/500] Train Mean_Acc: 53.69% Valid Mean_Acc:45.15% OCEAN_ACC:[0.45146048 0.45146048]

Training: learning rate:0.0001
Train: Epo[009/500] Iter[001/001] IterTime:[247.17s] LOSS: 0.6815 ACC:0.5414 ETA:33h:50m:54s 
Valid: Epoch[009/500] Train Mean_Acc: 54.14% Valid Mean_Acc:45.15% OCEAN_ACC:[0.45146456 0.45146456]

Training: learning rate:1e-05
Train: Epo[010/500] Iter[001/001] IterTime:[246.95s] LOSS: 0.6300 ACC:0.5648 ETA:33h:45m:1s 
Valid: Epoch[010/500] Train Mean_Acc: 56.48% Valid Mean_Acc:45.14% OCEAN_ACC:[0.45142207 0.451422  ]

Training: learning rate:1e-05
Train: Epo[011/500] Iter[001/001] IterTime:[246.76s] LOSS: 0.6661 ACC:0.5480 ETA:33h:39m:19s 
Valid: Epoch[011/500] Train Mean_Acc: 54.80% Valid Mean_Acc:45.15% OCEAN_ACC:[0.45145297 0.45145297]

Training: learning rate:1.0000000000000002e-06
Train: Epo[012/500] Iter[001/001] IterTime:[243.56s] LOSS: 0.7341 ACC:0.5155 ETA:33h:9m:5s 
Valid: Epoch[012/500] Train Mean_Acc: 51.55% Valid Mean_Acc:45.15% OCEAN_ACC:[0.4514753  0.45147538]

Training: learning rate:1.0000000000000002e-06
Train: Epo[013/500] Iter[001/001] IterTime:[244.55s] LOSS: 0.6713 ACC:0.5457 ETA:33h:13m:3s 
Valid: Epoch[013/500] Train Mean_Acc: 54.57% Valid Mean_Acc:45.14% OCEAN_ACC:[0.45139873 0.4513987 ]

Training: learning rate:1.0000000000000002e-07
Train: Epo[014/500] Iter[001/001] IterTime:[249.82s] LOSS: 0.6818 ACC:0.5402 ETA:33h:51m:52s 
Valid: Epoch[014/500] Train Mean_Acc: 54.02% Valid Mean_Acc:45.15% OCEAN_ACC:[0.4514545  0.45145443]

Training: learning rate:1.0000000000000002e-07
Train: Epo[015/500] Iter[001/001] IterTime:[245.52s] LOSS: 0.6514 ACC:0.5560 ETA:33h:12m:48s 
Valid: Epoch[015/500] Train Mean_Acc: 55.60% Valid Mean_Acc:45.14% OCEAN_ACC:[0.45138943 0.45138943]

Training: learning rate:1.0000000000000002e-07
Train: Epo[016/500] Iter[001/001] IterTime:[246.77s] LOSS: 0.6590 ACC:0.5517 ETA:33h:18m:52s 
Valid: Epoch[016/500] Train Mean_Acc: 55.17% Valid Mean_Acc:45.15% OCEAN_ACC:[0.45146894 0.45146894]

Training: learning rate:1.0000000000000004e-08
Train: Epo[017/500] Iter[001/001] IterTime:[247.45s] LOSS: 0.6457 ACC:0.5582 ETA:33h:20m:12s 
Valid: Epoch[017/500] Train Mean_Acc: 55.82% Valid Mean_Acc:45.14% OCEAN_ACC:[0.4513999 0.4513999]

Training: learning rate:1.0000000000000004e-08
Train: Epo[018/500] Iter[001/001] IterTime:[245.66s] LOSS: 0.6929 ACC:0.5354 ETA:33h:1m:41s 
Valid: Epoch[018/500] Train Mean_Acc: 53.54% Valid Mean_Acc:45.15% OCEAN_ACC:[0.45145044 0.45145044]

Training: learning rate:1.0000000000000005e-09
Train: Epo[019/500] Iter[001/001] IterTime:[243.23s] LOSS: 0.6943 ACC:0.5349 ETA:32h:38m:1s 
Valid: Epoch[019/500] Train Mean_Acc: 53.49% Valid Mean_Acc:45.14% OCEAN_ACC:[0.4513596 0.4513596]

Training: learning rate:1.0000000000000005e-09
Train: Epo[020/500] Iter[001/001] IterTime:[247.17s] LOSS: 0.6582 ACC:0.5517 ETA:33h:5m:37s 
Valid: Epoch[020/500] Train Mean_Acc: 55.17% Valid Mean_Acc:45.14% OCEAN_ACC:[0.45140234 0.45140234]

Training: learning rate:1.0000000000000006e-10
Train: Epo[021/500] Iter[001/001] IterTime:[245.86s] LOSS: 0.7053 ACC:0.5302 ETA:32h:50m:56s 
Valid: Epoch[021/500] Train Mean_Acc: 53.02% Valid Mean_Acc:45.15% OCEAN_ACC:[0.45152065 0.4515206 ]

Training: learning rate:1.0000000000000006e-10
Train: Epo[022/500] Iter[001/001] IterTime:[243.82s] LOSS: 0.6702 ACC:0.5462 ETA:32h:30m:31s 
Valid: Epoch[022/500] Train Mean_Acc: 54.62% Valid Mean_Acc:45.15% OCEAN_ACC:[0.45147216 0.45147216]

Training: learning rate:1.0000000000000006e-10
Train: Epo[023/500] Iter[001/001] IterTime:[247.63s] LOSS: 0.6784 ACC:0.5418 ETA:32h:56m:55s 
Valid: Epoch[023/500] Train Mean_Acc: 54.18% Valid Mean_Acc:45.14% OCEAN_ACC:[0.4514133  0.45141336]

Training: learning rate:1.0000000000000006e-11
Train: Epo[024/500] Iter[001/001] IterTime:[246.69s] LOSS: 0.6546 ACC:0.5541 ETA:32h:45m:16s 
Valid: Epoch[024/500] Train Mean_Acc: 55.41% Valid Mean_Acc:45.13% OCEAN_ACC:[0.4513261  0.45132613]

Training: learning rate:1.0000000000000006e-11
Train: Epo[025/500] Iter[001/001] IterTime:[246.22s] LOSS: 0.7136 ACC:0.5258 ETA:32h:37m:26s 
Valid: Epoch[025/500] Train Mean_Acc: 52.58% Valid Mean_Acc:45.14% OCEAN_ACC:[0.4514022  0.45140222]

Training: learning rate:1.0000000000000006e-12
Train: Epo[026/500] Iter[001/001] IterTime:[246.26s] LOSS: 0.6275 ACC:0.5658 ETA:32h:33m:38s 
Valid: Epoch[026/500] Train Mean_Acc: 56.58% Valid Mean_Acc:45.15% OCEAN_ACC:[0.45152864 0.45152858]

Training: learning rate:1.0000000000000006e-12
Train: Epo[027/500] Iter[001/001] IterTime:[244.95s] LOSS: 0.6685 ACC:0.5473 ETA:32h:19m:9s 
Valid: Epoch[027/500] Train Mean_Acc: 54.73% Valid Mean_Acc:45.15% OCEAN_ACC:[0.45148718 0.4514871 ]

Training: learning rate:1.0000000000000006e-12
Train: Epo[028/500] Iter[001/001] IterTime:[245.27s] LOSS: 0.6929 ACC:0.5360 ETA:32h:17m:38s 
Valid: Epoch[028/500] Train Mean_Acc: 53.60% Valid Mean_Acc:45.16% OCEAN_ACC:[0.45155358 0.45155355]

Training: learning rate:1.0000000000000007e-13
Train: Epo[029/500] Iter[001/001] IterTime:[246.57s] LOSS: 0.7097 ACC:0.5272 ETA:32h:23m:48s 
Valid: Epoch[029/500] Train Mean_Acc: 52.72% Valid Mean_Acc:45.15% OCEAN_ACC:[0.45150647 0.45150647]

Training: learning rate:1.0000000000000007e-13
Train: Epo[030/500] Iter[001/001] IterTime:[245.34s] LOSS: 0.7234 ACC:0.5203 ETA:32h:10m:1s 
Valid: Epoch[030/500] Train Mean_Acc: 52.03% Valid Mean_Acc:45.14% OCEAN_ACC:[0.4513831  0.45138308]

Training: learning rate:1.0000000000000008e-14
Train: Epo[031/500] Iter[001/001] IterTime:[243.39s] LOSS: 0.6921 ACC:0.5359 ETA:31h:50m:38s 
Valid: Epoch[031/500] Train Mean_Acc: 53.59% Valid Mean_Acc:45.14% OCEAN_ACC:[0.45139924 0.4513993 ]

Training: learning rate:1.0000000000000008e-14
Train: Epo[032/500] Iter[001/001] IterTime:[247.69s] LOSS: 0.6473 ACC:0.5567 ETA:32h:20m:15s 
Valid: Epoch[032/500] Train Mean_Acc: 55.67% Valid Mean_Acc:45.14% OCEAN_ACC:[0.45144734 0.45144734]

Training: learning rate:1.0000000000000008e-14
Train: Epo[033/500] Iter[001/001] IterTime:[248.90s] LOSS: 0.6701 ACC:0.5457 ETA:32h:25m:34s 
Valid: Epoch[033/500] Train Mean_Acc: 54.57% Valid Mean_Acc:45.14% OCEAN_ACC:[0.45142984 0.45142984]

Training: learning rate:1.0000000000000008e-14
Train: Epo[034/500] Iter[001/001] IterTime:[249.81s] LOSS: 0.6919 ACC:0.5362 ETA:32h:28m:32s 
Valid: Epoch[034/500] Train Mean_Acc: 53.62% Valid Mean_Acc:45.14% OCEAN_ACC:[0.45142186 0.45142186]

Training: learning rate:1.0000000000000008e-14
Train: Epo[035/500] Iter[001/001] IterTime:[247.35s] LOSS: 0.7127 ACC:0.5261 ETA:32h:5m:11s 
Valid: Epoch[035/500] Train Mean_Acc: 52.61% Valid Mean_Acc:45.14% OCEAN_ACC:[0.4514008 0.4514008]

Training: learning rate:1.0000000000000009e-15
Train: Epo[036/500] Iter[001/001] IterTime:[250.69s] LOSS: 0.6612 ACC:0.5496 ETA:32h:27m:1s 
Valid: Epoch[036/500] Train Mean_Acc: 54.96% Valid Mean_Acc:45.14% OCEAN_ACC:[0.45136538 0.45136538]

Training: learning rate:1.0000000000000009e-15
Train: Epo[037/500] Iter[001/001] IterTime:[243.57s] LOSS: 0.6633 ACC:0.5496 ETA:31h:27m:40s 
Valid: Epoch[037/500] Train Mean_Acc: 54.96% Valid Mean_Acc:45.15% OCEAN_ACC:[0.4514928 0.4514928]

Training: learning rate:1.0000000000000009e-15
Train: Epo[038/500] Iter[001/001] IterTime:[248.31s] LOSS: 0.6819 ACC:0.5409 ETA:32h:0m:14s 
Valid: Epoch[038/500] Train Mean_Acc: 54.09% Valid Mean_Acc:45.15% OCEAN_ACC:[0.45147815 0.45147812]

Training: learning rate:1.000000000000001e-16
Train: Epo[039/500] Iter[001/001] IterTime:[248.61s] LOSS: 0.6611 ACC:0.5510 ETA:31h:58m:28s 
Valid: Epoch[039/500] Train Mean_Acc: 55.10% Valid Mean_Acc:45.14% OCEAN_ACC:[0.45142972 0.4514297 ]

Training: learning rate:1.000000000000001e-16
Train: Epo[040/500] Iter[001/001] IterTime:[247.36s] LOSS: 0.6767 ACC:0.5431 ETA:31h:44m:39s 
Valid: Epoch[040/500] Train Mean_Acc: 54.31% Valid Mean_Acc:45.15% OCEAN_ACC:[0.45145142 0.45145145]

Training: learning rate:1.000000000000001e-17
Train: Epo[041/500] Iter[001/001] IterTime:[245.49s] LOSS: 0.6490 ACC:0.5561 ETA:31h:26m:12s 
Valid: Epoch[041/500] Train Mean_Acc: 55.61% Valid Mean_Acc:45.16% OCEAN_ACC:[0.45156428 0.45156422]

Training: learning rate:1.000000000000001e-17
Train: Epo[042/500] Iter[001/001] IterTime:[247.16s] LOSS: 0.7261 ACC:0.5191 ETA:31h:34m:54s 
Valid: Epoch[042/500] Train Mean_Acc: 51.91% Valid Mean_Acc:45.14% OCEAN_ACC:[0.45141408 0.45141408]

Training: learning rate:1.000000000000001e-18
Train: Epo[043/500] Iter[001/001] IterTime:[246.56s] LOSS: 0.6690 ACC:0.5471 ETA:31h:26m:11s 
Valid: Epoch[043/500] Train Mean_Acc: 54.71% Valid Mean_Acc:45.14% OCEAN_ACC:[0.45139542 0.45139548]

Training: learning rate:1.000000000000001e-18
Train: Epo[044/500] Iter[001/001] IterTime:[249.60s] LOSS: 0.6958 ACC:0.5338 ETA:31h:45m:17s 
Valid: Epoch[044/500] Train Mean_Acc: 53.38% Valid Mean_Acc:45.14% OCEAN_ACC:[0.45142078 0.4514208 ]

Training: learning rate:1.000000000000001e-19
Train: Epo[045/500] Iter[001/001] IterTime:[248.15s] LOSS: 0.6796 ACC:0.5412 ETA:31h:30m:3s 
Valid: Epoch[045/500] Train Mean_Acc: 54.12% Valid Mean_Acc:45.15% OCEAN_ACC:[0.45147514 0.45147514]

Training: learning rate:1.000000000000001e-19
Train: Epo[046/500] Iter[001/001] IterTime:[245.36s] LOSS: 0.6687 ACC:0.5463 ETA:31h:4m:42s 
Valid: Epoch[046/500] Train Mean_Acc: 54.63% Valid Mean_Acc:45.14% OCEAN_ACC:[0.45138574 0.45138574]

Training: learning rate:1.0000000000000011e-20
Train: Epo[047/500] Iter[001/001] IterTime:[247.03s] LOSS: 0.6274 ACC:0.5665 ETA:31h:13m:20s 
Valid: Epoch[047/500] Train Mean_Acc: 56.65% Valid Mean_Acc:45.14% OCEAN_ACC:[0.45142925 0.45142925]

Training: learning rate:1.0000000000000011e-20
Train: Epo[048/500] Iter[001/001] IterTime:[248.74s] LOSS: 0.6487 ACC:0.5562 ETA:31h:22m:8s 
Valid: Epoch[048/500] Train Mean_Acc: 55.62% Valid Mean_Acc:45.14% OCEAN_ACC:[0.45140228 0.45140222]

Training: learning rate:1.0000000000000012e-21
Train: Epo[049/500] Iter[001/001] IterTime:[245.56s] LOSS: 0.6595 ACC:0.5518 ETA:30h:54m:0s 
Valid: Epoch[049/500] Train Mean_Acc: 55.18% Valid Mean_Acc:45.15% OCEAN_ACC:[0.4515489 0.4515489]

Training: learning rate:1.0000000000000012e-21
Train: Epo[050/500] Iter[001/001] IterTime:[249.31s] LOSS: 0.7050 ACC:0.5299 ETA:31h:18m:6s 
Valid: Epoch[050/500] Train Mean_Acc: 52.99% Valid Mean_Acc:45.15% OCEAN_ACC:[0.45148695 0.45148695]

Training: learning rate:1.0000000000000012e-22
Train: Epo[051/500] Iter[001/001] IterTime:[246.22s] LOSS: 0.7024 ACC:0.5301 ETA:30h:50m:43s 
Valid: Epoch[051/500] Train Mean_Acc: 53.01% Valid Mean_Acc:45.14% OCEAN_ACC:[0.45143035 0.45143035]

Training: learning rate:1.0000000000000012e-22
Train: Epo[052/500] Iter[001/001] IterTime:[243.30s] LOSS: 0.6767 ACC:0.5420 ETA:30h:24m:46s 
Valid: Epoch[052/500] Train Mean_Acc: 54.20% Valid Mean_Acc:45.14% OCEAN_ACC:[0.451364   0.45136395]

Training: learning rate:1.0000000000000013e-23
Train: Epo[053/500] Iter[001/001] IterTime:[247.48s] LOSS: 0.6470 ACC:0.5570 ETA:30h:51m:58s 
Valid: Epoch[053/500] Train Mean_Acc: 55.70% Valid Mean_Acc:45.15% OCEAN_ACC:[0.45146677 0.45146677]

Training: learning rate:1.0000000000000013e-23
Train: Epo[054/500] Iter[001/001] IterTime:[246.86s] LOSS: 0.7060 ACC:0.5298 ETA:30h:43m:11s 
Valid: Epoch[054/500] Train Mean_Acc: 52.98% Valid Mean_Acc:45.15% OCEAN_ACC:[0.45147952 0.45147958]

Training: learning rate:1.0000000000000014e-24
Train: Epo[055/500] Iter[001/001] IterTime:[246.81s] LOSS: 0.6281 ACC:0.5664 ETA:30h:38m:43s 
Valid: Epoch[055/500] Train Mean_Acc: 56.64% Valid Mean_Acc:45.13% OCEAN_ACC:[0.45132074 0.45132074]

Training: learning rate:1.0000000000000014e-24
Train: Epo[056/500] Iter[001/001] IterTime:[251.12s] LOSS: 0.6623 ACC:0.5504 ETA:31h:6m:38s 
Valid: Epoch[056/500] Train Mean_Acc: 55.04% Valid Mean_Acc:45.15% OCEAN_ACC:[0.45145717 0.45145717]

Training: learning rate:1.0000000000000014e-25
Train: Epo[057/500] Iter[001/001] IterTime:[245.99s] LOSS: 0.7072 ACC:0.5283 ETA:30h:24m:24s 
Valid: Epoch[057/500] Train Mean_Acc: 52.83% Valid Mean_Acc:45.15% OCEAN_ACC:[0.45151246 0.45151237]

Training: learning rate:1.0000000000000014e-25
Train: Epo[058/500] Iter[001/001] IterTime:[246.78s] LOSS: 0.6486 ACC:0.5560 ETA:30h:26m:10s 
Valid: Epoch[058/500] Train Mean_Acc: 55.60% Valid Mean_Acc:45.14% OCEAN_ACC:[0.4514008  0.45140085]

Training: learning rate:1.0000000000000014e-25
Train: Epo[059/500] Iter[001/001] IterTime:[245.86s] LOSS: 0.6813 ACC:0.5411 ETA:30h:15m:14s 
Valid: Epoch[059/500] Train Mean_Acc: 54.11% Valid Mean_Acc:45.15% OCEAN_ACC:[0.45148376 0.45148376]

Training: learning rate:1.0000000000000014e-25
Train: Epo[060/500] Iter[001/001] IterTime:[245.82s] LOSS: 0.6484 ACC:0.5573 ETA:30h:10m:54s 
Valid: Epoch[060/500] Train Mean_Acc: 55.73% Valid Mean_Acc:45.15% OCEAN_ACC:[0.4515395 0.4515395]

Training: learning rate:1.0000000000000014e-25
Train: Epo[061/500] Iter[001/001] IterTime:[247.27s] LOSS: 0.6733 ACC:0.5446 ETA:30h:17m:26s 
Valid: Epoch[061/500] Train Mean_Acc: 54.46% Valid Mean_Acc:45.14% OCEAN_ACC:[0.45136848 0.45136857]

Training: learning rate:1.0000000000000014e-25
Train: Epo[062/500] Iter[001/001] IterTime:[246.27s] LOSS: 0.6798 ACC:0.5413 ETA:30h:5m:59s 
Valid: Epoch[062/500] Train Mean_Acc: 54.13% Valid Mean_Acc:45.13% OCEAN_ACC:[0.45134413 0.45134413]

Training: learning rate:1.0000000000000014e-25
Train: Epo[063/500] Iter[001/001] IterTime:[245.46s] LOSS: 0.6894 ACC:0.5368 ETA:29h:55m:56s 
Valid: Epoch[063/500] Train Mean_Acc: 53.68% Valid Mean_Acc:45.15% OCEAN_ACC:[0.45146152 0.45146146]

Training: learning rate:1.0000000000000014e-25
Train: Epo[064/500] Iter[001/001] IterTime:[248.65s] LOSS: 0.6471 ACC:0.5565 ETA:30h:15m:7s 
Valid: Epoch[064/500] Train Mean_Acc: 55.65% Valid Mean_Acc:45.14% OCEAN_ACC:[0.45144022 0.45144022]

Training: learning rate:1.0000000000000014e-25
Train: Epo[065/500] Iter[001/001] IterTime:[247.71s] LOSS: 0.7193 ACC:0.5223 ETA:30h:4m:9s 
Valid: Epoch[065/500] Train Mean_Acc: 52.23% Valid Mean_Acc:45.14% OCEAN_ACC:[0.4513683  0.45136824]

Training: learning rate:1.0000000000000014e-25
Train: Epo[066/500] Iter[001/001] IterTime:[245.33s] LOSS: 0.6707 ACC:0.5466 ETA:29h:42m:44s 
Valid: Epoch[066/500] Train Mean_Acc: 54.66% Valid Mean_Acc:45.14% OCEAN_ACC:[0.4514152 0.4514152]

Training: learning rate:1.0000000000000014e-25
Train: Epo[067/500] Iter[001/001] IterTime:[247.57s] LOSS: 0.6505 ACC:0.5554 ETA:29h:54m:54s 
Valid: Epoch[067/500] Train Mean_Acc: 55.54% Valid Mean_Acc:45.15% OCEAN_ACC:[0.45148304 0.451483  ]

Training: learning rate:1.0000000000000014e-25
Train: Epo[068/500] Iter[001/001] IterTime:[244.54s] LOSS: 0.6519 ACC:0.5555 ETA:29h:28m:51s 
Valid: Epoch[068/500] Train Mean_Acc: 55.55% Valid Mean_Acc:45.14% OCEAN_ACC:[0.45140263 0.45140263]

Training: learning rate:1.0000000000000014e-25
Train: Epo[069/500] Iter[001/001] IterTime:[244.60s] LOSS: 0.6687 ACC:0.5473 ETA:29h:25m:11s 
Valid: Epoch[069/500] Train Mean_Acc: 54.73% Valid Mean_Acc:45.15% OCEAN_ACC:[0.4515066 0.4515066]

Training: learning rate:1.0000000000000014e-25
Train: Epo[070/500] Iter[001/001] IterTime:[250.64s] LOSS: 0.6833 ACC:0.5401 ETA:30h:4m:36s 
Valid: Epoch[070/500] Train Mean_Acc: 54.01% Valid Mean_Acc:45.15% OCEAN_ACC:[0.4514815 0.4514815]

Training: learning rate:1.0000000000000015e-26
slurmstepd: error: *** JOB 13954799 ON cpu-e-1041 CANCELLED AT 2023-02-07T09:50:21 DUE TO TIME LIMIT ***
