rhel8/default-icl(17):ERROR:105: Unable to locate a modulefile for 'intel-oneapi-compilers/2022.1.0/gcc'
rhel8/default-icl(18):ERROR:105: Unable to locate a modulefile for 'intel-oneapi-mpi/2021.6.0/intel'
==================== Activating conda environment ====================
> Python version : /home/zl525/.conda/envs/DeepPersonality/bin/python
==================== Run program ====================
wandb: Currently logged in as: 1009694687 (hyllbd-1009694687). Use `wandb login --relogin` to force relogin
wandb: Tracking run with wandb version 0.13.9
wandb: Run data is saved locally in /home/zl525/code/DeepPersonality/wandb/run-20230207_095621-gju4jnl8
wandb: Run `wandb offline` to turn off syncing.
wandb: Syncing run stellar-paper-298
wandb: ⭐️ View project at https://wandb.ai/hyllbd-1009694687/DeepPersonality
wandb: 🚀 View run at https://wandb.ai/hyllbd-1009694687/DeepPersonality/runs/gju4jnl8
{
    "DATA":{
        "ANIMALS_TEST_AUD_DATA":"udiva_full/test/recordings/animals_recordings_test_wav",
        "ANIMALS_TEST_IMG_DATA":"udiva_full/test/recordings/animals_recordings_test_img",
        "ANIMALS_TRAIN_AUD_DATA":"udiva_full/train/recordings/animals_recordings_train_wav",
        "ANIMALS_TRAIN_IMG_DATA":"udiva_full/train/recordings/animals_recordings_train_img",
        "ANIMALS_VAL_AUD_DATA":"udiva_full/val/recordings/animals_recordings_val_wav",
        "ANIMALS_VAL_IMG_DATA":"udiva_full/val/recordings/animals_recordings_val_img",
        "GHOST_TEST_AUD_DATA":"udiva_full/test/recordings/ghost_recordings_test_wav",
        "GHOST_TEST_IMG_DATA":"udiva_full/test/recordings/ghost_recordings_test_img",
        "GHOST_TRAIN_AUD_DATA":"udiva_full/train/recordings/ghost_recordings_train_wav",
        "GHOST_TRAIN_IMG_DATA":"udiva_full/train/recordings/ghost_recordings_train_img",
        "GHOST_VAL_AUD_DATA":"udiva_full/val/recordings/ghost_recordings_val_wav",
        "GHOST_VAL_IMG_DATA":"udiva_full/val/recordings/ghost_recordings_val_img",
        "LEGO_TEST_AUD_DATA":"udiva_full/test/recordings/lego_recordings_test_wav",
        "LEGO_TEST_IMG_DATA":"udiva_full/test/recordings/lego_recordings_test_img",
        "LEGO_TRAIN_AUD_DATA":"udiva_full/train/recordings/lego_recordings_train_wav",
        "LEGO_TRAIN_IMG_DATA":"udiva_full/train/recordings/lego_recordings_train_img",
        "LEGO_VAL_AUD_DATA":"udiva_full/val/recordings/lego_recordings_val_wav",
        "LEGO_VAL_IMG_DATA":"udiva_full/val/recordings/lego_recordings_val_img",
        "ROOT":"datasets",
        "SAMPLE_SIZE":250,
        "SESSION":"TALK",
        "TALK_TEST_AUD_DATA":"udiva_full/test/recordings/talk_recordings_test_wav",
        "TALK_TEST_IMG_DATA":"udiva_full/test/recordings/talk_recordings_test_img",
        "TALK_TRAIN_AUD_DATA":"udiva_full/train/recordings/talk_recordings_train_wav",
        "TALK_TRAIN_IMG_DATA":"udiva_full/train/recordings/talk_recordings_train_img",
        "TALK_VAL_AUD_DATA":"udiva_full/val/recordings/talk_recordings_val_wav",
        "TALK_VAL_IMG_DATA":"udiva_full/val/recordings/talk_recordings_val_img",
        "TEST_AUD_DATA":"raw_voice/testData",
        "TEST_IMG_DATA":"image_data/test_data",
        "TEST_IMG_FACE_DATA":"image_data/test_data_face",
        "TEST_LABEL_DATA":"udiva_full/test/label/sessions_test.pkl",
        "TRAIN_AUD_DATA":"raw_voice/trainingData",
        "TRAIN_IMG_DATA":"image_data/train_data",
        "TRAIN_IMG_FACE_DATA":"image_data/train_data_face",
        "TRAIN_LABEL_DATA":"udiva_full/train/label/sessions_train.pkl",
        "TYPE":"frame",
        "VALID_AUD_DATA":"raw_voice/validationData",
        "VALID_IMG_DATA":"image_data/valid_data",
        "VALID_IMG_FACE_DATA":"image_data/valid_data_face",
        "VALID_LABEL_DATA":"udiva_full/val/label/sessions_val.pkl",
        "VA_DATA":"va_data/cropped_aligned",
        "VA_ROOT":"datasets",
        "VA_TRAIN_LABEL":"va_data/va_label/VA_Set/Train_Set",
        "VA_VALID_LABEL":"va_data/va_label/VA_Set/Validation_Set"
    },
    "DATA_LOADER":{
        "DATASET":"",
        "DATASET_NAME":"UDIVA",
        "DROP_LAST":true,
        "NAME":"bimodal_resnet_lstm_data_loader_udiva",
        "NUM_WORKERS":1,
        "SECOND_STAGE":{
            "METHOD":"",
            "TYPE":""
        },
        "SHUFFLE":true,
        "TRAIN_BATCH_SIZE":72,
        "TRANSFORM":"standard_frame_transform",
        "VALID_BATCH_SIZE":3
    },
    "LOSS":{
        "NAME":"binary_cross_entropy"
    },
    "MODEL":{
        "NAME":"get_img_modal_lstm_model_udiva",
        "NUM_CLASS":5,
        "PRETRAIN":false,
        "RETURN_FEATURE":false,
        "SPECTRUM_CHANNEL":50
    },
    "SOLVER":{
        "BETA_1":0.5,
        "BETA_2":0.999,
        "FACTOR":0.1,
        "LR_INIT":0.01,
        "MILESTONE":[
            5,
            7,
            9,
            11,
            13,
            16,
            18,
            20,
            23,
            25,
            28,
            30,
            35,
            38,
            40,
            42,
            44,
            46,
            48,
            50,
            52,
            54,
            56,
            70,
            100
        ],
        "MOMENTUM":0.9,
        "NAME":"adam",
        "RESET_LR":true,
        "SCHEDULER":"multi_step_scale",
        "WEIGHT_DECAY":0.0005
    },
    "TEST":{
        "COMPUTE_CCC":false,
        "COMPUTE_PCC":false,
        "FULL_TEST":false,
        "SAVE_DATASET_OUTPUT":"",
        "TEST_ONLY":false,
        "WEIGHT":""
    },
    "TRAIN":{
        "BIMODAL_OPTION":1,
        "LOG_INTERVAL":1,
        "MAX_EPOCH":500,
        "OUTPUT_DIR":"results/demo/unified_frame_images/bimodal_resnet_udiva",
        "PRE_TRAINED_MODEL":null,
        "RESUME":"",
        "START_EPOCH":0,
        "TRAINER":"BiModalTrainerUdiva",
        "VALID_INTERVAL":1
    }
}
change learning rate form [0.01] to [0.01]
Training: learning rate:0.01
Using BCELoss
================================== start training... ==================================
Train: Epo[001/500] Iter[001/001] IterTime:[716.90s] LOSS: 0.6848 ACC:0.5044 ETA:99h:46m:7s 
Valid: Epoch[001/500] Train Mean_Acc: 50.44% Valid Mean_Acc:45.81% OCEAN_ACC:[0.4581478 0.4581478]

Training: learning rate:0.01
Train: Epo[002/500] Iter[001/001] IterTime:[963.90s] LOSS: 0.6810 ACC:0.5806 ETA:133h:52m:29s 
Valid: Epoch[002/500] Train Mean_Acc: 58.06% Valid Mean_Acc:51.23% OCEAN_ACC:[0.51229626 0.51229626]

Training: learning rate:0.01
Train: Epo[003/500] Iter[001/001] IterTime:[803.15s] LOSS: 0.7191 ACC:0.4882 ETA:111h:19m:34s 
Valid: Epoch[003/500] Train Mean_Acc: 48.82% Valid Mean_Acc:50.56% OCEAN_ACC:[0.50559986 0.50559986]

Training: learning rate:0.01
Train: Epo[004/500] Iter[001/001] IterTime:[725.49s] LOSS: 0.6886 ACC:0.5035 ETA:100h:21m:33s 
Valid: Epoch[004/500] Train Mean_Acc: 50.35% Valid Mean_Acc:49.13% OCEAN_ACC:[0.4913416  0.49134162]

Training: learning rate:0.01
Train: Epo[005/500] Iter[001/001] IterTime:[694.99s] LOSS: 0.6788 ACC:0.5094 ETA:95h:56m:50s 
Valid: Epoch[005/500] Train Mean_Acc: 50.94% Valid Mean_Acc:46.84% OCEAN_ACC:[0.46840873 0.4684087 ]

Training: learning rate:0.001
Train: Epo[006/500] Iter[001/001] IterTime:[696.01s] LOSS: 0.6916 ACC:0.5119 ETA:95h:53m:42s 
Valid: Epoch[006/500] Train Mean_Acc: 51.19% Valid Mean_Acc:46.67% OCEAN_ACC:[0.46671835 0.4667183 ]

Training: learning rate:0.001
Train: Epo[007/500] Iter[001/001] IterTime:[718.43s] LOSS: 0.6934 ACC:0.5113 ETA:98h:47m:2s 
Valid: Epoch[007/500] Train Mean_Acc: 51.13% Valid Mean_Acc:46.90% OCEAN_ACC:[0.46900213 0.46900213]

Training: learning rate:0.0001
Train: Epo[008/500] Iter[001/001] IterTime:[603.37s] LOSS: 0.6873 ACC:0.5141 ETA:82h:47m:44s 
Valid: Epoch[008/500] Train Mean_Acc: 51.41% Valid Mean_Acc:46.79% OCEAN_ACC:[0.46785375 0.46785378]

Training: learning rate:0.0001
Train: Epo[009/500] Iter[001/001] IterTime:[618.86s] LOSS: 0.6679 ACC:0.5239 ETA:84h:44m:59s 
Valid: Epoch[009/500] Train Mean_Acc: 52.39% Valid Mean_Acc:46.92% OCEAN_ACC:[0.46917942 0.46917942]

Training: learning rate:1e-05
Train: Epo[010/500] Iter[001/001] IterTime:[568.19s] LOSS: 0.6745 ACC:0.5206 ETA:77h:39m:8s 
Valid: Epoch[010/500] Train Mean_Acc: 52.06% Valid Mean_Acc:46.91% OCEAN_ACC:[0.46911266 0.46911266]

Training: learning rate:1e-05
Train: Epo[011/500] Iter[001/001] IterTime:[688.96s] LOSS: 0.6636 ACC:0.5259 ETA:93h:57m:58s 
Valid: Epoch[011/500] Train Mean_Acc: 52.59% Valid Mean_Acc:47.00% OCEAN_ACC:[0.47000405 0.47000405]

Training: learning rate:1.0000000000000002e-06
Train: Epo[012/500] Iter[001/001] IterTime:[619.76s] LOSS: 0.6668 ACC:0.5244 ETA:84h:21m:20s 
Valid: Epoch[012/500] Train Mean_Acc: 52.44% Valid Mean_Acc:47.10% OCEAN_ACC:[0.47100016 0.4710001 ]

Training: learning rate:1.0000000000000002e-06
Train: Epo[013/500] Iter[001/001] IterTime:[621.82s] LOSS: 0.6429 ACC:0.5361 ETA:84h:27m:49s 
Valid: Epoch[013/500] Train Mean_Acc: 53.61% Valid Mean_Acc:47.03% OCEAN_ACC:[0.4702848 0.4702848]

Training: learning rate:1.0000000000000002e-07
Train: Epo[014/500] Iter[001/001] IterTime:[688.42s] LOSS: 0.6489 ACC:0.5331 ETA:93h:19m:7s 
Valid: Epoch[014/500] Train Mean_Acc: 53.31% Valid Mean_Acc:46.92% OCEAN_ACC:[0.46921122 0.4692112 ]

Training: learning rate:1.0000000000000002e-07
Train: Epo[015/500] Iter[001/001] IterTime:[613.58s] LOSS: 0.6497 ACC:0.5327 ETA:83h:0m:11s 
Valid: Epoch[015/500] Train Mean_Acc: 53.27% Valid Mean_Acc:47.02% OCEAN_ACC:[0.47015134 0.4701514 ]

Training: learning rate:1.0000000000000002e-07
Train: Epo[016/500] Iter[001/001] IterTime:[663.73s] LOSS: 0.6561 ACC:0.5295 ETA:89h:36m:13s 
Valid: Epoch[016/500] Train Mean_Acc: 52.95% Valid Mean_Acc:47.05% OCEAN_ACC:[0.47049633 0.4704963 ]

Training: learning rate:1.0000000000000004e-08
Train: Epo[017/500] Iter[001/001] IterTime:[694.02s] LOSS: 0.6561 ACC:0.5298 ETA:93h:29m:58s 
Valid: Epoch[017/500] Train Mean_Acc: 52.98% Valid Mean_Acc:47.00% OCEAN_ACC:[0.46995795 0.46995795]

Training: learning rate:1.0000000000000004e-08
Train: Epo[018/500] Iter[001/001] IterTime:[605.82s] LOSS: 0.6570 ACC:0.5292 ETA:81h:26m:58s 
Valid: Epoch[018/500] Train Mean_Acc: 52.92% Valid Mean_Acc:47.18% OCEAN_ACC:[0.47179708 0.47179702]

Training: learning rate:1.0000000000000005e-09
Train: Epo[019/500] Iter[001/001] IterTime:[660.84s] LOSS: 0.6372 ACC:0.5389 ETA:88h:39m:45s 
Valid: Epoch[019/500] Train Mean_Acc: 53.89% Valid Mean_Acc:46.96% OCEAN_ACC:[0.46955585 0.46955585]

Training: learning rate:1.0000000000000005e-09
Train: Epo[020/500] Iter[001/001] IterTime:[591.06s] LOSS: 0.6788 ACC:0.5184 ETA:79h:8m:9s 
Valid: Epoch[020/500] Train Mean_Acc: 51.84% Valid Mean_Acc:46.81% OCEAN_ACC:[0.4680923 0.4680923]

Training: learning rate:1.0000000000000006e-10
Train: Epo[021/500] Iter[001/001] IterTime:[700.81s] LOSS: 0.6749 ACC:0.5204 ETA:93h:38m:10s 
Valid: Epoch[021/500] Train Mean_Acc: 52.04% Valid Mean_Acc:47.09% OCEAN_ACC:[0.47089723 0.47089723]

Training: learning rate:1.0000000000000006e-10
Train: Epo[022/500] Iter[001/001] IterTime:[707.37s] LOSS: 0.6560 ACC:0.5297 ETA:94h:18m:57s 
Valid: Epoch[022/500] Train Mean_Acc: 52.97% Valid Mean_Acc:46.99% OCEAN_ACC:[0.46986118 0.46986118]

Training: learning rate:1.0000000000000006e-10
Train: Epo[023/500] Iter[001/001] IterTime:[613.67s] LOSS: 0.6979 ACC:0.5090 ETA:81h:39m:6s 
Valid: Epoch[023/500] Train Mean_Acc: 50.90% Valid Mean_Acc:47.07% OCEAN_ACC:[0.47066903 0.47066906]

Training: learning rate:1.0000000000000006e-11
Train: Epo[024/500] Iter[001/001] IterTime:[720.73s] LOSS: 0.6814 ACC:0.5172 ETA:95h:41m:47s 
Valid: Epoch[024/500] Train Mean_Acc: 51.72% Valid Mean_Acc:47.06% OCEAN_ACC:[0.4706386 0.4706386]

Training: learning rate:1.0000000000000006e-11
Train: Epo[025/500] Iter[001/001] IterTime:[687.39s] LOSS: 0.6379 ACC:0.5388 ETA:91h:4m:43s 
Valid: Epoch[025/500] Train Mean_Acc: 53.88% Valid Mean_Acc:46.94% OCEAN_ACC:[0.46942452 0.46942452]

Training: learning rate:1.0000000000000006e-12
Train: Epo[026/500] Iter[001/001] IterTime:[636.90s] LOSS: 0.6740 ACC:0.5208 ETA:84h:12m:45s 
Valid: Epoch[026/500] Train Mean_Acc: 52.08% Valid Mean_Acc:47.00% OCEAN_ACC:[0.4699678  0.46996775]

Training: learning rate:1.0000000000000006e-12
slurmstepd: error: *** JOB 13954871 ON cpu-e-912 CANCELLED AT 2023-02-07T19:51:39 DUE TO TIME LIMIT ***
