rhel8/default-icl(17):ERROR:105: Unable to locate a modulefile for 'intel-oneapi-compilers/2022.1.0/gcc'
rhel8/default-icl(18):ERROR:105: Unable to locate a modulefile for 'intel-oneapi-mpi/2021.6.0/intel'
==================== Activating conda environment ====================
> Python version : /home/zl525/.conda/envs/DeepPersonality/bin/python
==================== Run program ====================
wandb: Currently logged in as: 1009694687 (hyllbd-1009694687). Use `wandb login --relogin` to force relogin
wandb: Tracking run with wandb version 0.13.9
wandb: Run data is saved locally in /home/zl525/code/DeepPersonality/wandb/run-20230206_172552-6efevktu
wandb: Run `wandb offline` to turn off syncing.
wandb: Syncing run warm-dragon-295
wandb: ⭐️ View project at https://wandb.ai/hyllbd-1009694687/DeepPersonality
wandb: 🚀 View run at https://wandb.ai/hyllbd-1009694687/DeepPersonality/runs/6efevktu
{
    "DATA":{
        "ANIMALS_TEST_AUD_DATA":"udiva_full/test/recordings/animals_recordings_test_wav",
        "ANIMALS_TEST_IMG_DATA":"udiva_full/test/recordings/animals_recordings_test_img",
        "ANIMALS_TRAIN_AUD_DATA":"udiva_full/train/recordings/animals_recordings_train_wav",
        "ANIMALS_TRAIN_IMG_DATA":"udiva_full/train/recordings/animals_recordings_train_img",
        "ANIMALS_VAL_AUD_DATA":"udiva_full/val/recordings/animals_recordings_val_wav",
        "ANIMALS_VAL_IMG_DATA":"udiva_full/val/recordings/animals_recordings_val_img",
        "GHOST_TEST_AUD_DATA":"udiva_full/test/recordings/ghost_recordings_test_wav",
        "GHOST_TEST_IMG_DATA":"udiva_full/test/recordings/ghost_recordings_test_img",
        "GHOST_TRAIN_AUD_DATA":"udiva_full/train/recordings/ghost_recordings_train_wav",
        "GHOST_TRAIN_IMG_DATA":"udiva_full/train/recordings/ghost_recordings_train_img",
        "GHOST_VAL_AUD_DATA":"udiva_full/val/recordings/ghost_recordings_val_wav",
        "GHOST_VAL_IMG_DATA":"udiva_full/val/recordings/ghost_recordings_val_img",
        "LEGO_TEST_AUD_DATA":"udiva_full/test/recordings/lego_recordings_test_wav",
        "LEGO_TEST_IMG_DATA":"udiva_full/test/recordings/lego_recordings_test_img",
        "LEGO_TRAIN_AUD_DATA":"udiva_full/train/recordings/lego_recordings_train_wav",
        "LEGO_TRAIN_IMG_DATA":"udiva_full/train/recordings/lego_recordings_train_img",
        "LEGO_VAL_AUD_DATA":"udiva_full/val/recordings/lego_recordings_val_wav",
        "LEGO_VAL_IMG_DATA":"udiva_full/val/recordings/lego_recordings_val_img",
        "ROOT":"datasets",
        "SAMPLE_SIZE":60,
        "SESSION":"TALK",
        "TALK_TEST_AUD_DATA":"udiva_full/test/recordings/talk_recordings_test_wav",
        "TALK_TEST_IMG_DATA":"udiva_full/test/recordings/talk_recordings_test_img",
        "TALK_TRAIN_AUD_DATA":"udiva_full/train/recordings/talk_recordings_train_wav",
        "TALK_TRAIN_IMG_DATA":"udiva_full/train/recordings/talk_recordings_train_img",
        "TALK_VAL_AUD_DATA":"udiva_full/val/recordings/talk_recordings_val_wav",
        "TALK_VAL_IMG_DATA":"udiva_full/val/recordings/talk_recordings_val_img",
        "TEST_AUD_DATA":"raw_voice/testData",
        "TEST_IMG_DATA":"image_data/test_data",
        "TEST_IMG_FACE_DATA":"image_data/test_data_face",
        "TEST_LABEL_DATA":"udiva_full/test/label/sessions_test.pkl",
        "TRAIN_AUD_DATA":"raw_voice/trainingData",
        "TRAIN_IMG_DATA":"image_data/train_data",
        "TRAIN_IMG_FACE_DATA":"image_data/train_data_face",
        "TRAIN_LABEL_DATA":"udiva_full/train/label/sessions_train.pkl",
        "TYPE":"frame",
        "VALID_AUD_DATA":"raw_voice/validationData",
        "VALID_IMG_DATA":"image_data/valid_data",
        "VALID_IMG_FACE_DATA":"image_data/valid_data_face",
        "VALID_LABEL_DATA":"udiva_full/val/label/sessions_val.pkl",
        "VA_DATA":"va_data/cropped_aligned",
        "VA_ROOT":"datasets",
        "VA_TRAIN_LABEL":"va_data/va_label/VA_Set/Train_Set",
        "VA_VALID_LABEL":"va_data/va_label/VA_Set/Validation_Set"
    },
    "DATA_LOADER":{
        "DATASET":"",
        "DATASET_NAME":"UDIVA",
        "DROP_LAST":true,
        "NAME":"bimodal_resnet_lstm_data_loader_udiva",
        "NUM_WORKERS":1,
        "SECOND_STAGE":{
            "METHOD":"",
            "TYPE":""
        },
        "SHUFFLE":true,
        "TRAIN_BATCH_SIZE":72,
        "TRANSFORM":"standard_frame_transform",
        "VALID_BATCH_SIZE":3
    },
    "LOSS":{
        "NAME":"binary_cross_entropy"
    },
    "MODEL":{
        "NAME":"get_img_modal_lstm_model_udiva",
        "NUM_CLASS":5,
        "PRETRAIN":false,
        "RETURN_FEATURE":false,
        "SPECTRUM_CHANNEL":50
    },
    "SOLVER":{
        "BETA_1":0.5,
        "BETA_2":0.999,
        "FACTOR":0.1,
        "LR_INIT":0.1,
        "MILESTONE":[
            5,
            7,
            9,
            11,
            13,
            16,
            18,
            20,
            23,
            25,
            28,
            30,
            35,
            38,
            40,
            42,
            44,
            46,
            48,
            50,
            52,
            54,
            56,
            70,
            100
        ],
        "MOMENTUM":0.9,
        "NAME":"adam",
        "RESET_LR":true,
        "SCHEDULER":"multi_step_scale",
        "WEIGHT_DECAY":0.0005
    },
    "TEST":{
        "COMPUTE_CCC":false,
        "COMPUTE_PCC":false,
        "FULL_TEST":false,
        "SAVE_DATASET_OUTPUT":"",
        "TEST_ONLY":false,
        "WEIGHT":""
    },
    "TRAIN":{
        "BIMODAL_OPTION":1,
        "LOG_INTERVAL":1,
        "MAX_EPOCH":500,
        "OUTPUT_DIR":"results/demo/unified_frame_images/bimodal_resnet_udiva",
        "PRE_TRAINED_MODEL":null,
        "RESUME":"",
        "START_EPOCH":0,
        "TRAINER":"BiModalTrainerUdiva",
        "VALID_INTERVAL":1
    }
}
change learning rate form [0.1] to [0.1]
Training: learning rate:0.1
Using BCELoss
================================== start training... ==================================
Train: Epo[001/500] Iter[001/001] IterTime:[126.59s] LOSS: 0.6909 ACC:0.5012 ETA:17h:37m:2s 
Valid: Epoch[001/500] Train Mean_Acc: 50.12% Valid Mean_Acc:38.93% OCEAN_ACC:[0.3893284  0.38932833]

Training: learning rate:0.1
Train: Epo[002/500] Iter[001/001] IterTime:[124.44s] LOSS: 1.5618 ACC:0.6357 ETA:17h:17m:1s 
Valid: Epoch[002/500] Train Mean_Acc: 63.57% Valid Mean_Acc:38.97% OCEAN_ACC:[0.38974556 0.38974556]

Training: learning rate:0.1
Train: Epo[003/500] Iter[001/001] IterTime:[124.07s] LOSS: 0.9701 ACC:0.5992 ETA:17h:11m:49s 
Valid: Epoch[003/500] Train Mean_Acc: 59.92% Valid Mean_Acc:58.77% OCEAN_ACC:[0.5876689 0.5876689]

Training: learning rate:0.1
Train: Epo[004/500] Iter[001/001] IterTime:[124.49s] LOSS: 1.7268 ACC:0.3504 ETA:17h:13m:17s 
Valid: Epoch[004/500] Train Mean_Acc: 35.04% Valid Mean_Acc:40.18% OCEAN_ACC:[0.4017764 0.4017764]

Training: learning rate:0.1
Train: Epo[005/500] Iter[001/001] IterTime:[127.11s] LOSS: 0.8517 ACC:0.5196 ETA:17h:32m:51s 
Valid: Epoch[005/500] Train Mean_Acc: 51.96% Valid Mean_Acc:39.02% OCEAN_ACC:[0.39020166 0.3902016 ]

Training: learning rate:0.010000000000000002
Train: Epo[006/500] Iter[001/001] IterTime:[122.50s] LOSS: 0.7704 ACC:0.6507 ETA:16h:52m:37s 
Valid: Epoch[006/500] Train Mean_Acc: 65.07% Valid Mean_Acc:39.01% OCEAN_ACC:[0.3900548 0.3900548]

Training: learning rate:0.010000000000000002
Train: Epo[007/500] Iter[001/001] IterTime:[123.84s] LOSS: 1.0574 ACC:0.5511 ETA:17h:1m:40s 
Valid: Epoch[007/500] Train Mean_Acc: 55.11% Valid Mean_Acc:39.01% OCEAN_ACC:[0.3900582  0.39005816]

Training: learning rate:0.0010000000000000002
Train: Epo[008/500] Iter[001/001] IterTime:[124.87s] LOSS: 1.0820 ACC:0.5551 ETA:17h:8m:4s 
Valid: Epoch[008/500] Train Mean_Acc: 55.51% Valid Mean_Acc:39.01% OCEAN_ACC:[0.3900727  0.39007267]

Training: learning rate:0.0010000000000000002
Train: Epo[009/500] Iter[001/001] IterTime:[124.78s] LOSS: 0.9855 ACC:0.5866 ETA:17h:5m:15s 
Valid: Epoch[009/500] Train Mean_Acc: 58.66% Valid Mean_Acc:39.01% OCEAN_ACC:[0.39009747 0.39009747]

Training: learning rate:0.00010000000000000003
Train: Epo[010/500] Iter[001/001] IterTime:[122.09s] LOSS: 0.9500 ACC:0.5999 ETA:16h:41m:6s 
Valid: Epoch[010/500] Train Mean_Acc: 59.99% Valid Mean_Acc:39.01% OCEAN_ACC:[0.39010084 0.39010093]

Training: learning rate:0.00010000000000000003
Train: Epo[011/500] Iter[001/001] IterTime:[122.30s] LOSS: 0.8289 ACC:0.6409 ETA:16h:40m:47s 
Valid: Epoch[011/500] Train Mean_Acc: 64.09% Valid Mean_Acc:39.01% OCEAN_ACC:[0.39010486 0.39010486]

Training: learning rate:1.0000000000000004e-05
Train: Epo[012/500] Iter[001/001] IterTime:[122.18s] LOSS: 1.1668 ACC:0.5343 ETA:16h:37m:48s 
Valid: Epoch[012/500] Train Mean_Acc: 53.43% Valid Mean_Acc:39.01% OCEAN_ACC:[0.39010537 0.39010534]

Training: learning rate:1.0000000000000004e-05
Train: Epo[013/500] Iter[001/001] IterTime:[123.46s] LOSS: 0.9456 ACC:0.6001 ETA:16h:46m:13s 
Valid: Epoch[013/500] Train Mean_Acc: 60.01% Valid Mean_Acc:39.01% OCEAN_ACC:[0.39010596 0.39010596]

Training: learning rate:1.0000000000000004e-06
Train: Epo[014/500] Iter[001/001] IterTime:[122.74s] LOSS: 0.8846 ACC:0.6165 ETA:16h:38m:15s 
Valid: Epoch[014/500] Train Mean_Acc: 61.65% Valid Mean_Acc:39.01% OCEAN_ACC:[0.390106 0.390106]

Training: learning rate:1.0000000000000004e-06
Train: Epo[015/500] Iter[001/001] IterTime:[122.80s] LOSS: 0.9114 ACC:0.6084 ETA:16h:36m:45s 
Valid: Epoch[015/500] Train Mean_Acc: 60.84% Valid Mean_Acc:39.01% OCEAN_ACC:[0.39010605 0.39010605]

Training: learning rate:1.0000000000000004e-06
Train: Epo[016/500] Iter[001/001] IterTime:[123.46s] LOSS: 0.9297 ACC:0.6150 ETA:16h:40m:0s 
Valid: Epoch[016/500] Train Mean_Acc: 61.50% Valid Mean_Acc:39.01% OCEAN_ACC:[0.3901061 0.3901061]

Training: learning rate:1.0000000000000005e-07
Train: Epo[017/500] Iter[001/001] IterTime:[122.87s] LOSS: 0.9501 ACC:0.5864 ETA:16h:33m:11s 
Valid: Epoch[017/500] Train Mean_Acc: 58.64% Valid Mean_Acc:39.01% OCEAN_ACC:[0.3901061 0.3901062]

Training: learning rate:1.0000000000000005e-07
Train: Epo[018/500] Iter[001/001] IterTime:[123.22s] LOSS: 1.0230 ACC:0.5731 ETA:16h:33m:59s 
Valid: Epoch[018/500] Train Mean_Acc: 57.31% Valid Mean_Acc:39.01% OCEAN_ACC:[0.3901061  0.39010617]

Training: learning rate:1.0000000000000005e-08
Train: Epo[019/500] Iter[001/001] IterTime:[121.86s] LOSS: 0.9073 ACC:0.6067 ETA:16h:20m:57s 
Valid: Epoch[019/500] Train Mean_Acc: 60.67% Valid Mean_Acc:39.01% OCEAN_ACC:[0.3901061  0.39010617]

Training: learning rate:1.0000000000000005e-08
Train: Epo[020/500] Iter[001/001] IterTime:[123.73s] LOSS: 0.8505 ACC:0.6243 ETA:16h:33m:56s 
Valid: Epoch[020/500] Train Mean_Acc: 62.43% Valid Mean_Acc:39.01% OCEAN_ACC:[0.39010617 0.3901062 ]

Training: learning rate:1.0000000000000005e-09
Train: Epo[021/500] Iter[001/001] IterTime:[122.92s] LOSS: 0.9376 ACC:0.6029 ETA:16h:25m:24s 
Valid: Epoch[021/500] Train Mean_Acc: 60.29% Valid Mean_Acc:39.01% OCEAN_ACC:[0.39010617 0.3901062 ]

Training: learning rate:1.0000000000000005e-09
Train: Epo[022/500] Iter[001/001] IterTime:[121.92s] LOSS: 1.0259 ACC:0.5599 ETA:16h:15m:22s 
Valid: Epoch[022/500] Train Mean_Acc: 55.99% Valid Mean_Acc:39.01% OCEAN_ACC:[0.3901061 0.3901062]

Training: learning rate:1.0000000000000005e-09
Train: Epo[023/500] Iter[001/001] IterTime:[123.68s] LOSS: 0.9779 ACC:0.5979 ETA:16h:27m:23s 
Valid: Epoch[023/500] Train Mean_Acc: 59.79% Valid Mean_Acc:39.01% OCEAN_ACC:[0.3901061 0.3901062]

Training: learning rate:1.0000000000000006e-10
Train: Epo[024/500] Iter[001/001] IterTime:[123.46s] LOSS: 0.9531 ACC:0.6079 ETA:16h:23m:32s 
Valid: Epoch[024/500] Train Mean_Acc: 60.79% Valid Mean_Acc:39.01% OCEAN_ACC:[0.39010617 0.3901062 ]

Training: learning rate:1.0000000000000006e-10
Train: Epo[025/500] Iter[001/001] IterTime:[123.08s] LOSS: 1.0885 ACC:0.5499 ETA:16h:18m:28s 
Valid: Epoch[025/500] Train Mean_Acc: 54.99% Valid Mean_Acc:39.01% OCEAN_ACC:[0.3901061 0.3901062]

Training: learning rate:1.0000000000000006e-11
Train: Epo[026/500] Iter[001/001] IterTime:[122.80s] LOSS: 1.0956 ACC:0.5802 ETA:16h:14m:14s 
Valid: Epoch[026/500] Train Mean_Acc: 58.02% Valid Mean_Acc:39.01% OCEAN_ACC:[0.3901061 0.3901062]

Training: learning rate:1.0000000000000006e-11
Train: Epo[027/500] Iter[001/001] IterTime:[124.51s] LOSS: 1.1500 ACC:0.5310 ETA:16h:25m:41s 
Valid: Epoch[027/500] Train Mean_Acc: 53.10% Valid Mean_Acc:39.01% OCEAN_ACC:[0.3901061 0.3901062]

Training: learning rate:1.0000000000000006e-11
Train: Epo[028/500] Iter[001/001] IterTime:[122.88s] LOSS: 0.8029 ACC:0.6398 ETA:16h:10m:45s 
Valid: Epoch[028/500] Train Mean_Acc: 63.98% Valid Mean_Acc:39.01% OCEAN_ACC:[0.3901061 0.3901062]

Training: learning rate:1.0000000000000006e-12
Train: Epo[029/500] Iter[001/001] IterTime:[121.34s] LOSS: 1.0037 ACC:0.5904 ETA:15h:56m:35s 
Valid: Epoch[029/500] Train Mean_Acc: 59.04% Valid Mean_Acc:39.01% OCEAN_ACC:[0.3901061 0.3901062]

Training: learning rate:1.0000000000000006e-12
Train: Epo[030/500] Iter[001/001] IterTime:[121.11s] LOSS: 0.8564 ACC:0.6253 ETA:15h:52m:42s 
Valid: Epoch[030/500] Train Mean_Acc: 62.53% Valid Mean_Acc:39.01% OCEAN_ACC:[0.39010617 0.3901062 ]

Training: learning rate:1.0000000000000007e-13
Train: Epo[031/500] Iter[001/001] IterTime:[121.43s] LOSS: 1.1655 ACC:0.5284 ETA:15h:53m:13s 
Valid: Epoch[031/500] Train Mean_Acc: 52.84% Valid Mean_Acc:39.01% OCEAN_ACC:[0.3901061 0.3901062]

Training: learning rate:1.0000000000000007e-13
Train: Epo[032/500] Iter[001/001] IterTime:[122.28s] LOSS: 1.0449 ACC:0.5641 ETA:15h:57m:52s 
Valid: Epoch[032/500] Train Mean_Acc: 56.41% Valid Mean_Acc:39.01% OCEAN_ACC:[0.3901061 0.3901062]

Training: learning rate:1.0000000000000007e-13
Train: Epo[033/500] Iter[001/001] IterTime:[124.94s] LOSS: 0.9635 ACC:0.5843 ETA:16h:16m:34s 
Valid: Epoch[033/500] Train Mean_Acc: 58.43% Valid Mean_Acc:39.01% OCEAN_ACC:[0.3901061 0.3901062]

Training: learning rate:1.0000000000000007e-13
Train: Epo[034/500] Iter[001/001] IterTime:[122.26s] LOSS: 0.9742 ACC:0.5943 ETA:15h:53m:35s 
Valid: Epoch[034/500] Train Mean_Acc: 59.43% Valid Mean_Acc:39.01% OCEAN_ACC:[0.39010617 0.3901062 ]

Training: learning rate:1.0000000000000007e-13
Train: Epo[035/500] Iter[001/001] IterTime:[121.11s] LOSS: 0.8965 ACC:0.6149 ETA:15h:42m:36s 
Valid: Epoch[035/500] Train Mean_Acc: 61.49% Valid Mean_Acc:39.01% OCEAN_ACC:[0.3901061 0.3901062]

Training: learning rate:1.0000000000000008e-14
Train: Epo[036/500] Iter[001/001] IterTime:[123.43s] LOSS: 0.9195 ACC:0.6086 ETA:15h:58m:39s 
Valid: Epoch[036/500] Train Mean_Acc: 60.86% Valid Mean_Acc:39.01% OCEAN_ACC:[0.39010617 0.3901062 ]

Training: learning rate:1.0000000000000008e-14
Train: Epo[037/500] Iter[001/001] IterTime:[122.19s] LOSS: 1.0199 ACC:0.5771 ETA:15h:46m:59s 
Valid: Epoch[037/500] Train Mean_Acc: 57.71% Valid Mean_Acc:39.01% OCEAN_ACC:[0.3901061 0.3901062]

Training: learning rate:1.0000000000000008e-14
Train: Epo[038/500] Iter[001/001] IterTime:[123.37s] LOSS: 0.9746 ACC:0.6012 ETA:15h:54m:5s 
Valid: Epoch[038/500] Train Mean_Acc: 60.12% Valid Mean_Acc:39.01% OCEAN_ACC:[0.39010617 0.3901062 ]

Training: learning rate:1.0000000000000009e-15
Train: Epo[039/500] Iter[001/001] IterTime:[123.69s] LOSS: 1.0178 ACC:0.5606 ETA:15h:54m:28s 
Valid: Epoch[039/500] Train Mean_Acc: 56.06% Valid Mean_Acc:39.01% OCEAN_ACC:[0.39010617 0.3901062 ]

Training: learning rate:1.0000000000000009e-15
Train: Epo[040/500] Iter[001/001] IterTime:[124.84s] LOSS: 0.8885 ACC:0.6061 ETA:16h:1m:17s 
Valid: Epoch[040/500] Train Mean_Acc: 60.61% Valid Mean_Acc:39.01% OCEAN_ACC:[0.3901061 0.3901062]

Training: learning rate:1.000000000000001e-16
Train: Epo[041/500] Iter[001/001] IterTime:[123.64s] LOSS: 0.9503 ACC:0.5970 ETA:15h:49m:58s 
Valid: Epoch[041/500] Train Mean_Acc: 59.70% Valid Mean_Acc:39.01% OCEAN_ACC:[0.3901061 0.3901062]

Training: learning rate:1.000000000000001e-16
Train: Epo[042/500] Iter[001/001] IterTime:[123.06s] LOSS: 1.0197 ACC:0.5786 ETA:15h:43m:26s 
Valid: Epoch[042/500] Train Mean_Acc: 57.86% Valid Mean_Acc:39.01% OCEAN_ACC:[0.3901061 0.3901062]

Training: learning rate:1.000000000000001e-17
Train: Epo[043/500] Iter[001/001] IterTime:[124.75s] LOSS: 0.8065 ACC:0.6459 ETA:15h:54m:18s 
Valid: Epoch[043/500] Train Mean_Acc: 64.59% Valid Mean_Acc:39.01% OCEAN_ACC:[0.3901061 0.3901062]

Training: learning rate:1.000000000000001e-17
Train: Epo[044/500] Iter[001/001] IterTime:[122.97s] LOSS: 0.9578 ACC:0.5998 ETA:15h:38m:37s 
Valid: Epoch[044/500] Train Mean_Acc: 59.98% Valid Mean_Acc:39.01% OCEAN_ACC:[0.3901061  0.39010617]

Training: learning rate:1.000000000000001e-18
Train: Epo[045/500] Iter[001/001] IterTime:[124.24s] LOSS: 0.9852 ACC:0.6072 ETA:15h:46m:15s 
Valid: Epoch[045/500] Train Mean_Acc: 60.72% Valid Mean_Acc:39.01% OCEAN_ACC:[0.39010617 0.3901062 ]

Training: learning rate:1.000000000000001e-18
Train: Epo[046/500] Iter[001/001] IterTime:[123.40s] LOSS: 0.9328 ACC:0.6221 ETA:15h:37m:51s 
Valid: Epoch[046/500] Train Mean_Acc: 62.21% Valid Mean_Acc:39.01% OCEAN_ACC:[0.3901061 0.3901062]

Training: learning rate:1.000000000000001e-19
Train: Epo[047/500] Iter[001/001] IterTime:[123.58s] LOSS: 0.9431 ACC:0.5839 ETA:15h:37m:9s 
Valid: Epoch[047/500] Train Mean_Acc: 58.39% Valid Mean_Acc:39.01% OCEAN_ACC:[0.3901061 0.3901062]

Training: learning rate:1.000000000000001e-19
Train: Epo[048/500] Iter[001/001] IterTime:[125.46s] LOSS: 0.9072 ACC:0.6083 ETA:15h:49m:20s 
Valid: Epoch[048/500] Train Mean_Acc: 60.83% Valid Mean_Acc:39.01% OCEAN_ACC:[0.39010608 0.39010617]

Training: learning rate:1.0000000000000011e-20
Train: Epo[049/500] Iter[001/001] IterTime:[122.93s] LOSS: 1.0454 ACC:0.5875 ETA:15h:28m:7s 
Valid: Epoch[049/500] Train Mean_Acc: 58.75% Valid Mean_Acc:39.01% OCEAN_ACC:[0.39010617 0.3901062 ]

Training: learning rate:1.0000000000000011e-20
Train: Epo[050/500] Iter[001/001] IterTime:[123.89s] LOSS: 1.0418 ACC:0.5669 ETA:15h:33m:20s 
Valid: Epoch[050/500] Train Mean_Acc: 56.69% Valid Mean_Acc:39.01% OCEAN_ACC:[0.3901061 0.3901062]

Training: learning rate:1.0000000000000012e-21
Train: Epo[051/500] Iter[001/001] IterTime:[125.97s] LOSS: 0.9825 ACC:0.5922 ETA:15h:46m:52s 
Valid: Epoch[051/500] Train Mean_Acc: 59.22% Valid Mean_Acc:39.01% OCEAN_ACC:[0.3901061 0.3901062]

Training: learning rate:1.0000000000000012e-21
Train: Epo[052/500] Iter[001/001] IterTime:[123.21s] LOSS: 0.9636 ACC:0.6033 ETA:15h:24m:4s 
Valid: Epoch[052/500] Train Mean_Acc: 60.33% Valid Mean_Acc:39.01% OCEAN_ACC:[0.3901061 0.3901062]

Training: learning rate:1.0000000000000012e-22
Train: Epo[053/500] Iter[001/001] IterTime:[122.22s] LOSS: 0.9145 ACC:0.6081 ETA:15h:14m:37s 
Valid: Epoch[053/500] Train Mean_Acc: 60.81% Valid Mean_Acc:39.01% OCEAN_ACC:[0.3901061 0.3901062]

Training: learning rate:1.0000000000000012e-22
Train: Epo[054/500] Iter[001/001] IterTime:[126.13s] LOSS: 0.7791 ACC:0.6504 ETA:15h:41m:44s 
Valid: Epoch[054/500] Train Mean_Acc: 65.04% Valid Mean_Acc:39.01% OCEAN_ACC:[0.3901061 0.3901062]

Training: learning rate:1.0000000000000013e-23
Train: Epo[055/500] Iter[001/001] IterTime:[124.52s] LOSS: 1.1031 ACC:0.5537 ETA:15h:27m:41s 
Valid: Epoch[055/500] Train Mean_Acc: 55.37% Valid Mean_Acc:39.01% OCEAN_ACC:[0.3901061 0.3901062]

Training: learning rate:1.0000000000000013e-23
Train: Epo[056/500] Iter[001/001] IterTime:[122.32s] LOSS: 0.8333 ACC:0.6258 ETA:15h:9m:16s 
Valid: Epoch[056/500] Train Mean_Acc: 62.58% Valid Mean_Acc:39.01% OCEAN_ACC:[0.3901061 0.3901062]

Training: learning rate:1.0000000000000014e-24
Train: Epo[057/500] Iter[001/001] IterTime:[122.74s] LOSS: 0.9071 ACC:0.6114 ETA:15h:10m:17s 
Valid: Epoch[057/500] Train Mean_Acc: 61.14% Valid Mean_Acc:39.01% OCEAN_ACC:[0.3901061 0.3901062]

Training: learning rate:1.0000000000000014e-24
Train: Epo[058/500] Iter[001/001] IterTime:[124.78s] LOSS: 0.9794 ACC:0.5780 ETA:15h:23m:21s 
Valid: Epoch[058/500] Train Mean_Acc: 57.80% Valid Mean_Acc:39.01% OCEAN_ACC:[0.39010617 0.3901062 ]

Training: learning rate:1.0000000000000014e-24
Train: Epo[059/500] Iter[001/001] IterTime:[124.05s] LOSS: 1.0503 ACC:0.5543 ETA:15h:15m:53s 
Valid: Epoch[059/500] Train Mean_Acc: 55.43% Valid Mean_Acc:39.01% OCEAN_ACC:[0.3901061 0.3901062]

Training: learning rate:1.0000000000000014e-24
Train: Epo[060/500] Iter[001/001] IterTime:[124.41s] LOSS: 0.9826 ACC:0.5924 ETA:15h:16m:30s 
Valid: Epoch[060/500] Train Mean_Acc: 59.24% Valid Mean_Acc:39.01% OCEAN_ACC:[0.39010617 0.3901062 ]

Training: learning rate:1.0000000000000014e-24
Train: Epo[061/500] Iter[001/001] IterTime:[122.49s] LOSS: 1.0533 ACC:0.5666 ETA:15h:0m:16s 
Valid: Epoch[061/500] Train Mean_Acc: 56.66% Valid Mean_Acc:39.01% OCEAN_ACC:[0.3901061 0.3901062]

Training: learning rate:1.0000000000000014e-24
Train: Epo[062/500] Iter[001/001] IterTime:[123.93s] LOSS: 1.0019 ACC:0.5685 ETA:15h:8m:47s 
Valid: Epoch[062/500] Train Mean_Acc: 56.85% Valid Mean_Acc:39.01% OCEAN_ACC:[0.39010617 0.3901062 ]

Training: learning rate:1.0000000000000014e-24
Train: Epo[063/500] Iter[001/001] IterTime:[123.10s] LOSS: 0.8371 ACC:0.6324 ETA:15h:0m:41s 
Valid: Epoch[063/500] Train Mean_Acc: 63.24% Valid Mean_Acc:39.01% OCEAN_ACC:[0.39010617 0.3901062 ]

Training: learning rate:1.0000000000000014e-24
Train: Epo[064/500] Iter[001/001] IterTime:[124.20s] LOSS: 0.7996 ACC:0.6481 ETA:15h:6m:41s 
Valid: Epoch[064/500] Train Mean_Acc: 64.81% Valid Mean_Acc:39.01% OCEAN_ACC:[0.39010617 0.3901062 ]

Training: learning rate:1.0000000000000014e-24
Train: Epo[065/500] Iter[001/001] IterTime:[122.13s] LOSS: 0.9588 ACC:0.6003 ETA:14h:49m:29s 
Valid: Epoch[065/500] Train Mean_Acc: 60.03% Valid Mean_Acc:39.01% OCEAN_ACC:[0.3901061 0.3901062]

Training: learning rate:1.0000000000000014e-24
Train: Epo[066/500] Iter[001/001] IterTime:[122.59s] LOSS: 0.8875 ACC:0.6354 ETA:14h:50m:50s 
Valid: Epoch[066/500] Train Mean_Acc: 63.54% Valid Mean_Acc:39.01% OCEAN_ACC:[0.3901061 0.3901062]

Training: learning rate:1.0000000000000014e-24
Train: Epo[067/500] Iter[001/001] IterTime:[125.84s] LOSS: 0.7164 ACC:0.6843 ETA:15h:12m:21s 
Valid: Epoch[067/500] Train Mean_Acc: 68.43% Valid Mean_Acc:39.01% OCEAN_ACC:[0.39010617 0.3901062 ]

Training: learning rate:1.0000000000000014e-24
Train: Epo[068/500] Iter[001/001] IterTime:[123.13s] LOSS: 1.0138 ACC:0.5747 ETA:14h:50m:37s 
Valid: Epoch[068/500] Train Mean_Acc: 57.47% Valid Mean_Acc:39.01% OCEAN_ACC:[0.3901061 0.3901062]

Training: learning rate:1.0000000000000014e-24
Train: Epo[069/500] Iter[001/001] IterTime:[123.80s] LOSS: 0.9331 ACC:0.6141 ETA:14h:53m:23s 
Valid: Epoch[069/500] Train Mean_Acc: 61.41% Valid Mean_Acc:39.01% OCEAN_ACC:[0.3901061 0.3901062]

Training: learning rate:1.0000000000000014e-24
Train: Epo[070/500] Iter[001/001] IterTime:[122.71s] LOSS: 1.1296 ACC:0.5345 ETA:14h:43m:31s 
Valid: Epoch[070/500] Train Mean_Acc: 53.45% Valid Mean_Acc:39.01% OCEAN_ACC:[0.3901061 0.3901062]

Training: learning rate:1.0000000000000014e-25
Train: Epo[071/500] Iter[001/001] IterTime:[124.06s] LOSS: 0.9063 ACC:0.6043 ETA:14h:51m:10s 
Valid: Epoch[071/500] Train Mean_Acc: 60.43% Valid Mean_Acc:39.01% OCEAN_ACC:[0.3901061 0.3901062]

Training: learning rate:1.0000000000000014e-25
Train: Epo[072/500] Iter[001/001] IterTime:[122.64s] LOSS: 1.0143 ACC:0.5833 ETA:14h:38m:53s 
Valid: Epoch[072/500] Train Mean_Acc: 58.33% Valid Mean_Acc:39.01% OCEAN_ACC:[0.3901061 0.3901062]

Training: learning rate:1.0000000000000014e-25
Train: Epo[073/500] Iter[001/001] IterTime:[122.58s] LOSS: 1.0942 ACC:0.5456 ETA:14h:36m:28s 
Valid: Epoch[073/500] Train Mean_Acc: 54.56% Valid Mean_Acc:39.01% OCEAN_ACC:[0.3901061 0.3901062]

Training: learning rate:1.0000000000000014e-25
Train: Epo[074/500] Iter[001/001] IterTime:[122.73s] LOSS: 1.0043 ACC:0.5724 ETA:14h:35m:28s 
Valid: Epoch[074/500] Train Mean_Acc: 57.24% Valid Mean_Acc:39.01% OCEAN_ACC:[0.3901061 0.3901062]

Training: learning rate:1.0000000000000014e-25
Train: Epo[075/500] Iter[001/001] IterTime:[122.16s] LOSS: 0.9698 ACC:0.5893 ETA:14h:29m:21s 
Valid: Epoch[075/500] Train Mean_Acc: 58.93% Valid Mean_Acc:39.01% OCEAN_ACC:[0.39010617 0.3901062 ]

Training: learning rate:1.0000000000000014e-25
Train: Epo[076/500] Iter[001/001] IterTime:[122.06s] LOSS: 0.9624 ACC:0.5743 ETA:14h:26m:37s 
Valid: Epoch[076/500] Train Mean_Acc: 57.43% Valid Mean_Acc:39.01% OCEAN_ACC:[0.3901061  0.39010617]

Training: learning rate:1.0000000000000014e-25
Train: Epo[077/500] Iter[001/001] IterTime:[121.76s] LOSS: 1.0979 ACC:0.5521 ETA:14h:22m:29s 
Valid: Epoch[077/500] Train Mean_Acc: 55.21% Valid Mean_Acc:39.01% OCEAN_ACC:[0.3901061 0.3901062]

Training: learning rate:1.0000000000000014e-25
Train: Epo[078/500] Iter[001/001] IterTime:[123.42s] LOSS: 0.9657 ACC:0.5980 ETA:14h:32m:9s 
Valid: Epoch[078/500] Train Mean_Acc: 59.80% Valid Mean_Acc:39.01% OCEAN_ACC:[0.3901061 0.3901062]

Training: learning rate:1.0000000000000014e-25
Train: Epo[079/500] Iter[001/001] IterTime:[123.72s] LOSS: 0.8358 ACC:0.6384 ETA:14h:32m:13s 
Valid: Epoch[079/500] Train Mean_Acc: 63.84% Valid Mean_Acc:39.01% OCEAN_ACC:[0.3901061 0.3901062]

Training: learning rate:1.0000000000000014e-25
Train: Epo[080/500] Iter[001/001] IterTime:[124.07s] LOSS: 1.0563 ACC:0.5722 ETA:14h:32m:35s 
Valid: Epoch[080/500] Train Mean_Acc: 57.22% Valid Mean_Acc:39.01% OCEAN_ACC:[0.39010617 0.3901062 ]

Training: learning rate:1.0000000000000014e-25
Train: Epo[081/500] Iter[001/001] IterTime:[125.26s] LOSS: 1.0360 ACC:0.5720 ETA:14h:38m:52s 
Valid: Epoch[081/500] Train Mean_Acc: 57.20% Valid Mean_Acc:39.01% OCEAN_ACC:[0.3901061 0.3901062]

Training: learning rate:1.0000000000000014e-25
Train: Epo[082/500] Iter[001/001] IterTime:[121.82s] LOSS: 0.9937 ACC:0.5820 ETA:14h:12m:43s 
Valid: Epoch[082/500] Train Mean_Acc: 58.20% Valid Mean_Acc:39.01% OCEAN_ACC:[0.3901061 0.3901062]

Training: learning rate:1.0000000000000014e-25
Train: Epo[083/500] Iter[001/001] IterTime:[124.10s] LOSS: 0.8057 ACC:0.6410 ETA:14h:26m:37s 
Valid: Epoch[083/500] Train Mean_Acc: 64.10% Valid Mean_Acc:39.01% OCEAN_ACC:[0.3901061 0.3901062]

Training: learning rate:1.0000000000000014e-25
Train: Epo[084/500] Iter[001/001] IterTime:[124.05s] LOSS: 0.9313 ACC:0.6023 ETA:14h:24m:12s 
Valid: Epoch[084/500] Train Mean_Acc: 60.23% Valid Mean_Acc:39.01% OCEAN_ACC:[0.3901061 0.3901062]

Training: learning rate:1.0000000000000014e-25
Train: Epo[085/500] Iter[001/001] IterTime:[124.67s] LOSS: 0.9546 ACC:0.5860 ETA:14h:26m:25s 
Valid: Epoch[085/500] Train Mean_Acc: 58.60% Valid Mean_Acc:39.01% OCEAN_ACC:[0.39010617 0.3901062 ]

Training: learning rate:1.0000000000000014e-25
Train: Epo[086/500] Iter[001/001] IterTime:[126.67s] LOSS: 0.9389 ACC:0.6118 ETA:14h:38m:13s 
Valid: Epoch[086/500] Train Mean_Acc: 61.18% Valid Mean_Acc:39.01% OCEAN_ACC:[0.3901061 0.3901062]

Training: learning rate:1.0000000000000014e-25
Train: Epo[087/500] Iter[001/001] IterTime:[125.15s] LOSS: 0.9738 ACC:0.5729 ETA:14h:25m:38s 
Valid: Epoch[087/500] Train Mean_Acc: 57.29% Valid Mean_Acc:39.01% OCEAN_ACC:[0.39010617 0.3901062 ]

Training: learning rate:1.0000000000000014e-25
slurmstepd: error: *** JOB 13928442 ON cpu-e-927 CANCELLED AT 2023-02-06T23:51:40 ***
