rhel8/default-icl(17):ERROR:105: Unable to locate a modulefile for 'intel-oneapi-compilers/2022.1.0/gcc'
rhel8/default-icl(18):ERROR:105: Unable to locate a modulefile for 'intel-oneapi-mpi/2021.6.0/intel'
==================== Activating conda environment ====================
> Python version : /home/zl525/.conda/envs/DeepPersonality/bin/python
==================== Run program ====================
wandb: Currently logged in as: 1009694687 (hyllbd-1009694687). Use `wandb login --relogin` to force relogin
wandb: wandb version 0.13.10 is available!  To upgrade, please run:
wandb:  $ pip install wandb --upgrade
wandb: Tracking run with wandb version 0.13.9
wandb: Run data is saved locally in /home/zl525/code/DeepPersonality/wandb/run-20230217_114135-o1x7w1ws
wandb: Run `wandb offline` to turn off syncing.
wandb: Syncing run golden-dawn-422
wandb: ⭐️ View project at https://wandb.ai/hyllbd-1009694687/DeepPersonality
wandb: 🚀 View run at https://wandb.ai/hyllbd-1009694687/DeepPersonality/runs/o1x7w1ws
{
    "DATA":{
        "ANIMALS_TEST_AUD_DATA":"udiva_full/test/recordings/animals_recordings_test_wav",
        "ANIMALS_TEST_IMG_DATA":"udiva_full/test/recordings/animals_recordings_test_img",
        "ANIMALS_TRAIN_AUD_DATA":"udiva_full/train/recordings/animals_recordings_train_wav",
        "ANIMALS_TRAIN_IMG_DATA":"udiva_full/train/recordings/animals_recordings_train_img",
        "ANIMALS_VAL_AUD_DATA":"udiva_full/val/recordings/animals_recordings_val_wav",
        "ANIMALS_VAL_IMG_DATA":"udiva_full/val/recordings/animals_recordings_val_img",
        "GHOST_TEST_AUD_DATA":"udiva_full/test/recordings/ghost_recordings_test_wav",
        "GHOST_TEST_IMG_DATA":"udiva_full/test/recordings/ghost_recordings_test_img",
        "GHOST_TRAIN_AUD_DATA":"udiva_full/train/recordings/ghost_recordings_train_wav",
        "GHOST_TRAIN_IMG_DATA":"udiva_full/train/recordings/ghost_recordings_train_img",
        "GHOST_VAL_AUD_DATA":"udiva_full/val/recordings/ghost_recordings_val_wav",
        "GHOST_VAL_IMG_DATA":"udiva_full/val/recordings/ghost_recordings_val_img",
        "LEGO_TEST_AUD_DATA":"udiva_full/test/recordings/lego_recordings_test_wav",
        "LEGO_TEST_IMG_DATA":"udiva_full/test/recordings/lego_recordings_test_img",
        "LEGO_TRAIN_AUD_DATA":"udiva_full/train/recordings/lego_recordings_train_wav",
        "LEGO_TRAIN_IMG_DATA":"udiva_full/train/recordings/lego_recordings_train_img",
        "LEGO_VAL_AUD_DATA":"udiva_full/val/recordings/lego_recordings_val_wav",
        "LEGO_VAL_IMG_DATA":"udiva_full/val/recordings/lego_recordings_val_img",
        "ROOT":"datasets",
        "SAMPLE_SIZE":96,
        "SESSION":"TALK",
        "TALK_TEST_AUD_DATA":"udiva_full/test/recordings/talk_recordings_test_wav",
        "TALK_TEST_IMG_DATA":"udiva_full/test/recordings/talk_recordings_test_img",
        "TALK_TRAIN_AUD_DATA":"udiva_full/train/recordings/talk_recordings_train_wav",
        "TALK_TRAIN_IMG_DATA":"udiva_full/train/recordings/talk_recordings_train_img",
        "TALK_VAL_AUD_DATA":"udiva_full/val/recordings/talk_recordings_val_wav",
        "TALK_VAL_IMG_DATA":"udiva_full/val/recordings/talk_recordings_val_img",
        "TEST_AUD_DATA":"raw_voice/testData",
        "TEST_IMG_DATA":"image_data/test_data",
        "TEST_IMG_FACE_DATA":"image_data/test_data_face",
        "TEST_LABEL_DATA":"udiva_full/test/label/sessions_test.pkl",
        "TRAIN_AUD_DATA":"raw_voice/trainingData",
        "TRAIN_IMG_DATA":"image_data/train_data",
        "TRAIN_IMG_FACE_DATA":"image_data/train_data_face",
        "TRAIN_LABEL_DATA":"udiva_full/train/label/sessions_train.pkl",
        "TYPE":"frame",
        "VALID_AUD_DATA":"raw_voice/validationData",
        "VALID_IMG_DATA":"image_data/valid_data",
        "VALID_IMG_FACE_DATA":"image_data/valid_data_face",
        "VALID_LABEL_DATA":"udiva_full/val/label/sessions_val.pkl",
        "VA_DATA":"va_data/cropped_aligned",
        "VA_ROOT":"datasets",
        "VA_TRAIN_LABEL":"va_data/va_label/VA_Set/Train_Set",
        "VA_VALID_LABEL":"va_data/va_label/VA_Set/Validation_Set"
    },
    "DATA_LOADER":{
        "DATASET":"",
        "DATASET_NAME":"UDIVA",
        "DROP_LAST":true,
        "NAME":"bimodal_resnet_lstm_data_loader_udiva",
        "NUM_WORKERS":2,
        "SECOND_STAGE":{
            "METHOD":"",
            "TYPE":""
        },
        "SHUFFLE":true,
        "TRAIN_BATCH_SIZE":16,
        "TRANSFORM":"standard_frame_transform",
        "VALID_BATCH_SIZE":9
    },
    "LOSS":{
        "NAME":"binary_cross_entropy"
    },
    "MODEL":{
        "NAME":"resnet50_3d_model_udiva",
        "NUM_CLASS":5,
        "PRETRAIN":false,
        "RETURN_FEATURE":false,
        "SPECTRUM_CHANNEL":50
    },
    "SOLVER":{
        "BETA_1":0.5,
        "BETA_2":0.999,
        "FACTOR":0.1,
        "LR_INIT":0.0005,
        "MILESTONE":[
            10,
            20,
            40,
            60,
            80,
            100
        ],
        "MOMENTUM":0.9,
        "NAME":"adam",
        "RESET_LR":true,
        "SCHEDULER":"multi_step_scale",
        "WEIGHT_DECAY":0.0005
    },
    "TEST":{
        "COMPUTE_CCC":false,
        "COMPUTE_PCC":false,
        "FULL_TEST":false,
        "SAVE_DATASET_OUTPUT":"",
        "TEST_ONLY":false,
        "WEIGHT":""
    },
    "TRAIN":{
        "BIMODAL_OPTION":1,
        "LOG_INTERVAL":1,
        "MAX_EPOCH":200,
        "OUTPUT_DIR":"results/demo/unified_frame_images/resnet_3d_udiva",
        "PRE_TRAINED_MODEL":null,
        "RESUME":"",
        "START_EPOCH":0,
        "TEST_INTERVAL":1,
        "TRAINER":"BiModalTrainerUdiva",
        "VALID_INTERVAL":1
    }
}
change learning rate form [0.0005] to [0.0005]
Training: learning rate:0.0005
Using BCELoss
================================== start training... ==================================
Train: Epo[001/200] Iter[001/007] IterTime:[390.90s] LOSS: 1.0533 Batch ACC:0.3125 (5/16) Epo current ACC:0.3125 (5/16) ETA:152h:46m:32s 

Train: Epo[001/200] Iter[002/007] IterTime:[384.34s] LOSS: 0.9464 Batch ACC:0.5625 (9/16) Epo current ACC:0.4375 (14/32) ETA:150h:6m:19s 

Train: Epo[001/200] Iter[003/007] IterTime:[384.10s] LOSS: 1.4358 Batch ACC:0.6250 (10/16) Epo current ACC:0.5000 (24/48) ETA:149h:54m:20s 

Train: Epo[001/200] Iter[004/007] IterTime:[384.47s] LOSS: 1.4119 Batch ACC:0.5000 (8/16) Epo current ACC:0.5000 (32/64) ETA:149h:56m:36s 

Train: Epo[001/200] Iter[005/007] IterTime:[379.82s] LOSS: 0.5567 Batch ACC:0.7500 (12/16) Epo current ACC:0.5500 (44/80) ETA:148h:1m:28s 

Train: Epo[001/200] Iter[006/007] IterTime:[374.17s] LOSS: 0.8751 Batch ACC:0.6250 (10/16) Epo current ACC:0.5625 (54/96) ETA:145h:43m:9s 

Train: Epo[001/200] Iter[007/007] IterTime:[373.74s] LOSS: 0.5372 Batch ACC:0.7500 (12/16) Epo current ACC:0.5893 (66/112) ETA:145h:26m:52s 

Train: Epo[001/200] Epoch Summary Acc: 0.5892857313156128 (66/112)
tensor([[0.8529, 0.1471],
        [0.7983, 0.2017],
        [0.7618, 0.2382],
        [0.7917, 0.2083],
        [0.7190, 0.2810],
        [0.7289, 0.2711],
        [0.6997, 0.3003],
        [0.7259, 0.2741],
        [0.7475, 0.2525],
        [0.7234, 0.2766],
        [0.7341, 0.2659],
        [0.7315, 0.2685],
        [0.7650, 0.2350],
        [0.8004, 0.1996],
        [0.7304, 0.2696],
        [0.7004, 0.2996]], grad_fn=<SoftmaxBackward0>)
tensor([[1., 0.],
        [0., 1.],
        [0., 1.],
        [0., 1.],
        [1., 0.],
        [1., 0.],
        [1., 0.],
        [0., 1.],
        [1., 0.],
        [0., 1.],
        [0., 1.],
        [0., 1.],
        [0., 1.],
        [0., 1.],
        [0., 1.],
        [0., 1.]])
*********** i:0, train loss:1.0533 ***********
tensor([[2.6343e-04, 9.9974e-01],
        [2.4580e-01, 7.5420e-01],
        [2.3018e-01, 7.6982e-01],
        [2.0749e-01, 7.9251e-01],
        [2.4001e-01, 7.5999e-01],
        [2.5636e-01, 7.4364e-01],
        [1.3398e-01, 8.6602e-01],
        [2.1053e-02, 9.7895e-01],
        [7.8292e-02, 9.2171e-01],
        [2.7445e-01, 7.2555e-01],
        [2.6237e-02, 9.7376e-01],
        [2.7942e-01, 7.2058e-01],
        [1.2075e-01, 8.7925e-01],
        [2.6092e-01, 7.3908e-01],
        [2.5049e-01, 7.4951e-01],
        [2.5746e-01, 7.4254e-01]], grad_fn=<SoftmaxBackward0>)
tensor([[0., 1.],
        [0., 1.],
        [1., 0.],
        [0., 1.],
        [1., 0.],
        [0., 1.],
        [1., 0.],
        [0., 1.],
        [0., 1.],
        [1., 0.],
        [1., 0.],
        [0., 1.],
        [1., 0.],
        [0., 1.],
        [0., 1.],
        [1., 0.]])
*********** i:1, train loss:0.9464 ***********
tensor([[3.8064e-02, 9.6194e-01],
        [7.2528e-02, 9.2747e-01],
        [7.9497e-02, 9.2050e-01],
        [2.6992e-01, 7.3008e-01],
        [1.2259e-01, 8.7741e-01],
        [1.5401e-01, 8.4599e-01],
        [7.2735e-05, 9.9993e-01],
        [1.4289e-01, 8.5711e-01],
        [1.1857e-01, 8.8143e-01],
        [1.3647e-01, 8.6353e-01],
        [1.8326e-01, 8.1674e-01],
        [1.2500e-01, 8.7500e-01],
        [1.5039e-01, 8.4961e-01],
        [9.6298e-02, 9.0370e-01],
        [1.3926e-04, 9.9986e-01],
        [1.3565e-01, 8.6435e-01]], grad_fn=<SoftmaxBackward0>)
tensor([[1., 0.],
        [1., 0.],
        [0., 1.],
        [0., 1.],
        [0., 1.],
        [0., 1.],
        [1., 0.],
        [0., 1.],
        [1., 0.],
        [0., 1.],
        [0., 1.],
        [1., 0.],
        [1., 0.],
        [0., 1.],
        [0., 1.],
        [0., 1.]])
*********** i:2, train loss:1.4358 ***********
tensor([[0.0099, 0.9901],
        [0.0043, 0.9957],
        [0.2136, 0.7864],
        [0.0775, 0.9225],
        [0.0949, 0.9051],
        [0.0708, 0.9292],
        [0.1183, 0.8817],
        [0.0849, 0.9151],
        [0.0216, 0.9784],
        [0.0498, 0.9502],
        [0.0607, 0.9393],
        [0.1141, 0.8859],
        [0.0579, 0.9421],
        [0.0691, 0.9309],
        [0.1089, 0.8911],
        [0.1472, 0.8528]], grad_fn=<SoftmaxBackward0>)
tensor([[0., 1.],
        [0., 1.],
        [0., 1.],
        [1., 0.],
        [0., 1.],
        [0., 1.],
        [1., 0.],
        [1., 0.],
        [1., 0.],
        [1., 0.],
        [1., 0.],
        [1., 0.],
        [1., 0.],
        [0., 1.],
        [0., 1.],
        [0., 1.]])
*********** i:3, train loss:1.4119 ***********
tensor([[0.1328, 0.8672],
        [0.1410, 0.8590],
        [0.1225, 0.8775],
        [0.1877, 0.8123],
        [0.1390, 0.8610],
        [0.1563, 0.8437],
        [0.1335, 0.8665],
        [0.2375, 0.7625],
        [0.1580, 0.8420],
        [0.2073, 0.7927],
        [0.1380, 0.8620],
        [0.1353, 0.8647],
        [0.1237, 0.8763],
        [0.2550, 0.7450],
        [0.1327, 0.8673],
        [0.1378, 0.8622]], grad_fn=<SoftmaxBackward0>)
tensor([[0., 1.],
        [0., 1.],
        [0., 1.],
        [0., 1.],
        [0., 1.],
        [0., 1.],
        [0., 1.],
        [0., 1.],
        [0., 1.],
        [1., 0.],
        [0., 1.],
        [0., 1.],
        [0., 1.],
        [1., 0.],
        [1., 0.],
        [1., 0.]])
*********** i:4, train loss:0.5567 ***********
Valid: Epo[001/200] Iter[001/002] LOSS: 44.4444 Batch ACC:0.5556 (5/9) Epo Current ACC:0.5556 (5/9)
Valid: Epo[001/200] Iter[002/002] LOSS: 33.3333 Batch ACC:0.6667 (6/9) Epo Current ACC:0.6111 (11/18)
Valid: Epo[001/200] Epo Summary Acc:0.6111 (11/18)

tensor([[1., 0.],
        [1., 0.],
        [1., 0.],
        [1., 0.],
        [1., 0.],
        [1., 0.],
        [1., 0.],
        [1., 0.],
        [1., 0.]])
tensor([[0., 1.],
        [1., 0.],
        [1., 0.],
        [1., 0.],
        [0., 1.],
        [1., 0.],
        [0., 1.],
        [1., 0.],
        [0., 1.]])
*********** i:0, val loss:44.4444 ***********
tensor([[1., 0.],
        [1., 0.],
        [1., 0.],
        [1., 0.],
        [1., 0.],
        [1., 0.],
        [1., 0.],
        [1., 0.],
        [1., 0.]])
tensor([[1., 0.],
        [1., 0.],
        [1., 0.],
        [1., 0.],
        [0., 1.],
        [0., 1.],
        [1., 0.],
        [0., 1.],
        [1., 0.]])
*********** i:1, val loss:33.3333 ***********
Valid: Current epoch summary acc:0.6111 > best epoch summary acc: 0.6111, will save model
  0%|          | 0/1 [00:00<?, ?it/s]Test: Epo of Train[001/200] Tqdm Current test_acc:0.8181818127632141 (9/11)
100%|██████████| 1/1 [01:48<00:00, 108.12s/it]100%|██████████| 1/1 [01:48<00:00, 108.15s/it]
Test: Epo of Train[001/200] Epo Summary Acc:0.8182 (9/11)

Training: learning rate:0.0005
tensor([[1., 0.],
        [1., 0.],
        [1., 0.],
        [1., 0.],
        [1., 0.],
        [1., 0.],
        [1., 0.],
        [1., 0.],
        [1., 0.],
        [1., 0.],
        [1., 0.]])
tensor([[1., 0.],
        [1., 0.],
        [0., 1.],
        [1., 0.],
        [1., 0.],
        [1., 0.],
        [1., 0.],
        [1., 0.],
        [1., 0.],
        [0., 1.],
        [1., 0.]])
*********** Test outputs and labels ***********
Train: Epo[002/200] Iter[001/007] IterTime:[388.33s] LOSS: 5.1063 Batch ACC:0.5000 (8/16) Epo current ACC:0.5000 (8/16) ETA:151h:1m:6s 

Train: Epo[002/200] Iter[002/007] IterTime:[378.99s] LOSS: 1.3568 Batch ACC:0.2500 (4/16) Epo current ACC:0.3750 (12/32) ETA:147h:16m:49s 

Train: Epo[002/200] Iter[003/007] IterTime:[378.89s] LOSS: 0.7651 Batch ACC:0.4375 (7/16) Epo current ACC:0.3958 (19/48) ETA:147h:8m:3s 

Train: Epo[002/200] Iter[004/007] IterTime:[377.04s] LOSS: 0.9359 Batch ACC:0.4375 (7/16) Epo current ACC:0.4062 (26/64) ETA:146h:18m:43s 

Train: Epo[002/200] Iter[005/007] IterTime:[378.51s] LOSS: 0.8156 Batch ACC:0.6250 (10/16) Epo current ACC:0.4500 (36/80) ETA:146h:46m:45s 

Train: Epo[002/200] Iter[006/007] IterTime:[383.21s] LOSS: 1.6185 Batch ACC:0.3750 (6/16) Epo current ACC:0.4375 (42/96) ETA:148h:29m:36s 

Train: Epo[002/200] Iter[007/007] IterTime:[383.53s] LOSS: 4.6947 Batch ACC:0.5000 (8/16) Epo current ACC:0.4464 (50/112) ETA:148h:30m:33s 

Train: Epo[002/200] Epoch Summary Acc: 0.4464285671710968 (50/112)
tensor([[4.9574e-01, 5.0426e-01],
        [4.6694e-01, 5.3306e-01],
        [4.9467e-01, 5.0533e-01],
        [4.7136e-01, 5.2864e-01],
        [6.6960e-01, 3.3040e-01],
        [5.7621e-01, 4.2379e-01],
        [3.8512e-01, 6.1488e-01],
        [4.9450e-01, 5.0550e-01],
        [1.0000e+00, 2.6145e-08],
        [4.6852e-01, 5.3148e-01],
        [4.7395e-01, 5.2605e-01],
        [5.9782e-01, 4.0218e-01],
        [4.3442e-01, 5.6558e-01],
        [1.0000e+00, 3.7452e-06],
        [5.4990e-01, 4.5010e-01],
        [8.0658e-01, 1.9342e-01]], grad_fn=<SoftmaxBackward0>)
tensor([[0., 1.],
        [0., 1.],
        [1., 0.],
        [0., 1.],
        [1., 0.],
        [0., 1.],
        [0., 1.],
        [0., 1.],
        [0., 1.],
        [1., 0.],
        [0., 1.],
        [0., 1.],
        [1., 0.],
        [0., 1.],
        [1., 0.],
        [0., 1.]])
*********** i:0, train loss:5.1063 ***********
tensor([[6.2507e-01, 3.7493e-01],
        [5.0918e-01, 4.9082e-01],
        [6.2953e-01, 3.7047e-01],
        [9.9827e-01, 1.7348e-03],
        [5.7226e-01, 4.2774e-01],
        [6.9564e-01, 3.0436e-01],
        [6.7769e-01, 3.2231e-01],
        [9.9993e-01, 6.5447e-05],
        [4.4593e-01, 5.5407e-01],
        [6.1022e-01, 3.8978e-01],
        [5.8971e-01, 4.1029e-01],
        [5.8201e-01, 4.1799e-01],
        [6.0266e-01, 3.9734e-01],
        [5.8869e-01, 4.1131e-01],
        [6.3443e-01, 3.6557e-01],
        [7.0116e-01, 2.9884e-01]], grad_fn=<SoftmaxBackward0>)
tensor([[0., 1.],
        [0., 1.],
        [0., 1.],
        [1., 0.],
        [0., 1.],
        [0., 1.],
        [1., 0.],
        [0., 1.],
        [0., 1.],
        [0., 1.],
        [1., 0.],
        [0., 1.],
        [0., 1.],
        [0., 1.],
        [0., 1.],
        [0., 1.]])
*********** i:1, train loss:1.3568 ***********
tensor([[0.8589, 0.1411],
        [0.7404, 0.2596],
        [0.9665, 0.0335],
        [0.6312, 0.3688],
        [0.7450, 0.2550],
        [0.4299, 0.5701],
        [0.7217, 0.2783],
        [0.3368, 0.6632],
        [0.7582, 0.2418],
        [0.7489, 0.2511],
        [0.5169, 0.4831],
        [0.7576, 0.2424],
        [0.7239, 0.2761],
        [0.6829, 0.3171],
        [0.7156, 0.2844],
        [0.5537, 0.4463]], grad_fn=<SoftmaxBackward0>)
tensor([[1., 0.],
        [0., 1.],
        [1., 0.],
        [0., 1.],
        [1., 0.],
        [0., 1.],
        [0., 1.],
        [0., 1.],
        [1., 0.],
        [0., 1.],
        [0., 1.],
        [1., 0.],
        [0., 1.],
        [0., 1.],
        [0., 1.],
        [0., 1.]])
*********** i:2, train loss:0.7651 ***********
tensor([[0.7310, 0.2690],
        [0.7494, 0.2506],
        [0.0126, 0.9874],
        [0.7306, 0.2694],
        [0.6071, 0.3929],
        [0.4874, 0.5126],
        [0.7628, 0.2372],
        [0.6877, 0.3123],
        [0.6772, 0.3228],
        [0.7597, 0.2403],
        [0.5781, 0.4219],
        [0.1579, 0.8421],
        [0.6728, 0.3272],
        [0.7295, 0.2705],
        [0.1208, 0.8792],
        [0.6703, 0.3297]], grad_fn=<SoftmaxBackward0>)
tensor([[1., 0.],
        [0., 1.],
        [0., 1.],
        [0., 1.],
        [1., 0.],
        [0., 1.],
        [0., 1.],
        [0., 1.],
        [1., 0.],
        [0., 1.],
        [1., 0.],
        [0., 1.],
        [0., 1.],
        [0., 1.],
        [1., 0.],
        [0., 1.]])
*********** i:3, train loss:0.9359 ***********
tensor([[1.4578e-02, 9.8542e-01],
        [7.3112e-01, 2.6888e-01],
        [2.9800e-01, 7.0200e-01],
        [6.9845e-01, 3.0155e-01],
        [6.7929e-01, 3.2071e-01],
        [5.3916e-01, 4.6084e-01],
        [7.0361e-01, 2.9639e-01],
        [5.3566e-01, 4.6434e-01],
        [7.1249e-01, 2.8751e-01],
        [6.8250e-01, 3.1750e-01],
        [7.5009e-01, 2.4991e-01],
        [7.5257e-01, 2.4743e-01],
        [7.4174e-01, 2.5826e-01],
        [4.2273e-01, 5.7727e-01],
        [3.9387e-01, 6.0613e-01],
        [6.3688e-07, 1.0000e+00]], grad_fn=<SoftmaxBackward0>)
tensor([[1., 0.],
        [1., 0.],
        [0., 1.],
        [0., 1.],
        [1., 0.],
        [0., 1.],
        [1., 0.],
        [1., 0.],
        [1., 0.],
        [0., 1.],
        [0., 1.],
        [1., 0.],
        [1., 0.],
        [1., 0.],
        [0., 1.],
        [0., 1.]])
*********** i:4, train loss:0.8156 ***********
Valid: Epo[002/200] Iter[001/002] LOSS: 100.0000 Batch ACC:0.0000 (0/9) Epo Current ACC:0.0000 (0/9)
Valid: Epo[002/200] Iter[002/002] LOSS: 22.2222 Batch ACC:0.7778 (7/9) Epo Current ACC:0.3889 (7/18)
Valid: Epo[002/200] Epo Summary Acc:0.3889 (7/18)

tensor([[0., 1.],
        [0., 1.],
        [0., 1.],
        [0., 1.],
        [0., 1.],
        [0., 1.],
        [0., 1.],
        [0., 1.],
        [0., 1.]])
tensor([[1., 0.],
        [1., 0.],
        [1., 0.],
        [1., 0.],
        [1., 0.],
        [1., 0.],
        [1., 0.],
        [1., 0.],
        [1., 0.]])
*********** i:0, val loss:100.0000 ***********
tensor([[0., 1.],
        [0., 1.],
        [0., 1.],
        [0., 1.],
        [0., 1.],
        [0., 1.],
        [0., 1.],
        [0., 1.],
        [0., 1.]])
tensor([[0., 1.],
        [1., 0.],
        [0., 1.],
        [0., 1.],
        [0., 1.],
        [0., 1.],
        [0., 1.],
        [1., 0.],
        [0., 1.]])
*********** i:1, val loss:22.2222 ***********
Valid: Current epoch summary acc:0.3889 <= best epoch summary acc: 0.6111, not save model
  0%|          | 0/1 [00:00<?, ?it/s]Test: Epo of Train[002/200] Tqdm Current test_acc:0.1818181872367859 (2/11)
100%|██████████| 1/1 [01:54<00:00, 114.57s/it]100%|██████████| 1/1 [01:54<00:00, 114.59s/it]
Test: Epo of Train[002/200] Epo Summary Acc:0.1818 (2/11)

Training: learning rate:0.0005
tensor([[0., 1.],
        [0., 1.],
        [0., 1.],
        [0., 1.],
        [0., 1.],
        [0., 1.],
        [0., 1.],
        [0., 1.],
        [0., 1.],
        [0., 1.],
        [0., 1.]])
tensor([[0., 1.],
        [1., 0.],
        [1., 0.],
        [1., 0.],
        [1., 0.],
        [1., 0.],
        [1., 0.],
        [1., 0.],
        [1., 0.],
        [1., 0.],
        [0., 1.]])
*********** Test outputs and labels ***********
Train: Epo[003/200] Iter[001/007] IterTime:[385.47s] LOSS: 1.8010 Batch ACC:0.3750 (6/16) Epo current ACC:0.3750 (6/16) ETA:149h:9m:14s 

Train: Epo[003/200] Iter[002/007] IterTime:[391.18s] LOSS: 1.1198 Batch ACC:0.6875 (11/16) Epo current ACC:0.5312 (17/32) ETA:151h:15m:24s 

Train: Epo[003/200] Iter[003/007] IterTime:[384.42s] LOSS: 5.1883 Batch ACC:0.5625 (9/16) Epo current ACC:0.5417 (26/48) ETA:148h:32m:5s 

Train: Epo[003/200] Iter[004/007] IterTime:[375.87s] LOSS: 5.0532 Batch ACC:0.6875 (11/16) Epo current ACC:0.5781 (37/64) ETA:145h:7m:41s 

Train: Epo[003/200] Iter[005/007] IterTime:[377.28s] LOSS: 0.8088 Batch ACC:0.8125 (13/16) Epo current ACC:0.6250 (50/80) ETA:145h:34m:7s 

Train: Epo[003/200] Iter[006/007] IterTime:[375.14s] LOSS: 5.2821 Batch ACC:0.5625 (9/16) Epo current ACC:0.6146 (59/96) ETA:144h:38m:12s 

Train: Epo[003/200] Iter[007/007] IterTime:[372.92s] LOSS: 1.7569 Batch ACC:0.5000 (8/16) Epo current ACC:0.5982 (67/112) ETA:143h:40m:40s 

Train: Epo[003/200] Epoch Summary Acc: 0.5982142686843872 (67/112)
tensor([[4.6657e-06, 1.0000e+00],
        [2.4555e-02, 9.7545e-01],
        [6.6681e-01, 3.3319e-01],
        [2.1088e-01, 7.8912e-01],
        [1.5072e-05, 9.9998e-01],
        [1.5529e-02, 9.8447e-01],
        [6.4738e-01, 3.5262e-01],
        [6.7238e-01, 3.2762e-01],
        [6.2024e-01, 3.7976e-01],
        [4.1945e-03, 9.9581e-01],
        [1.8007e-09, 1.0000e+00],
        [3.7502e-01, 6.2498e-01],
        [5.1391e-01, 4.8609e-01],
        [6.7642e-01, 3.2358e-01],
        [2.1569e-07, 1.0000e+00],
        [6.6283e-01, 3.3717e-01]], grad_fn=<SoftmaxBackward0>)
tensor([[0., 1.],
        [1., 0.],
        [1., 0.],
        [1., 0.],
        [1., 0.],
        [0., 1.],
        [0., 1.],
        [0., 1.],
        [1., 0.],
        [1., 0.],
        [0., 1.],
        [1., 0.],
        [0., 1.],
        [0., 1.],
        [0., 1.],
        [0., 1.]])
*********** i:0, train loss:1.8010 ***********
tensor([[5.0102e-01, 4.9898e-01],
        [1.6132e-06, 1.0000e+00],
        [4.5133e-01, 5.4867e-01],
        [5.1646e-01, 4.8354e-01],
        [4.6608e-01, 5.3392e-01],
        [4.9253e-01, 5.0747e-01],
        [4.7919e-02, 9.5208e-01],
        [5.1692e-01, 4.8308e-01],
        [5.3435e-01, 4.6565e-01],
        [2.9308e-01, 7.0692e-01],
        [2.0057e-02, 9.7994e-01],
        [7.7492e-16, 1.0000e+00],
        [5.2370e-01, 4.7630e-01],
        [3.3746e-04, 9.9966e-01],
        [2.2663e-05, 9.9998e-01],
        [3.7288e-01, 6.2712e-01]], grad_fn=<SoftmaxBackward0>)
tensor([[0., 1.],
        [0., 1.],
        [1., 0.],
        [1., 0.],
        [0., 1.],
        [0., 1.],
        [0., 1.],
        [0., 1.],
        [1., 0.],
        [1., 0.],
        [0., 1.],
        [0., 1.],
        [1., 0.],
        [0., 1.],
        [1., 0.],
        [0., 1.]])
*********** i:1, train loss:1.1198 ***********
tensor([[2.4984e-08, 1.0000e+00],
        [1.9519e-01, 8.0481e-01],
        [2.7537e-01, 7.2463e-01],
        [6.1142e-02, 9.3886e-01],
        [6.5967e-08, 1.0000e+00],
        [3.9860e-01, 6.0140e-01],
        [4.1095e-01, 5.8905e-01],
        [3.3056e-01, 6.6944e-01],
        [3.8787e-01, 6.1213e-01],
        [2.0242e-01, 7.9758e-01],
        [3.8014e-01, 6.1986e-01],
        [5.5045e-15, 1.0000e+00],
        [1.9379e-01, 8.0621e-01],
        [2.9763e-01, 7.0237e-01],
        [4.3524e-01, 5.6476e-01],
        [4.1727e-01, 5.8273e-01]], grad_fn=<SoftmaxBackward0>)
tensor([[1., 0.],
        [0., 1.],
        [1., 0.],
        [0., 1.],
        [1., 0.],
        [0., 1.],
        [0., 1.],
        [0., 1.],
        [1., 0.],
        [0., 1.],
        [1., 0.],
        [0., 1.],
        [0., 1.],
        [1., 0.],
        [0., 1.],
        [1., 0.]])
*********** i:2, train loss:5.1883 ***********
tensor([[3.2791e-01, 6.7209e-01],
        [2.9499e-01, 7.0501e-01],
        [3.7323e-01, 6.2677e-01],
        [3.4908e-01, 6.5092e-01],
        [3.8853e-01, 6.1147e-01],
        [6.4429e-10, 1.0000e+00],
        [3.8753e-01, 6.1247e-01],
        [3.5826e-01, 6.4174e-01],
        [3.6340e-01, 6.3660e-01],
        [8.4408e-06, 9.9999e-01],
        [3.7624e-01, 6.2376e-01],
        [9.7935e-16, 1.0000e+00],
        [1.8168e-01, 8.1832e-01],
        [3.3014e-01, 6.6986e-01],
        [3.8638e-01, 6.1362e-01],
        [2.9782e-06, 1.0000e+00]], grad_fn=<SoftmaxBackward0>)
tensor([[0., 1.],
        [0., 1.],
        [0., 1.],
        [0., 1.],
        [1., 0.],
        [1., 0.],
        [0., 1.],
        [0., 1.],
        [0., 1.],
        [0., 1.],
        [1., 0.],
        [0., 1.],
        [1., 0.],
        [0., 1.],
        [0., 1.],
        [1., 0.]])
*********** i:3, train loss:5.0532 ***********
tensor([[2.7369e-01, 7.2631e-01],
        [5.7431e-04, 9.9943e-01],
        [8.3709e-02, 9.1629e-01],
        [2.8560e-01, 7.1440e-01],
        [3.6163e-01, 6.3837e-01],
        [9.4711e-23, 1.0000e+00],
        [4.7232e-02, 9.5277e-01],
        [3.4129e-01, 6.5871e-01],
        [8.0763e-04, 9.9919e-01],
        [3.4539e-01, 6.5461e-01],
        [1.9059e-02, 9.8094e-01],
        [3.7358e-01, 6.2642e-01],
        [3.6687e-01, 6.3313e-01],
        [2.2623e-01, 7.7377e-01],
        [3.6712e-01, 6.3288e-01],
        [3.7095e-01, 6.2905e-01]], grad_fn=<SoftmaxBackward0>)
tensor([[1., 0.],
        [0., 1.],
        [0., 1.],
        [0., 1.],
        [0., 1.],
        [0., 1.],
        [0., 1.],
        [0., 1.],
        [1., 0.],
        [1., 0.],
        [0., 1.],
        [0., 1.],
        [0., 1.],
        [0., 1.],
        [0., 1.],
        [0., 1.]])
*********** i:4, train loss:0.8088 ***********
Valid: Epo[003/200] Iter[001/002] LOSS: 77.7778 Batch ACC:0.2222 (2/9) Epo Current ACC:0.2222 (2/9)
Valid: Epo[003/200] Iter[002/002] LOSS: 44.4444 Batch ACC:0.5556 (5/9) Epo Current ACC:0.3889 (7/18)
Valid: Epo[003/200] Epo Summary Acc:0.3889 (7/18)

tensor([[0., 1.],
        [0., 1.],
        [0., 1.],
        [0., 1.],
        [0., 1.],
        [0., 1.],
        [0., 1.],
        [0., 1.],
        [0., 1.]])
tensor([[1., 0.],
        [0., 1.],
        [1., 0.],
        [1., 0.],
        [1., 0.],
        [1., 0.],
        [1., 0.],
        [0., 1.],
        [1., 0.]])
*********** i:0, val loss:77.7778 ***********
tensor([[0., 1.],
        [0., 1.],
        [0., 1.],
        [0., 1.],
        [0., 1.],
        [0., 1.],
        [0., 1.],
        [0., 1.],
        [0., 1.]])
tensor([[0., 1.],
        [0., 1.],
        [0., 1.],
        [0., 1.],
        [1., 0.],
        [0., 1.],
        [1., 0.],
        [1., 0.],
        [1., 0.]])
*********** i:1, val loss:44.4444 ***********
Valid: Current epoch summary acc:0.3889 <= best epoch summary acc: 0.6111, not save model
  0%|          | 0/1 [00:00<?, ?it/s]Test: Epo of Train[003/200] Tqdm Current test_acc:0.1818181872367859 (2/11)
100%|██████████| 1/1 [01:47<00:00, 107.55s/it]100%|██████████| 1/1 [01:47<00:00, 107.56s/it]
Test: Epo of Train[003/200] Epo Summary Acc:0.1818 (2/11)

Training: learning rate:0.0005
tensor([[0., 1.],
        [0., 1.],
        [0., 1.],
        [0., 1.],
        [0., 1.],
        [0., 1.],
        [0., 1.],
        [0., 1.],
        [0., 1.],
        [0., 1.],
        [0., 1.]])
tensor([[1., 0.],
        [1., 0.],
        [1., 0.],
        [1., 0.],
        [0., 1.],
        [1., 0.],
        [1., 0.],
        [1., 0.],
        [1., 0.],
        [1., 0.],
        [0., 1.]])
*********** Test outputs and labels ***********
Train: Epo[004/200] Iter[001/007] IterTime:[387.41s] LOSS: 8.4610 Batch ACC:0.5625 (9/16) Epo current ACC:0.5625 (9/16) ETA:149h:9m:7s 

Train: Epo[004/200] Iter[002/007] IterTime:[375.81s] LOSS: 0.8858 Batch ACC:0.5625 (9/16) Epo current ACC:0.5625 (18/32) ETA:144h:34m:59s 

Train: Epo[004/200] Iter[003/007] IterTime:[376.82s] LOSS: 4.9543 Batch ACC:0.5625 (9/16) Epo current ACC:0.5625 (27/48) ETA:144h:51m:55s 

Train: Epo[004/200] Iter[004/007] IterTime:[375.72s] LOSS: 5.9081 Batch ACC:0.6250 (10/16) Epo current ACC:0.5781 (37/64) ETA:144h:20m:23s 

Train: Epo[004/200] Iter[005/007] IterTime:[375.46s] LOSS: 4.6437 Batch ACC:0.7500 (12/16) Epo current ACC:0.6125 (49/80) ETA:144h:8m:11s 

Train: Epo[004/200] Iter[006/007] IterTime:[375.76s] LOSS: 1.3479 Batch ACC:0.6875 (11/16) Epo current ACC:0.6250 (60/96) ETA:144h:8m:50s 

Train: Epo[004/200] Iter[007/007] IterTime:[375.46s] LOSS: 0.8609 Batch ACC:0.5625 (9/16) Epo current ACC:0.6161 (69/112) ETA:143h:55m:36s 

Train: Epo[004/200] Epoch Summary Acc: 0.6160714030265808 (69/112)
tensor([[4.8591e-09, 1.0000e+00],
        [1.3115e-03, 9.9869e-01],
        [2.7744e-01, 7.2256e-01],
        [1.5710e-01, 8.4290e-01],
        [1.8981e-01, 8.1019e-01],
        [1.4815e-01, 8.5185e-01],
        [4.0689e-02, 9.5931e-01],
        [2.7095e-01, 7.2905e-01],
        [1.1492e-01, 8.8508e-01],
        [2.8225e-01, 7.1775e-01],
        [2.4531e-01, 7.5469e-01],
        [1.6370e-01, 8.3630e-01],
        [2.9499e-01, 7.0501e-01],
        [3.8279e-05, 9.9996e-01],
        [7.3151e-05, 9.9993e-01],
        [2.4923e-13, 1.0000e+00]], grad_fn=<SoftmaxBackward0>)
tensor([[1., 0.],
        [0., 1.],
        [0., 1.],
        [1., 0.],
        [0., 1.],
        [0., 1.],
        [1., 0.],
        [1., 0.],
        [1., 0.],
        [1., 0.],
        [0., 1.],
        [0., 1.],
        [0., 1.],
        [0., 1.],
        [0., 1.],
        [1., 0.]])
*********** i:0, train loss:8.4610 ***********
tensor([[1.5297e-04, 9.9985e-01],
        [2.4210e-01, 7.5790e-01],
        [2.9421e-01, 7.0579e-01],
        [3.0502e-01, 6.9498e-01],
        [1.6003e-02, 9.8400e-01],
        [2.2252e-01, 7.7748e-01],
        [5.1279e-08, 1.0000e+00],
        [1.7006e-01, 8.2994e-01],
        [1.4046e-01, 8.5954e-01],
        [2.9382e-01, 7.0618e-01],
        [3.0161e-01, 6.9839e-01],
        [6.3911e-15, 1.0000e+00],
        [2.8181e-01, 7.1819e-01],
        [3.0001e-01, 6.9999e-01],
        [2.7992e-01, 7.2008e-01],
        [1.2229e-02, 9.8777e-01]], grad_fn=<SoftmaxBackward0>)
tensor([[0., 1.],
        [1., 0.],
        [1., 0.],
        [0., 1.],
        [0., 1.],
        [0., 1.],
        [0., 1.],
        [0., 1.],
        [1., 0.],
        [0., 1.],
        [1., 0.],
        [0., 1.],
        [1., 0.],
        [1., 0.],
        [0., 1.],
        [1., 0.]])
*********** i:1, train loss:0.8858 ***********
tensor([[2.4141e-01, 7.5859e-01],
        [2.9886e-01, 7.0114e-01],
        [5.2003e-02, 9.4800e-01],
        [3.2294e-01, 6.7706e-01],
        [5.0929e-05, 9.9995e-01],
        [7.2101e-03, 9.9279e-01],
        [3.3644e-01, 6.6356e-01],
        [3.2349e-01, 6.7651e-01],
        [1.9225e-12, 1.0000e+00],
        [3.2999e-01, 6.7001e-01],
        [3.0678e-01, 6.9322e-01],
        [3.1631e-02, 9.6837e-01],
        [3.3090e-01, 6.6910e-01],
        [2.1642e-02, 9.7836e-01],
        [5.3546e-06, 9.9999e-01],
        [1.7545e-01, 8.2455e-01]], grad_fn=<SoftmaxBackward0>)
tensor([[0., 1.],
        [0., 1.],
        [0., 1.],
        [0., 1.],
        [0., 1.],
        [1., 0.],
        [1., 0.],
        [0., 1.],
        [1., 0.],
        [0., 1.],
        [1., 0.],
        [0., 1.],
        [1., 0.],
        [1., 0.],
        [0., 1.],
        [1., 0.]])
*********** i:2, train loss:4.9543 ***********
tensor([[1.3652e-02, 9.8635e-01],
        [7.6451e-02, 9.2355e-01],
        [2.1807e-01, 7.8193e-01],
        [1.6357e-04, 9.9984e-01],
        [6.6110e-03, 9.9339e-01],
        [9.4689e-02, 9.0531e-01],
        [1.9623e-01, 8.0377e-01],
        [2.6441e-01, 7.3559e-01],
        [2.1035e-01, 7.8965e-01],
        [1.1723e-07, 1.0000e+00],
        [3.3358e-01, 6.6642e-01],
        [1.5089e-11, 1.0000e+00],
        [8.7567e-02, 9.1243e-01],
        [3.2839e-01, 6.7161e-01],
        [1.8171e-01, 8.1829e-01],
        [2.7536e-01, 7.2464e-01]], grad_fn=<SoftmaxBackward0>)
tensor([[0., 1.],
        [0., 1.],
        [0., 1.],
        [1., 0.],
        [0., 1.],
        [0., 1.],
        [1., 0.],
        [1., 0.],
        [0., 1.],
        [1., 0.],
        [0., 1.],
        [1., 0.],
        [1., 0.],
        [0., 1.],
        [0., 1.],
        [0., 1.]])
*********** i:3, train loss:5.9081 ***********
tensor([[5.0101e-04, 9.9950e-01],
        [2.5888e-01, 7.4112e-01],
        [3.0501e-01, 6.9499e-01],
        [3.5113e-02, 9.6489e-01],
        [9.4718e-04, 9.9905e-01],
        [2.9949e-01, 7.0051e-01],
        [1.4709e-01, 8.5291e-01],
        [3.9038e-01, 6.0962e-01],
        [1.5578e-01, 8.4422e-01],
        [1.8568e-01, 8.1432e-01],
        [1.2692e-01, 8.7308e-01],
        [3.7278e-01, 6.2722e-01],
        [3.8961e-01, 6.1039e-01],
        [2.7677e-01, 7.2323e-01],
        [3.9304e-13, 1.0000e+00],
        [1.9531e-01, 8.0469e-01]], grad_fn=<SoftmaxBackward0>)
tensor([[0., 1.],
        [1., 0.],
        [0., 1.],
        [1., 0.],
        [0., 1.],
        [0., 1.],
        [0., 1.],
        [0., 1.],
        [0., 1.],
        [0., 1.],
        [1., 0.],
        [0., 1.],
        [0., 1.],
        [0., 1.],
        [1., 0.],
        [0., 1.]])
*********** i:4, train loss:4.6437 ***********
Valid: Epo[004/200] Iter[001/002] LOSS: 77.7778 Batch ACC:0.2222 (2/9) Epo Current ACC:0.2222 (2/9)
Valid: Epo[004/200] Iter[002/002] LOSS: 44.4444 Batch ACC:0.5556 (5/9) Epo Current ACC:0.3889 (7/18)
Valid: Epo[004/200] Epo Summary Acc:0.3889 (7/18)

tensor([[0., 1.],
        [0., 1.],
        [0., 1.],
        [0., 1.],
        [0., 1.],
        [0., 1.],
        [0., 1.],
        [0., 1.],
        [0., 1.]])
tensor([[1., 0.],
        [1., 0.],
        [0., 1.],
        [0., 1.],
        [1., 0.],
        [1., 0.],
        [1., 0.],
        [1., 0.],
        [1., 0.]])
*********** i:0, val loss:77.7778 ***********
tensor([[0., 1.],
        [0., 1.],
        [0., 1.],
        [0., 1.],
        [0., 1.],
        [0., 1.],
        [0., 1.],
        [0., 1.],
        [0., 1.]])
tensor([[0., 1.],
        [1., 0.],
        [0., 1.],
        [1., 0.],
        [0., 1.],
        [0., 1.],
        [0., 1.],
        [1., 0.],
        [1., 0.]])
*********** i:1, val loss:44.4444 ***********
Valid: Current epoch summary acc:0.3889 <= best epoch summary acc: 0.6111, not save model
  0%|          | 0/1 [00:00<?, ?it/s]Test: Epo of Train[004/200] Tqdm Current test_acc:0.1818181872367859 (2/11)
100%|██████████| 1/1 [01:43<00:00, 103.58s/it]100%|██████████| 1/1 [01:43<00:00, 103.60s/it]
Test: Epo of Train[004/200] Epo Summary Acc:0.1818 (2/11)

Training: learning rate:0.0005
tensor([[0.0000e+00, 1.0000e+00],
        [0.0000e+00, 1.0000e+00],
        [0.0000e+00, 1.0000e+00],
        [0.0000e+00, 1.0000e+00],
        [4.3848e-24, 1.0000e+00],
        [0.0000e+00, 1.0000e+00],
        [0.0000e+00, 1.0000e+00],
        [0.0000e+00, 1.0000e+00],
        [0.0000e+00, 1.0000e+00],
        [0.0000e+00, 1.0000e+00],
        [0.0000e+00, 1.0000e+00]])
tensor([[1., 0.],
        [1., 0.],
        [1., 0.],
        [0., 1.],
        [1., 0.],
        [1., 0.],
        [1., 0.],
        [1., 0.],
        [1., 0.],
        [1., 0.],
        [0., 1.]])
*********** Test outputs and labels ***********
Train: Epo[005/200] Iter[001/007] IterTime:[378.90s] LOSS: 1.9734 Batch ACC:0.5625 (9/16) Epo current ACC:0.5625 (9/16) ETA:145h:8m:23s 

Train: Epo[005/200] Iter[002/007] IterTime:[379.23s] LOSS: 0.9065 Batch ACC:0.7500 (12/16) Epo current ACC:0.6562 (21/32) ETA:145h:9m:38s 

Train: Epo[005/200] Iter[003/007] IterTime:[377.63s] LOSS: 1.5705 Batch ACC:0.5625 (9/16) Epo current ACC:0.6250 (30/48) ETA:144h:26m:35s 

Train: Epo[005/200] Iter[004/007] IterTime:[375.51s] LOSS: 0.5722 Batch ACC:0.4375 (7/16) Epo current ACC:0.5781 (37/64) ETA:143h:31m:43s 

Train: Epo[005/200] Iter[005/007] IterTime:[375.85s] LOSS: 0.9362 Batch ACC:0.5000 (8/16) Epo current ACC:0.5625 (45/80) ETA:143h:33m:7s 

Train: Epo[005/200] Iter[006/007] IterTime:[375.77s] LOSS: 1.3422 Batch ACC:0.6875 (11/16) Epo current ACC:0.5833 (56/96) ETA:143h:25m:11s 

Train: Epo[005/200] Iter[007/007] IterTime:[376.40s] LOSS: 0.9000 Batch ACC:0.4375 (7/16) Epo current ACC:0.5625 (63/112) ETA:143h:33m:13s 

Train: Epo[005/200] Epoch Summary Acc: 0.5625 (63/112)
tensor([[2.6490e-02, 9.7351e-01],
        [4.0348e-01, 5.9652e-01],
        [2.8717e-01, 7.1283e-01],
        [2.1929e-01, 7.8071e-01],
        [6.4705e-04, 9.9935e-01],
        [9.1315e-02, 9.0868e-01],
        [4.8747e-01, 5.1253e-01],
        [2.8293e-01, 7.1707e-01],
        [2.7369e-01, 7.2631e-01],
        [8.4707e-04, 9.9915e-01],
        [4.3232e-01, 5.6768e-01],
        [7.8380e-02, 9.2162e-01],
        [3.6102e-01, 6.3898e-01],
        [1.5328e-04, 9.9985e-01],
        [1.0151e-04, 9.9990e-01],
        [4.5324e-01, 5.4676e-01]], grad_fn=<SoftmaxBackward0>)
tensor([[0., 1.],
        [0., 1.],
        [0., 1.],
        [0., 1.],
        [1., 0.],
        [0., 1.],
        [0., 1.],
        [0., 1.],
        [1., 0.],
        [0., 1.],
        [1., 0.],
        [0., 1.],
        [1., 0.],
        [1., 0.],
        [1., 0.],
        [1., 0.]])
*********** i:0, train loss:1.9734 ***********
tensor([[2.5422e-01, 7.4578e-01],
        [4.8714e-01, 5.1286e-01],
        [8.3928e-03, 9.9161e-01],
        [1.0810e-01, 8.9190e-01],
        [2.0410e-04, 9.9980e-01],
        [4.4045e-01, 5.5955e-01],
        [3.1821e-01, 6.8179e-01],
        [4.2510e-01, 5.7490e-01],
        [8.3799e-02, 9.1620e-01],
        [4.1096e-01, 5.8904e-01],
        [4.0847e-01, 5.9153e-01],
        [9.6239e-02, 9.0376e-01],
        [8.3565e-06, 9.9999e-01],
        [4.9316e-01, 5.0684e-01],
        [2.5215e-01, 7.4785e-01],
        [1.3095e-01, 8.6905e-01]], grad_fn=<SoftmaxBackward0>)
tensor([[0., 1.],
        [1., 0.],
        [0., 1.],
        [0., 1.],
        [1., 0.],
        [1., 0.],
        [1., 0.],
        [0., 1.],
        [0., 1.],
        [0., 1.],
        [0., 1.],
        [0., 1.],
        [0., 1.],
        [0., 1.],
        [0., 1.],
        [0., 1.]])
*********** i:1, train loss:0.9065 ***********
tensor([[1.0423e-01, 8.9577e-01],
        [2.2955e-01, 7.7045e-01],
        [1.1322e-01, 8.8678e-01],
        [1.0374e-01, 8.9626e-01],
        [5.6171e-01, 4.3829e-01],
        [3.1514e-01, 6.8486e-01],
        [1.6180e-02, 9.8382e-01],
        [9.9659e-02, 9.0034e-01],
        [1.7025e-01, 8.2975e-01],
        [1.3777e-01, 8.6223e-01],
        [2.8158e-01, 7.1842e-01],
        [3.1456e-04, 9.9969e-01],
        [5.7074e-01, 4.2926e-01],
        [3.7215e-04, 9.9963e-01],
        [1.5614e-01, 8.4386e-01],
        [5.0389e-01, 4.9611e-01]], grad_fn=<SoftmaxBackward0>)
tensor([[1., 0.],
        [0., 1.],
        [1., 0.],
        [0., 1.],
        [0., 1.],
        [0., 1.],
        [0., 1.],
        [0., 1.],
        [0., 1.],
        [0., 1.],
        [1., 0.],
        [1., 0.],
        [1., 0.],
        [1., 0.],
        [0., 1.],
        [0., 1.]])
*********** i:2, train loss:1.5705 ***********
tensor([[4.9443e-01, 5.0557e-01],
        [5.0919e-01, 4.9081e-01],
        [4.6836e-01, 5.3164e-01],
        [3.8507e-01, 6.1493e-01],
        [2.7294e-01, 7.2706e-01],
        [5.2944e-02, 9.4706e-01],
        [5.1462e-01, 4.8538e-01],
        [4.9569e-01, 5.0431e-01],
        [5.0388e-01, 4.9612e-01],
        [1.4740e-01, 8.5260e-01],
        [4.2911e-01, 5.7089e-01],
        [8.2845e-08, 1.0000e+00],
        [3.6334e-01, 6.3666e-01],
        [5.1148e-01, 4.8852e-01],
        [2.4814e-01, 7.5186e-01],
        [3.6301e-01, 6.3699e-01]], grad_fn=<SoftmaxBackward0>)
tensor([[1., 0.],
        [1., 0.],
        [1., 0.],
        [0., 1.],
        [0., 1.],
        [0., 1.],
        [0., 1.],
        [1., 0.],
        [0., 1.],
        [0., 1.],
        [1., 0.],
        [0., 1.],
        [1., 0.],
        [0., 1.],
        [0., 1.],
        [1., 0.]])
*********** i:3, train loss:0.5722 ***********
tensor([[5.2093e-01, 4.7907e-01],
        [2.1267e-01, 7.8733e-01],
        [5.5851e-02, 9.4415e-01],
        [9.8563e-02, 9.0144e-01],
        [5.8979e-01, 4.1021e-01],
        [5.8355e-01, 4.1645e-01],
        [3.9411e-01, 6.0589e-01],
        [4.3551e-01, 5.6449e-01],
        [4.8888e-01, 5.1112e-01],
        [2.5032e-01, 7.4968e-01],
        [2.7099e-03, 9.9729e-01],
        [5.3271e-01, 4.6729e-01],
        [9.8044e-03, 9.9020e-01],
        [5.7498e-02, 9.4250e-01],
        [4.8402e-04, 9.9952e-01],
        [4.5920e-01, 5.4080e-01]], grad_fn=<SoftmaxBackward0>)
tensor([[0., 1.],
        [0., 1.],
        [0., 1.],
        [1., 0.],
        [0., 1.],
        [0., 1.],
        [1., 0.],
        [0., 1.],
        [1., 0.],
        [0., 1.],
        [1., 0.],
        [0., 1.],
        [0., 1.],
        [0., 1.],
        [0., 1.],
        [0., 1.]])
*********** i:4, train loss:0.9362 ***********
Valid: Epo[005/200] Iter[001/002] LOSS: 6.6068 Batch ACC:0.4444 (4/9) Epo Current ACC:0.4444 (4/9)
Valid: Epo[005/200] Iter[002/002] LOSS: 12.3136 Batch ACC:0.3333 (3/9) Epo Current ACC:0.3889 (7/18)
Valid: Epo[005/200] Epo Summary Acc:0.3889 (7/18)

tensor([[6.5385e-08, 1.0000e+00],
        [1.9394e-08, 1.0000e+00],
        [1.5358e-06, 1.0000e+00],
        [2.4192e-04, 9.9976e-01],
        [5.9907e-05, 9.9994e-01],
        [9.5767e-07, 1.0000e+00],
        [2.6921e-05, 9.9997e-01],
        [7.5722e-06, 9.9999e-01],
        [2.9495e-04, 9.9971e-01]])
tensor([[1., 0.],
        [0., 1.],
        [1., 0.],
        [1., 0.],
        [1., 0.],
        [0., 1.],
        [0., 1.],
        [1., 0.],
        [0., 1.]])
*********** i:0, val loss:6.6068 ***********
tensor([[1.9237e-03, 9.9808e-01],
        [2.8178e-06, 1.0000e+00],
        [3.2903e-04, 9.9967e-01],
        [6.3228e-03, 9.9368e-01],
        [2.3260e-03, 9.9767e-01],
        [3.7650e-01, 6.2350e-01],
        [1.0742e-12, 1.0000e+00],
        [2.7977e-23, 1.0000e+00],
        [1.4357e-06, 1.0000e+00]])
tensor([[1., 0.],
        [1., 0.],
        [1., 0.],
        [0., 1.],
        [1., 0.],
        [0., 1.],
        [1., 0.],
        [0., 1.],
        [1., 0.]])
*********** i:1, val loss:12.3136 ***********
Valid: Current epoch summary acc:0.3889 <= best epoch summary acc: 0.6111, not save model
  0%|          | 0/1 [00:00<?, ?it/s]Test: Epo of Train[005/200] Tqdm Current test_acc:0.1818181872367859 (2/11)
100%|██████████| 1/1 [01:42<00:00, 102.47s/it]100%|██████████| 1/1 [01:42<00:00, 102.48s/it]
Test: Epo of Train[005/200] Epo Summary Acc:0.1818 (2/11)

Training: learning rate:0.0005
tensor([[5.4301e-11, 1.0000e+00],
        [1.2741e-02, 9.8726e-01],
        [2.9392e-03, 9.9706e-01],
        [9.9491e-09, 1.0000e+00],
        [7.2025e-11, 1.0000e+00],
        [2.5688e-06, 1.0000e+00],
        [1.2095e-07, 1.0000e+00],
        [1.8594e-09, 1.0000e+00],
        [1.9582e-08, 1.0000e+00],
        [1.1867e-07, 1.0000e+00],
        [8.8446e-02, 9.1155e-01]])
tensor([[1., 0.],
        [1., 0.],
        [1., 0.],
        [0., 1.],
        [1., 0.],
        [1., 0.],
        [1., 0.],
        [1., 0.],
        [0., 1.],
        [1., 0.],
        [1., 0.]])
*********** Test outputs and labels ***********
Train: Epo[006/200] Iter[001/007] IterTime:[381.41s] LOSS: 1.2696 Batch ACC:0.3125 (5/16) Epo current ACC:0.3125 (5/16) ETA:145h:21m:39s 

Train: Epo[006/200] Iter[002/007] IterTime:[376.48s] LOSS: 0.9341 Batch ACC:0.4375 (7/16) Epo current ACC:0.3750 (12/32) ETA:143h:22m:40s 

Train: Epo[006/200] Iter[003/007] IterTime:[376.04s] LOSS: 0.5218 Batch ACC:0.6250 (10/16) Epo current ACC:0.4583 (22/48) ETA:143h:6m:16s 

Train: Epo[006/200] Iter[004/007] IterTime:[375.10s] LOSS: 0.9641 Batch ACC:0.3125 (5/16) Epo current ACC:0.4219 (27/64) ETA:142h:38m:30s 

Train: Epo[006/200] Iter[005/007] IterTime:[374.93s] LOSS: 0.6792 Batch ACC:0.6250 (10/16) Epo current ACC:0.4625 (37/80) ETA:142h:28m:24s 

Train: Epo[006/200] Iter[006/007] IterTime:[374.91s] LOSS: 0.6982 Batch ACC:0.6250 (10/16) Epo current ACC:0.4896 (47/96) ETA:142h:21m:36s 

Train: Epo[006/200] Iter[007/007] IterTime:[375.99s] LOSS: 0.8533 Batch ACC:0.3125 (5/16) Epo current ACC:0.4643 (52/112) ETA:142h:39m:58s 

Train: Epo[006/200] Epoch Summary Acc: 0.4642857015132904 (52/112)
tensor([[0.6625, 0.3375],
        [0.6173, 0.3827],
        [0.6691, 0.3309],
        [0.6662, 0.3338],
        [0.6130, 0.3870],
        [0.5270, 0.4730],
        [0.0767, 0.9233],
        [0.0140, 0.9860],
        [0.2062, 0.7938],
        [0.1525, 0.8475],
        [0.4084, 0.5916],
        [0.3796, 0.6204],
        [0.6410, 0.3590],
        [0.3268, 0.6732],
        [0.0395, 0.9605],
        [0.2276, 0.7724]], grad_fn=<SoftmaxBackward0>)
tensor([[0., 1.],
        [0., 1.],
        [0., 1.],
        [0., 1.],
        [0., 1.],
        [0., 1.],
        [1., 0.],
        [1., 0.],
        [0., 1.],
        [0., 1.],
        [0., 1.],
        [0., 1.],
        [0., 1.],
        [0., 1.],
        [1., 0.],
        [1., 0.]])
*********** i:0, train loss:1.2696 ***********
tensor([[0.6511, 0.3489],
        [0.1950, 0.8050],
        [0.6688, 0.3312],
        [0.0041, 0.9959],
        [0.5959, 0.4041],
        [0.6834, 0.3166],
        [0.7024, 0.2976],
        [0.0142, 0.9858],
        [0.5917, 0.4083],
        [0.4062, 0.5938],
        [0.6017, 0.3983],
        [0.6260, 0.3740],
        [0.1439, 0.8561],
        [0.5202, 0.4798],
        [0.1838, 0.8162],
        [0.6006, 0.3994]], grad_fn=<SoftmaxBackward0>)
tensor([[0., 1.],
        [0., 1.],
        [0., 1.],
        [0., 1.],
        [0., 1.],
        [0., 1.],
        [1., 0.],
        [1., 0.],
        [0., 1.],
        [0., 1.],
        [0., 1.],
        [1., 0.],
        [0., 1.],
        [0., 1.],
        [1., 0.],
        [1., 0.]])
*********** i:1, train loss:0.9341 ***********
tensor([[0.2179, 0.7821],
        [0.4847, 0.5153],
        [0.3825, 0.6175],
        [0.5768, 0.4232],
        [0.0150, 0.9850],
        [0.3009, 0.6991],
        [0.5319, 0.4681],
        [0.1294, 0.8706],
        [0.6755, 0.3245],
        [0.2697, 0.7303],
        [0.7194, 0.2806],
        [0.7486, 0.2514],
        [0.5548, 0.4452],
        [0.4743, 0.5257],
        [0.7032, 0.2968],
        [0.3944, 0.6056]], grad_fn=<SoftmaxBackward0>)
tensor([[0., 1.],
        [1., 0.],
        [1., 0.],
        [1., 0.],
        [0., 1.],
        [0., 1.],
        [0., 1.],
        [0., 1.],
        [1., 0.],
        [0., 1.],
        [1., 0.],
        [1., 0.],
        [0., 1.],
        [1., 0.],
        [0., 1.],
        [0., 1.]])
*********** i:2, train loss:0.5218 ***********
tensor([[0.3045, 0.6955],
        [0.5692, 0.4308],
        [0.6702, 0.3298],
        [0.5527, 0.4473],
        [0.2688, 0.7312],
        [0.0429, 0.9571],
        [0.4824, 0.5176],
        [0.3436, 0.6564],
        [0.4604, 0.5396],
        [0.7350, 0.2650],
        [0.6289, 0.3711],
        [0.5189, 0.4811],
        [0.3640, 0.6360],
        [0.3496, 0.6504],
        [0.6441, 0.3559],
        [0.7269, 0.2731]], grad_fn=<SoftmaxBackward0>)
tensor([[1., 0.],
        [0., 1.],
        [0., 1.],
        [0., 1.],
        [1., 0.],
        [1., 0.],
        [1., 0.],
        [0., 1.],
        [0., 1.],
        [0., 1.],
        [0., 1.],
        [0., 1.],
        [1., 0.],
        [0., 1.],
        [1., 0.],
        [1., 0.]])
*********** i:3, train loss:0.9641 ***********
tensor([[0.6922, 0.3078],
        [0.6532, 0.3468],
        [0.4667, 0.5333],
        [0.4815, 0.5185],
        [0.7686, 0.2314],
        [0.2664, 0.7336],
        [0.7698, 0.2302],
        [0.3284, 0.6716],
        [0.2473, 0.7527],
        [0.7348, 0.2652],
        [0.2780, 0.7220],
        [0.1306, 0.8694],
        [0.3044, 0.6956],
        [0.4453, 0.5547],
        [0.3005, 0.6995],
        [0.7818, 0.2182]], grad_fn=<SoftmaxBackward0>)
tensor([[1., 0.],
        [0., 1.],
        [0., 1.],
        [0., 1.],
        [1., 0.],
        [1., 0.],
        [1., 0.],
        [0., 1.],
        [0., 1.],
        [1., 0.],
        [1., 0.],
        [0., 1.],
        [0., 1.],
        [1., 0.],
        [1., 0.],
        [0., 1.]])
*********** i:4, train loss:0.6792 ***********
Valid: Epo[006/200] Iter[001/002] LOSS: 11.5137 Batch ACC:0.5556 (5/9) Epo Current ACC:0.5556 (5/9)
Valid: Epo[006/200] Iter[002/002] LOSS: 10.2858 Batch ACC:0.6667 (6/9) Epo Current ACC:0.6111 (11/18)
Valid: Epo[006/200] Epo Summary Acc:0.6111 (11/18)

tensor([[9.8951e-01, 1.0492e-02],
        [1.0000e+00, 4.4327e-11],
        [9.9999e-01, 7.3579e-06],
        [1.0000e+00, 4.3879e-07],
        [1.0000e+00, 1.0920e-07],
        [1.0000e+00, 3.3336e-11],
        [1.0000e+00, 3.4530e-07],
        [1.0000e+00, 9.0446e-07],
        [1.0000e+00, 1.6159e-07]])
tensor([[1., 0.],
        [0., 1.],
        [0., 1.],
        [1., 0.],
        [0., 1.],
        [1., 0.],
        [1., 0.],
        [0., 1.],
        [1., 0.]])
*********** i:0, val loss:11.5137 ***********
tensor([[1.0000e+00, 2.8488e-15],
        [9.3436e-01, 6.5644e-02],
        [1.0000e+00, 3.9628e-08],
        [1.0000e+00, 2.5400e-06],
        [1.0000e+00, 5.2816e-34],
        [1.0000e+00, 6.0310e-10],
        [7.8497e-01, 2.1503e-01],
        [1.0000e+00, 8.0899e-30],
        [1.0000e+00, 2.6128e-14]])
tensor([[1., 0.],
        [0., 1.],
        [1., 0.],
        [1., 0.],
        [0., 1.],
        [1., 0.],
        [0., 1.],
        [1., 0.],
        [1., 0.]])
*********** i:1, val loss:10.2858 ***********
Valid: Current epoch summary acc:0.6111 <= best epoch summary acc: 0.6111, not save model
  0%|          | 0/1 [00:00<?, ?it/s]Test: Epo of Train[006/200] Tqdm Current test_acc:0.8181818127632141 (9/11)
100%|██████████| 1/1 [01:43<00:00, 103.39s/it]100%|██████████| 1/1 [01:43<00:00, 103.40s/it]
Test: Epo of Train[006/200] Epo Summary Acc:0.8182 (9/11)

Training: learning rate:0.0005
tensor([[1.0000e+00, 7.9193e-37],
        [1.0000e+00, 2.6713e-26],
        [1.0000e+00, 1.6383e-27],
        [1.0000e+00, 2.0228e-11],
        [9.9837e-01, 1.6304e-03],
        [9.9995e-01, 4.9509e-05],
        [9.9994e-01, 6.2396e-05],
        [1.0000e+00, 1.4951e-11],
        [1.0000e+00, 1.8522e-17],
        [1.0000e+00, 6.9259e-10],
        [1.0000e+00, 5.6642e-08]])
tensor([[1., 0.],
        [1., 0.],
        [0., 1.],
        [1., 0.],
        [1., 0.],
        [1., 0.],
        [1., 0.],
        [0., 1.],
        [1., 0.],
        [1., 0.],
        [1., 0.]])
*********** Test outputs and labels ***********
Train: Epo[007/200] Iter[001/007] IterTime:[388.93s] LOSS: 0.7908 Batch ACC:0.5000 (8/16) Epo current ACC:0.5000 (8/16) ETA:147h:28m:11s 

Train: Epo[007/200] Iter[002/007] IterTime:[394.46s] LOSS: 0.9936 Batch ACC:0.1875 (3/16) Epo current ACC:0.3438 (11/32) ETA:149h:27m:25s 

Train: Epo[007/200] Iter[003/007] IterTime:[383.97s] LOSS: 0.7649 Batch ACC:0.3750 (6/16) Epo current ACC:0.3542 (17/48) ETA:145h:22m:32s 

Train: Epo[007/200] Iter[004/007] IterTime:[380.48s] LOSS: 0.9624 Batch ACC:0.3125 (5/16) Epo current ACC:0.3438 (22/64) ETA:143h:56m:57s 

Train: Epo[007/200] Iter[005/007] IterTime:[381.63s] LOSS: 0.6588 Batch ACC:0.5625 (9/16) Epo current ACC:0.3875 (31/80) ETA:144h:16m:42s 

Train: Epo[007/200] Iter[006/007] IterTime:[381.22s] LOSS: 0.9007 Batch ACC:0.3125 (5/16) Epo current ACC:0.3750 (36/96) ETA:144h:0m:59s 

Train: Epo[007/200] Iter[007/007] IterTime:[385.29s] LOSS: 0.8723 Batch ACC:0.3125 (5/16) Epo current ACC:0.3661 (41/112) ETA:145h:26m:53s 

Train: Epo[007/200] Epoch Summary Acc: 0.3660714328289032 (41/112)
tensor([[0.5525, 0.4475],
        [0.5882, 0.4118],
        [0.4700, 0.5300],
        [0.7620, 0.2380],
        [0.7189, 0.2811],
        [0.5311, 0.4689],
        [0.3352, 0.6648],
        [0.3968, 0.6032],
        [0.5423, 0.4577],
        [0.7163, 0.2837],
        [0.7754, 0.2246],
        [0.6746, 0.3254],
        [0.4734, 0.5266],
        [0.7124, 0.2876],
        [0.5500, 0.4500],
        [0.3535, 0.6465]], grad_fn=<SoftmaxBackward0>)
tensor([[1., 0.],
        [1., 0.],
        [0., 1.],
        [0., 1.],
        [1., 0.],
        [0., 1.],
        [0., 1.],
        [0., 1.],
        [0., 1.],
        [1., 0.],
        [0., 1.],
        [0., 1.],
        [0., 1.],
        [0., 1.],
        [0., 1.],
        [1., 0.]])
*********** i:0, train loss:0.7908 ***********
tensor([[0.6173, 0.3827],
        [0.7890, 0.2110],
        [0.7859, 0.2141],
        [0.2463, 0.7537],
        [0.4568, 0.5432],
        [0.3683, 0.6317],
        [0.5804, 0.4196],
        [0.6897, 0.3103],
        [0.4827, 0.5173],
        [0.7851, 0.2149],
        [0.6475, 0.3525],
        [0.5843, 0.4157],
        [0.6801, 0.3199],
        [0.4670, 0.5330],
        [0.6362, 0.3638],
        [0.7098, 0.2902]], grad_fn=<SoftmaxBackward0>)
tensor([[0., 1.],
        [0., 1.],
        [0., 1.],
        [1., 0.],
        [1., 0.],
        [1., 0.],
        [0., 1.],
        [0., 1.],
        [0., 1.],
        [0., 1.],
        [0., 1.],
        [0., 1.],
        [1., 0.],
        [1., 0.],
        [0., 1.],
        [1., 0.]])
*********** i:1, train loss:0.9936 ***********
tensor([[0.7324, 0.2676],
        [0.5900, 0.4100],
        [0.4625, 0.5375],
        [0.5986, 0.4014],
        [0.5580, 0.4420],
        [0.7974, 0.2026],
        [0.6988, 0.3012],
        [0.5582, 0.4418],
        [0.4210, 0.5790],
        [0.5996, 0.4004],
        [0.6496, 0.3504],
        [0.5618, 0.4382],
        [0.4456, 0.5544],
        [0.7150, 0.2850],
        [0.7248, 0.2752],
        [0.7898, 0.2102]], grad_fn=<SoftmaxBackward0>)
tensor([[1., 0.],
        [0., 1.],
        [1., 0.],
        [1., 0.],
        [1., 0.],
        [1., 0.],
        [0., 1.],
        [0., 1.],
        [0., 1.],
        [0., 1.],
        [0., 1.],
        [0., 1.],
        [1., 0.],
        [0., 1.],
        [0., 1.],
        [1., 0.]])
*********** i:2, train loss:0.7649 ***********
tensor([[0.5588, 0.4412],
        [0.4520, 0.5480],
        [0.8050, 0.1950],
        [0.5422, 0.4578],
        [0.6933, 0.3067],
        [0.6329, 0.3671],
        [0.6602, 0.3398],
        [0.6869, 0.3131],
        [0.7748, 0.2252],
        [0.7521, 0.2479],
        [0.8045, 0.1955],
        [0.4679, 0.5321],
        [0.5370, 0.4630],
        [0.5886, 0.4114],
        [0.7558, 0.2442],
        [0.3991, 0.6009]], grad_fn=<SoftmaxBackward0>)
tensor([[1., 0.],
        [0., 1.],
        [0., 1.],
        [0., 1.],
        [1., 0.],
        [0., 1.],
        [1., 0.],
        [0., 1.],
        [0., 1.],
        [0., 1.],
        [0., 1.],
        [1., 0.],
        [0., 1.],
        [0., 1.],
        [0., 1.],
        [0., 1.]])
*********** i:3, train loss:0.9624 ***********
tensor([[0.7200, 0.2800],
        [0.7394, 0.2606],
        [0.5559, 0.4441],
        [0.7009, 0.2991],
        [0.3617, 0.6383],
        [0.7508, 0.2492],
        [0.5934, 0.4066],
        [0.6255, 0.3745],
        [0.6071, 0.3929],
        [0.6182, 0.3818],
        [0.4565, 0.5435],
        [0.6221, 0.3779],
        [0.5484, 0.4516],
        [0.7328, 0.2672],
        [0.6976, 0.3024],
        [0.7357, 0.2643]], grad_fn=<SoftmaxBackward0>)
tensor([[1., 0.],
        [0., 1.],
        [1., 0.],
        [1., 0.],
        [1., 0.],
        [1., 0.],
        [0., 1.],
        [1., 0.],
        [0., 1.],
        [0., 1.],
        [0., 1.],
        [0., 1.],
        [0., 1.],
        [1., 0.],
        [1., 0.],
        [1., 0.]])
*********** i:4, train loss:0.6588 ***********
Valid: Epo[007/200] Iter[001/002] LOSS: 1.5765 Batch ACC:0.6667 (6/9) Epo Current ACC:0.6667 (6/9)
Valid: Epo[007/200] Iter[002/002] LOSS: 9.9566 Batch ACC:0.5556 (5/9) Epo Current ACC:0.6111 (11/18)
Valid: Epo[007/200] Epo Summary Acc:0.6111 (11/18)

tensor([[9.9997e-01, 2.7843e-05],
        [9.1760e-01, 8.2402e-02],
        [1.0000e+00, 6.4671e-17],
        [8.8950e-01, 1.1050e-01],
        [9.9896e-01, 1.0432e-03],
        [9.6550e-01, 3.4497e-02],
        [9.9995e-01, 5.0591e-05],
        [9.3152e-01, 6.8479e-02],
        [7.9312e-01, 2.0688e-01]])
tensor([[1., 0.],
        [0., 1.],
        [1., 0.],
        [1., 0.],
        [1., 0.],
        [1., 0.],
        [0., 1.],
        [1., 0.],
        [0., 1.]])
*********** i:0, val loss:1.5765 ***********
tensor([[9.4104e-01, 5.8955e-02],
        [1.0000e+00, 1.9023e-06],
        [1.0000e+00, 1.7533e-19],
        [9.9975e-01, 2.4689e-04],
        [9.7535e-01, 2.4645e-02],
        [7.7948e-01, 2.2052e-01],
        [8.2433e-01, 1.7567e-01],
        [9.9971e-01, 2.9336e-04],
        [1.0000e+00, 4.2392e-10]])
tensor([[0., 1.],
        [0., 1.],
        [0., 1.],
        [1., 0.],
        [1., 0.],
        [1., 0.],
        [0., 1.],
        [1., 0.],
        [1., 0.]])
*********** i:1, val loss:9.9566 ***********
Valid: Current epoch summary acc:0.6111 <= best epoch summary acc: 0.6111, not save model
  0%|          | 0/1 [00:00<?, ?it/s]Test: Epo of Train[007/200] Tqdm Current test_acc:0.8181818127632141 (9/11)
100%|██████████| 1/1 [01:39<00:00, 99.22s/it]100%|██████████| 1/1 [01:39<00:00, 99.23s/it]
Test: Epo of Train[007/200] Epo Summary Acc:0.8182 (9/11)

Training: learning rate:0.0005
tensor([[1.0000e+00, 3.9739e-12],
        [8.8929e-01, 1.1071e-01],
        [1.0000e+00, 7.8741e-11],
        [1.0000e+00, 2.8016e-13],
        [8.9336e-01, 1.0664e-01],
        [9.9971e-01, 2.9201e-04],
        [9.9116e-01, 8.8449e-03],
        [9.9985e-01, 1.5184e-04],
        [1.0000e+00, 4.3346e-07],
        [9.4225e-01, 5.7748e-02],
        [9.8509e-01, 1.4906e-02]])
tensor([[1., 0.],
        [1., 0.],
        [0., 1.],
        [1., 0.],
        [1., 0.],
        [0., 1.],
        [1., 0.],
        [1., 0.],
        [1., 0.],
        [1., 0.],
        [1., 0.]])
*********** Test outputs and labels ***********
Train: Epo[008/200] Iter[001/007] IterTime:[384.86s] LOSS: 0.8106 Batch ACC:0.5625 (9/16) Epo current ACC:0.5625 (9/16) ETA:145h:10m:44s 

Train: Epo[008/200] Iter[002/007] IterTime:[381.88s] LOSS: 1.0293 Batch ACC:0.3125 (5/16) Epo current ACC:0.4375 (14/32) ETA:143h:56m:47s 

Train: Epo[008/200] Iter[003/007] IterTime:[382.78s] LOSS: 0.8168 Batch ACC:0.5000 (8/16) Epo current ACC:0.4583 (22/48) ETA:144h:10m:48s 

Train: Epo[008/200] Iter[004/007] IterTime:[382.48s] LOSS: 1.0196 Batch ACC:0.3750 (6/16) Epo current ACC:0.4375 (28/64) ETA:143h:57m:42s 

Train: Epo[008/200] Iter[005/007] IterTime:[381.89s] LOSS: 0.7855 Batch ACC:0.4375 (7/16) Epo current ACC:0.4375 (35/80) ETA:143h:37m:54s 

Train: Epo[008/200] Iter[006/007] IterTime:[382.51s] LOSS: 1.0195 Batch ACC:0.3750 (6/16) Epo current ACC:0.4271 (41/96) ETA:143h:45m:33s 

Train: Epo[008/200] Iter[007/007] IterTime:[380.13s] LOSS: 0.9688 Batch ACC:0.3125 (5/16) Epo current ACC:0.4107 (46/112) ETA:142h:45m:40s 

Train: Epo[008/200] Epoch Summary Acc: 0.4107142984867096 (46/112)
tensor([[0.7900, 0.2100],
        [0.6473, 0.3527],
        [0.5651, 0.4349],
        [0.6698, 0.3302],
        [0.6483, 0.3517],
        [0.6730, 0.3270],
        [0.7865, 0.2135],
        [0.6954, 0.3046],
        [0.7475, 0.2525],
        [0.6477, 0.3523],
        [0.6534, 0.3466],
        [0.6479, 0.3521],
        [0.7898, 0.2102],
        [0.7683, 0.2317],
        [0.8797, 0.1203],
        [0.6022, 0.3978]], grad_fn=<SoftmaxBackward0>)
tensor([[0., 1.],
        [0., 1.],
        [1., 0.],
        [0., 1.],
        [1., 0.],
        [1., 0.],
        [1., 0.],
        [0., 1.],
        [0., 1.],
        [1., 0.],
        [0., 1.],
        [1., 0.],
        [1., 0.],
        [1., 0.],
        [0., 1.],
        [1., 0.]])
*********** i:0, train loss:0.8106 ***********
tensor([[0.7342, 0.2658],
        [0.7753, 0.2247],
        [0.6782, 0.3218],
        [0.7403, 0.2597],
        [0.6690, 0.3310],
        [0.5648, 0.4352],
        [0.7377, 0.2623],
        [0.7084, 0.2916],
        [0.7969, 0.2031],
        [0.7077, 0.2923],
        [0.6661, 0.3339],
        [0.4850, 0.5150],
        [0.7984, 0.2016],
        [0.6436, 0.3564],
        [0.8460, 0.1540],
        [0.7198, 0.2802]], grad_fn=<SoftmaxBackward0>)
tensor([[0., 1.],
        [0., 1.],
        [1., 0.],
        [0., 1.],
        [0., 1.],
        [0., 1.],
        [0., 1.],
        [1., 0.],
        [0., 1.],
        [0., 1.],
        [1., 0.],
        [0., 1.],
        [1., 0.],
        [0., 1.],
        [0., 1.],
        [0., 1.]])
*********** i:1, train loss:1.0293 ***********
tensor([[0.7354, 0.2646],
        [0.6815, 0.3185],
        [0.6456, 0.3544],
        [0.6951, 0.3049],
        [0.7299, 0.2701],
        [0.5115, 0.4885],
        [0.8061, 0.1939],
        [0.7546, 0.2454],
        [0.7808, 0.2192],
        [0.6851, 0.3149],
        [0.8598, 0.1402],
        [0.6695, 0.3305],
        [0.7665, 0.2335],
        [0.7324, 0.2676],
        [0.4833, 0.5167],
        [0.7418, 0.2582]], grad_fn=<SoftmaxBackward0>)
tensor([[1., 0.],
        [1., 0.],
        [0., 1.],
        [0., 1.],
        [1., 0.],
        [0., 1.],
        [0., 1.],
        [1., 0.],
        [1., 0.],
        [0., 1.],
        [0., 1.],
        [0., 1.],
        [0., 1.],
        [1., 0.],
        [0., 1.],
        [1., 0.]])
*********** i:2, train loss:0.8168 ***********
tensor([[0.5166, 0.4834],
        [0.6634, 0.3366],
        [0.9264, 0.0736],
        [0.7421, 0.2579],
        [0.6328, 0.3672],
        [0.6147, 0.3853],
        [0.8194, 0.1806],
        [0.8021, 0.1979],
        [0.6642, 0.3358],
        [0.7831, 0.2169],
        [0.6717, 0.3283],
        [0.6552, 0.3448],
        [0.7820, 0.2180],
        [0.6223, 0.3777],
        [0.6993, 0.3007],
        [0.7910, 0.2090]], grad_fn=<SoftmaxBackward0>)
tensor([[1., 0.],
        [1., 0.],
        [0., 1.],
        [0., 1.],
        [1., 0.],
        [0., 1.],
        [0., 1.],
        [1., 0.],
        [0., 1.],
        [1., 0.],
        [0., 1.],
        [0., 1.],
        [0., 1.],
        [0., 1.],
        [1., 0.],
        [0., 1.]])
*********** i:3, train loss:1.0196 ***********
tensor([[0.6996, 0.3004],
        [0.7608, 0.2392],
        [0.7046, 0.2954],
        [0.9549, 0.0451],
        [0.6274, 0.3726],
        [0.6296, 0.3704],
        [0.8153, 0.1847],
        [0.6976, 0.3024],
        [0.6473, 0.3527],
        [0.7376, 0.2624],
        [0.7391, 0.2609],
        [0.6523, 0.3477],
        [0.7571, 0.2429],
        [0.5974, 0.4026],
        [0.6874, 0.3126],
        [0.7484, 0.2516]], grad_fn=<SoftmaxBackward0>)
tensor([[0., 1.],
        [1., 0.],
        [0., 1.],
        [1., 0.],
        [0., 1.],
        [0., 1.],
        [1., 0.],
        [0., 1.],
        [0., 1.],
        [0., 1.],
        [1., 0.],
        [1., 0.],
        [1., 0.],
        [1., 0.],
        [0., 1.],
        [0., 1.]])
*********** i:4, train loss:0.7855 ***********
Valid: Epo[008/200] Iter[001/002] LOSS: 1.3380 Batch ACC:0.4444 (4/9) Epo Current ACC:0.4444 (4/9)
Valid: Epo[008/200] Iter[002/002] LOSS: 7.0654 Batch ACC:0.7778 (7/9) Epo Current ACC:0.6111 (11/18)
Valid: Epo[008/200] Epo Summary Acc:0.6111 (11/18)

tensor([[0.9073, 0.0927],
        [0.9334, 0.0666],
        [0.7630, 0.2370],
        [0.9969, 0.0031],
        [0.9214, 0.0786],
        [0.8065, 0.1935],
        [0.6669, 0.3331],
        [0.9484, 0.0516],
        [0.9949, 0.0051]])
tensor([[0., 1.],
        [1., 0.],
        [0., 1.],
        [1., 0.],
        [1., 0.],
        [0., 1.],
        [0., 1.],
        [1., 0.],
        [0., 1.]])
*********** i:0, val loss:1.3380 ***********
tensor([[7.3918e-01, 2.6082e-01],
        [1.0000e+00, 1.9287e-10],
        [7.4171e-01, 2.5830e-01],
        [9.9470e-01, 5.2998e-03],
        [6.3359e-01, 3.6641e-01],
        [9.9907e-01, 9.2878e-04],
        [8.1836e-01, 1.8164e-01],
        [9.1953e-01, 8.0473e-02],
        [9.8574e-01, 1.4262e-02]])
tensor([[0., 1.],
        [0., 1.],
        [1., 0.],
        [1., 0.],
        [1., 0.],
        [1., 0.],
        [1., 0.],
        [1., 0.],
        [1., 0.]])
*********** i:1, val loss:7.0654 ***********
Valid: Current epoch summary acc:0.6111 <= best epoch summary acc: 0.6111, not save model
  0%|          | 0/1 [00:00<?, ?it/s]Test: Epo of Train[008/200] Tqdm Current test_acc:0.8181818127632141 (9/11)
100%|██████████| 1/1 [01:49<00:00, 109.21s/it]100%|██████████| 1/1 [01:49<00:00, 109.22s/it]
Test: Epo of Train[008/200] Epo Summary Acc:0.8182 (9/11)

Training: learning rate:0.0005
tensor([[9.5036e-01, 4.9641e-02],
        [9.3463e-01, 6.5368e-02],
        [9.9630e-01, 3.6954e-03],
        [8.1258e-01, 1.8742e-01],
        [9.9992e-01, 8.0211e-05],
        [9.3038e-01, 6.9617e-02],
        [9.9961e-01, 3.9048e-04],
        [7.8279e-01, 2.1721e-01],
        [8.5252e-01, 1.4748e-01],
        [7.2418e-01, 2.7582e-01],
        [9.9985e-01, 1.4682e-04]])
tensor([[0., 1.],
        [1., 0.],
        [1., 0.],
        [1., 0.],
        [0., 1.],
        [1., 0.],
        [1., 0.],
        [1., 0.],
        [1., 0.],
        [1., 0.],
        [1., 0.]])
*********** Test outputs and labels ***********
Train: Epo[009/200] Iter[001/007] IterTime:[383.70s] LOSS: 1.0028 Batch ACC:0.3750 (6/16) Epo current ACC:0.3750 (6/16) ETA:143h:59m:37s 

Train: Epo[009/200] Iter[002/007] IterTime:[376.97s] LOSS: 0.7536 Batch ACC:0.4375 (7/16) Epo current ACC:0.4062 (13/32) ETA:141h:21m:51s 

Train: Epo[009/200] Iter[003/007] IterTime:[375.30s] LOSS: 1.0025 Batch ACC:0.3125 (5/16) Epo current ACC:0.3750 (18/48) ETA:140h:38m:6s 

Train: Epo[009/200] Iter[004/007] IterTime:[374.11s] LOSS: 1.0581 Batch ACC:0.3125 (5/16) Epo current ACC:0.3594 (23/64) ETA:140h:4m:57s 

Train: Epo[009/200] Iter[005/007] IterTime:[382.58s] LOSS: 1.0568 Batch ACC:0.3125 (5/16) Epo current ACC:0.3500 (28/80) ETA:143h:9m:0s 

Train: Epo[009/200] Iter[006/007] IterTime:[378.41s] LOSS: 0.7690 Batch ACC:0.4375 (7/16) Epo current ACC:0.3646 (35/96) ETA:141h:29m:2s 

Train: Epo[009/200] Iter[007/007] IterTime:[378.99s] LOSS: 1.1517 Batch ACC:0.3750 (6/16) Epo current ACC:0.3661 (41/112) ETA:141h:35m:47s 

Train: Epo[009/200] Epoch Summary Acc: 0.3660714328289032 (41/112)
tensor([[0.7526, 0.2474],
        [0.7716, 0.2284],
        [0.7361, 0.2639],
        [0.6065, 0.3935],
        [0.6924, 0.3076],
        [0.5638, 0.4362],
        [0.7303, 0.2697],
        [0.7976, 0.2024],
        [0.8032, 0.1968],
        [0.7779, 0.2221],
        [0.7107, 0.2893],
        [0.8998, 0.1002],
        [0.7123, 0.2877],
        [0.8021, 0.1979],
        [0.7254, 0.2746],
        [0.7145, 0.2855]], grad_fn=<SoftmaxBackward0>)
tensor([[0., 1.],
        [0., 1.],
        [1., 0.],
        [1., 0.],
        [1., 0.],
        [1., 0.],
        [0., 1.],
        [1., 0.],
        [0., 1.],
        [0., 1.],
        [0., 1.],
        [1., 0.],
        [0., 1.],
        [0., 1.],
        [0., 1.],
        [0., 1.]])
*********** i:0, train loss:1.0028 ***********
tensor([[0.9615, 0.0385],
        [0.5638, 0.4362],
        [0.7521, 0.2479],
        [0.6593, 0.3407],
        [0.6863, 0.3137],
        [0.7892, 0.2108],
        [0.7121, 0.2879],
        [0.8015, 0.1985],
        [0.5868, 0.4132],
        [0.7269, 0.2731],
        [0.7898, 0.2102],
        [0.6009, 0.3991],
        [0.8067, 0.1933],
        [0.7814, 0.2186],
        [0.7599, 0.2401],
        [0.7112, 0.2888]], grad_fn=<SoftmaxBackward0>)
tensor([[1., 0.],
        [0., 1.],
        [0., 1.],
        [0., 1.],
        [1., 0.],
        [1., 0.],
        [0., 1.],
        [1., 0.],
        [0., 1.],
        [0., 1.],
        [0., 1.],
        [0., 1.],
        [1., 0.],
        [1., 0.],
        [1., 0.],
        [0., 1.]])
*********** i:1, train loss:0.7536 ***********
tensor([[0.6006, 0.3994],
        [0.6381, 0.3619],
        [0.6554, 0.3446],
        [0.8001, 0.1999],
        [0.7969, 0.2031],
        [0.7079, 0.2921],
        [0.6694, 0.3306],
        [0.7871, 0.2129],
        [0.7198, 0.2802],
        [0.5705, 0.4295],
        [0.6757, 0.3243],
        [0.8618, 0.1382],
        [0.6604, 0.3396],
        [0.8077, 0.1923],
        [0.9256, 0.0744],
        [0.6217, 0.3783]], grad_fn=<SoftmaxBackward0>)
tensor([[0., 1.],
        [0., 1.],
        [0., 1.],
        [1., 0.],
        [0., 1.],
        [0., 1.],
        [1., 0.],
        [1., 0.],
        [0., 1.],
        [0., 1.],
        [1., 0.],
        [0., 1.],
        [0., 1.],
        [1., 0.],
        [0., 1.],
        [0., 1.]])
*********** i:2, train loss:1.0025 ***********
tensor([[0.7816, 0.2184],
        [0.6113, 0.3887],
        [0.9568, 0.0432],
        [0.8676, 0.1324],
        [0.7921, 0.2079],
        [0.7458, 0.2542],
        [0.6519, 0.3481],
        [0.6449, 0.3551],
        [0.7441, 0.2559],
        [0.8076, 0.1924],
        [0.7482, 0.2518],
        [0.6345, 0.3655],
        [0.8119, 0.1881],
        [0.5707, 0.4293],
        [0.6429, 0.3571],
        [0.7211, 0.2789]], grad_fn=<SoftmaxBackward0>)
tensor([[0., 1.],
        [0., 1.],
        [0., 1.],
        [1., 0.],
        [0., 1.],
        [0., 1.],
        [0., 1.],
        [1., 0.],
        [0., 1.],
        [1., 0.],
        [1., 0.],
        [0., 1.],
        [0., 1.],
        [0., 1.],
        [0., 1.],
        [1., 0.]])
*********** i:3, train loss:1.0581 ***********
tensor([[0.8120, 0.1880],
        [0.6167, 0.3833],
        [0.7789, 0.2211],
        [0.6337, 0.3663],
        [0.7668, 0.2332],
        [0.8119, 0.1881],
        [0.8408, 0.1592],
        [0.8497, 0.1503],
        [0.8431, 0.1569],
        [0.7177, 0.2823],
        [0.7989, 0.2011],
        [0.6431, 0.3569],
        [0.8104, 0.1896],
        [0.6020, 0.3980],
        [0.7515, 0.2485],
        [0.6648, 0.3352]], grad_fn=<SoftmaxBackward0>)
tensor([[0., 1.],
        [0., 1.],
        [1., 0.],
        [0., 1.],
        [0., 1.],
        [0., 1.],
        [0., 1.],
        [0., 1.],
        [1., 0.],
        [1., 0.],
        [0., 1.],
        [1., 0.],
        [1., 0.],
        [0., 1.],
        [0., 1.],
        [0., 1.]])
*********** i:4, train loss:1.0568 ***********
Valid: Epo[009/200] Iter[001/002] LOSS: 1.7022 Batch ACC:0.6667 (6/9) Epo Current ACC:0.6667 (6/9)
Valid: Epo[009/200] Iter[002/002] LOSS: 0.8190 Batch ACC:0.5556 (5/9) Epo Current ACC:0.6111 (11/18)
Valid: Epo[009/200] Epo Summary Acc:0.6111 (11/18)

tensor([[9.9300e-01, 6.9969e-03],
        [8.4280e-01, 1.5720e-01],
        [6.9973e-01, 3.0027e-01],
        [6.8518e-01, 3.1482e-01],
        [9.9999e-01, 9.2805e-06],
        [7.9248e-01, 2.0752e-01],
        [7.3111e-01, 2.6888e-01],
        [7.1140e-01, 2.8860e-01],
        [9.1618e-01, 8.3815e-02]])
tensor([[1., 0.],
        [1., 0.],
        [0., 1.],
        [1., 0.],
        [0., 1.],
        [1., 0.],
        [0., 1.],
        [1., 0.],
        [1., 0.]])
*********** i:0, val loss:1.7022 ***********
tensor([[7.1003e-01, 2.8997e-01],
        [6.9955e-01, 3.0045e-01],
        [1.0000e+00, 7.2637e-07],
        [9.0230e-01, 9.7703e-02],
        [7.5768e-01, 2.4232e-01],
        [9.3496e-01, 6.5042e-02],
        [7.5106e-01, 2.4894e-01],
        [6.2135e-01, 3.7865e-01],
        [7.6698e-01, 2.3302e-01]])
tensor([[0., 1.],
        [1., 0.],
        [1., 0.],
        [1., 0.],
        [0., 1.],
        [0., 1.],
        [1., 0.],
        [0., 1.],
        [1., 0.]])
*********** i:1, val loss:0.8190 ***********
Valid: Current epoch summary acc:0.6111 <= best epoch summary acc: 0.6111, not save model
  0%|          | 0/1 [00:00<?, ?it/s]Test: Epo of Train[009/200] Tqdm Current test_acc:0.8181818127632141 (9/11)
100%|██████████| 1/1 [01:51<00:00, 111.59s/it]100%|██████████| 1/1 [01:51<00:00, 111.60s/it]
Test: Epo of Train[009/200] Epo Summary Acc:0.8182 (9/11)

Training: learning rate:0.0005
tensor([[0.7796, 0.2204],
        [0.9611, 0.0389],
        [0.6582, 0.3418],
        [0.7757, 0.2243],
        [0.9973, 0.0027],
        [0.9699, 0.0301],
        [0.7794, 0.2206],
        [0.8245, 0.1755],
        [0.9954, 0.0046],
        [0.8419, 0.1581],
        [0.6929, 0.3071]])
tensor([[1., 0.],
        [1., 0.],
        [1., 0.],
        [1., 0.],
        [1., 0.],
        [1., 0.],
        [1., 0.],
        [1., 0.],
        [0., 1.],
        [0., 1.],
        [1., 0.]])
*********** Test outputs and labels ***********
Train: Epo[010/200] Iter[001/007] IterTime:[389.87s] LOSS: 0.9222 Batch ACC:0.4375 (7/16) Epo current ACC:0.4375 (7/16) ETA:145h:33m:3s 

Train: Epo[010/200] Iter[002/007] IterTime:[380.12s] LOSS: 0.9575 Batch ACC:0.4375 (7/16) Epo current ACC:0.4375 (14/32) ETA:141h:48m:24s 

Train: Epo[010/200] Iter[003/007] IterTime:[389.13s] LOSS: 0.8425 Batch ACC:0.5625 (9/16) Epo current ACC:0.4792 (23/48) ETA:145h:3m:37s 

Train: Epo[010/200] Iter[004/007] IterTime:[381.22s] LOSS: 0.9104 Batch ACC:0.4375 (7/16) Epo current ACC:0.4688 (30/64) ETA:142h:0m:10s 

Train: Epo[010/200] Iter[005/007] IterTime:[383.87s] LOSS: 1.0586 Batch ACC:0.3125 (5/16) Epo current ACC:0.4375 (35/80) ETA:142h:53m:6s 

Train: Epo[010/200] Iter[006/007] IterTime:[379.31s] LOSS: 1.0967 Batch ACC:0.3750 (6/16) Epo current ACC:0.4271 (41/96) ETA:141h:4m:58s 

Train: Epo[010/200] Iter[007/007] IterTime:[378.69s] LOSS: 1.2208 Batch ACC:0.1875 (3/16) Epo current ACC:0.3929 (44/112) ETA:140h:44m:41s 

Train: Epo[010/200] Epoch Summary Acc: 0.3928571343421936 (44/112)
tensor([[0.7903, 0.2097],
        [0.6582, 0.3418],
        [0.7944, 0.2056],
        [0.7359, 0.2641],
        [0.7086, 0.2914],
        [0.7995, 0.2005],
        [0.6738, 0.3262],
        [0.8629, 0.1371],
        [0.7597, 0.2403],
        [0.6866, 0.3134],
        [0.8029, 0.1971],
        [0.7935, 0.2065],
        [0.9477, 0.0523],
        [0.6301, 0.3699],
        [0.7122, 0.2878],
        [0.6008, 0.3992]], grad_fn=<SoftmaxBackward0>)
tensor([[1., 0.],
        [0., 1.],
        [0., 1.],
        [1., 0.],
        [0., 1.],
        [0., 1.],
        [1., 0.],
        [0., 1.],
        [0., 1.],
        [1., 0.],
        [0., 1.],
        [1., 0.],
        [1., 0.],
        [1., 0.],
        [0., 1.],
        [0., 1.]])
*********** i:0, train loss:0.9222 ***********
tensor([[0.7972, 0.2028],
        [0.8537, 0.1463],
        [0.9533, 0.0467],
        [0.7813, 0.2187],
        [0.7786, 0.2214],
        [0.7215, 0.2785],
        [0.6485, 0.3515],
        [0.6958, 0.3042],
        [0.7363, 0.2637],
        [0.7534, 0.2466],
        [0.7172, 0.2828],
        [0.7851, 0.2149],
        [0.6899, 0.3101],
        [0.5303, 0.4697],
        [0.6637, 0.3363],
        [0.7432, 0.2568]], grad_fn=<SoftmaxBackward0>)
tensor([[0., 1.],
        [0., 1.],
        [1., 0.],
        [1., 0.],
        [0., 1.],
        [0., 1.],
        [1., 0.],
        [1., 0.],
        [0., 1.],
        [0., 1.],
        [0., 1.],
        [0., 1.],
        [1., 0.],
        [1., 0.],
        [0., 1.],
        [1., 0.]])
*********** i:1, train loss:0.9575 ***********
tensor([[0.6270, 0.3730],
        [0.6989, 0.3011],
        [0.5579, 0.4421],
        [0.7928, 0.2072],
        [0.6381, 0.3619],
        [0.7922, 0.2078],
        [0.5864, 0.4136],
        [0.6307, 0.3693],
        [0.8674, 0.1326],
        [0.6596, 0.3404],
        [0.7376, 0.2624],
        [0.7892, 0.2108],
        [0.9831, 0.0169],
        [0.7264, 0.2736],
        [0.5638, 0.4362],
        [0.7917, 0.2083]], grad_fn=<SoftmaxBackward0>)
tensor([[0., 1.],
        [0., 1.],
        [0., 1.],
        [0., 1.],
        [1., 0.],
        [1., 0.],
        [1., 0.],
        [1., 0.],
        [1., 0.],
        [0., 1.],
        [1., 0.],
        [1., 0.],
        [0., 1.],
        [1., 0.],
        [0., 1.],
        [1., 0.]])
*********** i:2, train loss:0.8425 ***********
tensor([[0.8116, 0.1884],
        [0.6700, 0.3300],
        [0.6947, 0.3053],
        [0.7779, 0.2221],
        [0.5821, 0.4179],
        [0.7446, 0.2554],
        [0.7839, 0.2161],
        [0.6727, 0.3273],
        [0.8113, 0.1887],
        [0.7179, 0.2821],
        [0.8861, 0.1139],
        [0.7228, 0.2772],
        [0.7072, 0.2928],
        [0.7316, 0.2684],
        [0.7691, 0.2309],
        [0.7545, 0.2455]], grad_fn=<SoftmaxBackward0>)
tensor([[0., 1.],
        [0., 1.],
        [0., 1.],
        [1., 0.],
        [0., 1.],
        [1., 0.],
        [0., 1.],
        [1., 0.],
        [1., 0.],
        [0., 1.],
        [0., 1.],
        [0., 1.],
        [1., 0.],
        [1., 0.],
        [1., 0.],
        [0., 1.]])
*********** i:3, train loss:0.9104 ***********
tensor([[0.6785, 0.3215],
        [0.5459, 0.4541],
        [0.5018, 0.4982],
        [0.6188, 0.3812],
        [0.5622, 0.4378],
        [0.6904, 0.3096],
        [0.6502, 0.3498],
        [0.4911, 0.5089],
        [0.5538, 0.4462],
        [0.6433, 0.3567],
        [0.6597, 0.3403],
        [0.6823, 0.3177],
        [0.9910, 0.0090],
        [0.6826, 0.3174],
        [0.5950, 0.4050],
        [0.6401, 0.3599]], grad_fn=<SoftmaxBackward0>)
tensor([[1., 0.],
        [0., 1.],
        [1., 0.],
        [0., 1.],
        [0., 1.],
        [1., 0.],
        [0., 1.],
        [0., 1.],
        [0., 1.],
        [0., 1.],
        [1., 0.],
        [0., 1.],
        [0., 1.],
        [0., 1.],
        [0., 1.],
        [0., 1.]])
*********** i:4, train loss:1.0586 ***********
Valid: Epo[010/200] Iter[001/002] LOSS: 1.2660 Batch ACC:0.3333 (3/9) Epo Current ACC:0.3333 (3/9)
Valid: Epo[010/200] Iter[002/002] LOSS: 0.4758 Batch ACC:0.8889 (8/9) Epo Current ACC:0.6111 (11/18)
Valid: Epo[010/200] Epo Summary Acc:0.6111 (11/18)

tensor([[7.9097e-01, 2.0903e-01],
        [9.9951e-01, 4.8933e-04],
        [6.2841e-01, 3.7159e-01],
        [7.1419e-01, 2.8581e-01],
        [7.0883e-01, 2.9117e-01],
        [9.9082e-01, 9.1781e-03],
        [6.0048e-01, 3.9952e-01],
        [7.0184e-01, 2.9816e-01],
        [7.5081e-01, 2.4919e-01]])
tensor([[1., 0.],
        [1., 0.],
        [1., 0.],
        [0., 1.],
        [0., 1.],
        [0., 1.],
        [0., 1.],
        [0., 1.],
        [0., 1.]])
*********** i:0, val loss:1.2660 ***********
tensor([[0.5956, 0.4044],
        [0.6090, 0.3910],
        [0.6041, 0.3959],
        [0.7260, 0.2740],
        [0.8125, 0.1875],
        [0.8650, 0.1350],
        [0.6626, 0.3374],
        [0.7724, 0.2276],
        [0.8188, 0.1812]])
tensor([[1., 0.],
        [1., 0.],
        [1., 0.],
        [1., 0.],
        [1., 0.],
        [1., 0.],
        [1., 0.],
        [0., 1.],
        [1., 0.]])
*********** i:1, val loss:0.4758 ***********
Valid: Current epoch summary acc:0.6111 <= best epoch summary acc: 0.6111, not save model
  0%|          | 0/1 [00:00<?, ?it/s]Test: Epo of Train[010/200] Tqdm Current test_acc:0.8181818127632141 (9/11)
100%|██████████| 1/1 [01:56<00:00, 116.23s/it]100%|██████████| 1/1 [01:56<00:00, 116.25s/it]
Test: Epo of Train[010/200] Epo Summary Acc:0.8182 (9/11)

Training: learning rate:5e-05
tensor([[0.7664, 0.2336],
        [0.6216, 0.3784],
        [0.6920, 0.3080],
        [0.6441, 0.3559],
        [0.7394, 0.2606],
        [0.7839, 0.2161],
        [0.7640, 0.2360],
        [0.6963, 0.3037],
        [0.6855, 0.3145],
        [0.6767, 0.3233],
        [0.7256, 0.2744]])
tensor([[1., 0.],
        [1., 0.],
        [0., 1.],
        [1., 0.],
        [1., 0.],
        [1., 0.],
        [1., 0.],
        [1., 0.],
        [0., 1.],
        [1., 0.],
        [1., 0.]])
*********** Test outputs and labels ***********
Train: Epo[011/200] Iter[001/007] IterTime:[384.65s] LOSS: 1.0538 Batch ACC:0.3750 (6/16) Epo current ACC:0.3750 (6/16) ETA:142h:51m:19s 

Train: Epo[011/200] Iter[002/007] IterTime:[380.05s] LOSS: 1.1886 Batch ACC:0.1875 (3/16) Epo current ACC:0.2812 (9/32) ETA:141h:2m:31s 

Train: Epo[011/200] Iter[003/007] IterTime:[379.70s] LOSS: 0.8351 Batch ACC:0.5000 (8/16) Epo current ACC:0.3542 (17/48) ETA:140h:48m:24s 

Train: Epo[011/200] Iter[004/007] IterTime:[379.35s] LOSS: 1.0211 Batch ACC:0.3750 (6/16) Epo current ACC:0.3594 (23/64) ETA:140h:34m:18s 

Train: Epo[011/200] Iter[005/007] IterTime:[378.70s] LOSS: 0.9157 Batch ACC:0.3125 (5/16) Epo current ACC:0.3500 (28/80) ETA:140h:13m:24s 

Train: Epo[011/200] Iter[006/007] IterTime:[378.34s] LOSS: 0.7788 Batch ACC:0.5000 (8/16) Epo current ACC:0.3750 (36/96) ETA:139h:59m:3s 

Train: Epo[011/200] Iter[007/007] IterTime:[379.52s] LOSS: 0.9513 Batch ACC:0.3750 (6/16) Epo current ACC:0.3750 (42/112) ETA:140h:18m:56s 

Train: Epo[011/200] Epoch Summary Acc: 0.375 (42/112)
tensor([[0.7184, 0.2816],
        [0.7883, 0.2117],
        [0.7257, 0.2743],
        [0.6863, 0.3137],
        [0.5848, 0.4152],
        [0.7495, 0.2505],
        [0.7620, 0.2380],
        [0.6891, 0.3109],
        [0.6945, 0.3055],
        [0.6722, 0.3278],
        [0.6684, 0.3316],
        [0.7137, 0.2863],
        [0.9776, 0.0224],
        [0.8306, 0.1694],
        [0.7954, 0.2046],
        [0.6222, 0.3778]], grad_fn=<SoftmaxBackward0>)
tensor([[0., 1.],
        [1., 0.],
        [0., 1.],
        [1., 0.],
        [0., 1.],
        [1., 0.],
        [1., 0.],
        [1., 0.],
        [0., 1.],
        [0., 1.],
        [0., 1.],
        [1., 0.],
        [0., 1.],
        [0., 1.],
        [0., 1.],
        [0., 1.]])
*********** i:0, train loss:1.0538 ***********
tensor([[0.9439, 0.0561],
        [0.6724, 0.3276],
        [0.6509, 0.3491],
        [0.7478, 0.2522],
        [0.7126, 0.2874],
        [0.8922, 0.1078],
        [0.6785, 0.3215],
        [0.5154, 0.4846],
        [0.7584, 0.2416],
        [0.6948, 0.3052],
        [0.7109, 0.2891],
        [0.5652, 0.4348],
        [0.7056, 0.2944],
        [0.7287, 0.2713],
        [0.7773, 0.2227],
        [0.6951, 0.3049]], grad_fn=<SoftmaxBackward0>)
tensor([[0., 1.],
        [0., 1.],
        [1., 0.],
        [0., 1.],
        [0., 1.],
        [0., 1.],
        [0., 1.],
        [0., 1.],
        [1., 0.],
        [0., 1.],
        [0., 1.],
        [0., 1.],
        [1., 0.],
        [0., 1.],
        [0., 1.],
        [0., 1.]])
*********** i:1, train loss:1.1886 ***********
tensor([[0.6539, 0.3461],
        [0.8157, 0.1843],
        [0.8287, 0.1713],
        [0.7644, 0.2356],
        [0.6797, 0.3203],
        [0.7876, 0.2124],
        [0.6062, 0.3938],
        [0.8216, 0.1784],
        [0.5745, 0.4255],
        [0.9079, 0.0921],
        [0.6872, 0.3128],
        [0.8048, 0.1952],
        [0.6941, 0.3059],
        [0.5449, 0.4551],
        [0.7950, 0.2050],
        [0.7906, 0.2094]], grad_fn=<SoftmaxBackward0>)
tensor([[0., 1.],
        [1., 0.],
        [0., 1.],
        [0., 1.],
        [0., 1.],
        [1., 0.],
        [0., 1.],
        [0., 1.],
        [1., 0.],
        [1., 0.],
        [1., 0.],
        [1., 0.],
        [0., 1.],
        [1., 0.],
        [0., 1.],
        [1., 0.]])
*********** i:2, train loss:0.8351 ***********
tensor([[0.7517, 0.2483],
        [0.6556, 0.3444],
        [0.6759, 0.3241],
        [0.6688, 0.3312],
        [0.7088, 0.2912],
        [0.6922, 0.3078],
        [0.9237, 0.0763],
        [0.7803, 0.2197],
        [0.5952, 0.4048],
        [0.7020, 0.2980],
        [0.9183, 0.0817],
        [0.7248, 0.2752],
        [0.6808, 0.3192],
        [0.5183, 0.4817],
        [0.7717, 0.2283],
        [0.7786, 0.2214]], grad_fn=<SoftmaxBackward0>)
tensor([[1., 0.],
        [0., 1.],
        [1., 0.],
        [1., 0.],
        [1., 0.],
        [0., 1.],
        [0., 1.],
        [0., 1.],
        [0., 1.],
        [0., 1.],
        [0., 1.],
        [1., 0.],
        [0., 1.],
        [0., 1.],
        [1., 0.],
        [0., 1.]])
*********** i:3, train loss:1.0211 ***********
tensor([[0.7854, 0.2146],
        [0.7014, 0.2986],
        [0.6460, 0.3540],
        [0.6914, 0.3086],
        [0.7132, 0.2868],
        [0.6157, 0.3843],
        [0.7396, 0.2604],
        [0.7850, 0.2150],
        [0.7525, 0.2475],
        [0.5250, 0.4750],
        [0.7920, 0.2080],
        [0.7288, 0.2712],
        [0.6970, 0.3030],
        [0.9369, 0.0631],
        [0.6431, 0.3569],
        [0.7494, 0.2506]], grad_fn=<SoftmaxBackward0>)
tensor([[0., 1.],
        [1., 0.],
        [1., 0.],
        [0., 1.],
        [0., 1.],
        [0., 1.],
        [0., 1.],
        [1., 0.],
        [0., 1.],
        [0., 1.],
        [1., 0.],
        [0., 1.],
        [0., 1.],
        [1., 0.],
        [0., 1.],
        [0., 1.]])
*********** i:4, train loss:0.9157 ***********
Valid: Epo[011/200] Iter[001/002] LOSS: 1.1681 Batch ACC:0.6667 (6/9) Epo Current ACC:0.6667 (6/9)
Valid: Epo[011/200] Iter[002/002] LOSS: 0.6712 Batch ACC:0.5556 (5/9) Epo Current ACC:0.6111 (11/18)
Valid: Epo[011/200] Epo Summary Acc:0.6111 (11/18)

tensor([[0.7518, 0.2482],
        [0.6684, 0.3316],
        [0.9955, 0.0045],
        [0.5790, 0.4210],
        [0.7423, 0.2577],
        [0.7234, 0.2766],
        [0.7616, 0.2384],
        [0.7485, 0.2515],
        [0.6540, 0.3460]])
tensor([[0., 1.],
        [1., 0.],
        [0., 1.],
        [1., 0.],
        [1., 0.],
        [1., 0.],
        [0., 1.],
        [1., 0.],
        [1., 0.]])
*********** i:0, val loss:1.1681 ***********
tensor([[0.6810, 0.3190],
        [0.7295, 0.2705],
        [0.9424, 0.0576],
        [0.7690, 0.2310],
        [0.7117, 0.2883],
        [0.6712, 0.3288],
        [0.6762, 0.3238],
        [0.7415, 0.2585],
        [0.5263, 0.4737]])
tensor([[1., 0.],
        [1., 0.],
        [1., 0.],
        [0., 1.],
        [0., 1.],
        [1., 0.],
        [0., 1.],
        [1., 0.],
        [0., 1.]])
*********** i:1, val loss:0.6712 ***********
Valid: Current epoch summary acc:0.6111 <= best epoch summary acc: 0.6111, not save model
  0%|          | 0/1 [00:00<?, ?it/s]Test: Epo of Train[011/200] Tqdm Current test_acc:0.7272727489471436 (8/11)
100%|██████████| 1/1 [01:48<00:00, 108.80s/it]100%|██████████| 1/1 [01:48<00:00, 108.81s/it]
Test: Epo of Train[011/200] Epo Summary Acc:0.7273 (8/11)

Training: learning rate:5e-05
tensor([[0.7273, 0.2727],
        [0.6282, 0.3718],
        [0.6166, 0.3834],
        [0.5881, 0.4119],
        [0.7483, 0.2517],
        [0.7635, 0.2365],
        [0.4314, 0.5686],
        [0.6975, 0.3025],
        [0.7503, 0.2497],
        [0.7109, 0.2891],
        [0.6613, 0.3387]])
tensor([[1., 0.],
        [1., 0.],
        [1., 0.],
        [1., 0.],
        [1., 0.],
        [1., 0.],
        [1., 0.],
        [1., 0.],
        [1., 0.],
        [0., 1.],
        [0., 1.]])
*********** Test outputs and labels ***********
Train: Epo[012/200] Iter[001/007] IterTime:[381.69s] LOSS: 0.9000 Batch ACC:0.5000 (8/16) Epo current ACC:0.5000 (8/16) ETA:141h:0m:48s 

Train: Epo[012/200] Iter[002/007] IterTime:[377.76s] LOSS: 1.0276 Batch ACC:0.4375 (7/16) Epo current ACC:0.4688 (15/32) ETA:139h:27m:26s 

Train: Epo[012/200] Iter[003/007] IterTime:[381.92s] LOSS: 0.8477 Batch ACC:0.3750 (6/16) Epo current ACC:0.4375 (21/48) ETA:140h:53m:4s 

Train: Epo[012/200] Iter[004/007] IterTime:[376.74s] LOSS: 0.9510 Batch ACC:0.4375 (7/16) Epo current ACC:0.4375 (28/64) ETA:138h:52m:15s 

Train: Epo[012/200] Iter[005/007] IterTime:[384.09s] LOSS: 0.7776 Batch ACC:0.4375 (7/16) Epo current ACC:0.4375 (35/80) ETA:141h:28m:20s 

Train: Epo[012/200] Iter[006/007] IterTime:[376.51s] LOSS: 0.7238 Batch ACC:0.5000 (8/16) Epo current ACC:0.4479 (43/96) ETA:138h:34m:32s 

Train: Epo[012/200] Iter[007/007] IterTime:[378.78s] LOSS: 1.2865 Batch ACC:0.1875 (3/16) Epo current ACC:0.4107 (46/112) ETA:139h:18m:24s 

Train: Epo[012/200] Epoch Summary Acc: 0.4107142984867096 (46/112)
tensor([[0.6743, 0.3257],
        [0.6634, 0.3366],
        [0.7193, 0.2807],
        [0.7292, 0.2708],
        [0.7408, 0.2592],
        [0.7099, 0.2901],
        [0.5633, 0.4367],
        [0.7362, 0.2638],
        [0.7752, 0.2248],
        [0.7431, 0.2569],
        [0.7879, 0.2121],
        [0.7412, 0.2588],
        [0.6426, 0.3574],
        [0.9387, 0.0613],
        [0.7608, 0.2392],
        [0.7955, 0.2045]], grad_fn=<SoftmaxBackward0>)
tensor([[0., 1.],
        [1., 0.],
        [1., 0.],
        [0., 1.],
        [0., 1.],
        [1., 0.],
        [1., 0.],
        [0., 1.],
        [1., 0.],
        [0., 1.],
        [1., 0.],
        [1., 0.],
        [0., 1.],
        [0., 1.],
        [0., 1.],
        [1., 0.]])
*********** i:0, train loss:0.9000 ***********
tensor([[0.7057, 0.2943],
        [0.9639, 0.0361],
        [0.6347, 0.3653],
        [0.7324, 0.2676],
        [0.6323, 0.3677],
        [0.6874, 0.3126],
        [0.7683, 0.2317],
        [0.6044, 0.3956],
        [0.7621, 0.2379],
        [0.5668, 0.4332],
        [0.6409, 0.3591],
        [0.7349, 0.2651],
        [0.7073, 0.2927],
        [0.6521, 0.3479],
        [0.9301, 0.0699],
        [0.7081, 0.2919]], grad_fn=<SoftmaxBackward0>)
tensor([[0., 1.],
        [0., 1.],
        [0., 1.],
        [0., 1.],
        [1., 0.],
        [1., 0.],
        [1., 0.],
        [0., 1.],
        [1., 0.],
        [0., 1.],
        [1., 0.],
        [0., 1.],
        [1., 0.],
        [1., 0.],
        [0., 1.],
        [0., 1.]])
*********** i:1, train loss:1.0276 ***********
tensor([[0.6841, 0.3159],
        [0.7819, 0.2181],
        [0.6407, 0.3593],
        [0.6813, 0.3187],
        [0.6483, 0.3517],
        [0.5385, 0.4615],
        [0.6735, 0.3265],
        [0.4956, 0.5044],
        [0.9837, 0.0163],
        [0.7286, 0.2714],
        [0.7026, 0.2974],
        [0.7186, 0.2814],
        [0.7192, 0.2808],
        [0.6928, 0.3072],
        [0.7561, 0.2439],
        [0.7562, 0.2438]], grad_fn=<SoftmaxBackward0>)
tensor([[0., 1.],
        [1., 0.],
        [1., 0.],
        [0., 1.],
        [0., 1.],
        [0., 1.],
        [0., 1.],
        [0., 1.],
        [1., 0.],
        [1., 0.],
        [0., 1.],
        [0., 1.],
        [0., 1.],
        [0., 1.],
        [0., 1.],
        [1., 0.]])
*********** i:2, train loss:0.8477 ***********
tensor([[0.7412, 0.2588],
        [0.6476, 0.3524],
        [0.7366, 0.2634],
        [0.7434, 0.2566],
        [0.6440, 0.3560],
        [0.9493, 0.0507],
        [0.5420, 0.4580],
        [0.6607, 0.3393],
        [0.7578, 0.2422],
        [0.6365, 0.3635],
        [0.5755, 0.4245],
        [0.6789, 0.3211],
        [0.9093, 0.0907],
        [0.7534, 0.2466],
        [0.5723, 0.4277],
        [0.7298, 0.2702]], grad_fn=<SoftmaxBackward0>)
tensor([[1., 0.],
        [0., 1.],
        [1., 0.],
        [1., 0.],
        [0., 1.],
        [0., 1.],
        [0., 1.],
        [0., 1.],
        [1., 0.],
        [1., 0.],
        [0., 1.],
        [0., 1.],
        [0., 1.],
        [0., 1.],
        [1., 0.],
        [1., 0.]])
*********** i:3, train loss:0.9510 ***********
tensor([[0.7796, 0.2204],
        [0.6462, 0.3538],
        [0.6802, 0.3198],
        [0.6550, 0.3450],
        [0.7500, 0.2500],
        [0.7849, 0.2151],
        [0.8972, 0.1028],
        [0.6798, 0.3202],
        [0.6855, 0.3145],
        [0.6558, 0.3442],
        [0.8079, 0.1921],
        [0.7238, 0.2762],
        [0.7553, 0.2447],
        [0.7120, 0.2880],
        [0.7186, 0.2814],
        [0.6138, 0.3862]], grad_fn=<SoftmaxBackward0>)
tensor([[1., 0.],
        [0., 1.],
        [0., 1.],
        [1., 0.],
        [0., 1.],
        [1., 0.],
        [1., 0.],
        [1., 0.],
        [0., 1.],
        [0., 1.],
        [1., 0.],
        [0., 1.],
        [1., 0.],
        [0., 1.],
        [0., 1.],
        [0., 1.]])
*********** i:4, train loss:0.7776 ***********
Valid: Epo[012/200] Iter[001/002] LOSS: 0.8821 Batch ACC:0.6667 (6/9) Epo Current ACC:0.6667 (6/9)
Valid: Epo[012/200] Iter[002/002] LOSS: 0.6497 Batch ACC:0.5556 (5/9) Epo Current ACC:0.6111 (11/18)
Valid: Epo[012/200] Epo Summary Acc:0.6111 (11/18)

tensor([[0.7583, 0.2417],
        [0.6606, 0.3394],
        [0.9513, 0.0487],
        [0.6568, 0.3432],
        [0.7775, 0.2225],
        [0.7486, 0.2514],
        [0.7251, 0.2749],
        [0.6075, 0.3925],
        [0.7709, 0.2291]])
tensor([[1., 0.],
        [1., 0.],
        [0., 1.],
        [1., 0.],
        [1., 0.],
        [1., 0.],
        [0., 1.],
        [1., 0.],
        [0., 1.]])
*********** i:0, val loss:0.8821 ***********
tensor([[0.7313, 0.2687],
        [0.7139, 0.2861],
        [0.7642, 0.2358],
        [0.7563, 0.2437],
        [0.5603, 0.4397],
        [0.8419, 0.1581],
        [0.6674, 0.3326],
        [0.6365, 0.3635],
        [0.9876, 0.0124]])
tensor([[1., 0.],
        [0., 1.],
        [0., 1.],
        [1., 0.],
        [0., 1.],
        [1., 0.],
        [0., 1.],
        [1., 0.],
        [1., 0.]])
*********** i:1, val loss:0.6497 ***********
Valid: Current epoch summary acc:0.6111 <= best epoch summary acc: 0.6111, not save model
  0%|          | 0/1 [00:00<?, ?it/s]Test: Epo of Train[012/200] Tqdm Current test_acc:0.7272727489471436 (8/11)
100%|██████████| 1/1 [01:48<00:00, 108.52s/it]100%|██████████| 1/1 [01:48<00:00, 108.53s/it]
Test: Epo of Train[012/200] Epo Summary Acc:0.7273 (8/11)

Training: learning rate:5e-05
tensor([[0.5422, 0.4578],
        [0.4268, 0.5732],
        [0.7695, 0.2305],
        [0.7612, 0.2388],
        [0.6264, 0.3736],
        [0.5549, 0.4451],
        [0.6279, 0.3721],
        [0.7471, 0.2529],
        [0.8841, 0.1159],
        [0.6088, 0.3912],
        [0.6395, 0.3605]])
tensor([[0., 1.],
        [1., 0.],
        [1., 0.],
        [1., 0.],
        [1., 0.],
        [1., 0.],
        [1., 0.],
        [0., 1.],
        [1., 0.],
        [1., 0.],
        [1., 0.]])
*********** Test outputs and labels ***********
slurmstepd: error: *** JOB 14505887 ON cpu-e-1114 CANCELLED AT 2023-02-17T21:41:29 DUE TO TIME LIMIT ***
