==================== Activating conda environment ====================
> Python version : /home/zl525/.conda/envs/DeepPersonality/bin/python
==================== Run program ====================
wandb: Currently logged in as: 1009694687 (hyllbd-1009694687). Use `wandb login --relogin` to force relogin
wandb: Tracking run with wandb version 0.13.9
wandb: Run data is saved locally in /home/zl525/code/DeepPersonality/wandb/run-20230205_212407-7mfpdozz
wandb: Run `wandb offline` to turn off syncing.
wandb: Syncing run prosperous-dog-273
wandb: ⭐️ View project at https://wandb.ai/hyllbd-1009694687/DeepPersonality
wandb: 🚀 View run at https://wandb.ai/hyllbd-1009694687/DeepPersonality/runs/7mfpdozz
{
    "DATA":{
        "ANIMALS_TEST_AUD_DATA":"udiva_full/test/recordings/animals_recordings_test_wav",
        "ANIMALS_TEST_IMG_DATA":"udiva_full/test/recordings/animals_recordings_test_img",
        "ANIMALS_TRAIN_AUD_DATA":"udiva_full/train/recordings/animals_recordings_train_wav",
        "ANIMALS_TRAIN_IMG_DATA":"udiva_full/train/recordings/animals_recordings_train_img",
        "ANIMALS_VAL_AUD_DATA":"udiva_full/val/recordings/animals_recordings_val_wav",
        "ANIMALS_VAL_IMG_DATA":"udiva_full/val/recordings/animals_recordings_val_img",
        "GHOST_TEST_AUD_DATA":"udiva_full/test/recordings/ghost_recordings_test_wav",
        "GHOST_TEST_IMG_DATA":"udiva_full/test/recordings/ghost_recordings_test_img",
        "GHOST_TRAIN_AUD_DATA":"udiva_full/train/recordings/ghost_recordings_train_wav",
        "GHOST_TRAIN_IMG_DATA":"udiva_full/train/recordings/ghost_recordings_train_img",
        "GHOST_VAL_AUD_DATA":"udiva_full/val/recordings/ghost_recordings_val_wav",
        "GHOST_VAL_IMG_DATA":"udiva_full/val/recordings/ghost_recordings_val_img",
        "LEGO_TEST_AUD_DATA":"udiva_full/test/recordings/lego_recordings_test_wav",
        "LEGO_TEST_IMG_DATA":"udiva_full/test/recordings/lego_recordings_test_img",
        "LEGO_TRAIN_AUD_DATA":"udiva_full/train/recordings/lego_recordings_train_wav",
        "LEGO_TRAIN_IMG_DATA":"udiva_full/train/recordings/lego_recordings_train_img",
        "LEGO_VAL_AUD_DATA":"udiva_full/val/recordings/lego_recordings_val_wav",
        "LEGO_VAL_IMG_DATA":"udiva_full/val/recordings/lego_recordings_val_img",
        "ROOT":"datasets",
        "SAMPLE_SIZE":60,
        "SESSION":"TALK",
        "TALK_TEST_AUD_DATA":"udiva_full/test/recordings/talk_recordings_test_wav",
        "TALK_TEST_IMG_DATA":"udiva_full/test/recordings/talk_recordings_test_img",
        "TALK_TRAIN_AUD_DATA":"udiva_full/train/recordings/talk_recordings_train_wav",
        "TALK_TRAIN_IMG_DATA":"udiva_full/train/recordings/talk_recordings_train_img",
        "TALK_VAL_AUD_DATA":"udiva_full/val/recordings/talk_recordings_val_wav",
        "TALK_VAL_IMG_DATA":"udiva_full/val/recordings/talk_recordings_val_img",
        "TEST_AUD_DATA":"raw_voice/testData",
        "TEST_IMG_DATA":"image_data/test_data",
        "TEST_IMG_FACE_DATA":"image_data/test_data_face",
        "TEST_LABEL_DATA":"udiva_full/test/label/sessions_test.pkl",
        "TRAIN_AUD_DATA":"raw_voice/trainingData",
        "TRAIN_IMG_DATA":"image_data/train_data",
        "TRAIN_IMG_FACE_DATA":"image_data/train_data_face",
        "TRAIN_LABEL_DATA":"udiva_full/train/label/sessions_train.pkl",
        "TYPE":"frame",
        "VALID_AUD_DATA":"raw_voice/validationData",
        "VALID_IMG_DATA":"image_data/valid_data",
        "VALID_IMG_FACE_DATA":"image_data/valid_data_face",
        "VALID_LABEL_DATA":"udiva_full/val/label/sessions_val.pkl",
        "VA_DATA":"va_data/cropped_aligned",
        "VA_ROOT":"datasets",
        "VA_TRAIN_LABEL":"va_data/va_label/VA_Set/Train_Set",
        "VA_VALID_LABEL":"va_data/va_label/VA_Set/Validation_Set"
    },
    "DATA_LOADER":{
        "DATASET":"",
        "DATASET_NAME":"UDIVA",
        "DROP_LAST":true,
        "NAME":"bimodal_resnet_lstm_data_loader_udiva",
        "NUM_WORKERS":1,
        "SECOND_STAGE":{
            "METHOD":"",
            "TYPE":""
        },
        "SHUFFLE":true,
        "TRAIN_BATCH_SIZE":72,
        "TRANSFORM":"standard_frame_transform",
        "VALID_BATCH_SIZE":3
    },
    "LOSS":{
        "NAME":"binary_cross_entropy"
    },
    "MODEL":{
        "NAME":"get_img_modal_lstm_model_udiva",
        "NUM_CLASS":5,
        "PRETRAIN":false,
        "RETURN_FEATURE":false,
        "SPECTRUM_CHANNEL":50
    },
    "SOLVER":{
        "BETA_1":0.5,
        "BETA_2":0.999,
        "FACTOR":0.1,
        "LR_INIT":0.001,
        "MILESTONE":[
            8,
            12,
            16,
            20,
            30,
            70,
            100
        ],
        "MOMENTUM":0.9,
        "NAME":"adam",
        "RESET_LR":true,
        "SCHEDULER":"multi_step_scale",
        "WEIGHT_DECAY":0.0005
    },
    "TEST":{
        "COMPUTE_CCC":false,
        "COMPUTE_PCC":false,
        "FULL_TEST":false,
        "SAVE_DATASET_OUTPUT":"",
        "TEST_ONLY":false,
        "WEIGHT":""
    },
    "TRAIN":{
        "BIMODAL_OPTION":1,
        "LOG_INTERVAL":1,
        "MAX_EPOCH":500,
        "OUTPUT_DIR":"results/demo/unified_frame_images/bimodal_resnet_udiva",
        "PRE_TRAINED_MODEL":null,
        "RESUME":"",
        "START_EPOCH":0,
        "TRAINER":"BiModalTrainerUdiva",
        "VALID_INTERVAL":1
    }
}
change learning rate form [0.001] to [0.001]
Training: learning rate:0.001
Using BCELoss
================================== start training... ==================================
Train: Epo[001/500] Iter[001/001] IterTime:[126.76s] LOSS: 0.6872 ACC:0.5033 ETA:17h:38m:26s 
Valid: Epoch[001/500] Train Mean_Acc: 50.33% Valid Mean_Acc:45.52% OCEAN_ACC:[0.4424037  0.46803632]

Training: learning rate:0.001
Train: Epo[002/500] Iter[001/001] IterTime:[126.19s] LOSS: 0.7355 ACC:0.5215 ETA:17h:31m:32s 
Valid: Epoch[002/500] Train Mean_Acc: 52.15% Valid Mean_Acc:48.76% OCEAN_ACC:[0.5025155  0.47266066]

Training: learning rate:0.001
Train: Epo[003/500] Iter[001/001] IterTime:[124.76s] LOSS: 0.6828 ACC:0.5121 ETA:17h:17m:36s 
Valid: Epoch[003/500] Train Mean_Acc: 51.21% Valid Mean_Acc:48.96% OCEAN_ACC:[0.4896141  0.48956668]

Training: learning rate:0.001
Train: Epo[004/500] Iter[001/001] IterTime:[122.51s] LOSS: 0.6690 ACC:0.5142 ETA:16h:56m:50s 
Valid: Epoch[004/500] Train Mean_Acc: 51.42% Valid Mean_Acc:48.07% OCEAN_ACC:[0.4731258 0.4882563]

Training: learning rate:0.001
Train: Epo[005/500] Iter[001/001] IterTime:[122.81s] LOSS: 0.6672 ACC:0.5207 ETA:16h:57m:16s 
Valid: Epoch[005/500] Train Mean_Acc: 52.07% Valid Mean_Acc:47.55% OCEAN_ACC:[0.4687163 0.4823319]

Training: learning rate:0.001
Train: Epo[006/500] Iter[001/001] IterTime:[122.51s] LOSS: 0.6695 ACC:0.5240 ETA:16h:52m:42s 
Valid: Epoch[006/500] Train Mean_Acc: 52.40% Valid Mean_Acc:47.25% OCEAN_ACC:[0.47025836 0.4746846 ]

Training: learning rate:0.001
Train: Epo[007/500] Iter[001/001] IterTime:[121.19s] LOSS: 0.6480 ACC:0.5372 ETA:16h:39m:51s 
Valid: Epoch[007/500] Train Mean_Acc: 53.72% Valid Mean_Acc:46.70% OCEAN_ACC:[0.4686933 0.4654007]

Training: learning rate:0.001
Train: Epo[008/500] Iter[001/001] IterTime:[123.28s] LOSS: 0.6629 ACC:0.5363 ETA:16h:55m:1s 
Valid: Epoch[008/500] Train Mean_Acc: 53.63% Valid Mean_Acc:46.48% OCEAN_ACC:[0.46675107 0.46294403]

Training: learning rate:0.0001
Train: Epo[009/500] Iter[001/001] IterTime:[122.09s] LOSS: 0.6733 ACC:0.5341 ETA:16h:43m:12s 
Valid: Epoch[009/500] Train Mean_Acc: 53.41% Valid Mean_Acc:46.49% OCEAN_ACC:[0.46667504 0.46308243]

Training: learning rate:0.0001
Train: Epo[010/500] Iter[001/001] IterTime:[121.91s] LOSS: 0.6732 ACC:0.5339 ETA:16h:39m:38s 
Valid: Epoch[010/500] Train Mean_Acc: 53.39% Valid Mean_Acc:46.65% OCEAN_ACC:[0.4682754  0.46474063]

Training: learning rate:0.0001
Train: Epo[011/500] Iter[001/001] IterTime:[121.59s] LOSS: 0.6722 ACC:0.5335 ETA:16h:35m:3s 
Valid: Epoch[011/500] Train Mean_Acc: 53.35% Valid Mean_Acc:46.70% OCEAN_ACC:[0.46873394 0.46517804]

Training: learning rate:0.0001
Train: Epo[012/500] Iter[001/001] IterTime:[122.55s] LOSS: 0.6711 ACC:0.5329 ETA:16h:40m:51s 
Valid: Epoch[012/500] Train Mean_Acc: 53.29% Valid Mean_Acc:46.85% OCEAN_ACC:[0.46961594 0.46736217]

Training: learning rate:1e-05
Train: Epo[013/500] Iter[001/001] IterTime:[121.69s] LOSS: 0.6621 ACC:0.5361 ETA:16h:31m:44s 
Valid: Epoch[013/500] Train Mean_Acc: 53.61% Valid Mean_Acc:46.83% OCEAN_ACC:[0.46911475 0.46740142]

Training: learning rate:1e-05
Train: Epo[014/500] Iter[001/001] IterTime:[122.04s] LOSS: 0.6706 ACC:0.5318 ETA:16h:32m:34s 
Valid: Epoch[014/500] Train Mean_Acc: 53.18% Valid Mean_Acc:46.81% OCEAN_ACC:[0.46909246 0.4671731 ]

Training: learning rate:1e-05
Train: Epo[015/500] Iter[001/001] IterTime:[122.04s] LOSS: 0.6625 ACC:0.5354 ETA:16h:30m:32s 
Valid: Epoch[015/500] Train Mean_Acc: 53.54% Valid Mean_Acc:46.78% OCEAN_ACC:[0.46807393 0.46746767]

Training: learning rate:1e-05
Train: Epo[016/500] Iter[001/001] IterTime:[122.65s] LOSS: 0.6943 ACC:0.5197 ETA:16h:33m:26s 
Valid: Epoch[016/500] Train Mean_Acc: 51.97% Valid Mean_Acc:46.74% OCEAN_ACC:[0.46751204 0.46735278]

Training: learning rate:1.0000000000000002e-06
Train: Epo[017/500] Iter[001/001] IterTime:[121.04s] LOSS: 0.6460 ACC:0.5431 ETA:16h:18m:22s 
Valid: Epoch[017/500] Train Mean_Acc: 54.31% Valid Mean_Acc:46.80% OCEAN_ACC:[0.46851978 0.4675423 ]

Training: learning rate:1.0000000000000002e-06
Train: Epo[018/500] Iter[001/001] IterTime:[124.36s] LOSS: 0.6544 ACC:0.5390 ETA:16h:43m:12s 
Valid: Epoch[018/500] Train Mean_Acc: 53.90% Valid Mean_Acc:46.93% OCEAN_ACC:[0.47074845 0.4677899 ]

Training: learning rate:1.0000000000000002e-06
Train: Epo[019/500] Iter[001/001] IterTime:[123.35s] LOSS: 0.6700 ACC:0.5315 ETA:16h:32m:56s 
Valid: Epoch[019/500] Train Mean_Acc: 53.15% Valid Mean_Acc:46.89% OCEAN_ACC:[0.46961424 0.46812487]

Training: learning rate:1.0000000000000002e-06
Train: Epo[020/500] Iter[001/001] IterTime:[124.40s] LOSS: 0.6626 ACC:0.5350 ETA:16h:39m:19s 
Valid: Epoch[020/500] Train Mean_Acc: 53.50% Valid Mean_Acc:46.90% OCEAN_ACC:[0.46972528 0.46834278]

Training: learning rate:1.0000000000000002e-07
Train: Epo[021/500] Iter[001/001] IterTime:[124.40s] LOSS: 0.6462 ACC:0.5430 ETA:16h:37m:15s 
Valid: Epoch[021/500] Train Mean_Acc: 54.30% Valid Mean_Acc:46.82% OCEAN_ACC:[0.4684961 0.4678495]

Training: learning rate:1.0000000000000002e-07
Train: Epo[022/500] Iter[001/001] IterTime:[122.70s] LOSS: 0.6537 ACC:0.5394 ETA:16h:21m:37s 
Valid: Epoch[022/500] Train Mean_Acc: 53.94% Valid Mean_Acc:46.86% OCEAN_ACC:[0.46891284 0.4682878 ]

Training: learning rate:1.0000000000000002e-07
Train: Epo[023/500] Iter[001/001] IterTime:[122.99s] LOSS: 0.6544 ACC:0.5392 ETA:16h:21m:50s 
Valid: Epoch[023/500] Train Mean_Acc: 53.92% Valid Mean_Acc:46.80% OCEAN_ACC:[0.46822187 0.46776775]

Training: learning rate:1.0000000000000002e-07
Train: Epo[024/500] Iter[001/001] IterTime:[123.43s] LOSS: 0.6544 ACC:0.5392 ETA:16h:23m:19s 
Valid: Epoch[024/500] Train Mean_Acc: 53.92% Valid Mean_Acc:46.88% OCEAN_ACC:[0.47001672 0.4674847 ]

Training: learning rate:1.0000000000000002e-07
Train: Epo[025/500] Iter[001/001] IterTime:[124.31s] LOSS: 0.6785 ACC:0.5274 ETA:16h:28m:14s 
Valid: Epoch[025/500] Train Mean_Acc: 52.74% Valid Mean_Acc:46.81% OCEAN_ACC:[0.4685352 0.4676081]

Training: learning rate:1.0000000000000002e-07
Train: Epo[026/500] Iter[001/001] IterTime:[123.30s] LOSS: 0.6708 ACC:0.5312 ETA:16h:18m:10s 
Valid: Epoch[026/500] Train Mean_Acc: 53.12% Valid Mean_Acc:46.81% OCEAN_ACC:[0.4690137  0.46713063]

Training: learning rate:1.0000000000000002e-07
Train: Epo[027/500] Iter[001/001] IterTime:[121.71s] LOSS: 0.6382 ACC:0.5469 ETA:16h:3m:34s 
Valid: Epoch[027/500] Train Mean_Acc: 54.69% Valid Mean_Acc:46.88% OCEAN_ACC:[0.46983096 0.46780348]

Training: learning rate:1.0000000000000002e-07
Train: Epo[028/500] Iter[001/001] IterTime:[122.54s] LOSS: 0.6544 ACC:0.5390 ETA:16h:8m:4s 
Valid: Epoch[028/500] Train Mean_Acc: 53.90% Valid Mean_Acc:46.82% OCEAN_ACC:[0.4686582  0.46775708]

Training: learning rate:1.0000000000000002e-07
Train: Epo[029/500] Iter[001/001] IterTime:[123.96s] LOSS: 0.6865 ACC:0.5234 ETA:16h:17m:12s 
Valid: Epoch[029/500] Train Mean_Acc: 52.34% Valid Mean_Acc:46.78% OCEAN_ACC:[0.46836975 0.46726286]

Training: learning rate:1.0000000000000002e-07
Train: Epo[030/500] Iter[001/001] IterTime:[123.89s] LOSS: 0.6458 ACC:0.5432 ETA:16h:14m:36s 
Valid: Epoch[030/500] Train Mean_Acc: 54.32% Valid Mean_Acc:46.93% OCEAN_ACC:[0.47050658 0.4680612 ]

Training: learning rate:1.0000000000000004e-08
Train: Epo[031/500] Iter[001/001] IterTime:[125.35s] LOSS: 0.6703 ACC:0.5314 ETA:16h:23m:59s 
Valid: Epoch[031/500] Train Mean_Acc: 53.14% Valid Mean_Acc:46.96% OCEAN_ACC:[0.47033563 0.46885416]

Training: learning rate:1.0000000000000004e-08
Train: Epo[032/500] Iter[001/001] IterTime:[122.02s] LOSS: 0.6941 ACC:0.5196 ETA:15h:55m:47s 
Valid: Epoch[032/500] Train Mean_Acc: 51.96% Valid Mean_Acc:46.88% OCEAN_ACC:[0.46916422 0.46846113]

Training: learning rate:1.0000000000000004e-08
Train: Epo[033/500] Iter[001/001] IterTime:[122.47s] LOSS: 0.6623 ACC:0.5352 ETA:15h:57m:17s 
Valid: Epoch[033/500] Train Mean_Acc: 53.52% Valid Mean_Acc:46.85% OCEAN_ACC:[0.46949568 0.4676013 ]

Training: learning rate:1.0000000000000004e-08
Train: Epo[034/500] Iter[001/001] IterTime:[122.74s] LOSS: 0.6862 ACC:0.5236 ETA:15h:57m:20s 
Valid: Epoch[034/500] Train Mean_Acc: 52.36% Valid Mean_Acc:46.84% OCEAN_ACC:[0.469467   0.46739554]

Training: learning rate:1.0000000000000004e-08
Train: Epo[035/500] Iter[001/001] IterTime:[126.25s] LOSS: 0.6860 ACC:0.5237 ETA:16h:22m:36s 
Valid: Epoch[035/500] Train Mean_Acc: 52.37% Valid Mean_Acc:46.76% OCEAN_ACC:[0.4669837  0.46816972]

Training: learning rate:1.0000000000000004e-08
Train: Epo[036/500] Iter[001/001] IterTime:[122.02s] LOSS: 0.6776 ACC:0.5277 ETA:15h:47m:39s 
Valid: Epoch[036/500] Train Mean_Acc: 52.77% Valid Mean_Acc:46.86% OCEAN_ACC:[0.46907356 0.46806273]

Training: learning rate:1.0000000000000004e-08
Train: Epo[037/500] Iter[001/001] IterTime:[122.50s] LOSS: 0.6378 ACC:0.5470 ETA:15h:49m:20s 
Valid: Epoch[037/500] Train Mean_Acc: 54.70% Valid Mean_Acc:46.77% OCEAN_ACC:[0.46788502 0.46744344]

Training: learning rate:1.0000000000000004e-08
Train: Epo[038/500] Iter[001/001] IterTime:[122.71s] LOSS: 0.6784 ACC:0.5275 ETA:15h:48m:58s 
Valid: Epoch[038/500] Train Mean_Acc: 52.75% Valid Mean_Acc:46.80% OCEAN_ACC:[0.468428   0.46750084]

Training: learning rate:1.0000000000000004e-08
Train: Epo[039/500] Iter[001/001] IterTime:[125.21s] LOSS: 0.7107 ACC:0.5117 ETA:16h:6m:13s 
Valid: Epoch[039/500] Train Mean_Acc: 51.17% Valid Mean_Acc:46.79% OCEAN_ACC:[0.46816972 0.46759143]

Training: learning rate:1.0000000000000004e-08
Train: Epo[040/500] Iter[001/001] IterTime:[122.09s] LOSS: 0.6625 ACC:0.5349 ETA:15h:40m:7s 
Valid: Epoch[040/500] Train Mean_Acc: 53.49% Valid Mean_Acc:46.92% OCEAN_ACC:[0.4696343 0.4688345]

Training: learning rate:1.0000000000000004e-08
Train: Epo[041/500] Iter[001/001] IterTime:[122.38s] LOSS: 0.6623 ACC:0.5353 ETA:15h:40m:19s 
Valid: Epoch[041/500] Train Mean_Acc: 53.53% Valid Mean_Acc:46.86% OCEAN_ACC:[0.46857062 0.46863952]

Training: learning rate:1.0000000000000004e-08
Train: Epo[042/500] Iter[001/001] IterTime:[122.09s] LOSS: 0.6539 ACC:0.5393 ETA:15h:36m:1s 
Valid: Epoch[042/500] Train Mean_Acc: 53.93% Valid Mean_Acc:46.91% OCEAN_ACC:[0.46974388 0.46853396]

Training: learning rate:1.0000000000000004e-08
Train: Epo[043/500] Iter[001/001] IterTime:[121.77s] LOSS: 0.6696 ACC:0.5317 ETA:15h:31m:31s 
Valid: Epoch[043/500] Train Mean_Acc: 53.17% Valid Mean_Acc:46.87% OCEAN_ACC:[0.46975598 0.46756586]

Training: learning rate:1.0000000000000004e-08
Train: Epo[044/500] Iter[001/001] IterTime:[123.01s] LOSS: 0.6458 ACC:0.5432 ETA:15h:38m:57s 
Valid: Epoch[044/500] Train Mean_Acc: 54.32% Valid Mean_Acc:46.86% OCEAN_ACC:[0.4694712  0.46776435]

Training: learning rate:1.0000000000000004e-08
Train: Epo[045/500] Iter[001/001] IterTime:[123.67s] LOSS: 0.6781 ACC:0.5276 ETA:15h:41m:57s 
Valid: Epoch[045/500] Train Mean_Acc: 52.76% Valid Mean_Acc:46.79% OCEAN_ACC:[0.4682108 0.4675254]

Training: learning rate:1.0000000000000004e-08
Train: Epo[046/500] Iter[001/001] IterTime:[121.23s] LOSS: 0.6865 ACC:0.5234 ETA:15h:21m:22s 
Valid: Epoch[046/500] Train Mean_Acc: 52.34% Valid Mean_Acc:46.80% OCEAN_ACC:[0.46901214 0.46694598]

Training: learning rate:1.0000000000000004e-08
Train: Epo[047/500] Iter[001/001] IterTime:[121.99s] LOSS: 0.6785 ACC:0.5274 ETA:15h:25m:5s 
Valid: Epoch[047/500] Train Mean_Acc: 52.74% Valid Mean_Acc:46.86% OCEAN_ACC:[0.469411  0.4677061]

Training: learning rate:1.0000000000000004e-08
Train: Epo[048/500] Iter[001/001] IterTime:[124.86s] LOSS: 0.6865 ACC:0.5233 ETA:15h:44m:45s 
Valid: Epoch[048/500] Train Mean_Acc: 52.33% Valid Mean_Acc:46.91% OCEAN_ACC:[0.46996304 0.46820727]

Training: learning rate:1.0000000000000004e-08
Train: Epo[049/500] Iter[001/001] IterTime:[122.37s] LOSS: 0.6789 ACC:0.5272 ETA:15h:23m:53s 
Valid: Epoch[049/500] Train Mean_Acc: 52.72% Valid Mean_Acc:46.80% OCEAN_ACC:[0.46775162 0.46816218]

Training: learning rate:1.0000000000000004e-08
Train: Epo[050/500] Iter[001/001] IterTime:[121.96s] LOSS: 0.6620 ACC:0.5354 ETA:15h:18m:45s 
Valid: Epoch[050/500] Train Mean_Acc: 53.54% Valid Mean_Acc:46.82% OCEAN_ACC:[0.46850953 0.46797776]

Training: learning rate:1.0000000000000004e-08
Train: Epo[051/500] Iter[001/001] IterTime:[121.84s] LOSS: 0.6706 ACC:0.5311 ETA:15h:15m:48s 
Valid: Epoch[051/500] Train Mean_Acc: 53.11% Valid Mean_Acc:46.83% OCEAN_ACC:[0.4685835  0.46799704]

Training: learning rate:1.0000000000000004e-08
Train: Epo[052/500] Iter[001/001] IterTime:[122.25s] LOSS: 0.6709 ACC:0.5312 ETA:15h:16m:54s 
Valid: Epoch[052/500] Train Mean_Acc: 53.12% Valid Mean_Acc:46.91% OCEAN_ACC:[0.46966848 0.46858123]

Training: learning rate:1.0000000000000004e-08
Train: Epo[053/500] Iter[001/001] IterTime:[122.49s] LOSS: 0.6622 ACC:0.5351 ETA:15h:16m:39s 
Valid: Epoch[053/500] Train Mean_Acc: 53.51% Valid Mean_Acc:46.76% OCEAN_ACC:[0.46778122 0.46733758]

Training: learning rate:1.0000000000000004e-08
Train: Epo[054/500] Iter[001/001] IterTime:[124.84s] LOSS: 0.6461 ACC:0.5430 ETA:15h:32m:6s 
Valid: Epoch[054/500] Train Mean_Acc: 54.30% Valid Mean_Acc:46.81% OCEAN_ACC:[0.4681116  0.46813905]

Training: learning rate:1.0000000000000004e-08
Train: Epo[055/500] Iter[001/001] IterTime:[121.68s] LOSS: 0.6787 ACC:0.5271 ETA:15h:6m:32s 
Valid: Epoch[055/500] Train Mean_Acc: 52.71% Valid Mean_Acc:46.80% OCEAN_ACC:[0.46759263 0.46836272]

Training: learning rate:1.0000000000000004e-08
Train: Epo[056/500] Iter[001/001] IterTime:[121.09s] LOSS: 0.6864 ACC:0.5234 ETA:15h:0m:3s 
Valid: Epoch[056/500] Train Mean_Acc: 52.34% Valid Mean_Acc:46.84% OCEAN_ACC:[0.4692408  0.46760604]

Training: learning rate:1.0000000000000004e-08
Train: Epo[057/500] Iter[001/001] IterTime:[122.81s] LOSS: 0.6458 ACC:0.5431 ETA:15h:10m:50s 
Valid: Epoch[057/500] Train Mean_Acc: 54.31% Valid Mean_Acc:46.81% OCEAN_ACC:[0.4684608  0.46777055]

Training: learning rate:1.0000000000000004e-08
Train: Epo[058/500] Iter[001/001] IterTime:[123.52s] LOSS: 0.6782 ACC:0.5273 ETA:15h:14m:1s 
Valid: Epoch[058/500] Train Mean_Acc: 52.73% Valid Mean_Acc:46.83% OCEAN_ACC:[0.4686534  0.46785077]

Training: learning rate:1.0000000000000004e-08
Train: Epo[059/500] Iter[001/001] IterTime:[122.07s] LOSS: 0.6542 ACC:0.5392 ETA:15h:1m:15s 
Valid: Epoch[059/500] Train Mean_Acc: 53.92% Valid Mean_Acc:46.90% OCEAN_ACC:[0.47001645 0.46802667]

Training: learning rate:1.0000000000000004e-08
Train: Epo[060/500] Iter[001/001] IterTime:[121.73s] LOSS: 0.6382 ACC:0.5470 ETA:14h:56m:44s 
Valid: Epoch[060/500] Train Mean_Acc: 54.70% Valid Mean_Acc:46.83% OCEAN_ACC:[0.4679366  0.46860513]

Training: learning rate:1.0000000000000004e-08
Train: Epo[061/500] Iter[001/001] IterTime:[123.76s] LOSS: 0.6785 ACC:0.5274 ETA:15h:9m:37s 
Valid: Epoch[061/500] Train Mean_Acc: 52.74% Valid Mean_Acc:46.85% OCEAN_ACC:[0.46917486 0.4678254 ]

Training: learning rate:1.0000000000000004e-08
Train: Epo[062/500] Iter[001/001] IterTime:[122.61s] LOSS: 0.6541 ACC:0.5392 ETA:14h:59m:8s 
Valid: Epoch[062/500] Train Mean_Acc: 53.92% Valid Mean_Acc:46.85% OCEAN_ACC:[0.4691849  0.46778235]

Training: learning rate:1.0000000000000004e-08
Train: Epo[063/500] Iter[001/001] IterTime:[123.07s] LOSS: 0.6621 ACC:0.5352 ETA:15h:0m:26s 
Valid: Epoch[063/500] Train Mean_Acc: 53.52% Valid Mean_Acc:46.78% OCEAN_ACC:[0.4682188  0.46734464]

Training: learning rate:1.0000000000000004e-08
Train: Epo[064/500] Iter[001/001] IterTime:[122.73s] LOSS: 0.6469 ACC:0.5428 ETA:14h:55m:55s 
Valid: Epoch[064/500] Train Mean_Acc: 54.28% Valid Mean_Acc:46.85% OCEAN_ACC:[0.46893933 0.46814242]

Training: learning rate:1.0000000000000004e-08
Train: Epo[065/500] Iter[001/001] IterTime:[121.86s] LOSS: 0.6463 ACC:0.5431 ETA:14h:47m:33s 
Valid: Epoch[065/500] Train Mean_Acc: 54.31% Valid Mean_Acc:46.88% OCEAN_ACC:[0.46986142 0.46776378]

Training: learning rate:1.0000000000000004e-08
Train: Epo[066/500] Iter[001/001] IterTime:[123.39s] LOSS: 0.6787 ACC:0.5271 ETA:14h:56m:36s 
Valid: Epoch[066/500] Train Mean_Acc: 52.71% Valid Mean_Acc:46.83% OCEAN_ACC:[0.46859133 0.46794555]

Training: learning rate:1.0000000000000004e-08
Train: Epo[067/500] Iter[001/001] IterTime:[122.97s] LOSS: 0.6706 ACC:0.5311 ETA:14h:51m:34s 
Valid: Epoch[067/500] Train Mean_Acc: 53.11% Valid Mean_Acc:46.86% OCEAN_ACC:[0.4696727  0.46760473]

Training: learning rate:1.0000000000000004e-08
Train: Epo[068/500] Iter[001/001] IterTime:[122.90s] LOSS: 0.6942 ACC:0.5197 ETA:14h:48m:57s 
Valid: Epoch[068/500] Train Mean_Acc: 51.97% Valid Mean_Acc:46.83% OCEAN_ACC:[0.4685463 0.4680357]

Training: learning rate:1.0000000000000004e-08
Train: Epo[069/500] Iter[001/001] IterTime:[124.29s] LOSS: 0.6550 ACC:0.5388 ETA:14h:56m:57s 
Valid: Epoch[069/500] Train Mean_Acc: 53.88% Valid Mean_Acc:46.88% OCEAN_ACC:[0.46924523 0.46835434]

Training: learning rate:1.0000000000000004e-08
Train: Epo[070/500] Iter[001/001] IterTime:[121.97s] LOSS: 0.6541 ACC:0.5391 ETA:14h:38m:11s 
Valid: Epoch[070/500] Train Mean_Acc: 53.91% Valid Mean_Acc:46.84% OCEAN_ACC:[0.46962133 0.46715036]

Training: learning rate:1.0000000000000005e-09
Train: Epo[071/500] Iter[001/001] IterTime:[120.78s] LOSS: 0.6704 ACC:0.5314 ETA:14h:27m:36s 
Valid: Epoch[071/500] Train Mean_Acc: 53.14% Valid Mean_Acc:46.86% OCEAN_ACC:[0.46839085 0.4687557 ]

Training: learning rate:1.0000000000000005e-09
Train: Epo[072/500] Iter[001/001] IterTime:[122.20s] LOSS: 0.6622 ACC:0.5350 ETA:14h:35m:45s 
Valid: Epoch[072/500] Train Mean_Acc: 53.50% Valid Mean_Acc:46.77% OCEAN_ACC:[0.46777332 0.46763906]

Training: learning rate:1.0000000000000005e-09
Train: Epo[073/500] Iter[001/001] IterTime:[121.72s] LOSS: 0.6458 ACC:0.5431 ETA:14h:30m:17s 
Valid: Epoch[073/500] Train Mean_Acc: 54.31% Valid Mean_Acc:46.77% OCEAN_ACC:[0.46751466 0.46796086]

Training: learning rate:1.0000000000000005e-09
Train: Epo[074/500] Iter[001/001] IterTime:[123.83s] LOSS: 0.6862 ACC:0.5234 ETA:14h:43m:20s 
Valid: Epoch[074/500] Train Mean_Acc: 52.34% Valid Mean_Acc:46.80% OCEAN_ACC:[0.4678814  0.46802676]

Training: learning rate:1.0000000000000005e-09
Train: Epo[075/500] Iter[001/001] IterTime:[124.50s] LOSS: 0.6779 ACC:0.5278 ETA:14h:46m:3s 
Valid: Epoch[075/500] Train Mean_Acc: 52.78% Valid Mean_Acc:46.82% OCEAN_ACC:[0.46869615 0.46772775]

Training: learning rate:1.0000000000000005e-09
Train: Epo[076/500] Iter[001/001] IterTime:[124.44s] LOSS: 0.6863 ACC:0.5237 ETA:14h:43m:32s 
Valid: Epoch[076/500] Train Mean_Acc: 52.37% Valid Mean_Acc:46.80% OCEAN_ACC:[0.46809462 0.46783638]

Training: learning rate:1.0000000000000005e-09
Train: Epo[077/500] Iter[001/001] IterTime:[122.89s] LOSS: 0.6540 ACC:0.5389 ETA:14h:30m:28s 
Valid: Epoch[077/500] Train Mean_Acc: 53.89% Valid Mean_Acc:46.87% OCEAN_ACC:[0.46919546 0.4681816 ]

Training: learning rate:1.0000000000000005e-09
Train: Epo[078/500] Iter[001/001] IterTime:[124.65s] LOSS: 0.6625 ACC:0.5350 ETA:14h:40m:49s 
Valid: Epoch[078/500] Train Mean_Acc: 53.50% Valid Mean_Acc:46.87% OCEAN_ACC:[0.47001687 0.46746394]

Training: learning rate:1.0000000000000005e-09
Train: Epo[079/500] Iter[001/001] IterTime:[125.76s] LOSS: 0.6784 ACC:0.5274 ETA:14h:46m:38s 
Valid: Epoch[079/500] Train Mean_Acc: 52.74% Valid Mean_Acc:46.84% OCEAN_ACC:[0.46900022 0.46780646]

Training: learning rate:1.0000000000000005e-09
Train: Epo[080/500] Iter[001/001] IterTime:[122.52s] LOSS: 0.6624 ACC:0.5352 ETA:14h:21m:45s 
Valid: Epoch[080/500] Train Mean_Acc: 53.52% Valid Mean_Acc:46.87% OCEAN_ACC:[0.4691358  0.46834025]

Training: learning rate:1.0000000000000005e-09
Train: Epo[081/500] Iter[001/001] IterTime:[125.79s] LOSS: 0.6862 ACC:0.5234 ETA:14h:42m:37s 
Valid: Epoch[081/500] Train Mean_Acc: 52.34% Valid Mean_Acc:46.79% OCEAN_ACC:[0.46823564 0.46747085]

Training: learning rate:1.0000000000000005e-09
Train: Epo[082/500] Iter[001/001] IterTime:[121.74s] LOSS: 0.6781 ACC:0.5274 ETA:14h:12m:9s 
Valid: Epoch[082/500] Train Mean_Acc: 52.74% Valid Mean_Acc:46.85% OCEAN_ACC:[0.46942043 0.4676348 ]

Training: learning rate:1.0000000000000005e-09
Train: Epo[083/500] Iter[001/001] IterTime:[121.63s] LOSS: 0.6698 ACC:0.5313 ETA:14h:9m:21s 
Valid: Epoch[083/500] Train Mean_Acc: 53.13% Valid Mean_Acc:46.82% OCEAN_ACC:[0.4688398  0.46760526]

Training: learning rate:1.0000000000000005e-09
Train: Epo[084/500] Iter[001/001] IterTime:[121.85s] LOSS: 0.6786 ACC:0.5273 ETA:14h:8m:54s 
Valid: Epoch[084/500] Train Mean_Acc: 52.73% Valid Mean_Acc:46.84% OCEAN_ACC:[0.4694433 0.4674518]

Training: learning rate:1.0000000000000005e-09
Train: Epo[085/500] Iter[001/001] IterTime:[122.29s] LOSS: 0.6624 ACC:0.5352 ETA:14h:9m:55s 
Valid: Epoch[085/500] Train Mean_Acc: 53.52% Valid Mean_Acc:46.88% OCEAN_ACC:[0.46951124 0.4680942 ]

Training: learning rate:1.0000000000000005e-09
Train: Epo[086/500] Iter[001/001] IterTime:[123.77s] LOSS: 0.6945 ACC:0.5197 ETA:14h:18m:6s 
Valid: Epoch[086/500] Train Mean_Acc: 51.97% Valid Mean_Acc:46.83% OCEAN_ACC:[0.46805954 0.46847448]

Training: learning rate:1.0000000000000005e-09
Train: Epo[087/500] Iter[001/001] IterTime:[123.80s] LOSS: 0.6702 ACC:0.5313 ETA:14h:16m:17s 
Valid: Epoch[087/500] Train Mean_Acc: 53.13% Valid Mean_Acc:46.95% OCEAN_ACC:[0.47078624 0.4681878 ]

Training: learning rate:1.0000000000000005e-09
Train: Epo[088/500] Iter[001/001] IterTime:[121.34s] LOSS: 0.6463 ACC:0.5430 ETA:13h:57m:12s 
Valid: Epoch[088/500] Train Mean_Acc: 54.30% Valid Mean_Acc:46.86% OCEAN_ACC:[0.4692948  0.46793175]

Training: learning rate:1.0000000000000005e-09
Train: Epo[089/500] Iter[001/001] IterTime:[124.12s] LOSS: 0.6944 ACC:0.5196 ETA:14h:14m:19s 
Valid: Epoch[089/500] Train Mean_Acc: 51.96% Valid Mean_Acc:46.73% OCEAN_ACC:[0.46685362 0.46769843]

Training: learning rate:1.0000000000000005e-09
Train: Epo[090/500] Iter[001/001] IterTime:[121.52s] LOSS: 0.6865 ACC:0.5233 ETA:13h:54m:25s 
Valid: Epoch[090/500] Train Mean_Acc: 52.33% Valid Mean_Acc:46.85% OCEAN_ACC:[0.46879628 0.46815106]

Training: learning rate:1.0000000000000005e-09
Train: Epo[091/500] Iter[001/001] IterTime:[122.07s] LOSS: 0.6630 ACC:0.5347 ETA:13h:56m:9s 
Valid: Epoch[091/500] Train Mean_Acc: 53.47% Valid Mean_Acc:46.90% OCEAN_ACC:[0.46974254 0.46826828]

Training: learning rate:1.0000000000000005e-09
Train: Epo[092/500] Iter[001/001] IterTime:[123.56s] LOSS: 0.6227 ACC:0.5545 ETA:14h:4m:17s 
Valid: Epoch[092/500] Train Mean_Acc: 55.45% Valid Mean_Acc:46.82% OCEAN_ACC:[0.4680567  0.46831322]

Training: learning rate:1.0000000000000005e-09
Train: Epo[093/500] Iter[001/001] IterTime:[123.90s] LOSS: 0.6459 ACC:0.5430 ETA:14h:4m:34s 
Valid: Epoch[093/500] Train Mean_Acc: 54.30% Valid Mean_Acc:46.84% OCEAN_ACC:[0.4693817  0.46748134]

Training: learning rate:1.0000000000000005e-09
Train: Epo[094/500] Iter[001/001] IterTime:[123.12s] LOSS: 0.6546 ACC:0.5389 ETA:13h:57m:11s 
Valid: Epoch[094/500] Train Mean_Acc: 53.89% Valid Mean_Acc:46.84% OCEAN_ACC:[0.46898448 0.4678614 ]

Training: learning rate:1.0000000000000005e-09
Train: Epo[095/500] Iter[001/001] IterTime:[123.81s] LOSS: 0.6700 ACC:0.5315 ETA:13h:59m:51s 
Valid: Epoch[095/500] Train Mean_Acc: 53.15% Valid Mean_Acc:46.73% OCEAN_ACC:[0.4672059  0.46739078]

Training: learning rate:1.0000000000000005e-09
Train: Epo[096/500] Iter[001/001] IterTime:[124.51s] LOSS: 0.6791 ACC:0.5271 ETA:14h:2m:30s 
Valid: Epoch[096/500] Train Mean_Acc: 52.71% Valid Mean_Acc:46.77% OCEAN_ACC:[0.46787903 0.46747515]

Training: learning rate:1.0000000000000005e-09
Train: Epo[097/500] Iter[001/001] IterTime:[123.03s] LOSS: 0.6863 ACC:0.5236 ETA:13h:50m:27s 
Valid: Epoch[097/500] Train Mean_Acc: 52.36% Valid Mean_Acc:46.90% OCEAN_ACC:[0.47008964 0.46798086]

Training: learning rate:1.0000000000000005e-09
Train: Epo[098/500] Iter[001/001] IterTime:[122.57s] LOSS: 0.6623 ACC:0.5353 ETA:13h:45m:16s 
Valid: Epoch[098/500] Train Mean_Acc: 53.53% Valid Mean_Acc:46.85% OCEAN_ACC:[0.469177   0.46782565]

Training: learning rate:1.0000000000000005e-09
Train: Epo[099/500] Iter[001/001] IterTime:[125.09s] LOSS: 0.6619 ACC:0.5353 ETA:14h:0m:11s 
Valid: Epoch[099/500] Train Mean_Acc: 53.53% Valid Mean_Acc:46.87% OCEAN_ACC:[0.46955785 0.4678286 ]

Training: learning rate:1.0000000000000005e-09
Train: Epo[100/500] Iter[001/001] IterTime:[121.05s] LOSS: 0.6544 ACC:0.5391 ETA:13h:31m:1s 
Valid: Epoch[100/500] Train Mean_Acc: 53.91% Valid Mean_Acc:46.81% OCEAN_ACC:[0.4674898 0.4686786]

Training: learning rate:1.0000000000000006e-10
Train: Epo[101/500] Iter[001/001] IterTime:[122.71s] LOSS: 0.6542 ACC:0.5393 ETA:13h:40m:5s 
Valid: Epoch[101/500] Train Mean_Acc: 53.93% Valid Mean_Acc:46.85% OCEAN_ACC:[0.4689963  0.46795002]

Training: learning rate:1.0000000000000006e-10
Train: Epo[102/500] Iter[001/001] IterTime:[121.79s] LOSS: 0.6303 ACC:0.5508 ETA:13h:31m:55s 
Valid: Epoch[102/500] Train Mean_Acc: 55.08% Valid Mean_Acc:46.76% OCEAN_ACC:[0.46750072 0.46763158]

Training: learning rate:1.0000000000000006e-10
Train: Epo[103/500] Iter[001/001] IterTime:[122.18s] LOSS: 0.6704 ACC:0.5314 ETA:13h:32m:28s 
Valid: Epoch[103/500] Train Mean_Acc: 53.14% Valid Mean_Acc:46.85% OCEAN_ACC:[0.46905935 0.46797928]

Training: learning rate:1.0000000000000006e-10
Train: Epo[104/500] Iter[001/001] IterTime:[120.91s] LOSS: 0.6542 ACC:0.5391 ETA:13h:22m:4s 
Valid: Epoch[104/500] Train Mean_Acc: 53.91% Valid Mean_Acc:46.72% OCEAN_ACC:[0.46688166 0.467518  ]

Training: learning rate:1.0000000000000006e-10
Train: Epo[105/500] Iter[001/001] IterTime:[121.42s] LOSS: 0.6379 ACC:0.5472 ETA:13h:23m:22s 
Valid: Epoch[105/500] Train Mean_Acc: 54.72% Valid Mean_Acc:46.82% OCEAN_ACC:[0.4679153 0.4684067]

Training: learning rate:1.0000000000000006e-10
Train: Epo[106/500] Iter[001/001] IterTime:[124.94s] LOSS: 0.6864 ACC:0.5232 ETA:13h:44m:36s 
Valid: Epoch[106/500] Train Mean_Acc: 52.32% Valid Mean_Acc:46.75% OCEAN_ACC:[0.4674147  0.46765003]

Training: learning rate:1.0000000000000006e-10
Train: Epo[107/500] Iter[001/001] IterTime:[123.97s] LOSS: 0.7106 ACC:0.5117 ETA:13h:36m:8s 
Valid: Epoch[107/500] Train Mean_Acc: 51.17% Valid Mean_Acc:46.89% OCEAN_ACC:[0.46944293 0.46827427]

Training: learning rate:1.0000000000000006e-10
Train: Epo[108/500] Iter[001/001] IterTime:[123.06s] LOSS: 0.6299 ACC:0.5511 ETA:13h:28m:3s 
Valid: Epoch[108/500] Train Mean_Acc: 55.11% Valid Mean_Acc:46.79% OCEAN_ACC:[0.46839967 0.4674431 ]

Training: learning rate:1.0000000000000006e-10
Train: Epo[109/500] Iter[001/001] IterTime:[121.32s] LOSS: 0.7024 ACC:0.5157 ETA:13h:14m:40s 
Valid: Epoch[109/500] Train Mean_Acc: 51.57% Valid Mean_Acc:46.89% OCEAN_ACC:[0.46957937 0.46816418]

Training: learning rate:1.0000000000000006e-10
Train: Epo[110/500] Iter[001/001] IterTime:[122.25s] LOSS: 0.6382 ACC:0.5469 ETA:13h:18m:43s 
Valid: Epoch[110/500] Train Mean_Acc: 54.69% Valid Mean_Acc:46.89% OCEAN_ACC:[0.4698952 0.4678905]

Training: learning rate:1.0000000000000006e-10
Train: Epo[111/500] Iter[001/001] IterTime:[122.01s] LOSS: 0.6541 ACC:0.5393 ETA:13h:15m:5s 
Valid: Epoch[111/500] Train Mean_Acc: 53.93% Valid Mean_Acc:46.84% OCEAN_ACC:[0.46881273 0.46797642]

Training: learning rate:1.0000000000000006e-10
Train: Epo[112/500] Iter[001/001] IterTime:[126.08s] LOSS: 0.6378 ACC:0.5474 ETA:13h:39m:30s 
Valid: Epoch[112/500] Train Mean_Acc: 54.74% Valid Mean_Acc:46.81% OCEAN_ACC:[0.4682242  0.46792194]

Training: learning rate:1.0000000000000006e-10
Train: Epo[113/500] Iter[001/001] IterTime:[122.17s] LOSS: 0.6862 ACC:0.5235 ETA:13h:12m:3s 
Valid: Epoch[113/500] Train Mean_Acc: 52.35% Valid Mean_Acc:46.79% OCEAN_ACC:[0.46782354 0.46803138]

Training: learning rate:1.0000000000000006e-10
Train: Epo[114/500] Iter[001/001] IterTime:[122.66s] LOSS: 0.6783 ACC:0.5273 ETA:13h:13m:12s 
Valid: Epoch[114/500] Train Mean_Acc: 52.73% Valid Mean_Acc:46.93% OCEAN_ACC:[0.47060272 0.4680492 ]

Training: learning rate:1.0000000000000006e-10
Train: Epo[115/500] Iter[001/001] IterTime:[121.14s] LOSS: 0.6779 ACC:0.5274 ETA:13h:1m:22s 
Valid: Epoch[115/500] Train Mean_Acc: 52.74% Valid Mean_Acc:46.88% OCEAN_ACC:[0.46905342 0.46849346]

Training: learning rate:1.0000000000000006e-10
Train: Epo[116/500] Iter[001/001] IterTime:[123.03s] LOSS: 0.6624 ACC:0.5351 ETA:13h:11m:29s 
Valid: Epoch[116/500] Train Mean_Acc: 53.51% Valid Mean_Acc:46.87% OCEAN_ACC:[0.46926728 0.46810937]

Training: learning rate:1.0000000000000006e-10
Train: Epo[117/500] Iter[001/001] IterTime:[121.52s] LOSS: 0.6462 ACC:0.5430 ETA:12h:59m:46s 
Valid: Epoch[117/500] Train Mean_Acc: 54.30% Valid Mean_Acc:46.89% OCEAN_ACC:[0.46951434 0.4683775 ]

Training: learning rate:1.0000000000000006e-10
Train: Epo[118/500] Iter[001/001] IterTime:[121.07s] LOSS: 0.6781 ACC:0.5277 ETA:12h:54m:50s 
Valid: Epoch[118/500] Train Mean_Acc: 52.77% Valid Mean_Acc:46.74% OCEAN_ACC:[0.46717104 0.4677198 ]

Training: learning rate:1.0000000000000006e-10
Train: Epo[119/500] Iter[001/001] IterTime:[122.14s] LOSS: 0.6786 ACC:0.5271 ETA:12h:59m:37s 
Valid: Epoch[119/500] Train Mean_Acc: 52.71% Valid Mean_Acc:46.88% OCEAN_ACC:[0.4694763  0.46815065]

Training: learning rate:1.0000000000000006e-10
Train: Epo[120/500] Iter[001/001] IterTime:[121.55s] LOSS: 0.6787 ACC:0.5271 ETA:12h:53m:51s 
Valid: Epoch[120/500] Train Mean_Acc: 52.71% Valid Mean_Acc:46.83% OCEAN_ACC:[0.46906748 0.46747866]

Training: learning rate:1.0000000000000006e-10
Train: Epo[121/500] Iter[001/001] IterTime:[123.04s] LOSS: 0.6544 ACC:0.5390 ETA:13h:1m:19s 
Valid: Epoch[121/500] Train Mean_Acc: 53.90% Valid Mean_Acc:46.78% OCEAN_ACC:[0.4683278  0.46733522]

Training: learning rate:1.0000000000000006e-10
Train: Epo[122/500] Iter[001/001] IterTime:[122.45s] LOSS: 0.6622 ACC:0.5351 ETA:12h:55m:32s 
Valid: Epoch[122/500] Train Mean_Acc: 53.51% Valid Mean_Acc:46.91% OCEAN_ACC:[0.47001866 0.46824145]

Training: learning rate:1.0000000000000006e-10
Train: Epo[123/500] Iter[001/001] IterTime:[122.65s] LOSS: 0.6626 ACC:0.5351 ETA:12h:54m:43s 
Valid: Epoch[123/500] Train Mean_Acc: 53.51% Valid Mean_Acc:46.88% OCEAN_ACC:[0.468815  0.4688829]

Training: learning rate:1.0000000000000006e-10
Train: Epo[124/500] Iter[001/001] IterTime:[121.73s] LOSS: 0.6387 ACC:0.5466 ETA:12h:46m:52s 
Valid: Epoch[124/500] Train Mean_Acc: 54.66% Valid Mean_Acc:46.86% OCEAN_ACC:[0.46924365 0.46792158]

Training: learning rate:1.0000000000000006e-10
Train: Epo[125/500] Iter[001/001] IterTime:[122.06s] LOSS: 0.6378 ACC:0.5472 ETA:12h:46m:56s 
Valid: Epoch[125/500] Train Mean_Acc: 54.72% Valid Mean_Acc:46.91% OCEAN_ACC:[0.4705635  0.46753874]

Training: learning rate:1.0000000000000006e-10
Train: Epo[126/500] Iter[001/001] IterTime:[124.93s] LOSS: 0.6778 ACC:0.5276 ETA:13h:2m:55s 
Valid: Epoch[126/500] Train Mean_Acc: 52.76% Valid Mean_Acc:46.90% OCEAN_ACC:[0.47000197 0.468052  ]

Training: learning rate:1.0000000000000006e-10
Train: Epo[127/500] Iter[001/001] IterTime:[124.91s] LOSS: 0.6464 ACC:0.5429 ETA:13h:0m:42s 
Valid: Epoch[127/500] Train Mean_Acc: 54.29% Valid Mean_Acc:46.87% OCEAN_ACC:[0.46918234 0.46828303]

Training: learning rate:1.0000000000000006e-10
Train: Epo[128/500] Iter[001/001] IterTime:[124.11s] LOSS: 0.6860 ACC:0.5235 ETA:12h:53m:37s 
Valid: Epoch[128/500] Train Mean_Acc: 52.35% Valid Mean_Acc:46.87% OCEAN_ACC:[0.4695572  0.46777204]

Training: learning rate:1.0000000000000006e-10
Train: Epo[129/500] Iter[001/001] IterTime:[123.94s] LOSS: 0.6544 ACC:0.5391 ETA:12h:50m:30s 
Valid: Epoch[129/500] Train Mean_Acc: 53.91% Valid Mean_Acc:46.79% OCEAN_ACC:[0.46779343 0.46806058]

Training: learning rate:1.0000000000000006e-10
Train: Epo[130/500] Iter[001/001] IterTime:[123.95s] LOSS: 0.6462 ACC:0.5428 ETA:12h:48m:28s 
Valid: Epoch[130/500] Train Mean_Acc: 54.28% Valid Mean_Acc:46.83% OCEAN_ACC:[0.46828    0.46826687]

Training: learning rate:1.0000000000000006e-10
Train: Epo[131/500] Iter[001/001] IterTime:[122.33s] LOSS: 0.6302 ACC:0.5509 ETA:12h:36m:23s 
Valid: Epoch[131/500] Train Mean_Acc: 55.09% Valid Mean_Acc:46.90% OCEAN_ACC:[0.47005787 0.46794555]

Training: learning rate:1.0000000000000006e-10
Train: Epo[132/500] Iter[001/001] IterTime:[122.97s] LOSS: 0.6946 ACC:0.5195 ETA:12h:38m:18s 
Valid: Epoch[132/500] Train Mean_Acc: 51.95% Valid Mean_Acc:46.91% OCEAN_ACC:[0.47029924 0.46781838]

Training: learning rate:1.0000000000000006e-10
Train: Epo[133/500] Iter[001/001] IterTime:[124.07s] LOSS: 0.6699 ACC:0.5314 ETA:12h:43m:0s 
Valid: Epoch[133/500] Train Mean_Acc: 53.14% Valid Mean_Acc:46.85% OCEAN_ACC:[0.46920383 0.46775666]

Training: learning rate:1.0000000000000006e-10
Train: Epo[134/500] Iter[001/001] IterTime:[125.27s] LOSS: 0.6860 ACC:0.5238 ETA:12h:48m:17s 
Valid: Epoch[134/500] Train Mean_Acc: 52.38% Valid Mean_Acc:46.79% OCEAN_ACC:[0.4685948  0.46711555]

Training: learning rate:1.0000000000000006e-10
Train: Epo[135/500] Iter[001/001] IterTime:[125.76s] LOSS: 0.6461 ACC:0.5427 ETA:12h:49m:14s 
Valid: Epoch[135/500] Train Mean_Acc: 54.27% Valid Mean_Acc:46.84% OCEAN_ACC:[0.46915892 0.46764454]

Training: learning rate:1.0000000000000006e-10
Train: Epo[136/500] Iter[001/001] IterTime:[123.92s] LOSS: 0.6783 ACC:0.5275 ETA:12h:35m:55s 
Valid: Epoch[136/500] Train Mean_Acc: 52.75% Valid Mean_Acc:46.79% OCEAN_ACC:[0.46841034 0.46742776]

Training: learning rate:1.0000000000000006e-10
Train: Epo[137/500] Iter[001/001] IterTime:[123.73s] LOSS: 0.6540 ACC:0.5390 ETA:12h:32m:41s 
Valid: Epoch[137/500] Train Mean_Acc: 53.90% Valid Mean_Acc:46.91% OCEAN_ACC:[0.47005963 0.46804795]

Training: learning rate:1.0000000000000006e-10
Train: Epo[138/500] Iter[001/001] IterTime:[122.72s] LOSS: 0.6621 ACC:0.5352 ETA:12h:24m:30s 
Valid: Epoch[138/500] Train Mean_Acc: 53.52% Valid Mean_Acc:46.82% OCEAN_ACC:[0.46870026 0.46764585]

Training: learning rate:1.0000000000000006e-10
Train: Epo[139/500] Iter[001/001] IterTime:[122.88s] LOSS: 0.6865 ACC:0.5235 ETA:12h:23m:25s 
Valid: Epoch[139/500] Train Mean_Acc: 52.35% Valid Mean_Acc:46.88% OCEAN_ACC:[0.46934056 0.4681622 ]

Training: learning rate:1.0000000000000006e-10
Train: Epo[140/500] Iter[001/001] IterTime:[126.05s] LOSS: 0.6862 ACC:0.5234 ETA:12h:40m:30s 
Valid: Epoch[140/500] Train Mean_Acc: 52.34% Valid Mean_Acc:46.82% OCEAN_ACC:[0.46849787 0.46792996]

Training: learning rate:1.0000000000000006e-10
Train: Epo[141/500] Iter[001/001] IterTime:[124.47s] LOSS: 0.6782 ACC:0.5275 ETA:12h:28m:51s 
Valid: Epoch[141/500] Train Mean_Acc: 52.75% Valid Mean_Acc:46.83% OCEAN_ACC:[0.46846583 0.46816802]

Training: learning rate:1.0000000000000006e-10
Train: Epo[142/500] Iter[001/001] IterTime:[122.86s] LOSS: 0.6621 ACC:0.5352 ETA:12h:17m:11s 
Valid: Epoch[142/500] Train Mean_Acc: 53.52% Valid Mean_Acc:46.87% OCEAN_ACC:[0.4695778  0.46780622]

Training: learning rate:1.0000000000000006e-10
Train: Epo[143/500] Iter[001/001] IterTime:[121.35s] LOSS: 0.6707 ACC:0.5311 ETA:12h:6m:5s 
Valid: Epoch[143/500] Train Mean_Acc: 53.11% Valid Mean_Acc:46.81% OCEAN_ACC:[0.46836376 0.46789777]

Training: learning rate:1.0000000000000006e-10
Train: Epo[144/500] Iter[001/001] IterTime:[124.03s] LOSS: 0.6538 ACC:0.5392 ETA:12h:20m:4s 
Valid: Epoch[144/500] Train Mean_Acc: 53.92% Valid Mean_Acc:46.83% OCEAN_ACC:[0.46893394 0.46763334]

Training: learning rate:1.0000000000000006e-10
Train: Epo[145/500] Iter[001/001] IterTime:[124.91s] LOSS: 0.6542 ACC:0.5391 ETA:12h:23m:14s 
Valid: Epoch[145/500] Train Mean_Acc: 53.91% Valid Mean_Acc:46.74% OCEAN_ACC:[0.46725425 0.4674921 ]

Training: learning rate:1.0000000000000006e-10
Train: Epo[146/500] Iter[001/001] IterTime:[122.85s] LOSS: 0.6381 ACC:0.5470 ETA:12h:8m:55s 
Valid: Epoch[146/500] Train Mean_Acc: 54.70% Valid Mean_Acc:46.84% OCEAN_ACC:[0.469246 0.467628]

Training: learning rate:1.0000000000000006e-10
Train: Epo[147/500] Iter[001/001] IterTime:[124.47s] LOSS: 0.6784 ACC:0.5273 ETA:12h:16m:25s 
Valid: Epoch[147/500] Train Mean_Acc: 52.73% Valid Mean_Acc:46.87% OCEAN_ACC:[0.4694769 0.4678397]

Training: learning rate:1.0000000000000006e-10
Train: Epo[148/500] Iter[001/001] IterTime:[123.64s] LOSS: 0.6459 ACC:0.5430 ETA:12h:9m:29s 
Valid: Epoch[148/500] Train Mean_Acc: 54.30% Valid Mean_Acc:46.80% OCEAN_ACC:[0.46787563 0.46819505]

Training: learning rate:1.0000000000000006e-10
Train: Epo[149/500] Iter[001/001] IterTime:[124.15s] LOSS: 0.7024 ACC:0.5158 ETA:12h:10m:23s 
Valid: Epoch[149/500] Train Mean_Acc: 51.58% Valid Mean_Acc:46.78% OCEAN_ACC:[0.46780944 0.46786425]

Training: learning rate:1.0000000000000006e-10
Train: Epo[150/500] Iter[001/001] IterTime:[123.84s] LOSS: 0.6946 ACC:0.5193 ETA:12h:6m:31s 
Valid: Epoch[150/500] Train Mean_Acc: 51.93% Valid Mean_Acc:46.91% OCEAN_ACC:[0.46993378 0.46824273]

Training: learning rate:1.0000000000000006e-10
Train: Epo[151/500] Iter[001/001] IterTime:[123.79s] LOSS: 0.6705 ACC:0.5311 ETA:12h:4m:9s 
Valid: Epoch[151/500] Train Mean_Acc: 53.11% Valid Mean_Acc:46.92% OCEAN_ACC:[0.47056714 0.46779773]

Training: learning rate:1.0000000000000006e-10
Train: Epo[152/500] Iter[001/001] IterTime:[124.81s] LOSS: 0.7025 ACC:0.5155 ETA:12h:8m:4s 
Valid: Epoch[152/500] Train Mean_Acc: 51.55% Valid Mean_Acc:46.89% OCEAN_ACC:[0.469829  0.4678794]

Training: learning rate:1.0000000000000006e-10
Train: Epo[153/500] Iter[001/001] IterTime:[122.58s] LOSS: 0.6706 ACC:0.5313 ETA:11h:53m:1s 
Valid: Epoch[153/500] Train Mean_Acc: 53.13% Valid Mean_Acc:46.88% OCEAN_ACC:[0.469116   0.46845207]

Training: learning rate:1.0000000000000006e-10
Train: Epo[154/500] Iter[001/001] IterTime:[124.59s] LOSS: 0.6624 ACC:0.5349 ETA:12h:2m:38s 
Valid: Epoch[154/500] Train Mean_Acc: 53.49% Valid Mean_Acc:46.82% OCEAN_ACC:[0.46827105 0.46810818]

Training: learning rate:1.0000000000000006e-10
Train: Epo[155/500] Iter[001/001] IterTime:[123.09s] LOSS: 0.6866 ACC:0.5233 ETA:11h:51m:51s 
Valid: Epoch[155/500] Train Mean_Acc: 52.33% Valid Mean_Acc:46.86% OCEAN_ACC:[0.4691811 0.4680103]

Training: learning rate:1.0000000000000006e-10
Train: Epo[156/500] Iter[001/001] IterTime:[124.50s] LOSS: 0.6619 ACC:0.5354 ETA:11h:57m:58s 
Valid: Epoch[156/500] Train Mean_Acc: 53.54% Valid Mean_Acc:46.86% OCEAN_ACC:[0.46893665 0.4681863 ]

Training: learning rate:1.0000000000000006e-10
Train: Epo[157/500] Iter[001/001] IterTime:[123.57s] LOSS: 0.6222 ACC:0.5547 ETA:11h:50m:33s 
Valid: Epoch[157/500] Train Mean_Acc: 55.47% Valid Mean_Acc:46.82% OCEAN_ACC:[0.46871486 0.46775782]

Training: learning rate:1.0000000000000006e-10
Train: Epo[158/500] Iter[001/001] IterTime:[124.16s] LOSS: 0.6623 ACC:0.5354 ETA:11h:51m:51s 
Valid: Epoch[158/500] Train Mean_Acc: 53.54% Valid Mean_Acc:46.85% OCEAN_ACC:[0.46901965 0.46799204]

Training: learning rate:1.0000000000000006e-10
Train: Epo[159/500] Iter[001/001] IterTime:[123.70s] LOSS: 0.6705 ACC:0.5310 ETA:11h:47m:9s 
Valid: Epoch[159/500] Train Mean_Acc: 53.10% Valid Mean_Acc:46.80% OCEAN_ACC:[0.4681965  0.46784806]

Training: learning rate:1.0000000000000006e-10
Train: Epo[160/500] Iter[001/001] IterTime:[124.49s] LOSS: 0.6861 ACC:0.5235 ETA:11h:49m:35s 
Valid: Epoch[160/500] Train Mean_Acc: 52.35% Valid Mean_Acc:46.74% OCEAN_ACC:[0.46711436 0.46770766]

Training: learning rate:1.0000000000000006e-10
Train: Epo[161/500] Iter[001/001] IterTime:[123.79s] LOSS: 0.6624 ACC:0.5352 ETA:11h:43m:30s 
Valid: Epoch[161/500] Train Mean_Acc: 53.52% Valid Mean_Acc:46.85% OCEAN_ACC:[0.4690548  0.46800753]

Training: learning rate:1.0000000000000006e-10
Train: Epo[162/500] Iter[001/001] IterTime:[124.06s] LOSS: 0.7027 ACC:0.5154 ETA:11h:43m:0s 
Valid: Epoch[162/500] Train Mean_Acc: 51.54% Valid Mean_Acc:46.80% OCEAN_ACC:[0.46813115 0.46777323]

Training: learning rate:1.0000000000000006e-10
Train: Epo[163/500] Iter[001/001] IterTime:[121.91s] LOSS: 0.6622 ACC:0.5351 ETA:11h:28m:48s 
Valid: Epoch[163/500] Train Mean_Acc: 53.51% Valid Mean_Acc:46.82% OCEAN_ACC:[0.4688497 0.4675429]

Training: learning rate:1.0000000000000006e-10
Train: Epo[164/500] Iter[001/001] IterTime:[123.31s] LOSS: 0.6703 ACC:0.5313 ETA:11h:34m:39s 
Valid: Epoch[164/500] Train Mean_Acc: 53.13% Valid Mean_Acc:46.89% OCEAN_ACC:[0.46961892 0.46811593]

Training: learning rate:1.0000000000000006e-10
Train: Epo[165/500] Iter[001/001] IterTime:[122.23s] LOSS: 0.6949 ACC:0.5194 ETA:11h:26m:30s 
Valid: Epoch[165/500] Train Mean_Acc: 51.94% Valid Mean_Acc:46.81% OCEAN_ACC:[0.46811017 0.46816775]

Training: learning rate:1.0000000000000006e-10
Train: Epo[166/500] Iter[001/001] IterTime:[122.44s] LOSS: 0.6539 ACC:0.5393 ETA:11h:25m:40s 
Valid: Epoch[166/500] Train Mean_Acc: 53.93% Valid Mean_Acc:46.85% OCEAN_ACC:[0.46854898 0.4683993 ]

Training: learning rate:1.0000000000000006e-10
Train: Epo[167/500] Iter[001/001] IterTime:[122.10s] LOSS: 0.6700 ACC:0.5314 ETA:11h:21m:41s 
Valid: Epoch[167/500] Train Mean_Acc: 53.14% Valid Mean_Acc:46.92% OCEAN_ACC:[0.46963918 0.46873793]

Training: learning rate:1.0000000000000006e-10
Train: Epo[168/500] Iter[001/001] IterTime:[122.76s] LOSS: 0.6464 ACC:0.5429 ETA:11h:23m:22s 
Valid: Epoch[168/500] Train Mean_Acc: 54.29% Valid Mean_Acc:46.78% OCEAN_ACC:[0.4679213 0.4676418]

Training: learning rate:1.0000000000000006e-10
Train: Epo[169/500] Iter[001/001] IterTime:[125.17s] LOSS: 0.6622 ACC:0.5350 ETA:11h:34m:40s 
Valid: Epoch[169/500] Train Mean_Acc: 53.50% Valid Mean_Acc:46.72% OCEAN_ACC:[0.46661386 0.46776304]

Training: learning rate:1.0000000000000006e-10
slurmstepd: error: *** JOB 13903665 ON cpu-e-927 CANCELLED AT 2023-02-06T07:24:10 DUE TO TIME LIMIT ***
